CRITICAL - 2023-12-05 15:18:38 --> Class 'App\Models\UpDataModel' not found
#0 D:\laragon\www\mysau_template\system\CodeIgniter.php(900): App\Controllers\updata->__construct()
#1 D:\laragon\www\mysau_template\system\CodeIgniter.php(426): CodeIgniter\CodeIgniter->createController()
#2 D:\laragon\www\mysau_template\system\CodeIgniter.php(336): CodeIgniter\CodeIgniter->handleRequest(NULL, Object(Config\Cache), false)
#3 D:\laragon\www\mysau_template\public\index.php(37): CodeIgniter\CodeIgniter->run()
#4 D:\laragon\www\mysau_template\system\Commands\Server\rewrite.php(45): require_once('D:\\laragon\\www\\...')
#5 {main}
CRITICAL - 2023-12-05 15:18:54 --> Class 'App\Models\UpDataModel' not found
#0 D:\laragon\www\mysau_template\system\CodeIgniter.php(900): App\Controllers\updata->__construct()
#1 D:\laragon\www\mysau_template\system\CodeIgniter.php(426): CodeIgniter\CodeIgniter->createController()
#2 D:\laragon\www\mysau_template\system\CodeIgniter.php(336): CodeIgniter\CodeIgniter->handleRequest(NULL, Object(Config\Cache), false)
#3 D:\laragon\www\mysau_template\public\index.php(37): CodeIgniter\CodeIgniter->run()
#4 D:\laragon\www\mysau_template\system\Commands\Server\rewrite.php(45): require_once('D:\\laragon\\www\\...')
#5 {main}
CRITICAL - 2023-12-05 15:19:02 --> Class 'App\Models\UpDataModel' not found
#0 D:\laragon\www\mysau_template\system\CodeIgniter.php(900): App\Controllers\updata->__construct()
#1 D:\laragon\www\mysau_template\system\CodeIgniter.php(426): CodeIgniter\CodeIgniter->createController()
#2 D:\laragon\www\mysau_template\system\CodeIgniter.php(336): CodeIgniter\CodeIgniter->handleRequest(NULL, Object(Config\Cache), false)
#3 D:\laragon\www\mysau_template\public\index.php(37): CodeIgniter\CodeIgniter->run()
#4 D:\laragon\www\mysau_template\system\Commands\Server\rewrite.php(45): require_once('D:\\laragon\\www\\...')
#5 {main}
CRITICAL - 2023-12-05 15:34:24 --> Class 'App\Models\UpDataModel' not found
#0 D:\laragon\www\mysau_template\system\CodeIgniter.php(900): App\Controllers\updata->__construct()
#1 D:\laragon\www\mysau_template\system\CodeIgniter.php(426): CodeIgniter\CodeIgniter->createController()
#2 D:\laragon\www\mysau_template\system\CodeIgniter.php(336): CodeIgniter\CodeIgniter->handleRequest(NULL, Object(Config\Cache), false)
#3 D:\laragon\www\mysau_template\public\index.php(37): CodeIgniter\CodeIgniter->run()
#4 D:\laragon\www\mysau_template\system\Commands\Server\rewrite.php(45): require_once('D:\\laragon\\www\\...')
#5 {main}
CRITICAL - 2023-12-05 15:35:02 --> syntax error, unexpected '>'
#0 D:\laragon\www\mysau_template\system\Router\Router.php(169): CodeIgniter\Router\Router->autoRoute('updata')
#1 D:\laragon\www\mysau_template\system\CodeIgniter.php(809): CodeIgniter\Router\Router->handle('updata')
#2 D:\laragon\www\mysau_template\system\CodeIgniter.php(389): CodeIgniter\CodeIgniter->tryToRouteIt(Object(CodeIgniter\Router\RouteCollection))
#3 D:\laragon\www\mysau_template\system\CodeIgniter.php(336): CodeIgniter\CodeIgniter->handleRequest(NULL, Object(Config\Cache), false)
#4 D:\laragon\www\mysau_template\public\index.php(37): CodeIgniter\CodeIgniter->run()
#5 D:\laragon\www\mysau_template\system\Commands\Server\rewrite.php(45): require_once('D:\\laragon\\www\\...')
#6 {main}
CRITICAL - 2023-12-05 15:35:12 --> Class 'App\Models\UpDataModel' not found
#0 D:\laragon\www\mysau_template\system\CodeIgniter.php(900): App\Controllers\updata->__construct()
#1 D:\laragon\www\mysau_template\system\CodeIgniter.php(426): CodeIgniter\CodeIgniter->createController()
#2 D:\laragon\www\mysau_template\system\CodeIgniter.php(336): CodeIgniter\CodeIgniter->handleRequest(NULL, Object(Config\Cache), false)
#3 D:\laragon\www\mysau_template\public\index.php(37): CodeIgniter\CodeIgniter->run()
#4 D:\laragon\www\mysau_template\system\Commands\Server\rewrite.php(45): require_once('D:\\laragon\\www\\...')
#5 {main}
CRITICAL - 2023-12-05 15:35:34 --> Class 'App\Models\UpDataModel' not found
#0 D:\laragon\www\mysau_template\system\CodeIgniter.php(900): App\Controllers\updata->__construct()
#1 D:\laragon\www\mysau_template\system\CodeIgniter.php(426): CodeIgniter\CodeIgniter->createController()
#2 D:\laragon\www\mysau_template\system\CodeIgniter.php(336): CodeIgniter\CodeIgniter->handleRequest(NULL, Object(Config\Cache), false)
#3 D:\laragon\www\mysau_template\public\index.php(37): CodeIgniter\CodeIgniter->run()
#4 D:\laragon\www\mysau_template\system\Commands\Server\rewrite.php(45): require_once('D:\\laragon\\www\\...')
#5 {main}
CRITICAL - 2023-12-05 15:35:35 --> Class 'App\Models\UpDataModel' not found
#0 D:\laragon\www\mysau_template\system\CodeIgniter.php(900): App\Controllers\updata->__construct()
#1 D:\laragon\www\mysau_template\system\CodeIgniter.php(426): CodeIgniter\CodeIgniter->createController()
#2 D:\laragon\www\mysau_template\system\CodeIgniter.php(336): CodeIgniter\CodeIgniter->handleRequest(NULL, Object(Config\Cache), false)
#3 D:\laragon\www\mysau_template\public\index.php(37): CodeIgniter\CodeIgniter->run()
#4 D:\laragon\www\mysau_template\system\Commands\Server\rewrite.php(45): require_once('D:\\laragon\\www\\...')
#5 {main}
CRITICAL - 2023-12-05 15:35:35 --> Class 'App\Models\UpDataModel' not found
#0 D:\laragon\www\mysau_template\system\CodeIgniter.php(900): App\Controllers\updata->__construct()
#1 D:\laragon\www\mysau_template\system\CodeIgniter.php(426): CodeIgniter\CodeIgniter->createController()
#2 D:\laragon\www\mysau_template\system\CodeIgniter.php(336): CodeIgniter\CodeIgniter->handleRequest(NULL, Object(Config\Cache), false)
#3 D:\laragon\www\mysau_template\public\index.php(37): CodeIgniter\CodeIgniter->run()
#4 D:\laragon\www\mysau_template\system\Commands\Server\rewrite.php(45): require_once('D:\\laragon\\www\\...')
#5 {main}
CRITICAL - 2023-12-05 15:35:35 --> Class 'App\Models\UpDataModel' not found
#0 D:\laragon\www\mysau_template\system\CodeIgniter.php(900): App\Controllers\updata->__construct()
#1 D:\laragon\www\mysau_template\system\CodeIgniter.php(426): CodeIgniter\CodeIgniter->createController()
#2 D:\laragon\www\mysau_template\system\CodeIgniter.php(336): CodeIgniter\CodeIgniter->handleRequest(NULL, Object(Config\Cache), false)
#3 D:\laragon\www\mysau_template\public\index.php(37): CodeIgniter\CodeIgniter->run()
#4 D:\laragon\www\mysau_template\system\Commands\Server\rewrite.php(45): require_once('D:\\laragon\\www\\...')
#5 {main}
CRITICAL - 2023-12-05 15:35:36 --> Class 'App\Models\UpDataModel' not found
#0 D:\laragon\www\mysau_template\system\CodeIgniter.php(900): App\Controllers\updata->__construct()
#1 D:\laragon\www\mysau_template\system\CodeIgniter.php(426): CodeIgniter\CodeIgniter->createController()
#2 D:\laragon\www\mysau_template\system\CodeIgniter.php(336): CodeIgniter\CodeIgniter->handleRequest(NULL, Object(Config\Cache), false)
#3 D:\laragon\www\mysau_template\public\index.php(37): CodeIgniter\CodeIgniter->run()
#4 D:\laragon\www\mysau_template\system\Commands\Server\rewrite.php(45): require_once('D:\\laragon\\www\\...')
#5 {main}
CRITICAL - 2023-12-05 15:35:36 --> Class 'App\Models\UpDataModel' not found
#0 D:\laragon\www\mysau_template\system\CodeIgniter.php(900): App\Controllers\updata->__construct()
#1 D:\laragon\www\mysau_template\system\CodeIgniter.php(426): CodeIgniter\CodeIgniter->createController()
#2 D:\laragon\www\mysau_template\system\CodeIgniter.php(336): CodeIgniter\CodeIgniter->handleRequest(NULL, Object(Config\Cache), false)
#3 D:\laragon\www\mysau_template\public\index.php(37): CodeIgniter\CodeIgniter->run()
#4 D:\laragon\www\mysau_template\system\Commands\Server\rewrite.php(45): require_once('D:\\laragon\\www\\...')
#5 {main}
CRITICAL - 2023-12-05 15:35:36 --> Class 'App\Models\UpDataModel' not found
#0 D:\laragon\www\mysau_template\system\CodeIgniter.php(900): App\Controllers\updata->__construct()
#1 D:\laragon\www\mysau_template\system\CodeIgniter.php(426): CodeIgniter\CodeIgniter->createController()
#2 D:\laragon\www\mysau_template\system\CodeIgniter.php(336): CodeIgniter\CodeIgniter->handleRequest(NULL, Object(Config\Cache), false)
#3 D:\laragon\www\mysau_template\public\index.php(37): CodeIgniter\CodeIgniter->run()
#4 D:\laragon\www\mysau_template\system\Commands\Server\rewrite.php(45): require_once('D:\\laragon\\www\\...')
#5 {main}
CRITICAL - 2023-12-05 15:35:36 --> Class 'App\Models\UpDataModel' not found
#0 D:\laragon\www\mysau_template\system\CodeIgniter.php(900): App\Controllers\updata->__construct()
#1 D:\laragon\www\mysau_template\system\CodeIgniter.php(426): CodeIgniter\CodeIgniter->createController()
#2 D:\laragon\www\mysau_template\system\CodeIgniter.php(336): CodeIgniter\CodeIgniter->handleRequest(NULL, Object(Config\Cache), false)
#3 D:\laragon\www\mysau_template\public\index.php(37): CodeIgniter\CodeIgniter->run()
#4 D:\laragon\www\mysau_template\system\Commands\Server\rewrite.php(45): require_once('D:\\laragon\\www\\...')
#5 {main}
CRITICAL - 2023-12-05 15:36:16 --> syntax error, unexpected '>'
#0 D:\laragon\www\mysau_template\system\Router\Router.php(169): CodeIgniter\Router\Router->autoRoute('updata')
#1 D:\laragon\www\mysau_template\system\CodeIgniter.php(809): CodeIgniter\Router\Router->handle('updata')
#2 D:\laragon\www\mysau_template\system\CodeIgniter.php(389): CodeIgniter\CodeIgniter->tryToRouteIt(Object(CodeIgniter\Router\RouteCollection))
#3 D:\laragon\www\mysau_template\system\CodeIgniter.php(336): CodeIgniter\CodeIgniter->handleRequest(NULL, Object(Config\Cache), false)
#4 D:\laragon\www\mysau_template\public\index.php(37): CodeIgniter\CodeIgniter->run()
#5 D:\laragon\www\mysau_template\system\Commands\Server\rewrite.php(45): require_once('D:\\laragon\\www\\...')
#6 {main}
CRITICAL - 2023-12-05 15:36:30 --> Class 'App\Models\UpDataModel' not found
#0 D:\laragon\www\mysau_template\system\CodeIgniter.php(900): App\Controllers\updata->__construct()
#1 D:\laragon\www\mysau_template\system\CodeIgniter.php(426): CodeIgniter\CodeIgniter->createController()
#2 D:\laragon\www\mysau_template\system\CodeIgniter.php(336): CodeIgniter\CodeIgniter->handleRequest(NULL, Object(Config\Cache), false)
#3 D:\laragon\www\mysau_template\public\index.php(37): CodeIgniter\CodeIgniter->run()
#4 D:\laragon\www\mysau_template\system\Commands\Server\rewrite.php(45): require_once('D:\\laragon\\www\\...')
#5 {main}
CRITICAL - 2023-12-05 15:37:00 --> Undefined variable: detail
#0 D:\laragon\www\mysau_template\app\Views\uploadata.php(26): CodeIgniter\Debug\Exceptions->errorHandler(8, 'Undefined varia...', 'D:\\laragon\\www\\...', 26, Array)
#1 D:\laragon\www\mysau_template\system\View\View.php(230): include('D:\\laragon\\www\\...')
#2 D:\laragon\www\mysau_template\system\View\View.php(232): CodeIgniter\View\View->CodeIgniter\View\{closure}()
#3 D:\laragon\www\mysau_template\system\Common.php(1271): CodeIgniter\View\View->render('uploadata', Array, true)
#4 D:\laragon\www\mysau_template\app\Controllers\updata.php(21): view('uploadata', Array)
#5 D:\laragon\www\mysau_template\system\CodeIgniter.php(928): App\Controllers\updata->index()
#6 D:\laragon\www\mysau_template\system\CodeIgniter.php(436): CodeIgniter\CodeIgniter->runController(Object(App\Controllers\updata))
#7 D:\laragon\www\mysau_template\system\CodeIgniter.php(336): CodeIgniter\CodeIgniter->handleRequest(NULL, Object(Config\Cache), false)
#8 D:\laragon\www\mysau_template\public\index.php(37): CodeIgniter\CodeIgniter->run()
#9 D:\laragon\www\mysau_template\system\Commands\Server\rewrite.php(45): require_once('D:\\laragon\\www\\...')
#10 {main}
CRITICAL - 2023-12-05 15:37:58 --> Undefined variable: detail
#0 D:\laragon\www\mysau_template\app\Views\uploadata.php(26): CodeIgniter\Debug\Exceptions->errorHandler(8, 'Undefined varia...', 'D:\\laragon\\www\\...', 26, Array)
#1 D:\laragon\www\mysau_template\system\View\View.php(230): include('D:\\laragon\\www\\...')
#2 D:\laragon\www\mysau_template\system\View\View.php(232): CodeIgniter\View\View->CodeIgniter\View\{closure}()
#3 D:\laragon\www\mysau_template\system\Common.php(1271): CodeIgniter\View\View->render('uploadata', Array, true)
#4 D:\laragon\www\mysau_template\app\Controllers\updata.php(21): view('uploadata', Array)
#5 D:\laragon\www\mysau_template\system\CodeIgniter.php(928): App\Controllers\updata->index()
#6 D:\laragon\www\mysau_template\system\CodeIgniter.php(436): CodeIgniter\CodeIgniter->runController(Object(App\Controllers\updata))
#7 D:\laragon\www\mysau_template\system\CodeIgniter.php(336): CodeIgniter\CodeIgniter->handleRequest(NULL, Object(Config\Cache), false)
#8 D:\laragon\www\mysau_template\public\index.php(37): CodeIgniter\CodeIgniter->run()
#9 D:\laragon\www\mysau_template\system\Commands\Server\rewrite.php(45): require_once('D:\\laragon\\www\\...')
#10 {main}
CRITICAL - 2023-12-05 15:37:59 --> Undefined variable: detail
#0 D:\laragon\www\mysau_template\app\Views\uploadata.php(26): CodeIgniter\Debug\Exceptions->errorHandler(8, 'Undefined varia...', 'D:\\laragon\\www\\...', 26, Array)
#1 D:\laragon\www\mysau_template\system\View\View.php(230): include('D:\\laragon\\www\\...')
#2 D:\laragon\www\mysau_template\system\View\View.php(232): CodeIgniter\View\View->CodeIgniter\View\{closure}()
#3 D:\laragon\www\mysau_template\system\Common.php(1271): CodeIgniter\View\View->render('uploadata', Array, true)
#4 D:\laragon\www\mysau_template\app\Controllers\updata.php(21): view('uploadata', Array)
#5 D:\laragon\www\mysau_template\system\CodeIgniter.php(928): App\Controllers\updata->index()
#6 D:\laragon\www\mysau_template\system\CodeIgniter.php(436): CodeIgniter\CodeIgniter->runController(Object(App\Controllers\updata))
#7 D:\laragon\www\mysau_template\system\CodeIgniter.php(336): CodeIgniter\CodeIgniter->handleRequest(NULL, Object(Config\Cache), false)
#8 D:\laragon\www\mysau_template\public\index.php(37): CodeIgniter\CodeIgniter->run()
#9 D:\laragon\www\mysau_template\system\Commands\Server\rewrite.php(45): require_once('D:\\laragon\\www\\...')
#10 {main}
CRITICAL - 2023-12-05 15:38:06 --> Undefined variable: detail
#0 D:\laragon\www\mysau_template\app\Views\uploadata.php(30): CodeIgniter\Debug\Exceptions->errorHandler(8, 'Undefined varia...', 'D:\\laragon\\www\\...', 30, Array)
#1 D:\laragon\www\mysau_template\system\View\View.php(230): include('D:\\laragon\\www\\...')
#2 D:\laragon\www\mysau_template\system\View\View.php(232): CodeIgniter\View\View->CodeIgniter\View\{closure}()
#3 D:\laragon\www\mysau_template\system\Common.php(1271): CodeIgniter\View\View->render('uploadata', Array, true)
#4 D:\laragon\www\mysau_template\app\Controllers\updata.php(21): view('uploadata', Array)
#5 D:\laragon\www\mysau_template\system\CodeIgniter.php(928): App\Controllers\updata->index()
#6 D:\laragon\www\mysau_template\system\CodeIgniter.php(436): CodeIgniter\CodeIgniter->runController(Object(App\Controllers\updata))
#7 D:\laragon\www\mysau_template\system\CodeIgniter.php(336): CodeIgniter\CodeIgniter->handleRequest(NULL, Object(Config\Cache), false)
#8 D:\laragon\www\mysau_template\public\index.php(37): CodeIgniter\CodeIgniter->run()
#9 D:\laragon\www\mysau_template\system\Commands\Server\rewrite.php(45): require_once('D:\\laragon\\www\\...')
#10 {main}
CRITICAL - 2023-12-05 15:38:27 --> Cannot redeclare App\Models\perhitunganModel::get_form()
#0 [internal function]: CodeIgniter\Debug\Exceptions->shutdownHandler()
#1 {main}
CRITICAL - 2023-12-05 15:45:31 --> Undefined variable: error
#0 D:\laragon\www\mysau_template\app\Views\uploadata.php(12): CodeIgniter\Debug\Exceptions->errorHandler(8, 'Undefined varia...', 'D:\\laragon\\www\\...', 12, Array)
#1 D:\laragon\www\mysau_template\system\View\View.php(230): include('D:\\laragon\\www\\...')
#2 D:\laragon\www\mysau_template\system\View\View.php(232): CodeIgniter\View\View->CodeIgniter\View\{closure}()
#3 D:\laragon\www\mysau_template\system\Common.php(1271): CodeIgniter\View\View->render('uploadata', Array, true)
#4 D:\laragon\www\mysau_template\app\Controllers\updata.php(21): view('uploadata', Array)
#5 D:\laragon\www\mysau_template\system\CodeIgniter.php(928): App\Controllers\updata->index()
#6 D:\laragon\www\mysau_template\system\CodeIgniter.php(436): CodeIgniter\CodeIgniter->runController(Object(App\Controllers\updata))
#7 D:\laragon\www\mysau_template\system\CodeIgniter.php(336): CodeIgniter\CodeIgniter->handleRequest(NULL, Object(Config\Cache), false)
#8 D:\laragon\www\mysau_template\public\index.php(37): CodeIgniter\CodeIgniter->run()
#9 D:\laragon\www\mysau_template\system\Commands\Server\rewrite.php(45): require_once('D:\\laragon\\www\\...')
#10 {main}
CRITICAL - 2023-12-05 15:45:42 --> Call to undefined function form_open_multipart()
#0 D:\laragon\www\mysau_template\system\View\View.php(230): include()
#1 D:\laragon\www\mysau_template\system\View\View.php(232): CodeIgniter\View\View->CodeIgniter\View\{closure}()
#2 D:\laragon\www\mysau_template\system\Common.php(1271): CodeIgniter\View\View->render('uploadata', Array, true)
#3 D:\laragon\www\mysau_template\app\Controllers\updata.php(21): view('uploadata', Array)
#4 D:\laragon\www\mysau_template\system\CodeIgniter.php(928): App\Controllers\updata->index()
#5 D:\laragon\www\mysau_template\system\CodeIgniter.php(436): CodeIgniter\CodeIgniter->runController(Object(App\Controllers\updata))
#6 D:\laragon\www\mysau_template\system\CodeIgniter.php(336): CodeIgniter\CodeIgniter->handleRequest(NULL, Object(Config\Cache), false)
#7 D:\laragon\www\mysau_template\public\index.php(37): CodeIgniter\CodeIgniter->run()
#8 D:\laragon\www\mysau_template\system\Commands\Server\rewrite.php(45): require_once('D:\\laragon\\www\\...')
#9 {main}
CRITICAL - 2023-12-05 15:48:19 --> Undefined variable: detail
#0 D:\laragon\www\mysau_template\app\Views\uploadata.php(26): CodeIgniter\Debug\Exceptions->errorHandler(8, 'Undefined varia...', 'D:\\laragon\\www\\...', 26, Array)
#1 D:\laragon\www\mysau_template\system\View\View.php(230): include('D:\\laragon\\www\\...')
#2 D:\laragon\www\mysau_template\system\View\View.php(232): CodeIgniter\View\View->CodeIgniter\View\{closure}()
#3 D:\laragon\www\mysau_template\system\Common.php(1271): CodeIgniter\View\View->render('uploadata', Array, true)
#4 D:\laragon\www\mysau_template\app\Controllers\updata.php(21): view('uploadata', Array)
#5 D:\laragon\www\mysau_template\system\CodeIgniter.php(928): App\Controllers\updata->index()
#6 D:\laragon\www\mysau_template\system\CodeIgniter.php(436): CodeIgniter\CodeIgniter->runController(Object(App\Controllers\updata))
#7 D:\laragon\www\mysau_template\system\CodeIgniter.php(336): CodeIgniter\CodeIgniter->handleRequest(NULL, Object(Config\Cache), false)
#8 D:\laragon\www\mysau_template\public\index.php(37): CodeIgniter\CodeIgniter->run()
#9 D:\laragon\www\mysau_template\system\Commands\Server\rewrite.php(45): require_once('D:\\laragon\\www\\...')
#10 {main}
CRITICAL - 2023-12-05 15:48:56 --> Cannot redeclare App\Models\perhitunganModel::get_form()
#0 [internal function]: CodeIgniter\Debug\Exceptions->shutdownHandler()
#1 {main}
CRITICAL - 2023-12-05 15:49:05 --> Cannot redeclare App\Models\perhitunganModel::get_form()
#0 [internal function]: CodeIgniter\Debug\Exceptions->shutdownHandler()
#1 {main}
CRITICAL - 2023-12-05 15:49:07 --> Cannot redeclare App\Models\perhitunganModel::get_form()
#0 [internal function]: CodeIgniter\Debug\Exceptions->shutdownHandler()
#1 {main}
CRITICAL - 2023-12-05 15:54:44 --> Cannot redeclare App\Models\perhitunganModel::get_form()
#0 [internal function]: CodeIgniter\Debug\Exceptions->shutdownHandler()
#1 {main}
CRITICAL - 2023-12-05 15:55:21 --> Cannot redeclare App\Models\perhitunganModel::get_form()
#0 [internal function]: CodeIgniter\Debug\Exceptions->shutdownHandler()
#1 {main}
CRITICAL - 2023-12-05 16:13:58 --> Cannot redeclare App\Models\perhitunganModel::get_form()
#0 [internal function]: CodeIgniter\Debug\Exceptions->shutdownHandler()
#1 {main}
