ERROR - 2023-12-23 16:37:58 --> Table 'topsis1.hasil_proses' doesn't exist
CRITICAL - 2023-12-23 16:37:58 --> Table 'topsis1.hasil_proses' doesn't exist
#0 D:\laragon\www\test\system\Database\MySQLi\Connection.php(329): mysqli->query('SELECT *\nFROM `...')
#1 D:\laragon\www\test\system\Database\BaseConnection.php(732): CodeIgniter\Database\MySQLi\Connection->execute('SELECT *\nFROM `...')
#2 D:\laragon\www\test\system\Database\BaseConnection.php(647): CodeIgniter\Database\BaseConnection->simpleQuery('SELECT *\nFROM `...')
#3 D:\laragon\www\test\system\Database\BaseBuilder.php(1881): CodeIgniter\Database\BaseConnection->query('SELECT *\nFROM `...', Array, false)
#4 D:\laragon\www\test\system\Model.php(197): CodeIgniter\Database\BaseBuilder->get()
#5 D:\laragon\www\test\system\BaseModel.php(603): CodeIgniter\Model->doFindAll(0, 0)
#6 D:\laragon\www\test\app\Controllers\Home.php(23): CodeIgniter\BaseModel->findAll()
#7 D:\laragon\www\test\system\CodeIgniter.php(928): App\Controllers\Home->index()
#8 D:\laragon\www\test\system\CodeIgniter.php(436): CodeIgniter\CodeIgniter->runController(Object(App\Controllers\Home))
#9 D:\laragon\www\test\system\CodeIgniter.php(336): CodeIgniter\CodeIgniter->handleRequest(NULL, Object(Config\Cache), false)
#10 D:\laragon\www\test\public\index.php(37): CodeIgniter\CodeIgniter->run()
#11 D:\laragon\www\test\system\Commands\Server\rewrite.php(45): require_once('D:\\laragon\\www\\...')
#12 {main}
CRITICAL - 2023-12-23 21:03:33 --> Undefined variable: route
#0 D:\laragon\www\test\app\Config\Routes.php(40): CodeIgniter\Debug\Exceptions->errorHandler(8, 'Undefined varia...', 'D:\\laragon\\www\\...', 40, Array)
#1 D:\laragon\www\test\system\CodeIgniter.php(796): require('D:\\laragon\\www\\...')
#2 D:\laragon\www\test\system\CodeIgniter.php(389): CodeIgniter\CodeIgniter->tryToRouteIt(Object(CodeIgniter\Router\RouteCollection))
#3 D:\laragon\www\test\system\CodeIgniter.php(336): CodeIgniter\CodeIgniter->handleRequest(NULL, Object(Config\Cache), false)
#4 D:\laragon\www\test\public\index.php(37): CodeIgniter\CodeIgniter->run()
#5 D:\laragon\www\test\system\Commands\Server\rewrite.php(45): require_once('D:\\laragon\\www\\...')
#6 {main}
ERROR - 2023-12-23 21:14:21 --> Table 'topsis.unit_kerja' doesn't exist
CRITICAL - 2023-12-23 21:14:21 --> Table 'topsis.unit_kerja' doesn't exist
#0 D:\laragon\www\test\system\Database\MySQLi\Connection.php(329): mysqli->query('SELECT *\nFROM `...')
#1 D:\laragon\www\test\system\Database\BaseConnection.php(732): CodeIgniter\Database\MySQLi\Connection->execute('SELECT *\nFROM `...')
#2 D:\laragon\www\test\system\Database\BaseConnection.php(647): CodeIgniter\Database\BaseConnection->simpleQuery('SELECT *\nFROM `...')
#3 D:\laragon\www\test\system\Database\BaseBuilder.php(1881): CodeIgniter\Database\BaseConnection->query('SELECT *\nFROM `...', Array, false)
#4 D:\laragon\www\test\system\Model.php(197): CodeIgniter\Database\BaseBuilder->get()
#5 D:\laragon\www\test\system\BaseModel.php(603): CodeIgniter\Model->doFindAll(0, 0)
#6 D:\laragon\www\test\app\Controllers\updata.php(23): CodeIgniter\BaseModel->findAll()
#7 D:\laragon\www\test\system\CodeIgniter.php(928): App\Controllers\updata->index()
#8 D:\laragon\www\test\system\CodeIgniter.php(436): CodeIgniter\CodeIgniter->runController(Object(App\Controllers\updata))
#9 D:\laragon\www\test\system\CodeIgniter.php(336): CodeIgniter\CodeIgniter->handleRequest(NULL, Object(Config\Cache), false)
#10 D:\laragon\www\test\public\index.php(37): CodeIgniter\CodeIgniter->run()
#11 D:\laragon\www\test\system\Commands\Server\rewrite.php(45): require_once('D:\\laragon\\www\\...')
#12 {main}
CRITICAL - 2023-12-23 21:18:14 --> Undefined variable: uker
#0 D:\laragon\www\test\app\Views\uploadata.php(18): CodeIgniter\Debug\Exceptions->errorHandler(8, 'Undefined varia...', 'D:\\laragon\\www\\...', 18, Array)
#1 D:\laragon\www\test\system\View\View.php(230): include('D:\\laragon\\www\\...')
#2 D:\laragon\www\test\system\View\View.php(232): CodeIgniter\View\View->CodeIgniter\View\{closure}()
#3 D:\laragon\www\test\system\Common.php(1271): CodeIgniter\View\View->render('uploadata', Array, true)
#4 D:\laragon\www\test\app\Controllers\updata.php(25): view('uploadata', Array, Array)
#5 D:\laragon\www\test\system\CodeIgniter.php(928): App\Controllers\updata->index()
#6 D:\laragon\www\test\system\CodeIgniter.php(436): CodeIgniter\CodeIgniter->runController(Object(App\Controllers\updata))
#7 D:\laragon\www\test\system\CodeIgniter.php(336): CodeIgniter\CodeIgniter->handleRequest(NULL, Object(Config\Cache), false)
#8 D:\laragon\www\test\public\index.php(37): CodeIgniter\CodeIgniter->run()
#9 D:\laragon\www\test\system\Commands\Server\rewrite.php(45): require_once('D:\\laragon\\www\\...')
#10 {main}
CRITICAL - 2023-12-23 21:18:57 --> Undefined variable: data
#0 D:\laragon\www\test\app\Views\uploadata.php(18): CodeIgniter\Debug\Exceptions->errorHandler(8, 'Undefined varia...', 'D:\\laragon\\www\\...', 18, Array)
#1 D:\laragon\www\test\system\View\View.php(230): include('D:\\laragon\\www\\...')
#2 D:\laragon\www\test\system\View\View.php(232): CodeIgniter\View\View->CodeIgniter\View\{closure}()
#3 D:\laragon\www\test\system\Common.php(1271): CodeIgniter\View\View->render('uploadata', Array, true)
#4 D:\laragon\www\test\app\Controllers\updata.php(25): view('uploadata', Array, Array)
#5 D:\laragon\www\test\system\CodeIgniter.php(928): App\Controllers\updata->index()
#6 D:\laragon\www\test\system\CodeIgniter.php(436): CodeIgniter\CodeIgniter->runController(Object(App\Controllers\updata))
#7 D:\laragon\www\test\system\CodeIgniter.php(336): CodeIgniter\CodeIgniter->handleRequest(NULL, Object(Config\Cache), false)
#8 D:\laragon\www\test\public\index.php(37): CodeIgniter\CodeIgniter->run()
#9 D:\laragon\www\test\system\Commands\Server\rewrite.php(45): require_once('D:\\laragon\\www\\...')
#10 {main}
CRITICAL - 2023-12-23 21:20:16 --> Undefined variable: data
#0 D:\laragon\www\test\app\Views\uploadata.php(18): CodeIgniter\Debug\Exceptions->errorHandler(8, 'Undefined varia...', 'D:\\laragon\\www\\...', 18, Array)
#1 D:\laragon\www\test\system\View\View.php(230): include('D:\\laragon\\www\\...')
#2 D:\laragon\www\test\system\View\View.php(232): CodeIgniter\View\View->CodeIgniter\View\{closure}()
#3 D:\laragon\www\test\system\Common.php(1271): CodeIgniter\View\View->render('uploadata', Array, true)
#4 D:\laragon\www\test\app\Controllers\updata.php(25): view('uploadata', Array, Array)
#5 D:\laragon\www\test\system\CodeIgniter.php(928): App\Controllers\updata->index()
#6 D:\laragon\www\test\system\CodeIgniter.php(436): CodeIgniter\CodeIgniter->runController(Object(App\Controllers\updata))
#7 D:\laragon\www\test\system\CodeIgniter.php(336): CodeIgniter\CodeIgniter->handleRequest(NULL, Object(Config\Cache), false)
#8 D:\laragon\www\test\public\index.php(37): CodeIgniter\CodeIgniter->run()
#9 D:\laragon\www\test\system\Commands\Server\rewrite.php(45): require_once('D:\\laragon\\www\\...')
#10 {main}
CRITICAL - 2023-12-23 21:20:55 --> Undefined variable: uker
#0 D:\laragon\www\test\app\Views\uploadata.php(18): CodeIgniter\Debug\Exceptions->errorHandler(8, 'Undefined varia...', 'D:\\laragon\\www\\...', 18, Array)
#1 D:\laragon\www\test\system\View\View.php(230): include('D:\\laragon\\www\\...')
#2 D:\laragon\www\test\system\View\View.php(232): CodeIgniter\View\View->CodeIgniter\View\{closure}()
#3 D:\laragon\www\test\system\Common.php(1271): CodeIgniter\View\View->render('uploadata', Array, true)
#4 D:\laragon\www\test\app\Controllers\updata.php(25): view('uploadata', Array, Array)
#5 D:\laragon\www\test\system\CodeIgniter.php(928): App\Controllers\updata->index()
#6 D:\laragon\www\test\system\CodeIgniter.php(436): CodeIgniter\CodeIgniter->runController(Object(App\Controllers\updata))
#7 D:\laragon\www\test\system\CodeIgniter.php(336): CodeIgniter\CodeIgniter->handleRequest(NULL, Object(Config\Cache), false)
#8 D:\laragon\www\test\public\index.php(37): CodeIgniter\CodeIgniter->run()
#9 D:\laragon\www\test\system\Commands\Server\rewrite.php(45): require_once('D:\\laragon\\www\\...')
#10 {main}
CRITICAL - 2023-12-23 21:21:15 --> Undefined variable: uker
#0 D:\laragon\www\test\app\Views\uploadata.php(18): CodeIgniter\Debug\Exceptions->errorHandler(8, 'Undefined varia...', 'D:\\laragon\\www\\...', 18, Array)
#1 D:\laragon\www\test\system\View\View.php(230): include('D:\\laragon\\www\\...')
#2 D:\laragon\www\test\system\View\View.php(232): CodeIgniter\View\View->CodeIgniter\View\{closure}()
#3 D:\laragon\www\test\system\Common.php(1271): CodeIgniter\View\View->render('uploadata', Array, true)
#4 D:\laragon\www\test\app\Controllers\updata.php(25): view('uploadata', Array, Array)
#5 D:\laragon\www\test\system\CodeIgniter.php(928): App\Controllers\updata->index()
#6 D:\laragon\www\test\system\CodeIgniter.php(436): CodeIgniter\CodeIgniter->runController(Object(App\Controllers\updata))
#7 D:\laragon\www\test\system\CodeIgniter.php(336): CodeIgniter\CodeIgniter->handleRequest(NULL, Object(Config\Cache), false)
#8 D:\laragon\www\test\public\index.php(37): CodeIgniter\CodeIgniter->run()
#9 D:\laragon\www\test\system\Commands\Server\rewrite.php(45): require_once('D:\\laragon\\www\\...')
#10 {main}
CRITICAL - 2023-12-23 21:22:21 --> Undefined variable: unit_kerja
#0 D:\laragon\www\test\app\Views\uploadata.php(18): CodeIgniter\Debug\Exceptions->errorHandler(8, 'Undefined varia...', 'D:\\laragon\\www\\...', 18, Array)
#1 D:\laragon\www\test\system\View\View.php(230): include('D:\\laragon\\www\\...')
#2 D:\laragon\www\test\system\View\View.php(232): CodeIgniter\View\View->CodeIgniter\View\{closure}()
#3 D:\laragon\www\test\system\Common.php(1271): CodeIgniter\View\View->render('uploadata', Array, true)
#4 D:\laragon\www\test\app\Controllers\updata.php(25): view('uploadata', Array, Array)
#5 D:\laragon\www\test\system\CodeIgniter.php(928): App\Controllers\updata->index()
#6 D:\laragon\www\test\system\CodeIgniter.php(436): CodeIgniter\CodeIgniter->runController(Object(App\Controllers\updata))
#7 D:\laragon\www\test\system\CodeIgniter.php(336): CodeIgniter\CodeIgniter->handleRequest(NULL, Object(Config\Cache), false)
#8 D:\laragon\www\test\public\index.php(37): CodeIgniter\CodeIgniter->run()
#9 D:\laragon\www\test\system\Commands\Server\rewrite.php(45): require_once('D:\\laragon\\www\\...')
#10 {main}
CRITICAL - 2023-12-23 21:22:22 --> Undefined variable: unit_kerja
#0 D:\laragon\www\test\app\Views\uploadata.php(18): CodeIgniter\Debug\Exceptions->errorHandler(8, 'Undefined varia...', 'D:\\laragon\\www\\...', 18, Array)
#1 D:\laragon\www\test\system\View\View.php(230): include('D:\\laragon\\www\\...')
#2 D:\laragon\www\test\system\View\View.php(232): CodeIgniter\View\View->CodeIgniter\View\{closure}()
#3 D:\laragon\www\test\system\Common.php(1271): CodeIgniter\View\View->render('uploadata', Array, true)
#4 D:\laragon\www\test\app\Controllers\updata.php(25): view('uploadata', Array, Array)
#5 D:\laragon\www\test\system\CodeIgniter.php(928): App\Controllers\updata->index()
#6 D:\laragon\www\test\system\CodeIgniter.php(436): CodeIgniter\CodeIgniter->runController(Object(App\Controllers\updata))
#7 D:\laragon\www\test\system\CodeIgniter.php(336): CodeIgniter\CodeIgniter->handleRequest(NULL, Object(Config\Cache), false)
#8 D:\laragon\www\test\public\index.php(37): CodeIgniter\CodeIgniter->run()
#9 D:\laragon\www\test\system\Commands\Server\rewrite.php(45): require_once('D:\\laragon\\www\\...')
#10 {main}
CRITICAL - 2023-12-23 21:25:07 --> Undefined variable: uker
#0 D:\laragon\www\test\app\Views\uploadata.php(18): CodeIgniter\Debug\Exceptions->errorHandler(8, 'Undefined varia...', 'D:\\laragon\\www\\...', 18, Array)
#1 D:\laragon\www\test\system\View\View.php(230): include('D:\\laragon\\www\\...')
#2 D:\laragon\www\test\system\View\View.php(232): CodeIgniter\View\View->CodeIgniter\View\{closure}()
#3 D:\laragon\www\test\system\Common.php(1271): CodeIgniter\View\View->render('uploadata', Array, true)
#4 D:\laragon\www\test\app\Controllers\updata.php(25): view('uploadata', Array, Array)
#5 D:\laragon\www\test\system\CodeIgniter.php(928): App\Controllers\updata->index()
#6 D:\laragon\www\test\system\CodeIgniter.php(436): CodeIgniter\CodeIgniter->runController(Object(App\Controllers\updata))
#7 D:\laragon\www\test\system\CodeIgniter.php(336): CodeIgniter\CodeIgniter->handleRequest(NULL, Object(Config\Cache), false)
#8 D:\laragon\www\test\public\index.php(37): CodeIgniter\CodeIgniter->run()
#9 D:\laragon\www\test\system\Commands\Server\rewrite.php(45): require_once('D:\\laragon\\www\\...')
#10 {main}
