CRITICAL - 2023-04-28 17:20:06 --> Undefined variable: data
#0 D:\laragon\www\mysau_template\app\Views\welcome_message.php(36): CodeIgniter\Debug\Exceptions->errorHandler(8, 'Undefined varia...', 'D:\\laragon\\www\\...', 36, Array)
#1 D:\laragon\www\mysau_template\system\View\View.php(230): include('D:\\laragon\\www\\...')
#2 D:\laragon\www\mysau_template\system\View\View.php(232): CodeIgniter\View\View->CodeIgniter\View\{closure}()
#3 D:\laragon\www\mysau_template\system\Common.php(1271): CodeIgniter\View\View->render('welcome_message', Array, true)
#4 D:\laragon\www\mysau_template\app\Controllers\Home.php(9): view('welcome_message')
#5 D:\laragon\www\mysau_template\system\CodeIgniter.php(928): App\Controllers\Home->index()
#6 D:\laragon\www\mysau_template\system\CodeIgniter.php(436): CodeIgniter\CodeIgniter->runController(Object(App\Controllers\Home))
#7 D:\laragon\www\mysau_template\system\CodeIgniter.php(336): CodeIgniter\CodeIgniter->handleRequest(NULL, Object(Config\Cache), false)
#8 D:\laragon\www\mysau_template\public\index.php(37): CodeIgniter\CodeIgniter->run()
#9 D:\laragon\www\mysau_template\system\Commands\Server\rewrite.php(45): require_once('D:\\laragon\\www\\...')
#10 {main}
CRITICAL - 2023-04-28 17:23:36 --> Undefined variable: hasilproses
#0 D:\laragon\www\mysau_template\app\Views\welcome_message.php(41): CodeIgniter\Debug\Exceptions->errorHandler(8, 'Undefined varia...', 'D:\\laragon\\www\\...', 41, Array)
#1 D:\laragon\www\mysau_template\system\View\View.php(230): include('D:\\laragon\\www\\...')
#2 D:\laragon\www\mysau_template\system\View\View.php(232): CodeIgniter\View\View->CodeIgniter\View\{closure}()
#3 D:\laragon\www\mysau_template\system\Common.php(1271): CodeIgniter\View\View->render('welcome_message', Array, true)
#4 D:\laragon\www\mysau_template\app\Controllers\Home.php(9): view('welcome_message')
#5 D:\laragon\www\mysau_template\system\CodeIgniter.php(928): App\Controllers\Home->index()
#6 D:\laragon\www\mysau_template\system\CodeIgniter.php(436): CodeIgniter\CodeIgniter->runController(Object(App\Controllers\Home))
#7 D:\laragon\www\mysau_template\system\CodeIgniter.php(336): CodeIgniter\CodeIgniter->handleRequest(NULL, Object(Config\Cache), false)
#8 D:\laragon\www\mysau_template\public\index.php(37): CodeIgniter\CodeIgniter->run()
#9 D:\laragon\www\mysau_template\system\Commands\Server\rewrite.php(45): require_once('D:\\laragon\\www\\...')
#10 {main}
CRITICAL - 2023-04-28 17:30:18 --> Undefined variable: hasilproses
#0 D:\laragon\www\mysau_template\app\Views\welcome_message.php(41): CodeIgniter\Debug\Exceptions->errorHandler(8, 'Undefined varia...', 'D:\\laragon\\www\\...', 41, Array)
#1 D:\laragon\www\mysau_template\system\View\View.php(230): include('D:\\laragon\\www\\...')
#2 D:\laragon\www\mysau_template\system\View\View.php(232): CodeIgniter\View\View->CodeIgniter\View\{closure}()
#3 D:\laragon\www\mysau_template\system\Common.php(1271): CodeIgniter\View\View->render('welcome_message', Array, true)
#4 D:\laragon\www\mysau_template\app\Controllers\Home.php(9): view('welcome_message')
#5 D:\laragon\www\mysau_template\system\CodeIgniter.php(928): App\Controllers\Home->index()
#6 D:\laragon\www\mysau_template\system\CodeIgniter.php(436): CodeIgniter\CodeIgniter->runController(Object(App\Controllers\Home))
#7 D:\laragon\www\mysau_template\system\CodeIgniter.php(336): CodeIgniter\CodeIgniter->handleRequest(NULL, Object(Config\Cache), false)
#8 D:\laragon\www\mysau_template\public\index.php(37): CodeIgniter\CodeIgniter->run()
#9 D:\laragon\www\mysau_template\system\Commands\Server\rewrite.php(45): require_once('D:\\laragon\\www\\...')
#10 {main}
CRITICAL - 2023-04-28 17:31:21 --> Undefined variable: hasilproses
#0 D:\laragon\www\mysau_template\app\Views\welcome_message.php(41): CodeIgniter\Debug\Exceptions->errorHandler(8, 'Undefined varia...', 'D:\\laragon\\www\\...', 41, Array)
#1 D:\laragon\www\mysau_template\system\View\View.php(230): include('D:\\laragon\\www\\...')
#2 D:\laragon\www\mysau_template\system\View\View.php(232): CodeIgniter\View\View->CodeIgniter\View\{closure}()
#3 D:\laragon\www\mysau_template\system\Common.php(1271): CodeIgniter\View\View->render('welcome_message', Array, true)
#4 D:\laragon\www\mysau_template\app\Controllers\Home.php(9): view('welcome_message')
#5 D:\laragon\www\mysau_template\system\CodeIgniter.php(928): App\Controllers\Home->index()
#6 D:\laragon\www\mysau_template\system\CodeIgniter.php(436): CodeIgniter\CodeIgniter->runController(Object(App\Controllers\Home))
#7 D:\laragon\www\mysau_template\system\CodeIgniter.php(336): CodeIgniter\CodeIgniter->handleRequest(NULL, Object(Config\Cache), false)
#8 D:\laragon\www\mysau_template\public\index.php(37): CodeIgniter\CodeIgniter->run()
#9 D:\laragon\www\mysau_template\system\Commands\Server\rewrite.php(45): require_once('D:\\laragon\\www\\...')
#10 {main}
CRITICAL - 2023-04-28 17:31:33 --> Undefined variable: hasilproses
#0 D:\laragon\www\mysau_template\app\Views\welcome_message.php(41): CodeIgniter\Debug\Exceptions->errorHandler(8, 'Undefined varia...', 'D:\\laragon\\www\\...', 41, Array)
#1 D:\laragon\www\mysau_template\system\View\View.php(230): include('D:\\laragon\\www\\...')
#2 D:\laragon\www\mysau_template\system\View\View.php(232): CodeIgniter\View\View->CodeIgniter\View\{closure}()
#3 D:\laragon\www\mysau_template\system\Common.php(1271): CodeIgniter\View\View->render('welcome_message', Array, true)
#4 D:\laragon\www\mysau_template\app\Controllers\Home.php(9): view('welcome_message')
#5 D:\laragon\www\mysau_template\system\CodeIgniter.php(928): App\Controllers\Home->index()
#6 D:\laragon\www\mysau_template\system\CodeIgniter.php(436): CodeIgniter\CodeIgniter->runController(Object(App\Controllers\Home))
#7 D:\laragon\www\mysau_template\system\CodeIgniter.php(336): CodeIgniter\CodeIgniter->handleRequest(NULL, Object(Config\Cache), false)
#8 D:\laragon\www\mysau_template\public\index.php(37): CodeIgniter\CodeIgniter->run()
#9 D:\laragon\www\mysau_template\system\Commands\Server\rewrite.php(45): require_once('D:\\laragon\\www\\...')
#10 {main}
CRITICAL - 2023-04-28 17:31:36 --> Undefined variable: hasilproses
#0 D:\laragon\www\mysau_template\app\Views\welcome_message.php(41): CodeIgniter\Debug\Exceptions->errorHandler(8, 'Undefined varia...', 'D:\\laragon\\www\\...', 41, Array)
#1 D:\laragon\www\mysau_template\system\View\View.php(230): include('D:\\laragon\\www\\...')
#2 D:\laragon\www\mysau_template\system\View\View.php(232): CodeIgniter\View\View->CodeIgniter\View\{closure}()
#3 D:\laragon\www\mysau_template\system\Common.php(1271): CodeIgniter\View\View->render('welcome_message', Array, true)
#4 D:\laragon\www\mysau_template\app\Controllers\Home.php(9): view('welcome_message')
#5 D:\laragon\www\mysau_template\system\CodeIgniter.php(928): App\Controllers\Home->index()
#6 D:\laragon\www\mysau_template\system\CodeIgniter.php(436): CodeIgniter\CodeIgniter->runController(Object(App\Controllers\Home))
#7 D:\laragon\www\mysau_template\system\CodeIgniter.php(336): CodeIgniter\CodeIgniter->handleRequest(NULL, Object(Config\Cache), false)
#8 D:\laragon\www\mysau_template\public\index.php(37): CodeIgniter\CodeIgniter->run()
#9 D:\laragon\www\mysau_template\system\Commands\Server\rewrite.php(45): require_once('D:\\laragon\\www\\...')
#10 {main}
CRITICAL - 2023-04-28 17:32:32 --> Undefined variable: hasilproses
#0 D:\laragon\www\mysau_template\app\Views\welcome_message.php(41): CodeIgniter\Debug\Exceptions->errorHandler(8, 'Undefined varia...', 'D:\\laragon\\www\\...', 41, Array)
#1 D:\laragon\www\mysau_template\system\View\View.php(230): include('D:\\laragon\\www\\...')
#2 D:\laragon\www\mysau_template\system\View\View.php(232): CodeIgniter\View\View->CodeIgniter\View\{closure}()
#3 D:\laragon\www\mysau_template\system\Common.php(1271): CodeIgniter\View\View->render('welcome_message', Array, true)
#4 D:\laragon\www\mysau_template\app\Controllers\Home.php(9): view('welcome_message')
#5 D:\laragon\www\mysau_template\system\CodeIgniter.php(928): App\Controllers\Home->index()
#6 D:\laragon\www\mysau_template\system\CodeIgniter.php(436): CodeIgniter\CodeIgniter->runController(Object(App\Controllers\Home))
#7 D:\laragon\www\mysau_template\system\CodeIgniter.php(336): CodeIgniter\CodeIgniter->handleRequest(NULL, Object(Config\Cache), false)
#8 D:\laragon\www\mysau_template\public\index.php(37): CodeIgniter\CodeIgniter->run()
#9 D:\laragon\www\mysau_template\system\Commands\Server\rewrite.php(45): require_once('D:\\laragon\\www\\...')
#10 {main}
CRITICAL - 2023-04-28 17:34:24 --> Undefined variable: hasilproses
#0 D:\laragon\www\mysau_template\app\Views\welcome_message.php(41): CodeIgniter\Debug\Exceptions->errorHandler(8, 'Undefined varia...', 'D:\\laragon\\www\\...', 41, Array)
#1 D:\laragon\www\mysau_template\system\View\View.php(230): include('D:\\laragon\\www\\...')
#2 D:\laragon\www\mysau_template\system\View\View.php(232): CodeIgniter\View\View->CodeIgniter\View\{closure}()
#3 D:\laragon\www\mysau_template\system\Common.php(1271): CodeIgniter\View\View->render('welcome_message', Array, true)
#4 D:\laragon\www\mysau_template\app\Controllers\Home.php(9): view('welcome_message')
#5 D:\laragon\www\mysau_template\system\CodeIgniter.php(928): App\Controllers\Home->index()
#6 D:\laragon\www\mysau_template\system\CodeIgniter.php(436): CodeIgniter\CodeIgniter->runController(Object(App\Controllers\Home))
#7 D:\laragon\www\mysau_template\system\CodeIgniter.php(336): CodeIgniter\CodeIgniter->handleRequest(NULL, Object(Config\Cache), false)
#8 D:\laragon\www\mysau_template\public\index.php(37): CodeIgniter\CodeIgniter->run()
#9 D:\laragon\www\mysau_template\system\Commands\Server\rewrite.php(45): require_once('D:\\laragon\\www\\...')
#10 {main}
CRITICAL - 2023-04-28 17:36:27 --> Undefined variable: hasilproses
#0 D:\laragon\www\mysau_template\app\Views\welcome_message.php(41): CodeIgniter\Debug\Exceptions->errorHandler(8, 'Undefined varia...', 'D:\\laragon\\www\\...', 41, Array)
#1 D:\laragon\www\mysau_template\system\View\View.php(230): include('D:\\laragon\\www\\...')
#2 D:\laragon\www\mysau_template\system\View\View.php(232): CodeIgniter\View\View->CodeIgniter\View\{closure}()
#3 D:\laragon\www\mysau_template\system\Common.php(1271): CodeIgniter\View\View->render('welcome_message', Array, true)
#4 D:\laragon\www\mysau_template\app\Controllers\Home.php(9): view('welcome_message')
#5 D:\laragon\www\mysau_template\system\CodeIgniter.php(928): App\Controllers\Home->index()
#6 D:\laragon\www\mysau_template\system\CodeIgniter.php(436): CodeIgniter\CodeIgniter->runController(Object(App\Controllers\Home))
#7 D:\laragon\www\mysau_template\system\CodeIgniter.php(336): CodeIgniter\CodeIgniter->handleRequest(NULL, Object(Config\Cache), false)
#8 D:\laragon\www\mysau_template\public\index.php(37): CodeIgniter\CodeIgniter->run()
#9 D:\laragon\www\mysau_template\system\Commands\Server\rewrite.php(45): require_once('D:\\laragon\\www\\...')
#10 {main}
CRITICAL - 2023-04-28 17:36:28 --> Undefined variable: hasilproses
#0 D:\laragon\www\mysau_template\app\Views\welcome_message.php(41): CodeIgniter\Debug\Exceptions->errorHandler(8, 'Undefined varia...', 'D:\\laragon\\www\\...', 41, Array)
#1 D:\laragon\www\mysau_template\system\View\View.php(230): include('D:\\laragon\\www\\...')
#2 D:\laragon\www\mysau_template\system\View\View.php(232): CodeIgniter\View\View->CodeIgniter\View\{closure}()
#3 D:\laragon\www\mysau_template\system\Common.php(1271): CodeIgniter\View\View->render('welcome_message', Array, true)
#4 D:\laragon\www\mysau_template\app\Controllers\Home.php(9): view('welcome_message')
#5 D:\laragon\www\mysau_template\system\CodeIgniter.php(928): App\Controllers\Home->index()
#6 D:\laragon\www\mysau_template\system\CodeIgniter.php(436): CodeIgniter\CodeIgniter->runController(Object(App\Controllers\Home))
#7 D:\laragon\www\mysau_template\system\CodeIgniter.php(336): CodeIgniter\CodeIgniter->handleRequest(NULL, Object(Config\Cache), false)
#8 D:\laragon\www\mysau_template\public\index.php(37): CodeIgniter\CodeIgniter->run()
#9 D:\laragon\www\mysau_template\system\Commands\Server\rewrite.php(45): require_once('D:\\laragon\\www\\...')
#10 {main}
CRITICAL - 2023-04-28 17:36:29 --> Undefined variable: hasilproses
#0 D:\laragon\www\mysau_template\app\Views\welcome_message.php(41): CodeIgniter\Debug\Exceptions->errorHandler(8, 'Undefined varia...', 'D:\\laragon\\www\\...', 41, Array)
#1 D:\laragon\www\mysau_template\system\View\View.php(230): include('D:\\laragon\\www\\...')
#2 D:\laragon\www\mysau_template\system\View\View.php(232): CodeIgniter\View\View->CodeIgniter\View\{closure}()
#3 D:\laragon\www\mysau_template\system\Common.php(1271): CodeIgniter\View\View->render('welcome_message', Array, true)
#4 D:\laragon\www\mysau_template\app\Controllers\Home.php(9): view('welcome_message')
#5 D:\laragon\www\mysau_template\system\CodeIgniter.php(928): App\Controllers\Home->index()
#6 D:\laragon\www\mysau_template\system\CodeIgniter.php(436): CodeIgniter\CodeIgniter->runController(Object(App\Controllers\Home))
#7 D:\laragon\www\mysau_template\system\CodeIgniter.php(336): CodeIgniter\CodeIgniter->handleRequest(NULL, Object(Config\Cache), false)
#8 D:\laragon\www\mysau_template\public\index.php(37): CodeIgniter\CodeIgniter->run()
#9 D:\laragon\www\mysau_template\system\Commands\Server\rewrite.php(45): require_once('D:\\laragon\\www\\...')
#10 {main}
CRITICAL - 2023-04-28 17:36:29 --> Undefined variable: hasilproses
#0 D:\laragon\www\mysau_template\app\Views\welcome_message.php(41): CodeIgniter\Debug\Exceptions->errorHandler(8, 'Undefined varia...', 'D:\\laragon\\www\\...', 41, Array)
#1 D:\laragon\www\mysau_template\system\View\View.php(230): include('D:\\laragon\\www\\...')
#2 D:\laragon\www\mysau_template\system\View\View.php(232): CodeIgniter\View\View->CodeIgniter\View\{closure}()
#3 D:\laragon\www\mysau_template\system\Common.php(1271): CodeIgniter\View\View->render('welcome_message', Array, true)
#4 D:\laragon\www\mysau_template\app\Controllers\Home.php(9): view('welcome_message')
#5 D:\laragon\www\mysau_template\system\CodeIgniter.php(928): App\Controllers\Home->index()
#6 D:\laragon\www\mysau_template\system\CodeIgniter.php(436): CodeIgniter\CodeIgniter->runController(Object(App\Controllers\Home))
#7 D:\laragon\www\mysau_template\system\CodeIgniter.php(336): CodeIgniter\CodeIgniter->handleRequest(NULL, Object(Config\Cache), false)
#8 D:\laragon\www\mysau_template\public\index.php(37): CodeIgniter\CodeIgniter->run()
#9 D:\laragon\www\mysau_template\system\Commands\Server\rewrite.php(45): require_once('D:\\laragon\\www\\...')
#10 {main}
CRITICAL - 2023-04-28 17:36:30 --> Undefined variable: hasilproses
#0 D:\laragon\www\mysau_template\app\Views\welcome_message.php(41): CodeIgniter\Debug\Exceptions->errorHandler(8, 'Undefined varia...', 'D:\\laragon\\www\\...', 41, Array)
#1 D:\laragon\www\mysau_template\system\View\View.php(230): include('D:\\laragon\\www\\...')
#2 D:\laragon\www\mysau_template\system\View\View.php(232): CodeIgniter\View\View->CodeIgniter\View\{closure}()
#3 D:\laragon\www\mysau_template\system\Common.php(1271): CodeIgniter\View\View->render('welcome_message', Array, true)
#4 D:\laragon\www\mysau_template\app\Controllers\Home.php(9): view('welcome_message')
#5 D:\laragon\www\mysau_template\system\CodeIgniter.php(928): App\Controllers\Home->index()
#6 D:\laragon\www\mysau_template\system\CodeIgniter.php(436): CodeIgniter\CodeIgniter->runController(Object(App\Controllers\Home))
#7 D:\laragon\www\mysau_template\system\CodeIgniter.php(336): CodeIgniter\CodeIgniter->handleRequest(NULL, Object(Config\Cache), false)
#8 D:\laragon\www\mysau_template\public\index.php(37): CodeIgniter\CodeIgniter->run()
#9 D:\laragon\www\mysau_template\system\Commands\Server\rewrite.php(45): require_once('D:\\laragon\\www\\...')
#10 {main}
CRITICAL - 2023-04-28 17:36:30 --> Undefined variable: hasilproses
#0 D:\laragon\www\mysau_template\app\Views\welcome_message.php(41): CodeIgniter\Debug\Exceptions->errorHandler(8, 'Undefined varia...', 'D:\\laragon\\www\\...', 41, Array)
#1 D:\laragon\www\mysau_template\system\View\View.php(230): include('D:\\laragon\\www\\...')
#2 D:\laragon\www\mysau_template\system\View\View.php(232): CodeIgniter\View\View->CodeIgniter\View\{closure}()
#3 D:\laragon\www\mysau_template\system\Common.php(1271): CodeIgniter\View\View->render('welcome_message', Array, true)
#4 D:\laragon\www\mysau_template\app\Controllers\Home.php(9): view('welcome_message')
#5 D:\laragon\www\mysau_template\system\CodeIgniter.php(928): App\Controllers\Home->index()
#6 D:\laragon\www\mysau_template\system\CodeIgniter.php(436): CodeIgniter\CodeIgniter->runController(Object(App\Controllers\Home))
#7 D:\laragon\www\mysau_template\system\CodeIgniter.php(336): CodeIgniter\CodeIgniter->handleRequest(NULL, Object(Config\Cache), false)
#8 D:\laragon\www\mysau_template\public\index.php(37): CodeIgniter\CodeIgniter->run()
#9 D:\laragon\www\mysau_template\system\Commands\Server\rewrite.php(45): require_once('D:\\laragon\\www\\...')
#10 {main}
CRITICAL - 2023-04-28 17:36:30 --> Undefined variable: hasilproses
#0 D:\laragon\www\mysau_template\app\Views\welcome_message.php(41): CodeIgniter\Debug\Exceptions->errorHandler(8, 'Undefined varia...', 'D:\\laragon\\www\\...', 41, Array)
#1 D:\laragon\www\mysau_template\system\View\View.php(230): include('D:\\laragon\\www\\...')
#2 D:\laragon\www\mysau_template\system\View\View.php(232): CodeIgniter\View\View->CodeIgniter\View\{closure}()
#3 D:\laragon\www\mysau_template\system\Common.php(1271): CodeIgniter\View\View->render('welcome_message', Array, true)
#4 D:\laragon\www\mysau_template\app\Controllers\Home.php(9): view('welcome_message')
#5 D:\laragon\www\mysau_template\system\CodeIgniter.php(928): App\Controllers\Home->index()
#6 D:\laragon\www\mysau_template\system\CodeIgniter.php(436): CodeIgniter\CodeIgniter->runController(Object(App\Controllers\Home))
#7 D:\laragon\www\mysau_template\system\CodeIgniter.php(336): CodeIgniter\CodeIgniter->handleRequest(NULL, Object(Config\Cache), false)
#8 D:\laragon\www\mysau_template\public\index.php(37): CodeIgniter\CodeIgniter->run()
#9 D:\laragon\www\mysau_template\system\Commands\Server\rewrite.php(45): require_once('D:\\laragon\\www\\...')
#10 {main}
CRITICAL - 2023-04-28 17:36:31 --> Undefined variable: hasilproses
#0 D:\laragon\www\mysau_template\app\Views\welcome_message.php(41): CodeIgniter\Debug\Exceptions->errorHandler(8, 'Undefined varia...', 'D:\\laragon\\www\\...', 41, Array)
#1 D:\laragon\www\mysau_template\system\View\View.php(230): include('D:\\laragon\\www\\...')
#2 D:\laragon\www\mysau_template\system\View\View.php(232): CodeIgniter\View\View->CodeIgniter\View\{closure}()
#3 D:\laragon\www\mysau_template\system\Common.php(1271): CodeIgniter\View\View->render('welcome_message', Array, true)
#4 D:\laragon\www\mysau_template\app\Controllers\Home.php(9): view('welcome_message')
#5 D:\laragon\www\mysau_template\system\CodeIgniter.php(928): App\Controllers\Home->index()
#6 D:\laragon\www\mysau_template\system\CodeIgniter.php(436): CodeIgniter\CodeIgniter->runController(Object(App\Controllers\Home))
#7 D:\laragon\www\mysau_template\system\CodeIgniter.php(336): CodeIgniter\CodeIgniter->handleRequest(NULL, Object(Config\Cache), false)
#8 D:\laragon\www\mysau_template\public\index.php(37): CodeIgniter\CodeIgniter->run()
#9 D:\laragon\www\mysau_template\system\Commands\Server\rewrite.php(45): require_once('D:\\laragon\\www\\...')
#10 {main}
CRITICAL - 2023-04-28 17:36:31 --> Undefined variable: hasilproses
#0 D:\laragon\www\mysau_template\app\Views\welcome_message.php(41): CodeIgniter\Debug\Exceptions->errorHandler(8, 'Undefined varia...', 'D:\\laragon\\www\\...', 41, Array)
#1 D:\laragon\www\mysau_template\system\View\View.php(230): include('D:\\laragon\\www\\...')
#2 D:\laragon\www\mysau_template\system\View\View.php(232): CodeIgniter\View\View->CodeIgniter\View\{closure}()
#3 D:\laragon\www\mysau_template\system\Common.php(1271): CodeIgniter\View\View->render('welcome_message', Array, true)
#4 D:\laragon\www\mysau_template\app\Controllers\Home.php(9): view('welcome_message')
#5 D:\laragon\www\mysau_template\system\CodeIgniter.php(928): App\Controllers\Home->index()
#6 D:\laragon\www\mysau_template\system\CodeIgniter.php(436): CodeIgniter\CodeIgniter->runController(Object(App\Controllers\Home))
#7 D:\laragon\www\mysau_template\system\CodeIgniter.php(336): CodeIgniter\CodeIgniter->handleRequest(NULL, Object(Config\Cache), false)
#8 D:\laragon\www\mysau_template\public\index.php(37): CodeIgniter\CodeIgniter->run()
#9 D:\laragon\www\mysau_template\system\Commands\Server\rewrite.php(45): require_once('D:\\laragon\\www\\...')
#10 {main}
CRITICAL - 2023-04-28 17:36:31 --> Undefined variable: hasilproses
#0 D:\laragon\www\mysau_template\app\Views\welcome_message.php(41): CodeIgniter\Debug\Exceptions->errorHandler(8, 'Undefined varia...', 'D:\\laragon\\www\\...', 41, Array)
#1 D:\laragon\www\mysau_template\system\View\View.php(230): include('D:\\laragon\\www\\...')
#2 D:\laragon\www\mysau_template\system\View\View.php(232): CodeIgniter\View\View->CodeIgniter\View\{closure}()
#3 D:\laragon\www\mysau_template\system\Common.php(1271): CodeIgniter\View\View->render('welcome_message', Array, true)
#4 D:\laragon\www\mysau_template\app\Controllers\Home.php(9): view('welcome_message')
#5 D:\laragon\www\mysau_template\system\CodeIgniter.php(928): App\Controllers\Home->index()
#6 D:\laragon\www\mysau_template\system\CodeIgniter.php(436): CodeIgniter\CodeIgniter->runController(Object(App\Controllers\Home))
#7 D:\laragon\www\mysau_template\system\CodeIgniter.php(336): CodeIgniter\CodeIgniter->handleRequest(NULL, Object(Config\Cache), false)
#8 D:\laragon\www\mysau_template\public\index.php(37): CodeIgniter\CodeIgniter->run()
#9 D:\laragon\www\mysau_template\system\Commands\Server\rewrite.php(45): require_once('D:\\laragon\\www\\...')
#10 {main}
CRITICAL - 2023-04-28 17:36:32 --> Undefined variable: hasilproses
#0 D:\laragon\www\mysau_template\app\Views\welcome_message.php(41): CodeIgniter\Debug\Exceptions->errorHandler(8, 'Undefined varia...', 'D:\\laragon\\www\\...', 41, Array)
#1 D:\laragon\www\mysau_template\system\View\View.php(230): include('D:\\laragon\\www\\...')
#2 D:\laragon\www\mysau_template\system\View\View.php(232): CodeIgniter\View\View->CodeIgniter\View\{closure}()
#3 D:\laragon\www\mysau_template\system\Common.php(1271): CodeIgniter\View\View->render('welcome_message', Array, true)
#4 D:\laragon\www\mysau_template\app\Controllers\Home.php(9): view('welcome_message')
#5 D:\laragon\www\mysau_template\system\CodeIgniter.php(928): App\Controllers\Home->index()
#6 D:\laragon\www\mysau_template\system\CodeIgniter.php(436): CodeIgniter\CodeIgniter->runController(Object(App\Controllers\Home))
#7 D:\laragon\www\mysau_template\system\CodeIgniter.php(336): CodeIgniter\CodeIgniter->handleRequest(NULL, Object(Config\Cache), false)
#8 D:\laragon\www\mysau_template\public\index.php(37): CodeIgniter\CodeIgniter->run()
#9 D:\laragon\www\mysau_template\system\Commands\Server\rewrite.php(45): require_once('D:\\laragon\\www\\...')
#10 {main}
CRITICAL - 2023-04-28 17:36:32 --> Undefined variable: hasilproses
#0 D:\laragon\www\mysau_template\app\Views\welcome_message.php(41): CodeIgniter\Debug\Exceptions->errorHandler(8, 'Undefined varia...', 'D:\\laragon\\www\\...', 41, Array)
#1 D:\laragon\www\mysau_template\system\View\View.php(230): include('D:\\laragon\\www\\...')
#2 D:\laragon\www\mysau_template\system\View\View.php(232): CodeIgniter\View\View->CodeIgniter\View\{closure}()
#3 D:\laragon\www\mysau_template\system\Common.php(1271): CodeIgniter\View\View->render('welcome_message', Array, true)
#4 D:\laragon\www\mysau_template\app\Controllers\Home.php(9): view('welcome_message')
#5 D:\laragon\www\mysau_template\system\CodeIgniter.php(928): App\Controllers\Home->index()
#6 D:\laragon\www\mysau_template\system\CodeIgniter.php(436): CodeIgniter\CodeIgniter->runController(Object(App\Controllers\Home))
#7 D:\laragon\www\mysau_template\system\CodeIgniter.php(336): CodeIgniter\CodeIgniter->handleRequest(NULL, Object(Config\Cache), false)
#8 D:\laragon\www\mysau_template\public\index.php(37): CodeIgniter\CodeIgniter->run()
#9 D:\laragon\www\mysau_template\system\Commands\Server\rewrite.php(45): require_once('D:\\laragon\\www\\...')
#10 {main}
CRITICAL - 2023-04-28 17:36:32 --> Undefined variable: hasilproses
#0 D:\laragon\www\mysau_template\app\Views\welcome_message.php(41): CodeIgniter\Debug\Exceptions->errorHandler(8, 'Undefined varia...', 'D:\\laragon\\www\\...', 41, Array)
#1 D:\laragon\www\mysau_template\system\View\View.php(230): include('D:\\laragon\\www\\...')
#2 D:\laragon\www\mysau_template\system\View\View.php(232): CodeIgniter\View\View->CodeIgniter\View\{closure}()
#3 D:\laragon\www\mysau_template\system\Common.php(1271): CodeIgniter\View\View->render('welcome_message', Array, true)
#4 D:\laragon\www\mysau_template\app\Controllers\Home.php(9): view('welcome_message')
#5 D:\laragon\www\mysau_template\system\CodeIgniter.php(928): App\Controllers\Home->index()
#6 D:\laragon\www\mysau_template\system\CodeIgniter.php(436): CodeIgniter\CodeIgniter->runController(Object(App\Controllers\Home))
#7 D:\laragon\www\mysau_template\system\CodeIgniter.php(336): CodeIgniter\CodeIgniter->handleRequest(NULL, Object(Config\Cache), false)
#8 D:\laragon\www\mysau_template\public\index.php(37): CodeIgniter\CodeIgniter->run()
#9 D:\laragon\www\mysau_template\system\Commands\Server\rewrite.php(45): require_once('D:\\laragon\\www\\...')
#10 {main}
CRITICAL - 2023-04-28 17:38:00 --> Undefined variable: hasilproses
#0 D:\laragon\www\mysau_template\app\Views\welcome_message.php(41): CodeIgniter\Debug\Exceptions->errorHandler(8, 'Undefined varia...', 'D:\\laragon\\www\\...', 41, Array)
#1 D:\laragon\www\mysau_template\system\View\View.php(230): include('D:\\laragon\\www\\...')
#2 D:\laragon\www\mysau_template\system\View\View.php(232): CodeIgniter\View\View->CodeIgniter\View\{closure}()
#3 D:\laragon\www\mysau_template\system\Common.php(1271): CodeIgniter\View\View->render('welcome_message', Array, true)
#4 D:\laragon\www\mysau_template\app\Controllers\Home.php(9): view('welcome_message')
#5 D:\laragon\www\mysau_template\system\CodeIgniter.php(928): App\Controllers\Home->index()
#6 D:\laragon\www\mysau_template\system\CodeIgniter.php(436): CodeIgniter\CodeIgniter->runController(Object(App\Controllers\Home))
#7 D:\laragon\www\mysau_template\system\CodeIgniter.php(336): CodeIgniter\CodeIgniter->handleRequest(NULL, Object(Config\Cache), false)
#8 D:\laragon\www\mysau_template\public\index.php(37): CodeIgniter\CodeIgniter->run()
#9 D:\laragon\www\mysau_template\system\Commands\Server\rewrite.php(45): require_once('D:\\laragon\\www\\...')
#10 {main}
CRITICAL - 2023-04-28 17:38:01 --> Undefined variable: hasilproses
#0 D:\laragon\www\mysau_template\app\Views\welcome_message.php(41): CodeIgniter\Debug\Exceptions->errorHandler(8, 'Undefined varia...', 'D:\\laragon\\www\\...', 41, Array)
#1 D:\laragon\www\mysau_template\system\View\View.php(230): include('D:\\laragon\\www\\...')
#2 D:\laragon\www\mysau_template\system\View\View.php(232): CodeIgniter\View\View->CodeIgniter\View\{closure}()
#3 D:\laragon\www\mysau_template\system\Common.php(1271): CodeIgniter\View\View->render('welcome_message', Array, true)
#4 D:\laragon\www\mysau_template\app\Controllers\Home.php(9): view('welcome_message')
#5 D:\laragon\www\mysau_template\system\CodeIgniter.php(928): App\Controllers\Home->index()
#6 D:\laragon\www\mysau_template\system\CodeIgniter.php(436): CodeIgniter\CodeIgniter->runController(Object(App\Controllers\Home))
#7 D:\laragon\www\mysau_template\system\CodeIgniter.php(336): CodeIgniter\CodeIgniter->handleRequest(NULL, Object(Config\Cache), false)
#8 D:\laragon\www\mysau_template\public\index.php(37): CodeIgniter\CodeIgniter->run()
#9 D:\laragon\www\mysau_template\system\Commands\Server\rewrite.php(45): require_once('D:\\laragon\\www\\...')
#10 {main}
CRITICAL - 2023-04-28 17:38:02 --> Undefined variable: hasilproses
#0 D:\laragon\www\mysau_template\app\Views\welcome_message.php(41): CodeIgniter\Debug\Exceptions->errorHandler(8, 'Undefined varia...', 'D:\\laragon\\www\\...', 41, Array)
#1 D:\laragon\www\mysau_template\system\View\View.php(230): include('D:\\laragon\\www\\...')
#2 D:\laragon\www\mysau_template\system\View\View.php(232): CodeIgniter\View\View->CodeIgniter\View\{closure}()
#3 D:\laragon\www\mysau_template\system\Common.php(1271): CodeIgniter\View\View->render('welcome_message', Array, true)
#4 D:\laragon\www\mysau_template\app\Controllers\Home.php(9): view('welcome_message')
#5 D:\laragon\www\mysau_template\system\CodeIgniter.php(928): App\Controllers\Home->index()
#6 D:\laragon\www\mysau_template\system\CodeIgniter.php(436): CodeIgniter\CodeIgniter->runController(Object(App\Controllers\Home))
#7 D:\laragon\www\mysau_template\system\CodeIgniter.php(336): CodeIgniter\CodeIgniter->handleRequest(NULL, Object(Config\Cache), false)
#8 D:\laragon\www\mysau_template\public\index.php(37): CodeIgniter\CodeIgniter->run()
#9 D:\laragon\www\mysau_template\system\Commands\Server\rewrite.php(45): require_once('D:\\laragon\\www\\...')
#10 {main}
CRITICAL - 2023-04-28 17:38:02 --> Undefined variable: hasilproses
#0 D:\laragon\www\mysau_template\app\Views\welcome_message.php(41): CodeIgniter\Debug\Exceptions->errorHandler(8, 'Undefined varia...', 'D:\\laragon\\www\\...', 41, Array)
#1 D:\laragon\www\mysau_template\system\View\View.php(230): include('D:\\laragon\\www\\...')
#2 D:\laragon\www\mysau_template\system\View\View.php(232): CodeIgniter\View\View->CodeIgniter\View\{closure}()
#3 D:\laragon\www\mysau_template\system\Common.php(1271): CodeIgniter\View\View->render('welcome_message', Array, true)
#4 D:\laragon\www\mysau_template\app\Controllers\Home.php(9): view('welcome_message')
#5 D:\laragon\www\mysau_template\system\CodeIgniter.php(928): App\Controllers\Home->index()
#6 D:\laragon\www\mysau_template\system\CodeIgniter.php(436): CodeIgniter\CodeIgniter->runController(Object(App\Controllers\Home))
#7 D:\laragon\www\mysau_template\system\CodeIgniter.php(336): CodeIgniter\CodeIgniter->handleRequest(NULL, Object(Config\Cache), false)
#8 D:\laragon\www\mysau_template\public\index.php(37): CodeIgniter\CodeIgniter->run()
#9 D:\laragon\www\mysau_template\system\Commands\Server\rewrite.php(45): require_once('D:\\laragon\\www\\...')
#10 {main}
CRITICAL - 2023-04-28 17:38:02 --> Undefined variable: hasilproses
#0 D:\laragon\www\mysau_template\app\Views\welcome_message.php(41): CodeIgniter\Debug\Exceptions->errorHandler(8, 'Undefined varia...', 'D:\\laragon\\www\\...', 41, Array)
#1 D:\laragon\www\mysau_template\system\View\View.php(230): include('D:\\laragon\\www\\...')
#2 D:\laragon\www\mysau_template\system\View\View.php(232): CodeIgniter\View\View->CodeIgniter\View\{closure}()
#3 D:\laragon\www\mysau_template\system\Common.php(1271): CodeIgniter\View\View->render('welcome_message', Array, true)
#4 D:\laragon\www\mysau_template\app\Controllers\Home.php(9): view('welcome_message')
#5 D:\laragon\www\mysau_template\system\CodeIgniter.php(928): App\Controllers\Home->index()
#6 D:\laragon\www\mysau_template\system\CodeIgniter.php(436): CodeIgniter\CodeIgniter->runController(Object(App\Controllers\Home))
#7 D:\laragon\www\mysau_template\system\CodeIgniter.php(336): CodeIgniter\CodeIgniter->handleRequest(NULL, Object(Config\Cache), false)
#8 D:\laragon\www\mysau_template\public\index.php(37): CodeIgniter\CodeIgniter->run()
#9 D:\laragon\www\mysau_template\system\Commands\Server\rewrite.php(45): require_once('D:\\laragon\\www\\...')
#10 {main}
CRITICAL - 2023-04-28 17:38:03 --> Undefined variable: hasilproses
#0 D:\laragon\www\mysau_template\app\Views\welcome_message.php(41): CodeIgniter\Debug\Exceptions->errorHandler(8, 'Undefined varia...', 'D:\\laragon\\www\\...', 41, Array)
#1 D:\laragon\www\mysau_template\system\View\View.php(230): include('D:\\laragon\\www\\...')
#2 D:\laragon\www\mysau_template\system\View\View.php(232): CodeIgniter\View\View->CodeIgniter\View\{closure}()
#3 D:\laragon\www\mysau_template\system\Common.php(1271): CodeIgniter\View\View->render('welcome_message', Array, true)
#4 D:\laragon\www\mysau_template\app\Controllers\Home.php(9): view('welcome_message')
#5 D:\laragon\www\mysau_template\system\CodeIgniter.php(928): App\Controllers\Home->index()
#6 D:\laragon\www\mysau_template\system\CodeIgniter.php(436): CodeIgniter\CodeIgniter->runController(Object(App\Controllers\Home))
#7 D:\laragon\www\mysau_template\system\CodeIgniter.php(336): CodeIgniter\CodeIgniter->handleRequest(NULL, Object(Config\Cache), false)
#8 D:\laragon\www\mysau_template\public\index.php(37): CodeIgniter\CodeIgniter->run()
#9 D:\laragon\www\mysau_template\system\Commands\Server\rewrite.php(45): require_once('D:\\laragon\\www\\...')
#10 {main}
CRITICAL - 2023-04-28 17:38:11 --> Undefined variable: hasilproses
#0 D:\laragon\www\mysau_template\app\Views\welcome_message.php(41): CodeIgniter\Debug\Exceptions->errorHandler(8, 'Undefined varia...', 'D:\\laragon\\www\\...', 41, Array)
#1 D:\laragon\www\mysau_template\system\View\View.php(230): include('D:\\laragon\\www\\...')
#2 D:\laragon\www\mysau_template\system\View\View.php(232): CodeIgniter\View\View->CodeIgniter\View\{closure}()
#3 D:\laragon\www\mysau_template\system\Common.php(1271): CodeIgniter\View\View->render('welcome_message', Array, true)
#4 D:\laragon\www\mysau_template\app\Controllers\Home.php(9): view('welcome_message')
#5 D:\laragon\www\mysau_template\system\CodeIgniter.php(928): App\Controllers\Home->index()
#6 D:\laragon\www\mysau_template\system\CodeIgniter.php(436): CodeIgniter\CodeIgniter->runController(Object(App\Controllers\Home))
#7 D:\laragon\www\mysau_template\system\CodeIgniter.php(336): CodeIgniter\CodeIgniter->handleRequest(NULL, Object(Config\Cache), false)
#8 D:\laragon\www\mysau_template\public\index.php(37): CodeIgniter\CodeIgniter->run()
#9 D:\laragon\www\mysau_template\system\Commands\Server\rewrite.php(45): require_once('D:\\laragon\\www\\...')
#10 {main}
CRITICAL - 2023-04-28 17:38:29 --> Undefined variable: hasilproses
#0 D:\laragon\www\mysau_template\app\Views\welcome_message.php(41): CodeIgniter\Debug\Exceptions->errorHandler(8, 'Undefined varia...', 'D:\\laragon\\www\\...', 41, Array)
#1 D:\laragon\www\mysau_template\system\View\View.php(230): include('D:\\laragon\\www\\...')
#2 D:\laragon\www\mysau_template\system\View\View.php(232): CodeIgniter\View\View->CodeIgniter\View\{closure}()
#3 D:\laragon\www\mysau_template\system\Common.php(1271): CodeIgniter\View\View->render('welcome_message', Array, true)
#4 D:\laragon\www\mysau_template\app\Controllers\Home.php(9): view('welcome_message')
#5 D:\laragon\www\mysau_template\system\CodeIgniter.php(928): App\Controllers\Home->index()
#6 D:\laragon\www\mysau_template\system\CodeIgniter.php(436): CodeIgniter\CodeIgniter->runController(Object(App\Controllers\Home))
#7 D:\laragon\www\mysau_template\system\CodeIgniter.php(336): CodeIgniter\CodeIgniter->handleRequest(NULL, Object(Config\Cache), false)
#8 D:\laragon\www\mysau_template\public\index.php(37): CodeIgniter\CodeIgniter->run()
#9 D:\laragon\www\mysau_template\system\Commands\Server\rewrite.php(45): require_once('D:\\laragon\\www\\...')
#10 {main}
CRITICAL - 2023-04-28 17:39:44 --> Undefined variable: hasilproses
#0 D:\laragon\www\mysau_template\app\Views\welcome_message.php(41): CodeIgniter\Debug\Exceptions->errorHandler(8, 'Undefined varia...', 'D:\\laragon\\www\\...', 41, Array)
#1 D:\laragon\www\mysau_template\system\View\View.php(230): include('D:\\laragon\\www\\...')
#2 D:\laragon\www\mysau_template\system\View\View.php(232): CodeIgniter\View\View->CodeIgniter\View\{closure}()
#3 D:\laragon\www\mysau_template\system\Common.php(1271): CodeIgniter\View\View->render('welcome_message', Array, true)
#4 D:\laragon\www\mysau_template\app\Controllers\Home.php(9): view('welcome_message')
#5 D:\laragon\www\mysau_template\system\CodeIgniter.php(928): App\Controllers\Home->index()
#6 D:\laragon\www\mysau_template\system\CodeIgniter.php(436): CodeIgniter\CodeIgniter->runController(Object(App\Controllers\Home))
#7 D:\laragon\www\mysau_template\system\CodeIgniter.php(336): CodeIgniter\CodeIgniter->handleRequest(NULL, Object(Config\Cache), false)
#8 D:\laragon\www\mysau_template\public\index.php(37): CodeIgniter\CodeIgniter->run()
#9 D:\laragon\www\mysau_template\system\Commands\Server\rewrite.php(45): require_once('D:\\laragon\\www\\...')
#10 {main}
CRITICAL - 2023-04-28 17:39:45 --> Undefined variable: hasilproses
#0 D:\laragon\www\mysau_template\app\Views\welcome_message.php(41): CodeIgniter\Debug\Exceptions->errorHandler(8, 'Undefined varia...', 'D:\\laragon\\www\\...', 41, Array)
#1 D:\laragon\www\mysau_template\system\View\View.php(230): include('D:\\laragon\\www\\...')
#2 D:\laragon\www\mysau_template\system\View\View.php(232): CodeIgniter\View\View->CodeIgniter\View\{closure}()
#3 D:\laragon\www\mysau_template\system\Common.php(1271): CodeIgniter\View\View->render('welcome_message', Array, true)
#4 D:\laragon\www\mysau_template\app\Controllers\Home.php(9): view('welcome_message')
#5 D:\laragon\www\mysau_template\system\CodeIgniter.php(928): App\Controllers\Home->index()
#6 D:\laragon\www\mysau_template\system\CodeIgniter.php(436): CodeIgniter\CodeIgniter->runController(Object(App\Controllers\Home))
#7 D:\laragon\www\mysau_template\system\CodeIgniter.php(336): CodeIgniter\CodeIgniter->handleRequest(NULL, Object(Config\Cache), false)
#8 D:\laragon\www\mysau_template\public\index.php(37): CodeIgniter\CodeIgniter->run()
#9 D:\laragon\www\mysau_template\system\Commands\Server\rewrite.php(45): require_once('D:\\laragon\\www\\...')
#10 {main}
CRITICAL - 2023-04-28 17:49:57 --> Undefined variable: hasilproses
#0 D:\laragon\www\mysau_template\app\Views\welcome_message.php(41): CodeIgniter\Debug\Exceptions->errorHandler(8, 'Undefined varia...', 'D:\\laragon\\www\\...', 41, Array)
#1 D:\laragon\www\mysau_template\system\View\View.php(230): include('D:\\laragon\\www\\...')
#2 D:\laragon\www\mysau_template\system\View\View.php(232): CodeIgniter\View\View->CodeIgniter\View\{closure}()
#3 D:\laragon\www\mysau_template\system\Common.php(1271): CodeIgniter\View\View->render('welcome_message', Array, true)
#4 D:\laragon\www\mysau_template\app\Controllers\Home.php(9): view('welcome_message')
#5 D:\laragon\www\mysau_template\system\CodeIgniter.php(928): App\Controllers\Home->index()
#6 D:\laragon\www\mysau_template\system\CodeIgniter.php(436): CodeIgniter\CodeIgniter->runController(Object(App\Controllers\Home))
#7 D:\laragon\www\mysau_template\system\CodeIgniter.php(336): CodeIgniter\CodeIgniter->handleRequest(NULL, Object(Config\Cache), false)
#8 D:\laragon\www\mysau_template\public\index.php(37): CodeIgniter\CodeIgniter->run()
#9 D:\laragon\www\mysau_template\system\Commands\Server\rewrite.php(45): require_once('D:\\laragon\\www\\...')
#10 {main}
CRITICAL - 2023-04-28 17:51:38 --> Undefined variable: PN
#0 D:\laragon\www\mysau_template\app\Controllers\ListKaryawan.php(28): CodeIgniter\Debug\Exceptions->errorHandler(8, 'Undefined varia...', 'D:\\laragon\\www\\...', 28, Array)
#1 D:\laragon\www\mysau_template\system\CodeIgniter.php(928): App\Controllers\ListKaryawan->detail('1679')
#2 D:\laragon\www\mysau_template\system\CodeIgniter.php(436): CodeIgniter\CodeIgniter->runController(Object(App\Controllers\ListKaryawan))
#3 D:\laragon\www\mysau_template\system\CodeIgniter.php(336): CodeIgniter\CodeIgniter->handleRequest(NULL, Object(Config\Cache), false)
#4 D:\laragon\www\mysau_template\public\index.php(37): CodeIgniter\CodeIgniter->run()
#5 D:\laragon\www\mysau_template\system\Commands\Server\rewrite.php(45): require_once('D:\\laragon\\www\\...')
#6 {main}
CRITICAL - 2023-04-28 17:52:44 --> Undefined index: NAME
#0 D:\laragon\www\mysau_template\app\Views\detail.php(16): CodeIgniter\Debug\Exceptions->errorHandler(8, 'Undefined index...', 'D:\\laragon\\www\\...', 16, Array)
#1 D:\laragon\www\mysau_template\system\View\View.php(230): include('D:\\laragon\\www\\...')
#2 D:\laragon\www\mysau_template\system\View\View.php(232): CodeIgniter\View\View->CodeIgniter\View\{closure}()
#3 D:\laragon\www\mysau_template\system\Common.php(1271): CodeIgniter\View\View->render('detail', Array, true)
#4 D:\laragon\www\mysau_template\app\Controllers\ListKaryawan.php(35): view('detail', Array)
#5 D:\laragon\www\mysau_template\system\CodeIgniter.php(928): App\Controllers\ListKaryawan->detail('1679')
#6 D:\laragon\www\mysau_template\system\CodeIgniter.php(436): CodeIgniter\CodeIgniter->runController(Object(App\Controllers\ListKaryawan))
#7 D:\laragon\www\mysau_template\system\CodeIgniter.php(336): CodeIgniter\CodeIgniter->handleRequest(NULL, Object(Config\Cache), false)
#8 D:\laragon\www\mysau_template\public\index.php(37): CodeIgniter\CodeIgniter->run()
#9 D:\laragon\www\mysau_template\system\Commands\Server\rewrite.php(45): require_once('D:\\laragon\\www\\...')
#10 {main}
CRITICAL - 2023-04-28 17:55:07 --> Undefined variable: mytable
#0 D:\laragon\www\mysau_template\app\Views\detail.php(15): CodeIgniter\Debug\Exceptions->errorHandler(8, 'Undefined varia...', 'D:\\laragon\\www\\...', 15, Array)
#1 D:\laragon\www\mysau_template\system\View\View.php(230): include('D:\\laragon\\www\\...')
#2 D:\laragon\www\mysau_template\system\View\View.php(232): CodeIgniter\View\View->CodeIgniter\View\{closure}()
#3 D:\laragon\www\mysau_template\system\Common.php(1271): CodeIgniter\View\View->render('detail', Array, true)
#4 D:\laragon\www\mysau_template\app\Controllers\ListKaryawan.php(35): view('detail', Array)
#5 D:\laragon\www\mysau_template\system\CodeIgniter.php(928): App\Controllers\ListKaryawan->detail('1679')
#6 D:\laragon\www\mysau_template\system\CodeIgniter.php(436): CodeIgniter\CodeIgniter->runController(Object(App\Controllers\ListKaryawan))
#7 D:\laragon\www\mysau_template\system\CodeIgniter.php(336): CodeIgniter\CodeIgniter->handleRequest(NULL, Object(Config\Cache), false)
#8 D:\laragon\www\mysau_template\public\index.php(37): CodeIgniter\CodeIgniter->run()
#9 D:\laragon\www\mysau_template\system\Commands\Server\rewrite.php(45): require_once('D:\\laragon\\www\\...')
#10 {main}
CRITICAL - 2023-04-28 17:55:09 --> Undefined variable: mytable
#0 D:\laragon\www\mysau_template\app\Views\detail.php(15): CodeIgniter\Debug\Exceptions->errorHandler(8, 'Undefined varia...', 'D:\\laragon\\www\\...', 15, Array)
#1 D:\laragon\www\mysau_template\system\View\View.php(230): include('D:\\laragon\\www\\...')
#2 D:\laragon\www\mysau_template\system\View\View.php(232): CodeIgniter\View\View->CodeIgniter\View\{closure}()
#3 D:\laragon\www\mysau_template\system\Common.php(1271): CodeIgniter\View\View->render('detail', Array, true)
#4 D:\laragon\www\mysau_template\app\Controllers\ListKaryawan.php(35): view('detail', Array)
#5 D:\laragon\www\mysau_template\system\CodeIgniter.php(928): App\Controllers\ListKaryawan->detail('1679')
#6 D:\laragon\www\mysau_template\system\CodeIgniter.php(436): CodeIgniter\CodeIgniter->runController(Object(App\Controllers\ListKaryawan))
#7 D:\laragon\www\mysau_template\system\CodeIgniter.php(336): CodeIgniter\CodeIgniter->handleRequest(NULL, Object(Config\Cache), false)
#8 D:\laragon\www\mysau_template\public\index.php(37): CodeIgniter\CodeIgniter->run()
#9 D:\laragon\www\mysau_template\system\Commands\Server\rewrite.php(45): require_once('D:\\laragon\\www\\...')
#10 {main}
