CRITICAL - 2023-03-07 10:33:04 --> syntax error, unexpected '.0' (T_DNUMBER), expecting ')'
#0 C:\laragon\www\mysau_template\system\View\View.php(232): CodeIgniter\View\View->CodeIgniter\View\{closure}()
#1 C:\laragon\www\mysau_template\system\Common.php(1271): CodeIgniter\View\View->render('detail', Array, true)
#2 C:\laragon\www\mysau_template\app\Controllers\Presensi.php(79): view('detail', Array)
#3 C:\laragon\www\mysau_template\system\CodeIgniter.php(928): App\Controllers\Presensi->detail('https://mysau_t...')
#4 C:\laragon\www\mysau_template\system\CodeIgniter.php(436): CodeIgniter\CodeIgniter->runController(Object(App\Controllers\Presensi))
#5 C:\laragon\www\mysau_template\system\CodeIgniter.php(336): CodeIgniter\CodeIgniter->handleRequest(NULL, Object(Config\Cache), false)
#6 C:\laragon\www\mysau_template\public\index.php(37): CodeIgniter\CodeIgniter->run()
#7 {main}
CRITICAL - 2023-03-07 10:33:30 --> Undefined offset: 0
#0 C:\laragon\www\mysau_template\app\Controllers\Presensi.php(74): CodeIgniter\Debug\Exceptions->errorHandler(8, 'Undefined offse...', 'C:\\laragon\\www\\...', 74, Array)
#1 C:\laragon\www\mysau_template\system\CodeIgniter.php(928): App\Controllers\Presensi->detail('\xE2\x80\x9Dhttps:', 'mysau_template....', 'js', 'sweetalert2.all...')
#2 C:\laragon\www\mysau_template\system\CodeIgniter.php(436): CodeIgniter\CodeIgniter->runController(Object(App\Controllers\Presensi))
#3 C:\laragon\www\mysau_template\system\CodeIgniter.php(336): CodeIgniter\CodeIgniter->handleRequest(NULL, Object(Config\Cache), false)
#4 C:\laragon\www\mysau_template\public\index.php(37): CodeIgniter\CodeIgniter->run()
#5 {main}
CRITICAL - 2023-03-07 10:33:30 --> Undefined offset: 0
#0 C:\laragon\www\mysau_template\app\Controllers\Presensi.php(74): CodeIgniter\Debug\Exceptions->errorHandler(8, 'Undefined offse...', 'C:\\laragon\\www\\...', 74, Array)
#1 C:\laragon\www\mysau_template\system\CodeIgniter.php(928): App\Controllers\Presensi->detail('\xE2\x80\x9Dhttps:', 'mysau_template....', 'js', 'jquery-3.6.0.mi...')
#2 C:\laragon\www\mysau_template\system\CodeIgniter.php(436): CodeIgniter\CodeIgniter->runController(Object(App\Controllers\Presensi))
#3 C:\laragon\www\mysau_template\system\CodeIgniter.php(336): CodeIgniter\CodeIgniter->handleRequest(NULL, Object(Config\Cache), false)
#4 C:\laragon\www\mysau_template\public\index.php(37): CodeIgniter\CodeIgniter->run()
#5 {main}
CRITICAL - 2023-03-07 10:33:34 --> Undefined offset: 0
#0 C:\laragon\www\mysau_template\app\Controllers\Presensi.php(74): CodeIgniter\Debug\Exceptions->errorHandler(8, 'Undefined offse...', 'C:\\laragon\\www\\...', 74, Array)
#1 C:\laragon\www\mysau_template\system\CodeIgniter.php(928): App\Controllers\Presensi->detail('\xE2\x80\x9Dhttps:', 'mysau_template....', 'js', 'sweetalert2.all...')
#2 C:\laragon\www\mysau_template\system\CodeIgniter.php(436): CodeIgniter\CodeIgniter->runController(Object(App\Controllers\Presensi))
#3 C:\laragon\www\mysau_template\system\CodeIgniter.php(336): CodeIgniter\CodeIgniter->handleRequest(NULL, Object(Config\Cache), false)
#4 C:\laragon\www\mysau_template\public\index.php(37): CodeIgniter\CodeIgniter->run()
#5 {main}
CRITICAL - 2023-03-07 10:33:35 --> Undefined offset: 0
#0 C:\laragon\www\mysau_template\app\Controllers\Presensi.php(74): CodeIgniter\Debug\Exceptions->errorHandler(8, 'Undefined offse...', 'C:\\laragon\\www\\...', 74, Array)
#1 C:\laragon\www\mysau_template\system\CodeIgniter.php(928): App\Controllers\Presensi->detail('\xE2\x80\x9Dhttps:', 'mysau_template....', 'js', 'jquery-3.6.0.mi...')
#2 C:\laragon\www\mysau_template\system\CodeIgniter.php(436): CodeIgniter\CodeIgniter->runController(Object(App\Controllers\Presensi))
#3 C:\laragon\www\mysau_template\system\CodeIgniter.php(336): CodeIgniter\CodeIgniter->handleRequest(NULL, Object(Config\Cache), false)
#4 C:\laragon\www\mysau_template\public\index.php(37): CodeIgniter\CodeIgniter->run()
#5 {main}
CRITICAL - 2023-03-07 10:34:03 --> Undefined offset: 0
#0 C:\laragon\www\mysau_template\app\Controllers\Presensi.php(74): CodeIgniter\Debug\Exceptions->errorHandler(8, 'Undefined offse...', 'C:\\laragon\\www\\...', 74, Array)
#1 C:\laragon\www\mysau_template\system\CodeIgniter.php(928): App\Controllers\Presensi->detail('\xE2\x80\x9Dhttps:', 'mysau_template....', 'js', 'jquery-3.6.0.mi...')
#2 C:\laragon\www\mysau_template\system\CodeIgniter.php(436): CodeIgniter\CodeIgniter->runController(Object(App\Controllers\Presensi))
#3 C:\laragon\www\mysau_template\system\CodeIgniter.php(336): CodeIgniter\CodeIgniter->handleRequest(NULL, Object(Config\Cache), false)
#4 C:\laragon\www\mysau_template\public\index.php(37): CodeIgniter\CodeIgniter->run()
#5 {main}
CRITICAL - 2023-03-07 10:34:03 --> Undefined offset: 0
#0 C:\laragon\www\mysau_template\app\Controllers\Presensi.php(74): CodeIgniter\Debug\Exceptions->errorHandler(8, 'Undefined offse...', 'C:\\laragon\\www\\...', 74, Array)
#1 C:\laragon\www\mysau_template\system\CodeIgniter.php(928): App\Controllers\Presensi->detail('\xE2\x80\x9Dhttps:', 'mysau_template....', 'js', 'sweetalert2.all...')
#2 C:\laragon\www\mysau_template\system\CodeIgniter.php(436): CodeIgniter\CodeIgniter->runController(Object(App\Controllers\Presensi))
#3 C:\laragon\www\mysau_template\system\CodeIgniter.php(336): CodeIgniter\CodeIgniter->handleRequest(NULL, Object(Config\Cache), false)
#4 C:\laragon\www\mysau_template\public\index.php(37): CodeIgniter\CodeIgniter->run()
#5 {main}
CRITICAL - 2023-03-07 10:34:11 --> Undefined offset: 0
#0 C:\laragon\www\mysau_template\app\Controllers\Presensi.php(74): CodeIgniter\Debug\Exceptions->errorHandler(8, 'Undefined offse...', 'C:\\laragon\\www\\...', 74, Array)
#1 C:\laragon\www\mysau_template\system\CodeIgniter.php(928): App\Controllers\Presensi->detail('\xE2\x80\x9Dhttps:', 'mysau_template....', 'js', 'sweetalert2.all...')
#2 C:\laragon\www\mysau_template\system\CodeIgniter.php(436): CodeIgniter\CodeIgniter->runController(Object(App\Controllers\Presensi))
#3 C:\laragon\www\mysau_template\system\CodeIgniter.php(336): CodeIgniter\CodeIgniter->handleRequest(NULL, Object(Config\Cache), false)
#4 C:\laragon\www\mysau_template\public\index.php(37): CodeIgniter\CodeIgniter->run()
#5 {main}
CRITICAL - 2023-03-07 10:34:11 --> Undefined offset: 0
#0 C:\laragon\www\mysau_template\app\Controllers\Presensi.php(74): CodeIgniter\Debug\Exceptions->errorHandler(8, 'Undefined offse...', 'C:\\laragon\\www\\...', 74, Array)
#1 C:\laragon\www\mysau_template\system\CodeIgniter.php(928): App\Controllers\Presensi->detail('\xE2\x80\x9Dhttps:', 'mysau_template....', 'js', 'jquery-3.6.0.mi...')
#2 C:\laragon\www\mysau_template\system\CodeIgniter.php(436): CodeIgniter\CodeIgniter->runController(Object(App\Controllers\Presensi))
#3 C:\laragon\www\mysau_template\system\CodeIgniter.php(336): CodeIgniter\CodeIgniter->handleRequest(NULL, Object(Config\Cache), false)
#4 C:\laragon\www\mysau_template\public\index.php(37): CodeIgniter\CodeIgniter->run()
#5 {main}
CRITICAL - 2023-03-07 10:34:23 --> Undefined offset: 0
#0 C:\laragon\www\mysau_template\app\Controllers\Presensi.php(74): CodeIgniter\Debug\Exceptions->errorHandler(8, 'Undefined offse...', 'C:\\laragon\\www\\...', 74, Array)
#1 C:\laragon\www\mysau_template\system\CodeIgniter.php(928): App\Controllers\Presensi->detail('\xE2\x80\x9Dhttps:', 'mysau_template....', 'js', 'sweetalert2.all...')
#2 C:\laragon\www\mysau_template\system\CodeIgniter.php(436): CodeIgniter\CodeIgniter->runController(Object(App\Controllers\Presensi))
#3 C:\laragon\www\mysau_template\system\CodeIgniter.php(336): CodeIgniter\CodeIgniter->handleRequest(NULL, Object(Config\Cache), false)
#4 C:\laragon\www\mysau_template\public\index.php(37): CodeIgniter\CodeIgniter->run()
#5 {main}
CRITICAL - 2023-03-07 10:34:23 --> Undefined offset: 0
#0 C:\laragon\www\mysau_template\app\Controllers\Presensi.php(74): CodeIgniter\Debug\Exceptions->errorHandler(8, 'Undefined offse...', 'C:\\laragon\\www\\...', 74, Array)
#1 C:\laragon\www\mysau_template\system\CodeIgniter.php(928): App\Controllers\Presensi->detail('\xE2\x80\x9Dhttps:', 'mysau_template....', 'js', 'jquery-3.6.0.mi...')
#2 C:\laragon\www\mysau_template\system\CodeIgniter.php(436): CodeIgniter\CodeIgniter->runController(Object(App\Controllers\Presensi))
#3 C:\laragon\www\mysau_template\system\CodeIgniter.php(336): CodeIgniter\CodeIgniter->handleRequest(NULL, Object(Config\Cache), false)
#4 C:\laragon\www\mysau_template\public\index.php(37): CodeIgniter\CodeIgniter->run()
#5 {main}
CRITICAL - 2023-03-07 10:34:25 --> Undefined offset: 0
#0 C:\laragon\www\mysau_template\app\Controllers\Presensi.php(74): CodeIgniter\Debug\Exceptions->errorHandler(8, 'Undefined offse...', 'C:\\laragon\\www\\...', 74, Array)
#1 C:\laragon\www\mysau_template\system\CodeIgniter.php(928): App\Controllers\Presensi->detail('\xE2\x80\x9Dhttps:', 'mysau_template....', 'js', 'sweetalert2.all...')
#2 C:\laragon\www\mysau_template\system\CodeIgniter.php(436): CodeIgniter\CodeIgniter->runController(Object(App\Controllers\Presensi))
#3 C:\laragon\www\mysau_template\system\CodeIgniter.php(336): CodeIgniter\CodeIgniter->handleRequest(NULL, Object(Config\Cache), false)
#4 C:\laragon\www\mysau_template\public\index.php(37): CodeIgniter\CodeIgniter->run()
#5 {main}
CRITICAL - 2023-03-07 10:34:25 --> Undefined offset: 0
#0 C:\laragon\www\mysau_template\app\Controllers\Presensi.php(74): CodeIgniter\Debug\Exceptions->errorHandler(8, 'Undefined offse...', 'C:\\laragon\\www\\...', 74, Array)
#1 C:\laragon\www\mysau_template\system\CodeIgniter.php(928): App\Controllers\Presensi->detail('\xE2\x80\x9Dhttps:', 'mysau_template....', 'js', 'jquery-3.6.0.mi...')
#2 C:\laragon\www\mysau_template\system\CodeIgniter.php(436): CodeIgniter\CodeIgniter->runController(Object(App\Controllers\Presensi))
#3 C:\laragon\www\mysau_template\system\CodeIgniter.php(336): CodeIgniter\CodeIgniter->handleRequest(NULL, Object(Config\Cache), false)
#4 C:\laragon\www\mysau_template\public\index.php(37): CodeIgniter\CodeIgniter->run()
#5 {main}
CRITICAL - 2023-03-07 10:34:35 --> Undefined offset: 0
#0 C:\laragon\www\mysau_template\app\Controllers\Presensi.php(74): CodeIgniter\Debug\Exceptions->errorHandler(8, 'Undefined offse...', 'C:\\laragon\\www\\...', 74, Array)
#1 C:\laragon\www\mysau_template\system\CodeIgniter.php(928): App\Controllers\Presensi->detail('\xE2\x80\x9Dhttps:', 'mysau_template....', 'js', 'sweetalert2.all...')
#2 C:\laragon\www\mysau_template\system\CodeIgniter.php(436): CodeIgniter\CodeIgniter->runController(Object(App\Controllers\Presensi))
#3 C:\laragon\www\mysau_template\system\CodeIgniter.php(336): CodeIgniter\CodeIgniter->handleRequest(NULL, Object(Config\Cache), false)
#4 C:\laragon\www\mysau_template\public\index.php(37): CodeIgniter\CodeIgniter->run()
#5 {main}
CRITICAL - 2023-03-07 10:34:35 --> Undefined offset: 0
#0 C:\laragon\www\mysau_template\app\Controllers\Presensi.php(74): CodeIgniter\Debug\Exceptions->errorHandler(8, 'Undefined offse...', 'C:\\laragon\\www\\...', 74, Array)
#1 C:\laragon\www\mysau_template\system\CodeIgniter.php(928): App\Controllers\Presensi->detail('\xE2\x80\x9Dhttps:', 'mysau_template....', 'js', 'jquery-3.6.0.mi...')
#2 C:\laragon\www\mysau_template\system\CodeIgniter.php(436): CodeIgniter\CodeIgniter->runController(Object(App\Controllers\Presensi))
#3 C:\laragon\www\mysau_template\system\CodeIgniter.php(336): CodeIgniter\CodeIgniter->handleRequest(NULL, Object(Config\Cache), false)
#4 C:\laragon\www\mysau_template\public\index.php(37): CodeIgniter\CodeIgniter->run()
#5 {main}
CRITICAL - 2023-03-07 10:35:37 --> Undefined offset: 0
#0 C:\laragon\www\mysau_template\app\Controllers\Presensi.php(74): CodeIgniter\Debug\Exceptions->errorHandler(8, 'Undefined offse...', 'C:\\laragon\\www\\...', 74, Array)
#1 C:\laragon\www\mysau_template\system\CodeIgniter.php(928): App\Controllers\Presensi->detail('\xE2\x80\x9Dhttps:', 'mysau_template....', 'js', 'sweetalert2.all...')
#2 C:\laragon\www\mysau_template\system\CodeIgniter.php(436): CodeIgniter\CodeIgniter->runController(Object(App\Controllers\Presensi))
#3 C:\laragon\www\mysau_template\system\CodeIgniter.php(336): CodeIgniter\CodeIgniter->handleRequest(NULL, Object(Config\Cache), false)
#4 C:\laragon\www\mysau_template\public\index.php(37): CodeIgniter\CodeIgniter->run()
#5 {main}
CRITICAL - 2023-03-07 10:35:37 --> Undefined offset: 0
#0 C:\laragon\www\mysau_template\app\Controllers\Presensi.php(74): CodeIgniter\Debug\Exceptions->errorHandler(8, 'Undefined offse...', 'C:\\laragon\\www\\...', 74, Array)
#1 C:\laragon\www\mysau_template\system\CodeIgniter.php(928): App\Controllers\Presensi->detail('\xE2\x80\x9Dhttps:', 'mysau_template....', 'js', 'jquery-3.6.0.mi...')
#2 C:\laragon\www\mysau_template\system\CodeIgniter.php(436): CodeIgniter\CodeIgniter->runController(Object(App\Controllers\Presensi))
#3 C:\laragon\www\mysau_template\system\CodeIgniter.php(336): CodeIgniter\CodeIgniter->handleRequest(NULL, Object(Config\Cache), false)
#4 C:\laragon\www\mysau_template\public\index.php(37): CodeIgniter\CodeIgniter->run()
#5 {main}
CRITICAL - 2023-03-07 10:36:04 --> Undefined offset: 0
#0 C:\laragon\www\mysau_template\app\Controllers\Presensi.php(74): CodeIgniter\Debug\Exceptions->errorHandler(8, 'Undefined offse...', 'C:\\laragon\\www\\...', 74, Array)
#1 C:\laragon\www\mysau_template\system\CodeIgniter.php(928): App\Controllers\Presensi->detail('\xE2\x80\x9Dhttps:', 'mysau_template....', 'js', 'sweetalert2.all...')
#2 C:\laragon\www\mysau_template\system\CodeIgniter.php(436): CodeIgniter\CodeIgniter->runController(Object(App\Controllers\Presensi))
#3 C:\laragon\www\mysau_template\system\CodeIgniter.php(336): CodeIgniter\CodeIgniter->handleRequest(NULL, Object(Config\Cache), false)
#4 C:\laragon\www\mysau_template\public\index.php(37): CodeIgniter\CodeIgniter->run()
#5 {main}
CRITICAL - 2023-03-07 10:36:05 --> Undefined offset: 0
#0 C:\laragon\www\mysau_template\app\Controllers\Presensi.php(74): CodeIgniter\Debug\Exceptions->errorHandler(8, 'Undefined offse...', 'C:\\laragon\\www\\...', 74, Array)
#1 C:\laragon\www\mysau_template\system\CodeIgniter.php(928): App\Controllers\Presensi->detail('\xE2\x80\x9Dhttps:', 'mysau_template....', 'js', 'jquery-3.6.0.mi...')
#2 C:\laragon\www\mysau_template\system\CodeIgniter.php(436): CodeIgniter\CodeIgniter->runController(Object(App\Controllers\Presensi))
#3 C:\laragon\www\mysau_template\system\CodeIgniter.php(336): CodeIgniter\CodeIgniter->handleRequest(NULL, Object(Config\Cache), false)
#4 C:\laragon\www\mysau_template\public\index.php(37): CodeIgniter\CodeIgniter->run()
#5 {main}
CRITICAL - 2023-03-07 10:37:13 --> Undefined offset: 0
#0 C:\laragon\www\mysau_template\app\Controllers\Presensi.php(74): CodeIgniter\Debug\Exceptions->errorHandler(8, 'Undefined offse...', 'C:\\laragon\\www\\...', 74, Array)
#1 C:\laragon\www\mysau_template\system\CodeIgniter.php(928): App\Controllers\Presensi->detail('\xE2\x80\x9Dhttps:', 'mysau_template....', 'js', 'sweetalert2.all...')
#2 C:\laragon\www\mysau_template\system\CodeIgniter.php(436): CodeIgniter\CodeIgniter->runController(Object(App\Controllers\Presensi))
#3 C:\laragon\www\mysau_template\system\CodeIgniter.php(336): CodeIgniter\CodeIgniter->handleRequest(NULL, Object(Config\Cache), false)
#4 C:\laragon\www\mysau_template\public\index.php(37): CodeIgniter\CodeIgniter->run()
#5 {main}
CRITICAL - 2023-03-07 10:37:14 --> Undefined offset: 0
#0 C:\laragon\www\mysau_template\app\Controllers\Presensi.php(74): CodeIgniter\Debug\Exceptions->errorHandler(8, 'Undefined offse...', 'C:\\laragon\\www\\...', 74, Array)
#1 C:\laragon\www\mysau_template\system\CodeIgniter.php(928): App\Controllers\Presensi->detail('\xE2\x80\x9Dhttps:', 'mysau_template....', 'js', 'jquery-3.6.0.mi...')
#2 C:\laragon\www\mysau_template\system\CodeIgniter.php(436): CodeIgniter\CodeIgniter->runController(Object(App\Controllers\Presensi))
#3 C:\laragon\www\mysau_template\system\CodeIgniter.php(336): CodeIgniter\CodeIgniter->handleRequest(NULL, Object(Config\Cache), false)
#4 C:\laragon\www\mysau_template\public\index.php(37): CodeIgniter\CodeIgniter->run()
#5 {main}
CRITICAL - 2023-03-07 10:42:19 --> Undefined offset: 0
#0 C:\laragon\www\mysau_template\app\Controllers\Presensi.php(74): CodeIgniter\Debug\Exceptions->errorHandler(8, 'Undefined offse...', 'C:\\laragon\\www\\...', 74, Array)
#1 C:\laragon\www\mysau_template\system\CodeIgniter.php(928): App\Controllers\Presensi->detail('\xE2\x80\x9Dhttps:', 'mysau_template....', 'js', 'sweetalert2.all...')
#2 C:\laragon\www\mysau_template\system\CodeIgniter.php(436): CodeIgniter\CodeIgniter->runController(Object(App\Controllers\Presensi))
#3 C:\laragon\www\mysau_template\system\CodeIgniter.php(336): CodeIgniter\CodeIgniter->handleRequest(NULL, Object(Config\Cache), false)
#4 C:\laragon\www\mysau_template\public\index.php(37): CodeIgniter\CodeIgniter->run()
#5 {main}
CRITICAL - 2023-03-07 10:42:19 --> Undefined offset: 0
#0 C:\laragon\www\mysau_template\app\Controllers\Presensi.php(74): CodeIgniter\Debug\Exceptions->errorHandler(8, 'Undefined offse...', 'C:\\laragon\\www\\...', 74, Array)
#1 C:\laragon\www\mysau_template\system\CodeIgniter.php(928): App\Controllers\Presensi->detail('\xE2\x80\x9Dhttps:', 'mysau_template....', 'js', 'jquery-3.6.0.mi...')
#2 C:\laragon\www\mysau_template\system\CodeIgniter.php(436): CodeIgniter\CodeIgniter->runController(Object(App\Controllers\Presensi))
#3 C:\laragon\www\mysau_template\system\CodeIgniter.php(336): CodeIgniter\CodeIgniter->handleRequest(NULL, Object(Config\Cache), false)
#4 C:\laragon\www\mysau_template\public\index.php(37): CodeIgniter\CodeIgniter->run()
#5 {main}
CRITICAL - 2023-03-07 11:07:23 --> syntax error, unexpected ''status'' (T_CONSTANT_ENCAPSED_STRING), expecting ']'
#0 C:\laragon\www\mysau_template\system\Router\Router.php(169): CodeIgniter\Router\Router->autoRoute('Presensi/detail...')
#1 C:\laragon\www\mysau_template\system\CodeIgniter.php(809): CodeIgniter\Router\Router->handle('Presensi/detail...')
#2 C:\laragon\www\mysau_template\system\CodeIgniter.php(389): CodeIgniter\CodeIgniter->tryToRouteIt(Object(CodeIgniter\Router\RouteCollection))
#3 C:\laragon\www\mysau_template\system\CodeIgniter.php(336): CodeIgniter\CodeIgniter->handleRequest(NULL, Object(Config\Cache), false)
#4 C:\laragon\www\mysau_template\public\index.php(37): CodeIgniter\CodeIgniter->run()
#5 {main}
