CRITICAL - 2023-03-04 15:38:50 --> Call to undefined method App\Controllers\Presensi::RequestFormModel()
#0 C:\laragon\www\mysau_template\system\CodeIgniter.php(928): App\Controllers\Presensi->edit()
#1 C:\laragon\www\mysau_template\system\CodeIgniter.php(436): CodeIgniter\CodeIgniter->runController(Object(App\Controllers\Presensi))
#2 C:\laragon\www\mysau_template\system\CodeIgniter.php(336): CodeIgniter\CodeIgniter->handleRequest(NULL, Object(Config\Cache), false)
#3 C:\laragon\www\mysau_template\public\index.php(37): CodeIgniter\CodeIgniter->run()
#4 {main}
CRITICAL - 2023-03-04 15:39:30 --> syntax error, unexpected '(', expecting identifier (T_STRING) or variable (T_VARIABLE) or '{' or '$'
#0 C:\laragon\www\mysau_template\system\Router\Router.php(169): CodeIgniter\Router\Router->autoRoute('presensi/edit')
#1 C:\laragon\www\mysau_template\system\CodeIgniter.php(809): CodeIgniter\Router\Router->handle('presensi/edit')
#2 C:\laragon\www\mysau_template\system\CodeIgniter.php(389): CodeIgniter\CodeIgniter->tryToRouteIt(Object(CodeIgniter\Router\RouteCollection))
#3 C:\laragon\www\mysau_template\system\CodeIgniter.php(336): CodeIgniter\CodeIgniter->handleRequest(NULL, Object(Config\Cache), false)
#4 C:\laragon\www\mysau_template\public\index.php(37): CodeIgniter\CodeIgniter->run()
#5 {main}
CRITICAL - 2023-03-04 16:57:03 --> Undefined variable: detail
#0 C:\laragon\www\mysau_template\app\Views\update_form.php(28): CodeIgniter\Debug\Exceptions->errorHandler(8, 'Undefined varia...', 'C:\\laragon\\www\\...', 28, Array)
#1 C:\laragon\www\mysau_template\system\View\View.php(230): include('C:\\laragon\\www\\...')
#2 C:\laragon\www\mysau_template\system\View\View.php(232): CodeIgniter\View\View->CodeIgniter\View\{closure}()
#3 C:\laragon\www\mysau_template\system\Common.php(1271): CodeIgniter\View\View->render('update_form', Array, true)
#4 C:\laragon\www\mysau_template\app\Controllers\Pengajuan.php(14): view('update_form')
#5 C:\laragon\www\mysau_template\system\CodeIgniter.php(928): App\Controllers\Pengajuan->updateform()
#6 C:\laragon\www\mysau_template\system\CodeIgniter.php(436): CodeIgniter\CodeIgniter->runController(Object(App\Controllers\Pengajuan))
#7 C:\laragon\www\mysau_template\system\CodeIgniter.php(336): CodeIgniter\CodeIgniter->handleRequest(NULL, Object(Config\Cache), false)
#8 C:\laragon\www\mysau_template\public\index.php(37): CodeIgniter\CodeIgniter->run()
#9 {main}
CRITICAL - 2023-03-04 16:57:08 --> Undefined variable: detail
#0 C:\laragon\www\mysau_template\app\Views\update_form.php(28): CodeIgniter\Debug\Exceptions->errorHandler(8, 'Undefined varia...', 'C:\\laragon\\www\\...', 28, Array)
#1 C:\laragon\www\mysau_template\system\View\View.php(230): include('C:\\laragon\\www\\...')
#2 C:\laragon\www\mysau_template\system\View\View.php(232): CodeIgniter\View\View->CodeIgniter\View\{closure}()
#3 C:\laragon\www\mysau_template\system\Common.php(1271): CodeIgniter\View\View->render('update_form', Array, true)
#4 C:\laragon\www\mysau_template\app\Controllers\Pengajuan.php(14): view('update_form')
#5 C:\laragon\www\mysau_template\system\CodeIgniter.php(928): App\Controllers\Pengajuan->updateform()
#6 C:\laragon\www\mysau_template\system\CodeIgniter.php(436): CodeIgniter\CodeIgniter->runController(Object(App\Controllers\Pengajuan))
#7 C:\laragon\www\mysau_template\system\CodeIgniter.php(336): CodeIgniter\CodeIgniter->handleRequest(NULL, Object(Config\Cache), false)
#8 C:\laragon\www\mysau_template\public\index.php(37): CodeIgniter\CodeIgniter->run()
#9 {main}
CRITICAL - 2023-03-04 17:15:00 --> Call to undefined method App\Models\RequestFormModel::get_user
#0 C:\laragon\www\mysau_template\app\Controllers\Presensi.php(85): CodeIgniter\Model->__call('get_user', Array)
#1 C:\laragon\www\mysau_template\system\CodeIgniter.php(928): App\Controllers\Presensi->edit()
#2 C:\laragon\www\mysau_template\system\CodeIgniter.php(436): CodeIgniter\CodeIgniter->runController(Object(App\Controllers\Presensi))
#3 C:\laragon\www\mysau_template\system\CodeIgniter.php(336): CodeIgniter\CodeIgniter->handleRequest(NULL, Object(Config\Cache), false)
#4 C:\laragon\www\mysau_template\public\index.php(37): CodeIgniter\CodeIgniter->run()
#5 {main}
CRITICAL - 2023-03-04 17:15:08 --> Undefined variable: data
#0 C:\laragon\www\mysau_template\app\Controllers\Presensi.php(85): CodeIgniter\Debug\Exceptions->errorHandler(8, 'Undefined varia...', 'C:\\laragon\\www\\...', 85, Array)
#1 C:\laragon\www\mysau_template\system\CodeIgniter.php(928): App\Controllers\Presensi->edit()
#2 C:\laragon\www\mysau_template\system\CodeIgniter.php(436): CodeIgniter\CodeIgniter->runController(Object(App\Controllers\Presensi))
#3 C:\laragon\www\mysau_template\system\CodeIgniter.php(336): CodeIgniter\CodeIgniter->handleRequest(NULL, Object(Config\Cache), false)
#4 C:\laragon\www\mysau_template\public\index.php(37): CodeIgniter\CodeIgniter->run()
#5 {main}
CRITICAL - 2023-03-04 17:15:21 --> Undefined variable: detail
#0 C:\laragon\www\mysau_template\app\Views\detail.php(20): CodeIgniter\Debug\Exceptions->errorHandler(8, 'Undefined varia...', 'C:\\laragon\\www\\...', 20, Array)
#1 C:\laragon\www\mysau_template\system\View\View.php(230): include('C:\\laragon\\www\\...')
#2 C:\laragon\www\mysau_template\system\View\View.php(232): CodeIgniter\View\View->CodeIgniter\View\{closure}()
#3 C:\laragon\www\mysau_template\system\Common.php(1271): CodeIgniter\View\View->render('detail', Array, true)
#4 C:\laragon\www\mysau_template\app\Controllers\Presensi.php(85): view('detail')
#5 C:\laragon\www\mysau_template\system\CodeIgniter.php(928): App\Controllers\Presensi->edit()
#6 C:\laragon\www\mysau_template\system\CodeIgniter.php(436): CodeIgniter\CodeIgniter->runController(Object(App\Controllers\Presensi))
#7 C:\laragon\www\mysau_template\system\CodeIgniter.php(336): CodeIgniter\CodeIgniter->handleRequest(NULL, Object(Config\Cache), false)
#8 C:\laragon\www\mysau_template\public\index.php(37): CodeIgniter\CodeIgniter->run()
#9 {main}
CRITICAL - 2023-03-04 17:15:50 --> Undefined variable: detail
#0 C:\laragon\www\mysau_template\app\Views\detail.php(20): CodeIgniter\Debug\Exceptions->errorHandler(8, 'Undefined varia...', 'C:\\laragon\\www\\...', 20, Array)
#1 C:\laragon\www\mysau_template\system\View\View.php(230): include('C:\\laragon\\www\\...')
#2 C:\laragon\www\mysau_template\system\View\View.php(232): CodeIgniter\View\View->CodeIgniter\View\{closure}()
#3 C:\laragon\www\mysau_template\system\Common.php(1271): CodeIgniter\View\View->render('detail', Array, true)
#4 C:\laragon\www\mysau_template\app\Controllers\Presensi.php(85): view('detail')
#5 C:\laragon\www\mysau_template\system\CodeIgniter.php(928): App\Controllers\Presensi->edit()
#6 C:\laragon\www\mysau_template\system\CodeIgniter.php(436): CodeIgniter\CodeIgniter->runController(Object(App\Controllers\Presensi))
#7 C:\laragon\www\mysau_template\system\CodeIgniter.php(336): CodeIgniter\CodeIgniter->handleRequest(NULL, Object(Config\Cache), false)
#8 C:\laragon\www\mysau_template\public\index.php(37): CodeIgniter\CodeIgniter->run()
#9 {main}
CRITICAL - 2023-03-04 17:15:52 --> Undefined variable: detail
#0 C:\laragon\www\mysau_template\app\Views\detail.php(20): CodeIgniter\Debug\Exceptions->errorHandler(8, 'Undefined varia...', 'C:\\laragon\\www\\...', 20, Array)
#1 C:\laragon\www\mysau_template\system\View\View.php(230): include('C:\\laragon\\www\\...')
#2 C:\laragon\www\mysau_template\system\View\View.php(232): CodeIgniter\View\View->CodeIgniter\View\{closure}()
#3 C:\laragon\www\mysau_template\system\Common.php(1271): CodeIgniter\View\View->render('detail', Array, true)
#4 C:\laragon\www\mysau_template\app\Controllers\Presensi.php(85): view('detail')
#5 C:\laragon\www\mysau_template\system\CodeIgniter.php(928): App\Controllers\Presensi->edit()
#6 C:\laragon\www\mysau_template\system\CodeIgniter.php(436): CodeIgniter\CodeIgniter->runController(Object(App\Controllers\Presensi))
#7 C:\laragon\www\mysau_template\system\CodeIgniter.php(336): CodeIgniter\CodeIgniter->handleRequest(NULL, Object(Config\Cache), false)
#8 C:\laragon\www\mysau_template\public\index.php(37): CodeIgniter\CodeIgniter->run()
#9 {main}
CRITICAL - 2023-03-04 17:15:52 --> Undefined variable: detail
#0 C:\laragon\www\mysau_template\app\Views\detail.php(20): CodeIgniter\Debug\Exceptions->errorHandler(8, 'Undefined varia...', 'C:\\laragon\\www\\...', 20, Array)
#1 C:\laragon\www\mysau_template\system\View\View.php(230): include('C:\\laragon\\www\\...')
#2 C:\laragon\www\mysau_template\system\View\View.php(232): CodeIgniter\View\View->CodeIgniter\View\{closure}()
#3 C:\laragon\www\mysau_template\system\Common.php(1271): CodeIgniter\View\View->render('detail', Array, true)
#4 C:\laragon\www\mysau_template\app\Controllers\Presensi.php(85): view('detail')
#5 C:\laragon\www\mysau_template\system\CodeIgniter.php(928): App\Controllers\Presensi->edit()
#6 C:\laragon\www\mysau_template\system\CodeIgniter.php(436): CodeIgniter\CodeIgniter->runController(Object(App\Controllers\Presensi))
#7 C:\laragon\www\mysau_template\system\CodeIgniter.php(336): CodeIgniter\CodeIgniter->handleRequest(NULL, Object(Config\Cache), false)
#8 C:\laragon\www\mysau_template\public\index.php(37): CodeIgniter\CodeIgniter->run()
#9 {main}
CRITICAL - 2023-03-04 17:15:57 --> Undefined variable: detail
#0 C:\laragon\www\mysau_template\app\Views\detail.php(20): CodeIgniter\Debug\Exceptions->errorHandler(8, 'Undefined varia...', 'C:\\laragon\\www\\...', 20, Array)
#1 C:\laragon\www\mysau_template\system\View\View.php(230): include('C:\\laragon\\www\\...')
#2 C:\laragon\www\mysau_template\system\View\View.php(232): CodeIgniter\View\View->CodeIgniter\View\{closure}()
#3 C:\laragon\www\mysau_template\system\Common.php(1271): CodeIgniter\View\View->render('detail', Array, true)
#4 C:\laragon\www\mysau_template\app\Controllers\Presensi.php(85): view('detail')
#5 C:\laragon\www\mysau_template\system\CodeIgniter.php(928): App\Controllers\Presensi->edit()
#6 C:\laragon\www\mysau_template\system\CodeIgniter.php(436): CodeIgniter\CodeIgniter->runController(Object(App\Controllers\Presensi))
#7 C:\laragon\www\mysau_template\system\CodeIgniter.php(336): CodeIgniter\CodeIgniter->handleRequest(NULL, Object(Config\Cache), false)
#8 C:\laragon\www\mysau_template\public\index.php(37): CodeIgniter\CodeIgniter->run()
#9 {main}
CRITICAL - 2023-03-04 17:16:00 --> Undefined variable: detail
#0 C:\laragon\www\mysau_template\app\Views\detail.php(20): CodeIgniter\Debug\Exceptions->errorHandler(8, 'Undefined varia...', 'C:\\laragon\\www\\...', 20, Array)
#1 C:\laragon\www\mysau_template\system\View\View.php(230): include('C:\\laragon\\www\\...')
#2 C:\laragon\www\mysau_template\system\View\View.php(232): CodeIgniter\View\View->CodeIgniter\View\{closure}()
#3 C:\laragon\www\mysau_template\system\Common.php(1271): CodeIgniter\View\View->render('detail', Array, true)
#4 C:\laragon\www\mysau_template\app\Controllers\Presensi.php(85): view('detail')
#5 C:\laragon\www\mysau_template\system\CodeIgniter.php(928): App\Controllers\Presensi->edit()
#6 C:\laragon\www\mysau_template\system\CodeIgniter.php(436): CodeIgniter\CodeIgniter->runController(Object(App\Controllers\Presensi))
#7 C:\laragon\www\mysau_template\system\CodeIgniter.php(336): CodeIgniter\CodeIgniter->handleRequest(NULL, Object(Config\Cache), false)
#8 C:\laragon\www\mysau_template\public\index.php(37): CodeIgniter\CodeIgniter->run()
#9 {main}
CRITICAL - 2023-03-04 17:29:46 --> Undefined variable: presensi
#0 C:\laragon\www\mysau_template\app\Views\detail.php(82): CodeIgniter\Debug\Exceptions->errorHandler(8, 'Undefined varia...', 'C:\\laragon\\www\\...', 82, Array)
#1 C:\laragon\www\mysau_template\system\View\View.php(230): include('C:\\laragon\\www\\...')
#2 C:\laragon\www\mysau_template\system\View\View.php(232): CodeIgniter\View\View->CodeIgniter\View\{closure}()
#3 C:\laragon\www\mysau_template\system\Common.php(1271): CodeIgniter\View\View->render('detail', Array, true)
#4 C:\laragon\www\mysau_template\app\Controllers\Presensi.php(79): view('detail', Array)
#5 C:\laragon\www\mysau_template\system\CodeIgniter.php(928): App\Controllers\Presensi->detail('https://mysau_t...')
#6 C:\laragon\www\mysau_template\system\CodeIgniter.php(436): CodeIgniter\CodeIgniter->runController(Object(App\Controllers\Presensi))
#7 C:\laragon\www\mysau_template\system\CodeIgniter.php(336): CodeIgniter\CodeIgniter->handleRequest(NULL, Object(Config\Cache), false)
#8 C:\laragon\www\mysau_template\public\index.php(37): CodeIgniter\CodeIgniter->run()
#9 {main}
CRITICAL - 2023-03-04 17:30:06 --> Undefined variable: presensi
#0 C:\laragon\www\mysau_template\app\Views\detail.php(82): CodeIgniter\Debug\Exceptions->errorHandler(8, 'Undefined varia...', 'C:\\laragon\\www\\...', 82, Array)
#1 C:\laragon\www\mysau_template\system\View\View.php(230): include('C:\\laragon\\www\\...')
#2 C:\laragon\www\mysau_template\system\View\View.php(232): CodeIgniter\View\View->CodeIgniter\View\{closure}()
#3 C:\laragon\www\mysau_template\system\Common.php(1271): CodeIgniter\View\View->render('detail', Array, true)
#4 C:\laragon\www\mysau_template\app\Controllers\Presensi.php(79): view('detail', Array)
#5 C:\laragon\www\mysau_template\system\CodeIgniter.php(928): App\Controllers\Presensi->detail('https://mysau_t...')
#6 C:\laragon\www\mysau_template\system\CodeIgniter.php(436): CodeIgniter\CodeIgniter->runController(Object(App\Controllers\Presensi))
#7 C:\laragon\www\mysau_template\system\CodeIgniter.php(336): CodeIgniter\CodeIgniter->handleRequest(NULL, Object(Config\Cache), false)
#8 C:\laragon\www\mysau_template\public\index.php(37): CodeIgniter\CodeIgniter->run()
#9 {main}
CRITICAL - 2023-03-04 17:33:17 --> Too few arguments to function App\Controllers\Presensi::edit(), 0 passed in C:\laragon\www\mysau_template\system\CodeIgniter.php on line 928 and exactly 1 expected
#0 C:\laragon\www\mysau_template\system\CodeIgniter.php(928): App\Controllers\Presensi->edit()
#1 C:\laragon\www\mysau_template\system\CodeIgniter.php(436): CodeIgniter\CodeIgniter->runController(Object(App\Controllers\Presensi))
#2 C:\laragon\www\mysau_template\system\CodeIgniter.php(336): CodeIgniter\CodeIgniter->handleRequest(NULL, Object(Config\Cache), false)
#3 C:\laragon\www\mysau_template\public\index.php(37): CodeIgniter\CodeIgniter->run()
#4 {main}
CRITICAL - 2023-03-04 17:34:41 --> Too few arguments to function App\Controllers\Presensi::edit(), 0 passed in C:\laragon\www\mysau_template\system\CodeIgniter.php on line 928 and exactly 1 expected
#0 C:\laragon\www\mysau_template\system\CodeIgniter.php(928): App\Controllers\Presensi->edit()
#1 C:\laragon\www\mysau_template\system\CodeIgniter.php(436): CodeIgniter\CodeIgniter->runController(Object(App\Controllers\Presensi))
#2 C:\laragon\www\mysau_template\system\CodeIgniter.php(336): CodeIgniter\CodeIgniter->handleRequest(NULL, Object(Config\Cache), false)
#3 C:\laragon\www\mysau_template\public\index.php(37): CodeIgniter\CodeIgniter->run()
#4 {main}
CRITICAL - 2023-03-04 17:34:42 --> syntax error, unexpected '"', expecting ';' or ','
#0 C:\laragon\www\mysau_template\system\View\View.php(232): CodeIgniter\View\View->CodeIgniter\View\{closure}()
#1 C:\laragon\www\mysau_template\system\Common.php(1271): CodeIgniter\View\View->render('detail', Array, true)
#2 C:\laragon\www\mysau_template\app\Controllers\Presensi.php(79): view('detail', Array)
#3 C:\laragon\www\mysau_template\system\CodeIgniter.php(928): App\Controllers\Presensi->detail('https://mysau_t...')
#4 C:\laragon\www\mysau_template\system\CodeIgniter.php(436): CodeIgniter\CodeIgniter->runController(Object(App\Controllers\Presensi))
#5 C:\laragon\www\mysau_template\system\CodeIgniter.php(336): CodeIgniter\CodeIgniter->handleRequest(NULL, Object(Config\Cache), false)
#6 C:\laragon\www\mysau_template\public\index.php(37): CodeIgniter\CodeIgniter->run()
#7 {main}
CRITICAL - 2023-03-04 17:34:46 --> syntax error, unexpected '"', expecting ';' or ','
#0 C:\laragon\www\mysau_template\system\View\View.php(232): CodeIgniter\View\View->CodeIgniter\View\{closure}()
#1 C:\laragon\www\mysau_template\system\Common.php(1271): CodeIgniter\View\View->render('detail', Array, true)
#2 C:\laragon\www\mysau_template\app\Controllers\Presensi.php(79): view('detail', Array)
#3 C:\laragon\www\mysau_template\system\CodeIgniter.php(928): App\Controllers\Presensi->detail('https://mysau_t...')
#4 C:\laragon\www\mysau_template\system\CodeIgniter.php(436): CodeIgniter\CodeIgniter->runController(Object(App\Controllers\Presensi))
#5 C:\laragon\www\mysau_template\system\CodeIgniter.php(336): CodeIgniter\CodeIgniter->handleRequest(NULL, Object(Config\Cache), false)
#6 C:\laragon\www\mysau_template\public\index.php(37): CodeIgniter\CodeIgniter->run()
#7 {main}
CRITICAL - 2023-03-04 17:36:27 --> Too few arguments to function App\Controllers\Presensi::edit(), 0 passed in C:\laragon\www\mysau_template\system\CodeIgniter.php on line 928 and exactly 1 expected
#0 C:\laragon\www\mysau_template\system\CodeIgniter.php(928): App\Controllers\Presensi->edit()
#1 C:\laragon\www\mysau_template\system\CodeIgniter.php(436): CodeIgniter\CodeIgniter->runController(Object(App\Controllers\Presensi))
#2 C:\laragon\www\mysau_template\system\CodeIgniter.php(336): CodeIgniter\CodeIgniter->handleRequest(NULL, Object(Config\Cache), false)
#3 C:\laragon\www\mysau_template\public\index.php(37): CodeIgniter\CodeIgniter->run()
#4 {main}
CRITICAL - 2023-03-04 17:36:37 --> Undefined variable: session
#0 C:\laragon\www\mysau_template\app\Controllers\Presensi.php(86): CodeIgniter\Debug\Exceptions->errorHandler(8, 'Undefined varia...', 'C:\\laragon\\www\\...', 86, Array)
#1 C:\laragon\www\mysau_template\system\CodeIgniter.php(928): App\Controllers\Presensi->edit()
#2 C:\laragon\www\mysau_template\system\CodeIgniter.php(436): CodeIgniter\CodeIgniter->runController(Object(App\Controllers\Presensi))
#3 C:\laragon\www\mysau_template\system\CodeIgniter.php(336): CodeIgniter\CodeIgniter->handleRequest(NULL, Object(Config\Cache), false)
#4 C:\laragon\www\mysau_template\public\index.php(37): CodeIgniter\CodeIgniter->run()
#5 {main}
CRITICAL - 2023-03-04 17:36:44 --> Undefined variable: newName
#0 C:\laragon\www\mysau_template\app\Controllers\Presensi.php(89): CodeIgniter\Debug\Exceptions->errorHandler(8, 'Undefined varia...', 'C:\\laragon\\www\\...', 89, Array)
#1 C:\laragon\www\mysau_template\system\CodeIgniter.php(928): App\Controllers\Presensi->edit()
#2 C:\laragon\www\mysau_template\system\CodeIgniter.php(436): CodeIgniter\CodeIgniter->runController(Object(App\Controllers\Presensi))
#3 C:\laragon\www\mysau_template\system\CodeIgniter.php(336): CodeIgniter\CodeIgniter->handleRequest(NULL, Object(Config\Cache), false)
#4 C:\laragon\www\mysau_template\public\index.php(37): CodeIgniter\CodeIgniter->run()
#5 {main}
CRITICAL - 2023-03-04 17:36:56 --> Undefined variable: newName
#0 C:\laragon\www\mysau_template\app\Controllers\Presensi.php(90): CodeIgniter\Debug\Exceptions->errorHandler(8, 'Undefined varia...', 'C:\\laragon\\www\\...', 90, Array)
#1 C:\laragon\www\mysau_template\system\CodeIgniter.php(928): App\Controllers\Presensi->edit()
#2 C:\laragon\www\mysau_template\system\CodeIgniter.php(436): CodeIgniter\CodeIgniter->runController(Object(App\Controllers\Presensi))
#3 C:\laragon\www\mysau_template\system\CodeIgniter.php(336): CodeIgniter\CodeIgniter->handleRequest(NULL, Object(Config\Cache), false)
#4 C:\laragon\www\mysau_template\public\index.php(37): CodeIgniter\CodeIgniter->run()
#5 {main}
CRITICAL - 2023-03-04 17:37:08 --> Too few arguments to function App\Controllers\Presensi::edit(), 0 passed in C:\laragon\www\mysau_template\system\CodeIgniter.php on line 928 and exactly 1 expected
#0 C:\laragon\www\mysau_template\system\CodeIgniter.php(928): App\Controllers\Presensi->edit()
#1 C:\laragon\www\mysau_template\system\CodeIgniter.php(436): CodeIgniter\CodeIgniter->runController(Object(App\Controllers\Presensi))
#2 C:\laragon\www\mysau_template\system\CodeIgniter.php(336): CodeIgniter\CodeIgniter->handleRequest(NULL, Object(Config\Cache), false)
#3 C:\laragon\www\mysau_template\public\index.php(37): CodeIgniter\CodeIgniter->run()
#4 {main}
CRITICAL - 2023-03-04 17:37:13 --> Too few arguments to function App\Controllers\Presensi::detail(), 0 passed in C:\laragon\www\mysau_template\system\CodeIgniter.php on line 928 and exactly 1 expected
#0 C:\laragon\www\mysau_template\system\CodeIgniter.php(928): App\Controllers\Presensi->detail()
#1 C:\laragon\www\mysau_template\system\CodeIgniter.php(436): CodeIgniter\CodeIgniter->runController(Object(App\Controllers\Presensi))
#2 C:\laragon\www\mysau_template\system\CodeIgniter.php(336): CodeIgniter\CodeIgniter->handleRequest(NULL, Object(Config\Cache), false)
#3 C:\laragon\www\mysau_template\public\index.php(37): CodeIgniter\CodeIgniter->run()
#4 {main}
CRITICAL - 2023-03-04 17:38:23 --> Too few arguments to function App\Controllers\Presensi::detail(), 0 passed in C:\laragon\www\mysau_template\system\CodeIgniter.php on line 928 and exactly 1 expected
#0 C:\laragon\www\mysau_template\system\CodeIgniter.php(928): App\Controllers\Presensi->detail()
#1 C:\laragon\www\mysau_template\system\CodeIgniter.php(436): CodeIgniter\CodeIgniter->runController(Object(App\Controllers\Presensi))
#2 C:\laragon\www\mysau_template\system\CodeIgniter.php(336): CodeIgniter\CodeIgniter->handleRequest(NULL, Object(Config\Cache), false)
#3 C:\laragon\www\mysau_template\public\index.php(37): CodeIgniter\CodeIgniter->run()
#4 {main}
CRITICAL - 2023-03-04 17:38:25 --> Too few arguments to function App\Controllers\Presensi::detail(), 0 passed in C:\laragon\www\mysau_template\system\CodeIgniter.php on line 928 and exactly 1 expected
#0 C:\laragon\www\mysau_template\system\CodeIgniter.php(928): App\Controllers\Presensi->detail()
#1 C:\laragon\www\mysau_template\system\CodeIgniter.php(436): CodeIgniter\CodeIgniter->runController(Object(App\Controllers\Presensi))
#2 C:\laragon\www\mysau_template\system\CodeIgniter.php(336): CodeIgniter\CodeIgniter->handleRequest(NULL, Object(Config\Cache), false)
#3 C:\laragon\www\mysau_template\public\index.php(37): CodeIgniter\CodeIgniter->run()
#4 {main}
CRITICAL - 2023-03-04 17:38:26 --> Too few arguments to function App\Controllers\Presensi::detail(), 0 passed in C:\laragon\www\mysau_template\system\CodeIgniter.php on line 928 and exactly 1 expected
#0 C:\laragon\www\mysau_template\system\CodeIgniter.php(928): App\Controllers\Presensi->detail()
#1 C:\laragon\www\mysau_template\system\CodeIgniter.php(436): CodeIgniter\CodeIgniter->runController(Object(App\Controllers\Presensi))
#2 C:\laragon\www\mysau_template\system\CodeIgniter.php(336): CodeIgniter\CodeIgniter->handleRequest(NULL, Object(Config\Cache), false)
#3 C:\laragon\www\mysau_template\public\index.php(37): CodeIgniter\CodeIgniter->run()
#4 {main}
CRITICAL - 2023-03-04 17:38:27 --> Too few arguments to function App\Controllers\Presensi::detail(), 0 passed in C:\laragon\www\mysau_template\system\CodeIgniter.php on line 928 and exactly 1 expected
#0 C:\laragon\www\mysau_template\system\CodeIgniter.php(928): App\Controllers\Presensi->detail()
#1 C:\laragon\www\mysau_template\system\CodeIgniter.php(436): CodeIgniter\CodeIgniter->runController(Object(App\Controllers\Presensi))
#2 C:\laragon\www\mysau_template\system\CodeIgniter.php(336): CodeIgniter\CodeIgniter->handleRequest(NULL, Object(Config\Cache), false)
#3 C:\laragon\www\mysau_template\public\index.php(37): CodeIgniter\CodeIgniter->run()
#4 {main}
CRITICAL - 2023-03-04 17:38:48 --> Too few arguments to function App\Controllers\Presensi::edit(), 0 passed in C:\laragon\www\mysau_template\system\CodeIgniter.php on line 928 and exactly 1 expected
#0 C:\laragon\www\mysau_template\system\CodeIgniter.php(928): App\Controllers\Presensi->edit()
#1 C:\laragon\www\mysau_template\system\CodeIgniter.php(436): CodeIgniter\CodeIgniter->runController(Object(App\Controllers\Presensi))
#2 C:\laragon\www\mysau_template\system\CodeIgniter.php(336): CodeIgniter\CodeIgniter->handleRequest(NULL, Object(Config\Cache), false)
#3 C:\laragon\www\mysau_template\public\index.php(37): CodeIgniter\CodeIgniter->run()
#4 {main}
CRITICAL - 2023-03-04 17:38:57 --> Too few arguments to function App\Controllers\Presensi::edit(), 0 passed in C:\laragon\www\mysau_template\system\CodeIgniter.php on line 928 and exactly 1 expected
#0 C:\laragon\www\mysau_template\system\CodeIgniter.php(928): App\Controllers\Presensi->edit()
#1 C:\laragon\www\mysau_template\system\CodeIgniter.php(436): CodeIgniter\CodeIgniter->runController(Object(App\Controllers\Presensi))
#2 C:\laragon\www\mysau_template\system\CodeIgniter.php(336): CodeIgniter\CodeIgniter->handleRequest(NULL, Object(Config\Cache), false)
#3 C:\laragon\www\mysau_template\public\index.php(37): CodeIgniter\CodeIgniter->run()
#4 {main}
CRITICAL - 2023-03-04 17:39:09 --> Undefined variable: session
#0 C:\laragon\www\mysau_template\app\Controllers\Presensi.php(86): CodeIgniter\Debug\Exceptions->errorHandler(8, 'Undefined varia...', 'C:\\laragon\\www\\...', 86, Array)
#1 C:\laragon\www\mysau_template\system\CodeIgniter.php(928): App\Controllers\Presensi->edit()
#2 C:\laragon\www\mysau_template\system\CodeIgniter.php(436): CodeIgniter\CodeIgniter->runController(Object(App\Controllers\Presensi))
#3 C:\laragon\www\mysau_template\system\CodeIgniter.php(336): CodeIgniter\CodeIgniter->handleRequest(NULL, Object(Config\Cache), false)
#4 C:\laragon\www\mysau_template\public\index.php(37): CodeIgniter\CodeIgniter->run()
#5 {main}
CRITICAL - 2023-03-04 17:39:18 --> Too few arguments to function App\Controllers\Presensi::detail(), 0 passed in C:\laragon\www\mysau_template\system\CodeIgniter.php on line 928 and exactly 1 expected
#0 C:\laragon\www\mysau_template\system\CodeIgniter.php(928): App\Controllers\Presensi->detail()
#1 C:\laragon\www\mysau_template\system\CodeIgniter.php(436): CodeIgniter\CodeIgniter->runController(Object(App\Controllers\Presensi))
#2 C:\laragon\www\mysau_template\system\CodeIgniter.php(336): CodeIgniter\CodeIgniter->handleRequest(NULL, Object(Config\Cache), false)
#3 C:\laragon\www\mysau_template\public\index.php(37): CodeIgniter\CodeIgniter->run()
#4 {main}
CRITICAL - 2023-03-04 17:39:27 --> Too few arguments to function App\Controllers\Presensi::detail(), 0 passed in C:\laragon\www\mysau_template\system\CodeIgniter.php on line 928 and exactly 1 expected
#0 C:\laragon\www\mysau_template\system\CodeIgniter.php(928): App\Controllers\Presensi->detail()
#1 C:\laragon\www\mysau_template\system\CodeIgniter.php(436): CodeIgniter\CodeIgniter->runController(Object(App\Controllers\Presensi))
#2 C:\laragon\www\mysau_template\system\CodeIgniter.php(336): CodeIgniter\CodeIgniter->handleRequest(NULL, Object(Config\Cache), false)
#3 C:\laragon\www\mysau_template\public\index.php(37): CodeIgniter\CodeIgniter->run()
#4 {main}
CRITICAL - 2023-03-04 17:39:35 --> Too few arguments to function App\Controllers\Presensi::detail(), 0 passed in C:\laragon\www\mysau_template\system\CodeIgniter.php on line 928 and exactly 1 expected
#0 C:\laragon\www\mysau_template\system\CodeIgniter.php(928): App\Controllers\Presensi->detail()
#1 C:\laragon\www\mysau_template\system\CodeIgniter.php(436): CodeIgniter\CodeIgniter->runController(Object(App\Controllers\Presensi))
#2 C:\laragon\www\mysau_template\system\CodeIgniter.php(336): CodeIgniter\CodeIgniter->handleRequest(NULL, Object(Config\Cache), false)
#3 C:\laragon\www\mysau_template\public\index.php(37): CodeIgniter\CodeIgniter->run()
#4 {main}
CRITICAL - 2023-03-04 17:39:37 --> Too few arguments to function App\Controllers\Presensi::detail(), 0 passed in C:\laragon\www\mysau_template\system\CodeIgniter.php on line 928 and exactly 1 expected
#0 C:\laragon\www\mysau_template\system\CodeIgniter.php(928): App\Controllers\Presensi->detail()
#1 C:\laragon\www\mysau_template\system\CodeIgniter.php(436): CodeIgniter\CodeIgniter->runController(Object(App\Controllers\Presensi))
#2 C:\laragon\www\mysau_template\system\CodeIgniter.php(336): CodeIgniter\CodeIgniter->handleRequest(NULL, Object(Config\Cache), false)
#3 C:\laragon\www\mysau_template\public\index.php(37): CodeIgniter\CodeIgniter->run()
#4 {main}
CRITICAL - 2023-03-04 17:39:38 --> Too few arguments to function App\Controllers\Presensi::detail(), 0 passed in C:\laragon\www\mysau_template\system\CodeIgniter.php on line 928 and exactly 1 expected
#0 C:\laragon\www\mysau_template\system\CodeIgniter.php(928): App\Controllers\Presensi->detail()
#1 C:\laragon\www\mysau_template\system\CodeIgniter.php(436): CodeIgniter\CodeIgniter->runController(Object(App\Controllers\Presensi))
#2 C:\laragon\www\mysau_template\system\CodeIgniter.php(336): CodeIgniter\CodeIgniter->handleRequest(NULL, Object(Config\Cache), false)
#3 C:\laragon\www\mysau_template\public\index.php(37): CodeIgniter\CodeIgniter->run()
#4 {main}
CRITICAL - 2023-03-04 17:39:38 --> Too few arguments to function App\Controllers\Presensi::detail(), 0 passed in C:\laragon\www\mysau_template\system\CodeIgniter.php on line 928 and exactly 1 expected
#0 C:\laragon\www\mysau_template\system\CodeIgniter.php(928): App\Controllers\Presensi->detail()
#1 C:\laragon\www\mysau_template\system\CodeIgniter.php(436): CodeIgniter\CodeIgniter->runController(Object(App\Controllers\Presensi))
#2 C:\laragon\www\mysau_template\system\CodeIgniter.php(336): CodeIgniter\CodeIgniter->handleRequest(NULL, Object(Config\Cache), false)
#3 C:\laragon\www\mysau_template\public\index.php(37): CodeIgniter\CodeIgniter->run()
#4 {main}
CRITICAL - 2023-03-04 17:39:41 --> Undefined variable: session
#0 C:\laragon\www\mysau_template\app\Controllers\Presensi.php(86): CodeIgniter\Debug\Exceptions->errorHandler(8, 'Undefined varia...', 'C:\\laragon\\www\\...', 86, Array)
#1 C:\laragon\www\mysau_template\system\CodeIgniter.php(928): App\Controllers\Presensi->edit()
#2 C:\laragon\www\mysau_template\system\CodeIgniter.php(436): CodeIgniter\CodeIgniter->runController(Object(App\Controllers\Presensi))
#3 C:\laragon\www\mysau_template\system\CodeIgniter.php(336): CodeIgniter\CodeIgniter->handleRequest(NULL, Object(Config\Cache), false)
#4 C:\laragon\www\mysau_template\public\index.php(37): CodeIgniter\CodeIgniter->run()
#5 {main}
CRITICAL - 2023-03-04 17:40:04 --> Too few arguments to function App\Controllers\Presensi::edit(), 0 passed in C:\laragon\www\mysau_template\system\CodeIgniter.php on line 928 and exactly 1 expected
#0 C:\laragon\www\mysau_template\system\CodeIgniter.php(928): App\Controllers\Presensi->edit()
#1 C:\laragon\www\mysau_template\system\CodeIgniter.php(436): CodeIgniter\CodeIgniter->runController(Object(App\Controllers\Presensi))
#2 C:\laragon\www\mysau_template\system\CodeIgniter.php(336): CodeIgniter\CodeIgniter->handleRequest(NULL, Object(Config\Cache), false)
#3 C:\laragon\www\mysau_template\public\index.php(37): CodeIgniter\CodeIgniter->run()
#4 {main}
CRITICAL - 2023-03-04 17:40:18 --> Too few arguments to function App\Controllers\Presensi::edit(), 0 passed in C:\laragon\www\mysau_template\system\CodeIgniter.php on line 928 and exactly 1 expected
#0 C:\laragon\www\mysau_template\system\CodeIgniter.php(928): App\Controllers\Presensi->edit()
#1 C:\laragon\www\mysau_template\system\CodeIgniter.php(436): CodeIgniter\CodeIgniter->runController(Object(App\Controllers\Presensi))
#2 C:\laragon\www\mysau_template\system\CodeIgniter.php(336): CodeIgniter\CodeIgniter->handleRequest(NULL, Object(Config\Cache), false)
#3 C:\laragon\www\mysau_template\public\index.php(37): CodeIgniter\CodeIgniter->run()
#4 {main}
CRITICAL - 2023-03-04 17:41:12 --> Too few arguments to function App\Controllers\Presensi::edit(), 0 passed in C:\laragon\www\mysau_template\system\CodeIgniter.php on line 928 and exactly 1 expected
#0 C:\laragon\www\mysau_template\system\CodeIgniter.php(928): App\Controllers\Presensi->edit()
#1 C:\laragon\www\mysau_template\system\CodeIgniter.php(436): CodeIgniter\CodeIgniter->runController(Object(App\Controllers\Presensi))
#2 C:\laragon\www\mysau_template\system\CodeIgniter.php(336): CodeIgniter\CodeIgniter->handleRequest(NULL, Object(Config\Cache), false)
#3 C:\laragon\www\mysau_template\public\index.php(37): CodeIgniter\CodeIgniter->run()
#4 {main}
CRITICAL - 2023-03-04 17:41:14 --> Too few arguments to function App\Controllers\Presensi::edit(), 0 passed in C:\laragon\www\mysau_template\system\CodeIgniter.php on line 928 and exactly 1 expected
#0 C:\laragon\www\mysau_template\system\CodeIgniter.php(928): App\Controllers\Presensi->edit()
#1 C:\laragon\www\mysau_template\system\CodeIgniter.php(436): CodeIgniter\CodeIgniter->runController(Object(App\Controllers\Presensi))
#2 C:\laragon\www\mysau_template\system\CodeIgniter.php(336): CodeIgniter\CodeIgniter->handleRequest(NULL, Object(Config\Cache), false)
#3 C:\laragon\www\mysau_template\public\index.php(37): CodeIgniter\CodeIgniter->run()
#4 {main}
CRITICAL - 2023-03-04 17:41:17 --> Too few arguments to function App\Controllers\Presensi::edit(), 0 passed in C:\laragon\www\mysau_template\system\CodeIgniter.php on line 928 and exactly 1 expected
#0 C:\laragon\www\mysau_template\system\CodeIgniter.php(928): App\Controllers\Presensi->edit()
#1 C:\laragon\www\mysau_template\system\CodeIgniter.php(436): CodeIgniter\CodeIgniter->runController(Object(App\Controllers\Presensi))
#2 C:\laragon\www\mysau_template\system\CodeIgniter.php(336): CodeIgniter\CodeIgniter->handleRequest(NULL, Object(Config\Cache), false)
#3 C:\laragon\www\mysau_template\public\index.php(37): CodeIgniter\CodeIgniter->run()
#4 {main}
CRITICAL - 2023-03-04 17:52:28 --> syntax error, unexpected '}'
#0 C:\laragon\www\mysau_template\system\Router\Router.php(169): CodeIgniter\Router\Router->autoRoute('Presensi/detail...')
#1 C:\laragon\www\mysau_template\system\CodeIgniter.php(809): CodeIgniter\Router\Router->handle('Presensi/detail...')
#2 C:\laragon\www\mysau_template\system\CodeIgniter.php(389): CodeIgniter\CodeIgniter->tryToRouteIt(Object(CodeIgniter\Router\RouteCollection))
#3 C:\laragon\www\mysau_template\system\CodeIgniter.php(336): CodeIgniter\CodeIgniter->handleRequest(NULL, Object(Config\Cache), false)
#4 C:\laragon\www\mysau_template\public\index.php(37): CodeIgniter\CodeIgniter->run()
#5 {main}
CRITICAL - 2023-03-04 17:58:00 --> Too few arguments to function App\Controllers\Presensi::edit(), 0 passed in C:\laragon\www\mysau_template\system\CodeIgniter.php on line 928 and exactly 1 expected
#0 C:\laragon\www\mysau_template\system\CodeIgniter.php(928): App\Controllers\Presensi->edit()
#1 C:\laragon\www\mysau_template\system\CodeIgniter.php(436): CodeIgniter\CodeIgniter->runController(Object(App\Controllers\Presensi))
#2 C:\laragon\www\mysau_template\system\CodeIgniter.php(336): CodeIgniter\CodeIgniter->handleRequest(NULL, Object(Config\Cache), false)
#3 C:\laragon\www\mysau_template\public\index.php(37): CodeIgniter\CodeIgniter->run()
#4 {main}
CRITICAL - 2023-03-04 17:59:52 --> Too few arguments to function App\Controllers\Presensi::edit(), 0 passed in C:\laragon\www\mysau_template\system\CodeIgniter.php on line 928 and exactly 1 expected
#0 C:\laragon\www\mysau_template\system\CodeIgniter.php(928): App\Controllers\Presensi->edit()
#1 C:\laragon\www\mysau_template\system\CodeIgniter.php(436): CodeIgniter\CodeIgniter->runController(Object(App\Controllers\Presensi))
#2 C:\laragon\www\mysau_template\system\CodeIgniter.php(336): CodeIgniter\CodeIgniter->handleRequest(NULL, Object(Config\Cache), false)
#3 C:\laragon\www\mysau_template\public\index.php(37): CodeIgniter\CodeIgniter->run()
#4 {main}
CRITICAL - 2023-03-04 17:59:57 --> Too few arguments to function App\Controllers\Presensi::edit(), 0 passed in C:\laragon\www\mysau_template\system\CodeIgniter.php on line 928 and exactly 1 expected
#0 C:\laragon\www\mysau_template\system\CodeIgniter.php(928): App\Controllers\Presensi->edit()
#1 C:\laragon\www\mysau_template\system\CodeIgniter.php(436): CodeIgniter\CodeIgniter->runController(Object(App\Controllers\Presensi))
#2 C:\laragon\www\mysau_template\system\CodeIgniter.php(336): CodeIgniter\CodeIgniter->handleRequest(NULL, Object(Config\Cache), false)
#3 C:\laragon\www\mysau_template\public\index.php(37): CodeIgniter\CodeIgniter->run()
#4 {main}
CRITICAL - 2023-03-04 18:02:40 --> Call to undefined method App\Models\RequestFormModel::getForm
#0 C:\laragon\www\mysau_template\app\Controllers\Presensi.php(86): CodeIgniter\Model->__call('getForm', Array)
#1 C:\laragon\www\mysau_template\system\CodeIgniter.php(928): App\Controllers\Presensi->edit('<')
#2 C:\laragon\www\mysau_template\system\CodeIgniter.php(436): CodeIgniter\CodeIgniter->runController(Object(App\Controllers\Presensi))
#3 C:\laragon\www\mysau_template\system\CodeIgniter.php(336): CodeIgniter\CodeIgniter->handleRequest(NULL, Object(Config\Cache), false)
#4 C:\laragon\www\mysau_template\public\index.php(37): CodeIgniter\CodeIgniter->run()
#5 {main}
CRITICAL - 2023-03-04 18:04:12 --> Call to undefined method App\Models\RequestFormModel::getForm
#0 C:\laragon\www\mysau_template\app\Controllers\Presensi.php(86): CodeIgniter\Model->__call('getForm', Array)
#1 C:\laragon\www\mysau_template\system\CodeIgniter.php(928): App\Controllers\Presensi->edit('<')
#2 C:\laragon\www\mysau_template\system\CodeIgniter.php(436): CodeIgniter\CodeIgniter->runController(Object(App\Controllers\Presensi))
#3 C:\laragon\www\mysau_template\system\CodeIgniter.php(336): CodeIgniter\CodeIgniter->handleRequest(NULL, Object(Config\Cache), false)
#4 C:\laragon\www\mysau_template\public\index.php(37): CodeIgniter\CodeIgniter->run()
#5 {main}
CRITICAL - 2023-03-04 18:08:35 --> Call to undefined method App\Models\RequestFormModel::getForm
#0 C:\laragon\www\mysau_template\app\Controllers\Presensi.php(86): CodeIgniter\Model->__call('getForm', Array)
#1 C:\laragon\www\mysau_template\system\CodeIgniter.php(928): App\Controllers\Presensi->edit('<')
#2 C:\laragon\www\mysau_template\system\CodeIgniter.php(436): CodeIgniter\CodeIgniter->runController(Object(App\Controllers\Presensi))
#3 C:\laragon\www\mysau_template\system\CodeIgniter.php(336): CodeIgniter\CodeIgniter->handleRequest(NULL, Object(Config\Cache), false)
#4 C:\laragon\www\mysau_template\public\index.php(37): CodeIgniter\CodeIgniter->run()
#5 {main}
CRITICAL - 2023-03-04 18:10:57 --> Call to undefined method App\Models\RequestFormModel::getForm
#0 C:\laragon\www\mysau_template\app\Controllers\Presensi.php(86): CodeIgniter\Model->__call('getForm', Array)
#1 C:\laragon\www\mysau_template\system\CodeIgniter.php(928): App\Controllers\Presensi->edit('<')
#2 C:\laragon\www\mysau_template\system\CodeIgniter.php(436): CodeIgniter\CodeIgniter->runController(Object(App\Controllers\Presensi))
#3 C:\laragon\www\mysau_template\system\CodeIgniter.php(336): CodeIgniter\CodeIgniter->handleRequest(NULL, Object(Config\Cache), false)
#4 C:\laragon\www\mysau_template\public\index.php(37): CodeIgniter\CodeIgniter->run()
#5 {main}
CRITICAL - 2023-03-04 18:10:58 --> Call to undefined method App\Models\RequestFormModel::getForm
#0 C:\laragon\www\mysau_template\app\Controllers\Presensi.php(86): CodeIgniter\Model->__call('getForm', Array)
#1 C:\laragon\www\mysau_template\system\CodeIgniter.php(928): App\Controllers\Presensi->edit('<')
#2 C:\laragon\www\mysau_template\system\CodeIgniter.php(436): CodeIgniter\CodeIgniter->runController(Object(App\Controllers\Presensi))
#3 C:\laragon\www\mysau_template\system\CodeIgniter.php(336): CodeIgniter\CodeIgniter->handleRequest(NULL, Object(Config\Cache), false)
#4 C:\laragon\www\mysau_template\public\index.php(37): CodeIgniter\CodeIgniter->run()
#5 {main}
CRITICAL - 2023-03-04 18:11:05 --> Call to undefined method App\Models\RequestFormModel::getForm
#0 C:\laragon\www\mysau_template\app\Controllers\Presensi.php(86): CodeIgniter\Model->__call('getForm', Array)
#1 C:\laragon\www\mysau_template\system\CodeIgniter.php(928): App\Controllers\Presensi->edit('<')
#2 C:\laragon\www\mysau_template\system\CodeIgniter.php(436): CodeIgniter\CodeIgniter->runController(Object(App\Controllers\Presensi))
#3 C:\laragon\www\mysau_template\system\CodeIgniter.php(336): CodeIgniter\CodeIgniter->handleRequest(NULL, Object(Config\Cache), false)
#4 C:\laragon\www\mysau_template\public\index.php(37): CodeIgniter\CodeIgniter->run()
#5 {main}
CRITICAL - 2023-03-04 18:11:21 --> Call to undefined method App\Models\RequestFormModel::getForm
#0 C:\laragon\www\mysau_template\app\Controllers\Presensi.php(86): CodeIgniter\Model->__call('getForm', Array)
#1 C:\laragon\www\mysau_template\system\CodeIgniter.php(928): App\Controllers\Presensi->edit('<')
#2 C:\laragon\www\mysau_template\system\CodeIgniter.php(436): CodeIgniter\CodeIgniter->runController(Object(App\Controllers\Presensi))
#3 C:\laragon\www\mysau_template\system\CodeIgniter.php(336): CodeIgniter\CodeIgniter->handleRequest(NULL, Object(Config\Cache), false)
#4 C:\laragon\www\mysau_template\public\index.php(37): CodeIgniter\CodeIgniter->run()
#5 {main}
CRITICAL - 2023-03-04 18:11:26 --> Call to undefined method App\Models\RequestFormModel::getForm
#0 C:\laragon\www\mysau_template\app\Controllers\Presensi.php(86): CodeIgniter\Model->__call('getForm', Array)
#1 C:\laragon\www\mysau_template\system\CodeIgniter.php(928): App\Controllers\Presensi->edit('<')
#2 C:\laragon\www\mysau_template\system\CodeIgniter.php(436): CodeIgniter\CodeIgniter->runController(Object(App\Controllers\Presensi))
#3 C:\laragon\www\mysau_template\system\CodeIgniter.php(336): CodeIgniter\CodeIgniter->handleRequest(NULL, Object(Config\Cache), false)
#4 C:\laragon\www\mysau_template\public\index.php(37): CodeIgniter\CodeIgniter->run()
#5 {main}
CRITICAL - 2023-03-04 18:11:35 --> Call to undefined method App\Models\RequestFormModel::getForm
#0 C:\laragon\www\mysau_template\app\Controllers\Presensi.php(86): CodeIgniter\Model->__call('getForm', Array)
#1 C:\laragon\www\mysau_template\system\CodeIgniter.php(928): App\Controllers\Presensi->edit('<')
#2 C:\laragon\www\mysau_template\system\CodeIgniter.php(436): CodeIgniter\CodeIgniter->runController(Object(App\Controllers\Presensi))
#3 C:\laragon\www\mysau_template\system\CodeIgniter.php(336): CodeIgniter\CodeIgniter->handleRequest(NULL, Object(Config\Cache), false)
#4 C:\laragon\www\mysau_template\public\index.php(37): CodeIgniter\CodeIgniter->run()
#5 {main}
CRITICAL - 2023-03-04 18:12:23 --> Call to undefined method App\Models\RequestFormModel::getForm
#0 C:\laragon\www\mysau_template\app\Controllers\Presensi.php(86): CodeIgniter\Model->__call('getForm', Array)
#1 C:\laragon\www\mysau_template\system\CodeIgniter.php(928): App\Controllers\Presensi->edit('<')
#2 C:\laragon\www\mysau_template\system\CodeIgniter.php(436): CodeIgniter\CodeIgniter->runController(Object(App\Controllers\Presensi))
#3 C:\laragon\www\mysau_template\system\CodeIgniter.php(336): CodeIgniter\CodeIgniter->handleRequest(NULL, Object(Config\Cache), false)
#4 C:\laragon\www\mysau_template\public\index.php(37): CodeIgniter\CodeIgniter->run()
#5 {main}
CRITICAL - 2023-03-04 18:12:24 --> Call to undefined method App\Models\RequestFormModel::getForm
#0 C:\laragon\www\mysau_template\app\Controllers\Presensi.php(86): CodeIgniter\Model->__call('getForm', Array)
#1 C:\laragon\www\mysau_template\system\CodeIgniter.php(928): App\Controllers\Presensi->edit('<')
#2 C:\laragon\www\mysau_template\system\CodeIgniter.php(436): CodeIgniter\CodeIgniter->runController(Object(App\Controllers\Presensi))
#3 C:\laragon\www\mysau_template\system\CodeIgniter.php(336): CodeIgniter\CodeIgniter->handleRequest(NULL, Object(Config\Cache), false)
#4 C:\laragon\www\mysau_template\public\index.php(37): CodeIgniter\CodeIgniter->run()
#5 {main}
CRITICAL - 2023-03-04 18:14:48 --> Undefined variable: session
#0 C:\laragon\www\mysau_template\app\Controllers\Presensi.php(135): CodeIgniter\Debug\Exceptions->errorHandler(8, 'Undefined varia...', 'C:\\laragon\\www\\...', 135, Array)
#1 C:\laragon\www\mysau_template\system\CodeIgniter.php(928): App\Controllers\Presensi->edit('<')
#2 C:\laragon\www\mysau_template\system\CodeIgniter.php(436): CodeIgniter\CodeIgniter->runController(Object(App\Controllers\Presensi))
#3 C:\laragon\www\mysau_template\system\CodeIgniter.php(336): CodeIgniter\CodeIgniter->handleRequest(NULL, Object(Config\Cache), false)
#4 C:\laragon\www\mysau_template\public\index.php(37): CodeIgniter\CodeIgniter->run()
#5 {main}
CRITICAL - 2023-03-04 18:15:00 --> Call to undefined method App\Models\RequestFormModel::update_user
#0 C:\laragon\www\mysau_template\app\Controllers\Presensi.php(145): CodeIgniter\Model->__call('update_user', Array)
#1 C:\laragon\www\mysau_template\system\CodeIgniter.php(928): App\Controllers\Presensi->edit('<')
#2 C:\laragon\www\mysau_template\system\CodeIgniter.php(436): CodeIgniter\CodeIgniter->runController(Object(App\Controllers\Presensi))
#3 C:\laragon\www\mysau_template\system\CodeIgniter.php(336): CodeIgniter\CodeIgniter->handleRequest(NULL, Object(Config\Cache), false)
#4 C:\laragon\www\mysau_template\public\index.php(37): CodeIgniter\CodeIgniter->run()
#5 {main}
CRITICAL - 2023-03-04 18:15:02 --> Call to undefined method App\Models\RequestFormModel::update_user
#0 C:\laragon\www\mysau_template\app\Controllers\Presensi.php(145): CodeIgniter\Model->__call('update_user', Array)
#1 C:\laragon\www\mysau_template\system\CodeIgniter.php(928): App\Controllers\Presensi->edit('<')
#2 C:\laragon\www\mysau_template\system\CodeIgniter.php(436): CodeIgniter\CodeIgniter->runController(Object(App\Controllers\Presensi))
#3 C:\laragon\www\mysau_template\system\CodeIgniter.php(336): CodeIgniter\CodeIgniter->handleRequest(NULL, Object(Config\Cache), false)
#4 C:\laragon\www\mysau_template\public\index.php(37): CodeIgniter\CodeIgniter->run()
#5 {main}
CRITICAL - 2023-03-04 18:15:04 --> Call to undefined method App\Models\RequestFormModel::update_user
#0 C:\laragon\www\mysau_template\app\Controllers\Presensi.php(145): CodeIgniter\Model->__call('update_user', Array)
#1 C:\laragon\www\mysau_template\system\CodeIgniter.php(928): App\Controllers\Presensi->edit('<')
#2 C:\laragon\www\mysau_template\system\CodeIgniter.php(436): CodeIgniter\CodeIgniter->runController(Object(App\Controllers\Presensi))
#3 C:\laragon\www\mysau_template\system\CodeIgniter.php(336): CodeIgniter\CodeIgniter->handleRequest(NULL, Object(Config\Cache), false)
#4 C:\laragon\www\mysau_template\public\index.php(37): CodeIgniter\CodeIgniter->run()
#5 {main}
CRITICAL - 2023-03-04 18:15:04 --> Call to undefined method App\Models\RequestFormModel::update_user
#0 C:\laragon\www\mysau_template\app\Controllers\Presensi.php(145): CodeIgniter\Model->__call('update_user', Array)
#1 C:\laragon\www\mysau_template\system\CodeIgniter.php(928): App\Controllers\Presensi->edit('<')
#2 C:\laragon\www\mysau_template\system\CodeIgniter.php(436): CodeIgniter\CodeIgniter->runController(Object(App\Controllers\Presensi))
#3 C:\laragon\www\mysau_template\system\CodeIgniter.php(336): CodeIgniter\CodeIgniter->handleRequest(NULL, Object(Config\Cache), false)
#4 C:\laragon\www\mysau_template\public\index.php(37): CodeIgniter\CodeIgniter->run()
#5 {main}
CRITICAL - 2023-03-04 18:16:28 --> Call to undefined method App\Models\RequestFormModel::update_user
#0 C:\laragon\www\mysau_template\app\Controllers\Presensi.php(145): CodeIgniter\Model->__call('update_user', Array)
#1 C:\laragon\www\mysau_template\system\CodeIgniter.php(928): App\Controllers\Presensi->edit('<')
#2 C:\laragon\www\mysau_template\system\CodeIgniter.php(436): CodeIgniter\CodeIgniter->runController(Object(App\Controllers\Presensi))
#3 C:\laragon\www\mysau_template\system\CodeIgniter.php(336): CodeIgniter\CodeIgniter->handleRequest(NULL, Object(Config\Cache), false)
#4 C:\laragon\www\mysau_template\public\index.php(37): CodeIgniter\CodeIgniter->run()
#5 {main}
CRITICAL - 2023-03-04 18:17:17 --> Call to undefined method App\Models\RequestFormModel::update_user
#0 C:\laragon\www\mysau_template\app\Controllers\Presensi.php(146): CodeIgniter\Model->__call('update_user', Array)
#1 C:\laragon\www\mysau_template\system\CodeIgniter.php(928): App\Controllers\Presensi->edit('<')
#2 C:\laragon\www\mysau_template\system\CodeIgniter.php(436): CodeIgniter\CodeIgniter->runController(Object(App\Controllers\Presensi))
#3 C:\laragon\www\mysau_template\system\CodeIgniter.php(336): CodeIgniter\CodeIgniter->handleRequest(NULL, Object(Config\Cache), false)
#4 C:\laragon\www\mysau_template\public\index.php(37): CodeIgniter\CodeIgniter->run()
#5 {main}
CRITICAL - 2023-03-04 18:17:22 --> Call to undefined method App\Models\RequestFormModel::update_user
#0 C:\laragon\www\mysau_template\app\Controllers\Presensi.php(146): CodeIgniter\Model->__call('update_user', Array)
#1 C:\laragon\www\mysau_template\system\CodeIgniter.php(928): App\Controllers\Presensi->edit('<')
#2 C:\laragon\www\mysau_template\system\CodeIgniter.php(436): CodeIgniter\CodeIgniter->runController(Object(App\Controllers\Presensi))
#3 C:\laragon\www\mysau_template\system\CodeIgniter.php(336): CodeIgniter\CodeIgniter->handleRequest(NULL, Object(Config\Cache), false)
#4 C:\laragon\www\mysau_template\public\index.php(37): CodeIgniter\CodeIgniter->run()
#5 {main}
CRITICAL - 2023-03-04 18:19:29 --> Call to undefined method CodeIgniter\Database\MySQLi\Connection::where()
#0 C:\laragon\www\mysau_template\app\Controllers\Presensi.php(146): App\Models\RequestFormModel->update_user('<', Array)
#1 C:\laragon\www\mysau_template\system\CodeIgniter.php(928): App\Controllers\Presensi->edit('<')
#2 C:\laragon\www\mysau_template\system\CodeIgniter.php(436): CodeIgniter\CodeIgniter->runController(Object(App\Controllers\Presensi))
#3 C:\laragon\www\mysau_template\system\CodeIgniter.php(336): CodeIgniter\CodeIgniter->handleRequest(NULL, Object(Config\Cache), false)
#4 C:\laragon\www\mysau_template\public\index.php(37): CodeIgniter\CodeIgniter->run()
#5 {main}
CRITICAL - 2023-03-04 18:19:50 --> Call to undefined method CodeIgniter\Database\MySQLi\Connection::where()
#0 C:\laragon\www\mysau_template\app\Controllers\Presensi.php(146): App\Models\RequestFormModel->update_user('<', Array)
#1 C:\laragon\www\mysau_template\system\CodeIgniter.php(928): App\Controllers\Presensi->edit('<')
#2 C:\laragon\www\mysau_template\system\CodeIgniter.php(436): CodeIgniter\CodeIgniter->runController(Object(App\Controllers\Presensi))
#3 C:\laragon\www\mysau_template\system\CodeIgniter.php(336): CodeIgniter\CodeIgniter->handleRequest(NULL, Object(Config\Cache), false)
#4 C:\laragon\www\mysau_template\public\index.php(37): CodeIgniter\CodeIgniter->run()
#5 {main}
CRITICAL - 2023-03-04 18:21:10 --> Undefined property: App\Controllers\Presensi::$model
#0 C:\laragon\www\mysau_template\app\Controllers\Presensi.php(146): CodeIgniter\Debug\Exceptions->errorHandler(8, 'Undefined prope...', 'C:\\laragon\\www\\...', 146, Array)
#1 C:\laragon\www\mysau_template\system\CodeIgniter.php(928): App\Controllers\Presensi->edit('<')
#2 C:\laragon\www\mysau_template\system\CodeIgniter.php(436): CodeIgniter\CodeIgniter->runController(Object(App\Controllers\Presensi))
#3 C:\laragon\www\mysau_template\system\CodeIgniter.php(336): CodeIgniter\CodeIgniter->handleRequest(NULL, Object(Config\Cache), false)
#4 C:\laragon\www\mysau_template\public\index.php(37): CodeIgniter\CodeIgniter->run()
#5 {main}
CRITICAL - 2023-03-04 18:22:42 --> Argument 2 passed to CodeIgniter\Model::insert() must be of the type bool, array given, called in C:\laragon\www\mysau_template\app\Controllers\Presensi.php on line 146
#0 C:\laragon\www\mysau_template\app\Controllers\Presensi.php(146): CodeIgniter\Model->insert('<', Array)
#1 C:\laragon\www\mysau_template\system\CodeIgniter.php(928): App\Controllers\Presensi->edit('<')
#2 C:\laragon\www\mysau_template\system\CodeIgniter.php(436): CodeIgniter\CodeIgniter->runController(Object(App\Controllers\Presensi))
#3 C:\laragon\www\mysau_template\system\CodeIgniter.php(336): CodeIgniter\CodeIgniter->handleRequest(NULL, Object(Config\Cache), false)
#4 C:\laragon\www\mysau_template\public\index.php(37): CodeIgniter\CodeIgniter->run()
#5 {main}
CRITICAL - 2023-03-04 18:23:25 --> Argument 2 passed to CodeIgniter\Model::insert() must be of the type bool, array given, called in C:\laragon\www\mysau_template\app\Controllers\Presensi.php on line 146
#0 C:\laragon\www\mysau_template\app\Controllers\Presensi.php(146): CodeIgniter\Model->insert('<', Array)
#1 C:\laragon\www\mysau_template\system\CodeIgniter.php(928): App\Controllers\Presensi->edit('<')
#2 C:\laragon\www\mysau_template\system\CodeIgniter.php(436): CodeIgniter\CodeIgniter->runController(Object(App\Controllers\Presensi))
#3 C:\laragon\www\mysau_template\system\CodeIgniter.php(336): CodeIgniter\CodeIgniter->handleRequest(NULL, Object(Config\Cache), false)
#4 C:\laragon\www\mysau_template\public\index.php(37): CodeIgniter\CodeIgniter->run()
#5 {main}
CRITICAL - 2023-03-04 18:23:29 --> Argument 2 passed to CodeIgniter\Model::insert() must be of the type bool, array given, called in C:\laragon\www\mysau_template\app\Controllers\Presensi.php on line 146
#0 C:\laragon\www\mysau_template\app\Controllers\Presensi.php(146): CodeIgniter\Model->insert('<', Array)
#1 C:\laragon\www\mysau_template\system\CodeIgniter.php(928): App\Controllers\Presensi->edit('<')
#2 C:\laragon\www\mysau_template\system\CodeIgniter.php(436): CodeIgniter\CodeIgniter->runController(Object(App\Controllers\Presensi))
#3 C:\laragon\www\mysau_template\system\CodeIgniter.php(336): CodeIgniter\CodeIgniter->handleRequest(NULL, Object(Config\Cache), false)
#4 C:\laragon\www\mysau_template\public\index.php(37): CodeIgniter\CodeIgniter->run()
#5 {main}
CRITICAL - 2023-03-04 18:23:59 --> Call to undefined method CodeIgniter\Database\MySQLi\Connection::where()
#0 C:\laragon\www\mysau_template\app\Controllers\Presensi.php(146): App\Models\RequestFormModel->update_user('<', Array)
#1 C:\laragon\www\mysau_template\system\CodeIgniter.php(928): App\Controllers\Presensi->edit('<')
#2 C:\laragon\www\mysau_template\system\CodeIgniter.php(436): CodeIgniter\CodeIgniter->runController(Object(App\Controllers\Presensi))
#3 C:\laragon\www\mysau_template\system\CodeIgniter.php(336): CodeIgniter\CodeIgniter->handleRequest(NULL, Object(Config\Cache), false)
#4 C:\laragon\www\mysau_template\public\index.php(37): CodeIgniter\CodeIgniter->run()
#5 {main}
CRITICAL - 2023-03-04 18:24:21 --> Call to undefined method CodeIgniter\Database\MySQLi\Connection::where()
#0 C:\laragon\www\mysau_template\app\Controllers\Presensi.php(146): App\Models\RequestFormModel->update_user('<', Array)
#1 C:\laragon\www\mysau_template\system\CodeIgniter.php(928): App\Controllers\Presensi->edit('<')
#2 C:\laragon\www\mysau_template\system\CodeIgniter.php(436): CodeIgniter\CodeIgniter->runController(Object(App\Controllers\Presensi))
#3 C:\laragon\www\mysau_template\system\CodeIgniter.php(336): CodeIgniter\CodeIgniter->handleRequest(NULL, Object(Config\Cache), false)
#4 C:\laragon\www\mysau_template\public\index.php(37): CodeIgniter\CodeIgniter->run()
#5 {main}
CRITICAL - 2023-03-04 18:24:43 --> Call to undefined method CodeIgniter\Database\MySQLi\Connection::where()
#0 C:\laragon\www\mysau_template\app\Controllers\Presensi.php(146): App\Models\RequestFormModel->update_user('<', Array)
#1 C:\laragon\www\mysau_template\system\CodeIgniter.php(928): App\Controllers\Presensi->edit('<')
#2 C:\laragon\www\mysau_template\system\CodeIgniter.php(436): CodeIgniter\CodeIgniter->runController(Object(App\Controllers\Presensi))
#3 C:\laragon\www\mysau_template\system\CodeIgniter.php(336): CodeIgniter\CodeIgniter->handleRequest(NULL, Object(Config\Cache), false)
#4 C:\laragon\www\mysau_template\public\index.php(37): CodeIgniter\CodeIgniter->run()
#5 {main}
CRITICAL - 2023-03-04 18:26:51 --> Call to undefined method CodeIgniter\Database\MySQLi\Connection::where()
#0 C:\laragon\www\mysau_template\app\Controllers\Presensi.php(146): App\Models\RequestFormModel->update_user('<', Array)
#1 C:\laragon\www\mysau_template\system\CodeIgniter.php(928): App\Controllers\Presensi->edit('<')
#2 C:\laragon\www\mysau_template\system\CodeIgniter.php(436): CodeIgniter\CodeIgniter->runController(Object(App\Controllers\Presensi))
#3 C:\laragon\www\mysau_template\system\CodeIgniter.php(336): CodeIgniter\CodeIgniter->handleRequest(NULL, Object(Config\Cache), false)
#4 C:\laragon\www\mysau_template\public\index.php(37): CodeIgniter\CodeIgniter->run()
#5 {main}
CRITICAL - 2023-03-04 18:32:30 --> Undefined property: App\Controllers\Presensi::$RequsetFormModel
#0 C:\laragon\www\mysau_template\app\Controllers\Presensi.php(84): CodeIgniter\Debug\Exceptions->errorHandler(8, 'Undefined prope...', 'C:\\laragon\\www\\...', 84, Array)
#1 C:\laragon\www\mysau_template\system\CodeIgniter.php(928): App\Controllers\Presensi->edit()
#2 C:\laragon\www\mysau_template\system\CodeIgniter.php(436): CodeIgniter\CodeIgniter->runController(Object(App\Controllers\Presensi))
#3 C:\laragon\www\mysau_template\system\CodeIgniter.php(336): CodeIgniter\CodeIgniter->handleRequest(NULL, Object(Config\Cache), false)
#4 C:\laragon\www\mysau_template\public\index.php(37): CodeIgniter\CodeIgniter->run()
#5 {main}
CRITICAL - 2023-03-04 18:32:48 --> Invalid file: /presensi/edit.php
#0 C:\laragon\www\mysau_template\system\View\View.php(213): CodeIgniter\Exceptions\FrameworkException::forInvalidFile('/presensi/edit....')
#1 C:\laragon\www\mysau_template\system\Common.php(1271): CodeIgniter\View\View->render('/presensi/edit', Array, true)
#2 C:\laragon\www\mysau_template\app\Controllers\Presensi.php(86): view('/presensi/edit', Array)
#3 C:\laragon\www\mysau_template\system\CodeIgniter.php(928): App\Controllers\Presensi->edit()
#4 C:\laragon\www\mysau_template\system\CodeIgniter.php(436): CodeIgniter\CodeIgniter->runController(Object(App\Controllers\Presensi))
#5 C:\laragon\www\mysau_template\system\CodeIgniter.php(336): CodeIgniter\CodeIgniter->handleRequest(NULL, Object(Config\Cache), false)
#6 C:\laragon\www\mysau_template\public\index.php(37): CodeIgniter\CodeIgniter->run()
#7 {main}
CRITICAL - 2023-03-04 18:33:25 --> Invalid file: /presensi/edit.php
#0 C:\laragon\www\mysau_template\system\View\View.php(213): CodeIgniter\Exceptions\FrameworkException::forInvalidFile('/presensi/edit....')
#1 C:\laragon\www\mysau_template\system\Common.php(1271): CodeIgniter\View\View->render('/presensi/edit', Array, true)
#2 C:\laragon\www\mysau_template\app\Controllers\Presensi.php(86): view('/presensi/edit', Array)
#3 C:\laragon\www\mysau_template\system\CodeIgniter.php(928): App\Controllers\Presensi->edit()
#4 C:\laragon\www\mysau_template\system\CodeIgniter.php(436): CodeIgniter\CodeIgniter->runController(Object(App\Controllers\Presensi))
#5 C:\laragon\www\mysau_template\system\CodeIgniter.php(336): CodeIgniter\CodeIgniter->handleRequest(NULL, Object(Config\Cache), false)
#6 C:\laragon\www\mysau_template\public\index.php(37): CodeIgniter\CodeIgniter->run()
#7 {main}
CRITICAL - 2023-03-04 18:33:29 --> Invalid file: /presensi/edit.php
#0 C:\laragon\www\mysau_template\system\View\View.php(213): CodeIgniter\Exceptions\FrameworkException::forInvalidFile('/presensi/edit....')
#1 C:\laragon\www\mysau_template\system\Common.php(1271): CodeIgniter\View\View->render('/presensi/edit', Array, true)
#2 C:\laragon\www\mysau_template\app\Controllers\Presensi.php(86): view('/presensi/edit', Array)
#3 C:\laragon\www\mysau_template\system\CodeIgniter.php(928): App\Controllers\Presensi->edit()
#4 C:\laragon\www\mysau_template\system\CodeIgniter.php(436): CodeIgniter\CodeIgniter->runController(Object(App\Controllers\Presensi))
#5 C:\laragon\www\mysau_template\system\CodeIgniter.php(336): CodeIgniter\CodeIgniter->handleRequest(NULL, Object(Config\Cache), false)
#6 C:\laragon\www\mysau_template\public\index.php(37): CodeIgniter\CodeIgniter->run()
#7 {main}
CRITICAL - 2023-03-04 18:33:54 --> Invalid file: /presensi/edit.php
#0 C:\laragon\www\mysau_template\system\View\View.php(213): CodeIgniter\Exceptions\FrameworkException::forInvalidFile('/presensi/edit....')
#1 C:\laragon\www\mysau_template\system\Common.php(1271): CodeIgniter\View\View->render('/presensi/edit', Array, true)
#2 C:\laragon\www\mysau_template\app\Controllers\Presensi.php(86): view('/presensi/edit', Array)
#3 C:\laragon\www\mysau_template\system\CodeIgniter.php(928): App\Controllers\Presensi->edit()
#4 C:\laragon\www\mysau_template\system\CodeIgniter.php(436): CodeIgniter\CodeIgniter->runController(Object(App\Controllers\Presensi))
#5 C:\laragon\www\mysau_template\system\CodeIgniter.php(336): CodeIgniter\CodeIgniter->handleRequest(NULL, Object(Config\Cache), false)
#6 C:\laragon\www\mysau_template\public\index.php(37): CodeIgniter\CodeIgniter->run()
#7 {main}
CRITICAL - 2023-03-04 18:35:36 --> Invalid file: /presensi/edit.php
#0 C:\laragon\www\mysau_template\system\View\View.php(213): CodeIgniter\Exceptions\FrameworkException::forInvalidFile('/presensi/edit....')
#1 C:\laragon\www\mysau_template\system\Common.php(1271): CodeIgniter\View\View->render('/presensi/edit', Array, true)
#2 C:\laragon\www\mysau_template\app\Controllers\Presensi.php(86): view('/presensi/edit', Array)
#3 C:\laragon\www\mysau_template\system\CodeIgniter.php(928): App\Controllers\Presensi->edit()
#4 C:\laragon\www\mysau_template\system\CodeIgniter.php(436): CodeIgniter\CodeIgniter->runController(Object(App\Controllers\Presensi))
#5 C:\laragon\www\mysau_template\system\CodeIgniter.php(336): CodeIgniter\CodeIgniter->handleRequest(NULL, Object(Config\Cache), false)
#6 C:\laragon\www\mysau_template\public\index.php(37): CodeIgniter\CodeIgniter->run()
#7 {main}
CRITICAL - 2023-03-04 18:39:02 --> Undefined variable: session
#0 C:\laragon\www\mysau_template\app\Controllers\Presensi.php(103): CodeIgniter\Debug\Exceptions->errorHandler(8, 'Undefined varia...', 'C:\\laragon\\www\\...', 103, Array)
#1 C:\laragon\www\mysau_template\system\CodeIgniter.php(928): App\Controllers\Presensi->update()
#2 C:\laragon\www\mysau_template\system\CodeIgniter.php(436): CodeIgniter\CodeIgniter->runController(Object(App\Controllers\Presensi))
#3 C:\laragon\www\mysau_template\system\CodeIgniter.php(336): CodeIgniter\CodeIgniter->handleRequest(NULL, Object(Config\Cache), false)
#4 C:\laragon\www\mysau_template\public\index.php(37): CodeIgniter\CodeIgniter->run()
#5 {main}
CRITICAL - 2023-03-04 18:42:52 --> Undefined variable: detail
#0 C:\laragon\www\mysau_template\app\Views\update_form.php(14): CodeIgniter\Debug\Exceptions->errorHandler(8, 'Undefined varia...', 'C:\\laragon\\www\\...', 14, Array)
#1 C:\laragon\www\mysau_template\system\View\View.php(230): include('C:\\laragon\\www\\...')
#2 C:\laragon\www\mysau_template\system\View\View.php(232): CodeIgniter\View\View->CodeIgniter\View\{closure}()
#3 C:\laragon\www\mysau_template\system\Common.php(1271): CodeIgniter\View\View->render('update_form', Array, true)
#4 C:\laragon\www\mysau_template\app\Controllers\Pengajuan.php(14): view('update_form')
#5 C:\laragon\www\mysau_template\system\CodeIgniter.php(928): App\Controllers\Pengajuan->updateform()
#6 C:\laragon\www\mysau_template\system\CodeIgniter.php(436): CodeIgniter\CodeIgniter->runController(Object(App\Controllers\Pengajuan))
#7 C:\laragon\www\mysau_template\system\CodeIgniter.php(336): CodeIgniter\CodeIgniter->handleRequest(NULL, Object(Config\Cache), false)
#8 C:\laragon\www\mysau_template\public\index.php(37): CodeIgniter\CodeIgniter->run()
#9 {main}
CRITICAL - 2023-03-04 18:43:10 --> Undefined variable: detail
#0 C:\laragon\www\mysau_template\app\Views\update_form.php(28): CodeIgniter\Debug\Exceptions->errorHandler(8, 'Undefined varia...', 'C:\\laragon\\www\\...', 28, Array)
#1 C:\laragon\www\mysau_template\system\View\View.php(230): include('C:\\laragon\\www\\...')
#2 C:\laragon\www\mysau_template\system\View\View.php(232): CodeIgniter\View\View->CodeIgniter\View\{closure}()
#3 C:\laragon\www\mysau_template\system\Common.php(1271): CodeIgniter\View\View->render('update_form', Array, true)
#4 C:\laragon\www\mysau_template\app\Controllers\Pengajuan.php(14): view('update_form')
#5 C:\laragon\www\mysau_template\system\CodeIgniter.php(928): App\Controllers\Pengajuan->updateform()
#6 C:\laragon\www\mysau_template\system\CodeIgniter.php(436): CodeIgniter\CodeIgniter->runController(Object(App\Controllers\Pengajuan))
#7 C:\laragon\www\mysau_template\system\CodeIgniter.php(336): CodeIgniter\CodeIgniter->handleRequest(NULL, Object(Config\Cache), false)
#8 C:\laragon\www\mysau_template\public\index.php(37): CodeIgniter\CodeIgniter->run()
#9 {main}
CRITICAL - 2023-03-04 18:57:08 --> Too few arguments to function App\Controllers\Presensi::update(), 0 passed in C:\laragon\www\mysau_template\system\CodeIgniter.php on line 928 and exactly 1 expected
#0 C:\laragon\www\mysau_template\system\CodeIgniter.php(928): App\Controllers\Presensi->update()
#1 C:\laragon\www\mysau_template\system\CodeIgniter.php(436): CodeIgniter\CodeIgniter->runController(Object(App\Controllers\Presensi))
#2 C:\laragon\www\mysau_template\system\CodeIgniter.php(336): CodeIgniter\CodeIgniter->handleRequest(NULL, Object(Config\Cache), false)
#3 C:\laragon\www\mysau_template\public\index.php(37): CodeIgniter\CodeIgniter->run()
#4 {main}
CRITICAL - 2023-03-04 19:01:39 --> Too few arguments to function App\Controllers\Presensi::update(), 0 passed in C:\laragon\www\mysau_template\system\CodeIgniter.php on line 928 and exactly 1 expected
#0 C:\laragon\www\mysau_template\system\CodeIgniter.php(928): App\Controllers\Presensi->update()
#1 C:\laragon\www\mysau_template\system\CodeIgniter.php(436): CodeIgniter\CodeIgniter->runController(Object(App\Controllers\Presensi))
#2 C:\laragon\www\mysau_template\system\CodeIgniter.php(336): CodeIgniter\CodeIgniter->handleRequest(NULL, Object(Config\Cache), false)
#3 C:\laragon\www\mysau_template\public\index.php(37): CodeIgniter\CodeIgniter->run()
#4 {main}
CRITICAL - 2023-03-04 19:01:58 --> Undefined variable: session
#0 C:\laragon\www\mysau_template\app\Controllers\Presensi.php(103): CodeIgniter\Debug\Exceptions->errorHandler(8, 'Undefined varia...', 'C:\\laragon\\www\\...', 103, Array)
#1 C:\laragon\www\mysau_template\system\CodeIgniter.php(928): App\Controllers\Presensi->update()
#2 C:\laragon\www\mysau_template\system\CodeIgniter.php(436): CodeIgniter\CodeIgniter->runController(Object(App\Controllers\Presensi))
#3 C:\laragon\www\mysau_template\system\CodeIgniter.php(336): CodeIgniter\CodeIgniter->handleRequest(NULL, Object(Config\Cache), false)
#4 C:\laragon\www\mysau_template\public\index.php(37): CodeIgniter\CodeIgniter->run()
#5 {main}
CRITICAL - 2023-03-04 19:02:14 --> Undefined variable: newName
#0 C:\laragon\www\mysau_template\app\Controllers\Presensi.php(109): CodeIgniter\Debug\Exceptions->errorHandler(8, 'Undefined varia...', 'C:\\laragon\\www\\...', 109, Array)
#1 C:\laragon\www\mysau_template\system\CodeIgniter.php(928): App\Controllers\Presensi->update()
#2 C:\laragon\www\mysau_template\system\CodeIgniter.php(436): CodeIgniter\CodeIgniter->runController(Object(App\Controllers\Presensi))
#3 C:\laragon\www\mysau_template\system\CodeIgniter.php(336): CodeIgniter\CodeIgniter->handleRequest(NULL, Object(Config\Cache), false)
#4 C:\laragon\www\mysau_template\public\index.php(37): CodeIgniter\CodeIgniter->run()
#5 {main}
CRITICAL - 2023-03-04 19:02:31 --> syntax error, unexpected '='
#0 C:\laragon\www\mysau_template\system\Router\Router.php(169): CodeIgniter\Router\Router->autoRoute('presensi/update')
#1 C:\laragon\www\mysau_template\system\CodeIgniter.php(809): CodeIgniter\Router\Router->handle('presensi/update')
#2 C:\laragon\www\mysau_template\system\CodeIgniter.php(389): CodeIgniter\CodeIgniter->tryToRouteIt(Object(CodeIgniter\Router\RouteCollection))
#3 C:\laragon\www\mysau_template\system\CodeIgniter.php(336): CodeIgniter\CodeIgniter->handleRequest(NULL, Object(Config\Cache), false)
#4 C:\laragon\www\mysau_template\public\index.php(37): CodeIgniter\CodeIgniter->run()
#5 {main}
CRITICAL - 2023-03-04 19:04:24 --> There is no data to update.
#0 C:\laragon\www\mysau_template\system\BaseModel.php(1668): CodeIgniter\Database\Exceptions\DataException::forEmptyDataset('update')
#1 C:\laragon\www\mysau_template\system\BaseModel.php(880): CodeIgniter\BaseModel->transformDataToArray(NULL, 'update')
#2 C:\laragon\www\mysau_template\system\Model.php(718): CodeIgniter\BaseModel->update(Array, NULL)
#3 C:\laragon\www\mysau_template\app\Controllers\Presensi.php(131): CodeIgniter\Model->update(Array)
#4 C:\laragon\www\mysau_template\system\CodeIgniter.php(928): App\Controllers\Presensi->update()
#5 C:\laragon\www\mysau_template\system\CodeIgniter.php(436): CodeIgniter\CodeIgniter->runController(Object(App\Controllers\Presensi))
#6 C:\laragon\www\mysau_template\system\CodeIgniter.php(336): CodeIgniter\CodeIgniter->handleRequest(NULL, Object(Config\Cache), false)
#7 C:\laragon\www\mysau_template\public\index.php(37): CodeIgniter\CodeIgniter->run()
#8 {main}
