ERROR - 2023-06-25 17:12:01 --> Unknown column 'PN' in 'where clause'
CRITICAL - 2023-06-25 17:12:01 --> Unknown column 'PN' in 'where clause'
#0 D:\laragon\www\mysau_template\system\Database\MySQLi\Connection.php(329): mysqli->query('SELECT *\nFROM `...')
#1 D:\laragon\www\mysau_template\system\Database\BaseConnection.php(732): CodeIgniter\Database\MySQLi\Connection->execute('SELECT *\nFROM `...')
#2 D:\laragon\www\mysau_template\system\Database\BaseConnection.php(647): CodeIgniter\Database\BaseConnection->simpleQuery('SELECT *\nFROM `...')
#3 D:\laragon\www\mysau_template\system\Database\BaseBuilder.php(1881): CodeIgniter\Database\BaseConnection->query('SELECT *\nFROM `...', Array, false)
#4 D:\laragon\www\mysau_template\system\Model.php(197): CodeIgniter\Database\BaseBuilder->get()
#5 D:\laragon\www\mysau_template\system\BaseModel.php(603): CodeIgniter\Model->doFindAll(0, 0)
#6 D:\laragon\www\mysau_template\app\Controllers\ListKaryawan.php(28): CodeIgniter\BaseModel->findAll()
#7 D:\laragon\www\mysau_template\system\CodeIgniter.php(928): App\Controllers\ListKaryawan->detail('1679')
#8 D:\laragon\www\mysau_template\system\CodeIgniter.php(436): CodeIgniter\CodeIgniter->runController(Object(App\Controllers\ListKaryawan))
#9 D:\laragon\www\mysau_template\system\CodeIgniter.php(336): CodeIgniter\CodeIgniter->handleRequest(NULL, Object(Config\Cache), false)
#10 D:\laragon\www\mysau_template\public\index.php(37): CodeIgniter\CodeIgniter->run()
#11 D:\laragon\www\mysau_template\system\Commands\Server\rewrite.php(45): require_once('D:\\laragon\\www\\...')
#12 {main}
ERROR - 2023-06-25 17:12:28 --> Unknown column 'PN' in 'where clause'
CRITICAL - 2023-06-25 17:12:28 --> Unknown column 'PN' in 'where clause'
#0 D:\laragon\www\mysau_template\system\Database\MySQLi\Connection.php(329): mysqli->query('SELECT *\nFROM `...')
#1 D:\laragon\www\mysau_template\system\Database\BaseConnection.php(732): CodeIgniter\Database\MySQLi\Connection->execute('SELECT *\nFROM `...')
#2 D:\laragon\www\mysau_template\system\Database\BaseConnection.php(647): CodeIgniter\Database\BaseConnection->simpleQuery('SELECT *\nFROM `...')
#3 D:\laragon\www\mysau_template\system\Database\BaseBuilder.php(1881): CodeIgniter\Database\BaseConnection->query('SELECT *\nFROM `...', Array, false)
#4 D:\laragon\www\mysau_template\system\Model.php(197): CodeIgniter\Database\BaseBuilder->get()
#5 D:\laragon\www\mysau_template\system\BaseModel.php(603): CodeIgniter\Model->doFindAll(0, 0)
#6 D:\laragon\www\mysau_template\app\Controllers\ListKaryawan.php(28): CodeIgniter\BaseModel->findAll()
#7 D:\laragon\www\mysau_template\system\CodeIgniter.php(928): App\Controllers\ListKaryawan->detail('1679')
#8 D:\laragon\www\mysau_template\system\CodeIgniter.php(436): CodeIgniter\CodeIgniter->runController(Object(App\Controllers\ListKaryawan))
#9 D:\laragon\www\mysau_template\system\CodeIgniter.php(336): CodeIgniter\CodeIgniter->handleRequest(NULL, Object(Config\Cache), false)
#10 D:\laragon\www\mysau_template\public\index.php(37): CodeIgniter\CodeIgniter->run()
#11 D:\laragon\www\mysau_template\system\Commands\Server\rewrite.php(45): require_once('D:\\laragon\\www\\...')
#12 {main}
ERROR - 2023-06-25 17:13:09 --> Unknown column 'PN' in 'where clause'
CRITICAL - 2023-06-25 17:13:09 --> Unknown column 'PN' in 'where clause'
#0 D:\laragon\www\mysau_template\system\Database\MySQLi\Connection.php(329): mysqli->query('SELECT *\nFROM `...')
#1 D:\laragon\www\mysau_template\system\Database\BaseConnection.php(732): CodeIgniter\Database\MySQLi\Connection->execute('SELECT *\nFROM `...')
#2 D:\laragon\www\mysau_template\system\Database\BaseConnection.php(647): CodeIgniter\Database\BaseConnection->simpleQuery('SELECT *\nFROM `...')
#3 D:\laragon\www\mysau_template\system\Database\BaseBuilder.php(1881): CodeIgniter\Database\BaseConnection->query('SELECT *\nFROM `...', Array, false)
#4 D:\laragon\www\mysau_template\system\Model.php(197): CodeIgniter\Database\BaseBuilder->get()
#5 D:\laragon\www\mysau_template\system\BaseModel.php(603): CodeIgniter\Model->doFindAll(0, 0)
#6 D:\laragon\www\mysau_template\app\Controllers\ListKaryawan.php(28): CodeIgniter\BaseModel->findAll()
#7 D:\laragon\www\mysau_template\system\CodeIgniter.php(928): App\Controllers\ListKaryawan->detail('1679')
#8 D:\laragon\www\mysau_template\system\CodeIgniter.php(436): CodeIgniter\CodeIgniter->runController(Object(App\Controllers\ListKaryawan))
#9 D:\laragon\www\mysau_template\system\CodeIgniter.php(336): CodeIgniter\CodeIgniter->handleRequest(NULL, Object(Config\Cache), false)
#10 D:\laragon\www\mysau_template\public\index.php(37): CodeIgniter\CodeIgniter->run()
#11 D:\laragon\www\mysau_template\system\Commands\Server\rewrite.php(45): require_once('D:\\laragon\\www\\...')
#12 {main}
ERROR - 2023-06-25 17:13:22 --> Unknown column 'PN' in 'where clause'
CRITICAL - 2023-06-25 17:13:22 --> Unknown column 'PN' in 'where clause'
#0 D:\laragon\www\mysau_template\system\Database\MySQLi\Connection.php(329): mysqli->query('SELECT *\nFROM `...')
#1 D:\laragon\www\mysau_template\system\Database\BaseConnection.php(732): CodeIgniter\Database\MySQLi\Connection->execute('SELECT *\nFROM `...')
#2 D:\laragon\www\mysau_template\system\Database\BaseConnection.php(647): CodeIgniter\Database\BaseConnection->simpleQuery('SELECT *\nFROM `...')
#3 D:\laragon\www\mysau_template\system\Database\BaseBuilder.php(1881): CodeIgniter\Database\BaseConnection->query('SELECT *\nFROM `...', Array, false)
#4 D:\laragon\www\mysau_template\system\Model.php(197): CodeIgniter\Database\BaseBuilder->get()
#5 D:\laragon\www\mysau_template\system\BaseModel.php(603): CodeIgniter\Model->doFindAll(0, 0)
#6 D:\laragon\www\mysau_template\app\Controllers\ListKaryawan.php(28): CodeIgniter\BaseModel->findAll()
#7 D:\laragon\www\mysau_template\system\CodeIgniter.php(928): App\Controllers\ListKaryawan->detail('1679')
#8 D:\laragon\www\mysau_template\system\CodeIgniter.php(436): CodeIgniter\CodeIgniter->runController(Object(App\Controllers\ListKaryawan))
#9 D:\laragon\www\mysau_template\system\CodeIgniter.php(336): CodeIgniter\CodeIgniter->handleRequest(NULL, Object(Config\Cache), false)
#10 D:\laragon\www\mysau_template\public\index.php(37): CodeIgniter\CodeIgniter->run()
#11 D:\laragon\www\mysau_template\system\Commands\Server\rewrite.php(45): require_once('D:\\laragon\\www\\...')
#12 {main}
ERROR - 2023-06-25 17:13:32 --> Unknown column 'PN' in 'where clause'
CRITICAL - 2023-06-25 17:13:32 --> Unknown column 'PN' in 'where clause'
#0 D:\laragon\www\mysau_template\system\Database\MySQLi\Connection.php(329): mysqli->query('SELECT *\nFROM `...')
#1 D:\laragon\www\mysau_template\system\Database\BaseConnection.php(732): CodeIgniter\Database\MySQLi\Connection->execute('SELECT *\nFROM `...')
#2 D:\laragon\www\mysau_template\system\Database\BaseConnection.php(647): CodeIgniter\Database\BaseConnection->simpleQuery('SELECT *\nFROM `...')
#3 D:\laragon\www\mysau_template\system\Database\BaseBuilder.php(1881): CodeIgniter\Database\BaseConnection->query('SELECT *\nFROM `...', Array, false)
#4 D:\laragon\www\mysau_template\system\Model.php(197): CodeIgniter\Database\BaseBuilder->get()
#5 D:\laragon\www\mysau_template\system\BaseModel.php(603): CodeIgniter\Model->doFindAll(0, 0)
#6 D:\laragon\www\mysau_template\app\Controllers\ListKaryawan.php(28): CodeIgniter\BaseModel->findAll()
#7 D:\laragon\www\mysau_template\system\CodeIgniter.php(928): App\Controllers\ListKaryawan->detail('1679')
#8 D:\laragon\www\mysau_template\system\CodeIgniter.php(436): CodeIgniter\CodeIgniter->runController(Object(App\Controllers\ListKaryawan))
#9 D:\laragon\www\mysau_template\system\CodeIgniter.php(336): CodeIgniter\CodeIgniter->handleRequest(NULL, Object(Config\Cache), false)
#10 D:\laragon\www\mysau_template\public\index.php(37): CodeIgniter\CodeIgniter->run()
#11 D:\laragon\www\mysau_template\system\Commands\Server\rewrite.php(45): require_once('D:\\laragon\\www\\...')
#12 {main}
ERROR - 2023-06-25 17:25:18 --> Unknown column 'PN' in 'where clause'
CRITICAL - 2023-06-25 17:25:18 --> Unknown column 'PN' in 'where clause'
#0 D:\laragon\www\mysau_template\system\Database\MySQLi\Connection.php(329): mysqli->query('SELECT *\nFROM `...')
#1 D:\laragon\www\mysau_template\system\Database\BaseConnection.php(732): CodeIgniter\Database\MySQLi\Connection->execute('SELECT *\nFROM `...')
#2 D:\laragon\www\mysau_template\system\Database\BaseConnection.php(647): CodeIgniter\Database\BaseConnection->simpleQuery('SELECT *\nFROM `...')
#3 D:\laragon\www\mysau_template\system\Database\BaseBuilder.php(1881): CodeIgniter\Database\BaseConnection->query('SELECT *\nFROM `...', Array, false)
#4 D:\laragon\www\mysau_template\system\Model.php(197): CodeIgniter\Database\BaseBuilder->get()
#5 D:\laragon\www\mysau_template\system\BaseModel.php(603): CodeIgniter\Model->doFindAll(0, 0)
#6 D:\laragon\www\mysau_template\app\Controllers\ListKaryawan.php(28): CodeIgniter\BaseModel->findAll()
#7 D:\laragon\www\mysau_template\system\CodeIgniter.php(928): App\Controllers\ListKaryawan->detail('1679')
#8 D:\laragon\www\mysau_template\system\CodeIgniter.php(436): CodeIgniter\CodeIgniter->runController(Object(App\Controllers\ListKaryawan))
#9 D:\laragon\www\mysau_template\system\CodeIgniter.php(336): CodeIgniter\CodeIgniter->handleRequest(NULL, Object(Config\Cache), false)
#10 D:\laragon\www\mysau_template\public\index.php(37): CodeIgniter\CodeIgniter->run()
#11 D:\laragon\www\mysau_template\system\Commands\Server\rewrite.php(45): require_once('D:\\laragon\\www\\...')
#12 {main}
ERROR - 2023-06-25 17:25:29 --> Unknown column 'PN' in 'where clause'
CRITICAL - 2023-06-25 17:25:29 --> Unknown column 'PN' in 'where clause'
#0 D:\laragon\www\mysau_template\system\Database\MySQLi\Connection.php(329): mysqli->query('SELECT *\nFROM `...')
#1 D:\laragon\www\mysau_template\system\Database\BaseConnection.php(732): CodeIgniter\Database\MySQLi\Connection->execute('SELECT *\nFROM `...')
#2 D:\laragon\www\mysau_template\system\Database\BaseConnection.php(647): CodeIgniter\Database\BaseConnection->simpleQuery('SELECT *\nFROM `...')
#3 D:\laragon\www\mysau_template\system\Database\BaseBuilder.php(1881): CodeIgniter\Database\BaseConnection->query('SELECT *\nFROM `...', Array, false)
#4 D:\laragon\www\mysau_template\system\Model.php(197): CodeIgniter\Database\BaseBuilder->get()
#5 D:\laragon\www\mysau_template\system\BaseModel.php(603): CodeIgniter\Model->doFindAll(0, 0)
#6 D:\laragon\www\mysau_template\app\Controllers\ListKaryawan.php(28): CodeIgniter\BaseModel->findAll()
#7 D:\laragon\www\mysau_template\system\CodeIgniter.php(928): App\Controllers\ListKaryawan->detail('1776')
#8 D:\laragon\www\mysau_template\system\CodeIgniter.php(436): CodeIgniter\CodeIgniter->runController(Object(App\Controllers\ListKaryawan))
#9 D:\laragon\www\mysau_template\system\CodeIgniter.php(336): CodeIgniter\CodeIgniter->handleRequest(NULL, Object(Config\Cache), false)
#10 D:\laragon\www\mysau_template\public\index.php(37): CodeIgniter\CodeIgniter->run()
#11 D:\laragon\www\mysau_template\system\Commands\Server\rewrite.php(45): require_once('D:\\laragon\\www\\...')
#12 {main}
CRITICAL - 2023-06-25 17:27:30 --> syntax error, unexpected '(', expecting identifier (T_STRING) or variable (T_VARIABLE) or '{' or '$'
#0 D:\laragon\www\mysau_template\system\Router\Router.php(169): CodeIgniter\Router\Router->autoRoute('ListKaryawan/de...')
#1 D:\laragon\www\mysau_template\system\CodeIgniter.php(809): CodeIgniter\Router\Router->handle('ListKaryawan/de...')
#2 D:\laragon\www\mysau_template\system\CodeIgniter.php(389): CodeIgniter\CodeIgniter->tryToRouteIt(Object(CodeIgniter\Router\RouteCollection))
#3 D:\laragon\www\mysau_template\system\CodeIgniter.php(336): CodeIgniter\CodeIgniter->handleRequest(NULL, Object(Config\Cache), false)
#4 D:\laragon\www\mysau_template\public\index.php(37): CodeIgniter\CodeIgniter->run()
#5 D:\laragon\www\mysau_template\system\Commands\Server\rewrite.php(45): require_once('D:\\laragon\\www\\...')
#6 {main}
ERROR - 2023-06-25 17:29:21 --> Unknown column 'PN' in 'where clause'
CRITICAL - 2023-06-25 17:29:21 --> Unknown column 'PN' in 'where clause'
#0 D:\laragon\www\mysau_template\system\Database\MySQLi\Connection.php(329): mysqli->query('SELECT *\nFROM `...')
#1 D:\laragon\www\mysau_template\system\Database\BaseConnection.php(732): CodeIgniter\Database\MySQLi\Connection->execute('SELECT *\nFROM `...')
#2 D:\laragon\www\mysau_template\system\Database\BaseConnection.php(647): CodeIgniter\Database\BaseConnection->simpleQuery('SELECT *\nFROM `...')
#3 D:\laragon\www\mysau_template\system\Database\BaseBuilder.php(1881): CodeIgniter\Database\BaseConnection->query('SELECT *\nFROM `...', Array, false)
#4 D:\laragon\www\mysau_template\system\Model.php(197): CodeIgniter\Database\BaseBuilder->get()
#5 D:\laragon\www\mysau_template\system\BaseModel.php(603): CodeIgniter\Model->doFindAll(0, 0)
#6 D:\laragon\www\mysau_template\app\Controllers\ListKaryawan.php(28): CodeIgniter\BaseModel->findAll()
#7 D:\laragon\www\mysau_template\system\CodeIgniter.php(928): App\Controllers\ListKaryawan->detail('1679')
#8 D:\laragon\www\mysau_template\system\CodeIgniter.php(436): CodeIgniter\CodeIgniter->runController(Object(App\Controllers\ListKaryawan))
#9 D:\laragon\www\mysau_template\system\CodeIgniter.php(336): CodeIgniter\CodeIgniter->handleRequest(NULL, Object(Config\Cache), false)
#10 D:\laragon\www\mysau_template\public\index.php(37): CodeIgniter\CodeIgniter->run()
#11 D:\laragon\www\mysau_template\system\Commands\Server\rewrite.php(45): require_once('D:\\laragon\\www\\...')
#12 {main}
ERROR - 2023-06-25 17:29:22 --> Unknown column 'PN' in 'where clause'
CRITICAL - 2023-06-25 17:29:22 --> Unknown column 'PN' in 'where clause'
#0 D:\laragon\www\mysau_template\system\Database\MySQLi\Connection.php(329): mysqli->query('SELECT *\nFROM `...')
#1 D:\laragon\www\mysau_template\system\Database\BaseConnection.php(732): CodeIgniter\Database\MySQLi\Connection->execute('SELECT *\nFROM `...')
#2 D:\laragon\www\mysau_template\system\Database\BaseConnection.php(647): CodeIgniter\Database\BaseConnection->simpleQuery('SELECT *\nFROM `...')
#3 D:\laragon\www\mysau_template\system\Database\BaseBuilder.php(1881): CodeIgniter\Database\BaseConnection->query('SELECT *\nFROM `...', Array, false)
#4 D:\laragon\www\mysau_template\system\Model.php(197): CodeIgniter\Database\BaseBuilder->get()
#5 D:\laragon\www\mysau_template\system\BaseModel.php(603): CodeIgniter\Model->doFindAll(0, 0)
#6 D:\laragon\www\mysau_template\app\Controllers\ListKaryawan.php(28): CodeIgniter\BaseModel->findAll()
#7 D:\laragon\www\mysau_template\system\CodeIgniter.php(928): App\Controllers\ListKaryawan->detail('1679')
#8 D:\laragon\www\mysau_template\system\CodeIgniter.php(436): CodeIgniter\CodeIgniter->runController(Object(App\Controllers\ListKaryawan))
#9 D:\laragon\www\mysau_template\system\CodeIgniter.php(336): CodeIgniter\CodeIgniter->handleRequest(NULL, Object(Config\Cache), false)
#10 D:\laragon\www\mysau_template\public\index.php(37): CodeIgniter\CodeIgniter->run()
#11 D:\laragon\www\mysau_template\system\Commands\Server\rewrite.php(45): require_once('D:\\laragon\\www\\...')
#12 {main}
ERROR - 2023-06-25 17:29:23 --> Unknown column 'PN' in 'where clause'
CRITICAL - 2023-06-25 17:29:23 --> Unknown column 'PN' in 'where clause'
#0 D:\laragon\www\mysau_template\system\Database\MySQLi\Connection.php(329): mysqli->query('SELECT *\nFROM `...')
#1 D:\laragon\www\mysau_template\system\Database\BaseConnection.php(732): CodeIgniter\Database\MySQLi\Connection->execute('SELECT *\nFROM `...')
#2 D:\laragon\www\mysau_template\system\Database\BaseConnection.php(647): CodeIgniter\Database\BaseConnection->simpleQuery('SELECT *\nFROM `...')
#3 D:\laragon\www\mysau_template\system\Database\BaseBuilder.php(1881): CodeIgniter\Database\BaseConnection->query('SELECT *\nFROM `...', Array, false)
#4 D:\laragon\www\mysau_template\system\Model.php(197): CodeIgniter\Database\BaseBuilder->get()
#5 D:\laragon\www\mysau_template\system\BaseModel.php(603): CodeIgniter\Model->doFindAll(0, 0)
#6 D:\laragon\www\mysau_template\app\Controllers\ListKaryawan.php(28): CodeIgniter\BaseModel->findAll()
#7 D:\laragon\www\mysau_template\system\CodeIgniter.php(928): App\Controllers\ListKaryawan->detail('1679')
#8 D:\laragon\www\mysau_template\system\CodeIgniter.php(436): CodeIgniter\CodeIgniter->runController(Object(App\Controllers\ListKaryawan))
#9 D:\laragon\www\mysau_template\system\CodeIgniter.php(336): CodeIgniter\CodeIgniter->handleRequest(NULL, Object(Config\Cache), false)
#10 D:\laragon\www\mysau_template\public\index.php(37): CodeIgniter\CodeIgniter->run()
#11 D:\laragon\www\mysau_template\system\Commands\Server\rewrite.php(45): require_once('D:\\laragon\\www\\...')
#12 {main}
ERROR - 2023-06-25 17:29:24 --> Unknown column 'PN' in 'where clause'
CRITICAL - 2023-06-25 17:29:24 --> Unknown column 'PN' in 'where clause'
#0 D:\laragon\www\mysau_template\system\Database\MySQLi\Connection.php(329): mysqli->query('SELECT *\nFROM `...')
#1 D:\laragon\www\mysau_template\system\Database\BaseConnection.php(732): CodeIgniter\Database\MySQLi\Connection->execute('SELECT *\nFROM `...')
#2 D:\laragon\www\mysau_template\system\Database\BaseConnection.php(647): CodeIgniter\Database\BaseConnection->simpleQuery('SELECT *\nFROM `...')
#3 D:\laragon\www\mysau_template\system\Database\BaseBuilder.php(1881): CodeIgniter\Database\BaseConnection->query('SELECT *\nFROM `...', Array, false)
#4 D:\laragon\www\mysau_template\system\Model.php(197): CodeIgniter\Database\BaseBuilder->get()
#5 D:\laragon\www\mysau_template\system\BaseModel.php(603): CodeIgniter\Model->doFindAll(0, 0)
#6 D:\laragon\www\mysau_template\app\Controllers\ListKaryawan.php(28): CodeIgniter\BaseModel->findAll()
#7 D:\laragon\www\mysau_template\system\CodeIgniter.php(928): App\Controllers\ListKaryawan->detail('1679')
#8 D:\laragon\www\mysau_template\system\CodeIgniter.php(436): CodeIgniter\CodeIgniter->runController(Object(App\Controllers\ListKaryawan))
#9 D:\laragon\www\mysau_template\system\CodeIgniter.php(336): CodeIgniter\CodeIgniter->handleRequest(NULL, Object(Config\Cache), false)
#10 D:\laragon\www\mysau_template\public\index.php(37): CodeIgniter\CodeIgniter->run()
#11 D:\laragon\www\mysau_template\system\Commands\Server\rewrite.php(45): require_once('D:\\laragon\\www\\...')
#12 {main}
ERROR - 2023-06-25 17:29:24 --> Unknown column 'PN' in 'where clause'
CRITICAL - 2023-06-25 17:29:24 --> Unknown column 'PN' in 'where clause'
#0 D:\laragon\www\mysau_template\system\Database\MySQLi\Connection.php(329): mysqli->query('SELECT *\nFROM `...')
#1 D:\laragon\www\mysau_template\system\Database\BaseConnection.php(732): CodeIgniter\Database\MySQLi\Connection->execute('SELECT *\nFROM `...')
#2 D:\laragon\www\mysau_template\system\Database\BaseConnection.php(647): CodeIgniter\Database\BaseConnection->simpleQuery('SELECT *\nFROM `...')
#3 D:\laragon\www\mysau_template\system\Database\BaseBuilder.php(1881): CodeIgniter\Database\BaseConnection->query('SELECT *\nFROM `...', Array, false)
#4 D:\laragon\www\mysau_template\system\Model.php(197): CodeIgniter\Database\BaseBuilder->get()
#5 D:\laragon\www\mysau_template\system\BaseModel.php(603): CodeIgniter\Model->doFindAll(0, 0)
#6 D:\laragon\www\mysau_template\app\Controllers\ListKaryawan.php(28): CodeIgniter\BaseModel->findAll()
#7 D:\laragon\www\mysau_template\system\CodeIgniter.php(928): App\Controllers\ListKaryawan->detail('1679')
#8 D:\laragon\www\mysau_template\system\CodeIgniter.php(436): CodeIgniter\CodeIgniter->runController(Object(App\Controllers\ListKaryawan))
#9 D:\laragon\www\mysau_template\system\CodeIgniter.php(336): CodeIgniter\CodeIgniter->handleRequest(NULL, Object(Config\Cache), false)
#10 D:\laragon\www\mysau_template\public\index.php(37): CodeIgniter\CodeIgniter->run()
#11 D:\laragon\www\mysau_template\system\Commands\Server\rewrite.php(45): require_once('D:\\laragon\\www\\...')
#12 {main}
ERROR - 2023-06-25 17:29:24 --> Unknown column 'PN' in 'where clause'
CRITICAL - 2023-06-25 17:29:24 --> Unknown column 'PN' in 'where clause'
#0 D:\laragon\www\mysau_template\system\Database\MySQLi\Connection.php(329): mysqli->query('SELECT *\nFROM `...')
#1 D:\laragon\www\mysau_template\system\Database\BaseConnection.php(732): CodeIgniter\Database\MySQLi\Connection->execute('SELECT *\nFROM `...')
#2 D:\laragon\www\mysau_template\system\Database\BaseConnection.php(647): CodeIgniter\Database\BaseConnection->simpleQuery('SELECT *\nFROM `...')
#3 D:\laragon\www\mysau_template\system\Database\BaseBuilder.php(1881): CodeIgniter\Database\BaseConnection->query('SELECT *\nFROM `...', Array, false)
#4 D:\laragon\www\mysau_template\system\Model.php(197): CodeIgniter\Database\BaseBuilder->get()
#5 D:\laragon\www\mysau_template\system\BaseModel.php(603): CodeIgniter\Model->doFindAll(0, 0)
#6 D:\laragon\www\mysau_template\app\Controllers\ListKaryawan.php(28): CodeIgniter\BaseModel->findAll()
#7 D:\laragon\www\mysau_template\system\CodeIgniter.php(928): App\Controllers\ListKaryawan->detail('1679')
#8 D:\laragon\www\mysau_template\system\CodeIgniter.php(436): CodeIgniter\CodeIgniter->runController(Object(App\Controllers\ListKaryawan))
#9 D:\laragon\www\mysau_template\system\CodeIgniter.php(336): CodeIgniter\CodeIgniter->handleRequest(NULL, Object(Config\Cache), false)
#10 D:\laragon\www\mysau_template\public\index.php(37): CodeIgniter\CodeIgniter->run()
#11 D:\laragon\www\mysau_template\system\Commands\Server\rewrite.php(45): require_once('D:\\laragon\\www\\...')
#12 {main}
ERROR - 2023-06-25 17:29:25 --> Unknown column 'PN' in 'where clause'
CRITICAL - 2023-06-25 17:29:25 --> Unknown column 'PN' in 'where clause'
#0 D:\laragon\www\mysau_template\system\Database\MySQLi\Connection.php(329): mysqli->query('SELECT *\nFROM `...')
#1 D:\laragon\www\mysau_template\system\Database\BaseConnection.php(732): CodeIgniter\Database\MySQLi\Connection->execute('SELECT *\nFROM `...')
#2 D:\laragon\www\mysau_template\system\Database\BaseConnection.php(647): CodeIgniter\Database\BaseConnection->simpleQuery('SELECT *\nFROM `...')
#3 D:\laragon\www\mysau_template\system\Database\BaseBuilder.php(1881): CodeIgniter\Database\BaseConnection->query('SELECT *\nFROM `...', Array, false)
#4 D:\laragon\www\mysau_template\system\Model.php(197): CodeIgniter\Database\BaseBuilder->get()
#5 D:\laragon\www\mysau_template\system\BaseModel.php(603): CodeIgniter\Model->doFindAll(0, 0)
#6 D:\laragon\www\mysau_template\app\Controllers\ListKaryawan.php(28): CodeIgniter\BaseModel->findAll()
#7 D:\laragon\www\mysau_template\system\CodeIgniter.php(928): App\Controllers\ListKaryawan->detail('1679')
#8 D:\laragon\www\mysau_template\system\CodeIgniter.php(436): CodeIgniter\CodeIgniter->runController(Object(App\Controllers\ListKaryawan))
#9 D:\laragon\www\mysau_template\system\CodeIgniter.php(336): CodeIgniter\CodeIgniter->handleRequest(NULL, Object(Config\Cache), false)
#10 D:\laragon\www\mysau_template\public\index.php(37): CodeIgniter\CodeIgniter->run()
#11 D:\laragon\www\mysau_template\system\Commands\Server\rewrite.php(45): require_once('D:\\laragon\\www\\...')
#12 {main}
ERROR - 2023-06-25 17:29:25 --> Unknown column 'PN' in 'where clause'
CRITICAL - 2023-06-25 17:29:25 --> Unknown column 'PN' in 'where clause'
#0 D:\laragon\www\mysau_template\system\Database\MySQLi\Connection.php(329): mysqli->query('SELECT *\nFROM `...')
#1 D:\laragon\www\mysau_template\system\Database\BaseConnection.php(732): CodeIgniter\Database\MySQLi\Connection->execute('SELECT *\nFROM `...')
#2 D:\laragon\www\mysau_template\system\Database\BaseConnection.php(647): CodeIgniter\Database\BaseConnection->simpleQuery('SELECT *\nFROM `...')
#3 D:\laragon\www\mysau_template\system\Database\BaseBuilder.php(1881): CodeIgniter\Database\BaseConnection->query('SELECT *\nFROM `...', Array, false)
#4 D:\laragon\www\mysau_template\system\Model.php(197): CodeIgniter\Database\BaseBuilder->get()
#5 D:\laragon\www\mysau_template\system\BaseModel.php(603): CodeIgniter\Model->doFindAll(0, 0)
#6 D:\laragon\www\mysau_template\app\Controllers\ListKaryawan.php(28): CodeIgniter\BaseModel->findAll()
#7 D:\laragon\www\mysau_template\system\CodeIgniter.php(928): App\Controllers\ListKaryawan->detail('1679')
#8 D:\laragon\www\mysau_template\system\CodeIgniter.php(436): CodeIgniter\CodeIgniter->runController(Object(App\Controllers\ListKaryawan))
#9 D:\laragon\www\mysau_template\system\CodeIgniter.php(336): CodeIgniter\CodeIgniter->handleRequest(NULL, Object(Config\Cache), false)
#10 D:\laragon\www\mysau_template\public\index.php(37): CodeIgniter\CodeIgniter->run()
#11 D:\laragon\www\mysau_template\system\Commands\Server\rewrite.php(45): require_once('D:\\laragon\\www\\...')
#12 {main}
ERROR - 2023-06-25 17:29:25 --> Unknown column 'PN' in 'where clause'
CRITICAL - 2023-06-25 17:29:25 --> Unknown column 'PN' in 'where clause'
#0 D:\laragon\www\mysau_template\system\Database\MySQLi\Connection.php(329): mysqli->query('SELECT *\nFROM `...')
#1 D:\laragon\www\mysau_template\system\Database\BaseConnection.php(732): CodeIgniter\Database\MySQLi\Connection->execute('SELECT *\nFROM `...')
#2 D:\laragon\www\mysau_template\system\Database\BaseConnection.php(647): CodeIgniter\Database\BaseConnection->simpleQuery('SELECT *\nFROM `...')
#3 D:\laragon\www\mysau_template\system\Database\BaseBuilder.php(1881): CodeIgniter\Database\BaseConnection->query('SELECT *\nFROM `...', Array, false)
#4 D:\laragon\www\mysau_template\system\Model.php(197): CodeIgniter\Database\BaseBuilder->get()
#5 D:\laragon\www\mysau_template\system\BaseModel.php(603): CodeIgniter\Model->doFindAll(0, 0)
#6 D:\laragon\www\mysau_template\app\Controllers\ListKaryawan.php(28): CodeIgniter\BaseModel->findAll()
#7 D:\laragon\www\mysau_template\system\CodeIgniter.php(928): App\Controllers\ListKaryawan->detail('1679')
#8 D:\laragon\www\mysau_template\system\CodeIgniter.php(436): CodeIgniter\CodeIgniter->runController(Object(App\Controllers\ListKaryawan))
#9 D:\laragon\www\mysau_template\system\CodeIgniter.php(336): CodeIgniter\CodeIgniter->handleRequest(NULL, Object(Config\Cache), false)
#10 D:\laragon\www\mysau_template\public\index.php(37): CodeIgniter\CodeIgniter->run()
#11 D:\laragon\www\mysau_template\system\Commands\Server\rewrite.php(45): require_once('D:\\laragon\\www\\...')
#12 {main}
ERROR - 2023-06-25 17:29:25 --> Unknown column 'PN' in 'where clause'
CRITICAL - 2023-06-25 17:29:25 --> Unknown column 'PN' in 'where clause'
#0 D:\laragon\www\mysau_template\system\Database\MySQLi\Connection.php(329): mysqli->query('SELECT *\nFROM `...')
#1 D:\laragon\www\mysau_template\system\Database\BaseConnection.php(732): CodeIgniter\Database\MySQLi\Connection->execute('SELECT *\nFROM `...')
#2 D:\laragon\www\mysau_template\system\Database\BaseConnection.php(647): CodeIgniter\Database\BaseConnection->simpleQuery('SELECT *\nFROM `...')
#3 D:\laragon\www\mysau_template\system\Database\BaseBuilder.php(1881): CodeIgniter\Database\BaseConnection->query('SELECT *\nFROM `...', Array, false)
#4 D:\laragon\www\mysau_template\system\Model.php(197): CodeIgniter\Database\BaseBuilder->get()
#5 D:\laragon\www\mysau_template\system\BaseModel.php(603): CodeIgniter\Model->doFindAll(0, 0)
#6 D:\laragon\www\mysau_template\app\Controllers\ListKaryawan.php(28): CodeIgniter\BaseModel->findAll()
#7 D:\laragon\www\mysau_template\system\CodeIgniter.php(928): App\Controllers\ListKaryawan->detail('1679')
#8 D:\laragon\www\mysau_template\system\CodeIgniter.php(436): CodeIgniter\CodeIgniter->runController(Object(App\Controllers\ListKaryawan))
#9 D:\laragon\www\mysau_template\system\CodeIgniter.php(336): CodeIgniter\CodeIgniter->handleRequest(NULL, Object(Config\Cache), false)
#10 D:\laragon\www\mysau_template\public\index.php(37): CodeIgniter\CodeIgniter->run()
#11 D:\laragon\www\mysau_template\system\Commands\Server\rewrite.php(45): require_once('D:\\laragon\\www\\...')
#12 {main}
ERROR - 2023-06-25 17:29:26 --> Unknown column 'PN' in 'where clause'
CRITICAL - 2023-06-25 17:29:26 --> Unknown column 'PN' in 'where clause'
#0 D:\laragon\www\mysau_template\system\Database\MySQLi\Connection.php(329): mysqli->query('SELECT *\nFROM `...')
#1 D:\laragon\www\mysau_template\system\Database\BaseConnection.php(732): CodeIgniter\Database\MySQLi\Connection->execute('SELECT *\nFROM `...')
#2 D:\laragon\www\mysau_template\system\Database\BaseConnection.php(647): CodeIgniter\Database\BaseConnection->simpleQuery('SELECT *\nFROM `...')
#3 D:\laragon\www\mysau_template\system\Database\BaseBuilder.php(1881): CodeIgniter\Database\BaseConnection->query('SELECT *\nFROM `...', Array, false)
#4 D:\laragon\www\mysau_template\system\Model.php(197): CodeIgniter\Database\BaseBuilder->get()
#5 D:\laragon\www\mysau_template\system\BaseModel.php(603): CodeIgniter\Model->doFindAll(0, 0)
#6 D:\laragon\www\mysau_template\app\Controllers\ListKaryawan.php(28): CodeIgniter\BaseModel->findAll()
#7 D:\laragon\www\mysau_template\system\CodeIgniter.php(928): App\Controllers\ListKaryawan->detail('1679')
#8 D:\laragon\www\mysau_template\system\CodeIgniter.php(436): CodeIgniter\CodeIgniter->runController(Object(App\Controllers\ListKaryawan))
#9 D:\laragon\www\mysau_template\system\CodeIgniter.php(336): CodeIgniter\CodeIgniter->handleRequest(NULL, Object(Config\Cache), false)
#10 D:\laragon\www\mysau_template\public\index.php(37): CodeIgniter\CodeIgniter->run()
#11 D:\laragon\www\mysau_template\system\Commands\Server\rewrite.php(45): require_once('D:\\laragon\\www\\...')
#12 {main}
ERROR - 2023-06-25 17:29:26 --> Unknown column 'PN' in 'where clause'
CRITICAL - 2023-06-25 17:29:26 --> Unknown column 'PN' in 'where clause'
#0 D:\laragon\www\mysau_template\system\Database\MySQLi\Connection.php(329): mysqli->query('SELECT *\nFROM `...')
#1 D:\laragon\www\mysau_template\system\Database\BaseConnection.php(732): CodeIgniter\Database\MySQLi\Connection->execute('SELECT *\nFROM `...')
#2 D:\laragon\www\mysau_template\system\Database\BaseConnection.php(647): CodeIgniter\Database\BaseConnection->simpleQuery('SELECT *\nFROM `...')
#3 D:\laragon\www\mysau_template\system\Database\BaseBuilder.php(1881): CodeIgniter\Database\BaseConnection->query('SELECT *\nFROM `...', Array, false)
#4 D:\laragon\www\mysau_template\system\Model.php(197): CodeIgniter\Database\BaseBuilder->get()
#5 D:\laragon\www\mysau_template\system\BaseModel.php(603): CodeIgniter\Model->doFindAll(0, 0)
#6 D:\laragon\www\mysau_template\app\Controllers\ListKaryawan.php(28): CodeIgniter\BaseModel->findAll()
#7 D:\laragon\www\mysau_template\system\CodeIgniter.php(928): App\Controllers\ListKaryawan->detail('1679')
#8 D:\laragon\www\mysau_template\system\CodeIgniter.php(436): CodeIgniter\CodeIgniter->runController(Object(App\Controllers\ListKaryawan))
#9 D:\laragon\www\mysau_template\system\CodeIgniter.php(336): CodeIgniter\CodeIgniter->handleRequest(NULL, Object(Config\Cache), false)
#10 D:\laragon\www\mysau_template\public\index.php(37): CodeIgniter\CodeIgniter->run()
#11 D:\laragon\www\mysau_template\system\Commands\Server\rewrite.php(45): require_once('D:\\laragon\\www\\...')
#12 {main}
ERROR - 2023-06-25 17:29:26 --> Unknown column 'PN' in 'where clause'
CRITICAL - 2023-06-25 17:29:26 --> Unknown column 'PN' in 'where clause'
#0 D:\laragon\www\mysau_template\system\Database\MySQLi\Connection.php(329): mysqli->query('SELECT *\nFROM `...')
#1 D:\laragon\www\mysau_template\system\Database\BaseConnection.php(732): CodeIgniter\Database\MySQLi\Connection->execute('SELECT *\nFROM `...')
#2 D:\laragon\www\mysau_template\system\Database\BaseConnection.php(647): CodeIgniter\Database\BaseConnection->simpleQuery('SELECT *\nFROM `...')
#3 D:\laragon\www\mysau_template\system\Database\BaseBuilder.php(1881): CodeIgniter\Database\BaseConnection->query('SELECT *\nFROM `...', Array, false)
#4 D:\laragon\www\mysau_template\system\Model.php(197): CodeIgniter\Database\BaseBuilder->get()
#5 D:\laragon\www\mysau_template\system\BaseModel.php(603): CodeIgniter\Model->doFindAll(0, 0)
#6 D:\laragon\www\mysau_template\app\Controllers\ListKaryawan.php(28): CodeIgniter\BaseModel->findAll()
#7 D:\laragon\www\mysau_template\system\CodeIgniter.php(928): App\Controllers\ListKaryawan->detail('1679')
#8 D:\laragon\www\mysau_template\system\CodeIgniter.php(436): CodeIgniter\CodeIgniter->runController(Object(App\Controllers\ListKaryawan))
#9 D:\laragon\www\mysau_template\system\CodeIgniter.php(336): CodeIgniter\CodeIgniter->handleRequest(NULL, Object(Config\Cache), false)
#10 D:\laragon\www\mysau_template\public\index.php(37): CodeIgniter\CodeIgniter->run()
#11 D:\laragon\www\mysau_template\system\Commands\Server\rewrite.php(45): require_once('D:\\laragon\\www\\...')
#12 {main}
ERROR - 2023-06-25 17:31:21 --> Unknown column 'PN' in 'where clause'
CRITICAL - 2023-06-25 17:31:21 --> Unknown column 'PN' in 'where clause'
#0 D:\laragon\www\mysau_template\system\Database\MySQLi\Connection.php(329): mysqli->query('SELECT *\nFROM `...')
#1 D:\laragon\www\mysau_template\system\Database\BaseConnection.php(732): CodeIgniter\Database\MySQLi\Connection->execute('SELECT *\nFROM `...')
#2 D:\laragon\www\mysau_template\system\Database\BaseConnection.php(647): CodeIgniter\Database\BaseConnection->simpleQuery('SELECT *\nFROM `...')
#3 D:\laragon\www\mysau_template\system\Database\BaseBuilder.php(1881): CodeIgniter\Database\BaseConnection->query('SELECT *\nFROM `...', Array, false)
#4 D:\laragon\www\mysau_template\system\Model.php(197): CodeIgniter\Database\BaseBuilder->get()
#5 D:\laragon\www\mysau_template\system\BaseModel.php(603): CodeIgniter\Model->doFindAll(0, 0)
#6 D:\laragon\www\mysau_template\app\Controllers\ListKaryawan.php(28): CodeIgniter\BaseModel->findAll()
#7 D:\laragon\www\mysau_template\system\CodeIgniter.php(928): App\Controllers\ListKaryawan->detail('1679')
#8 D:\laragon\www\mysau_template\system\CodeIgniter.php(436): CodeIgniter\CodeIgniter->runController(Object(App\Controllers\ListKaryawan))
#9 D:\laragon\www\mysau_template\system\CodeIgniter.php(336): CodeIgniter\CodeIgniter->handleRequest(NULL, Object(Config\Cache), false)
#10 D:\laragon\www\mysau_template\public\index.php(37): CodeIgniter\CodeIgniter->run()
#11 D:\laragon\www\mysau_template\system\Commands\Server\rewrite.php(45): require_once('D:\\laragon\\www\\...')
#12 {main}
ERROR - 2023-06-25 17:31:23 --> Unknown column 'PN' in 'where clause'
CRITICAL - 2023-06-25 17:31:23 --> Unknown column 'PN' in 'where clause'
#0 D:\laragon\www\mysau_template\system\Database\MySQLi\Connection.php(329): mysqli->query('SELECT *\nFROM `...')
#1 D:\laragon\www\mysau_template\system\Database\BaseConnection.php(732): CodeIgniter\Database\MySQLi\Connection->execute('SELECT *\nFROM `...')
#2 D:\laragon\www\mysau_template\system\Database\BaseConnection.php(647): CodeIgniter\Database\BaseConnection->simpleQuery('SELECT *\nFROM `...')
#3 D:\laragon\www\mysau_template\system\Database\BaseBuilder.php(1881): CodeIgniter\Database\BaseConnection->query('SELECT *\nFROM `...', Array, false)
#4 D:\laragon\www\mysau_template\system\Model.php(197): CodeIgniter\Database\BaseBuilder->get()
#5 D:\laragon\www\mysau_template\system\BaseModel.php(603): CodeIgniter\Model->doFindAll(0, 0)
#6 D:\laragon\www\mysau_template\app\Controllers\ListKaryawan.php(28): CodeIgniter\BaseModel->findAll()
#7 D:\laragon\www\mysau_template\system\CodeIgniter.php(928): App\Controllers\ListKaryawan->detail('1679')
#8 D:\laragon\www\mysau_template\system\CodeIgniter.php(436): CodeIgniter\CodeIgniter->runController(Object(App\Controllers\ListKaryawan))
#9 D:\laragon\www\mysau_template\system\CodeIgniter.php(336): CodeIgniter\CodeIgniter->handleRequest(NULL, Object(Config\Cache), false)
#10 D:\laragon\www\mysau_template\public\index.php(37): CodeIgniter\CodeIgniter->run()
#11 D:\laragon\www\mysau_template\system\Commands\Server\rewrite.php(45): require_once('D:\\laragon\\www\\...')
#12 {main}
ERROR - 2023-06-25 17:35:05 --> Unknown column 'PN' in 'where clause'
CRITICAL - 2023-06-25 17:35:05 --> Unknown column 'PN' in 'where clause'
#0 D:\laragon\www\mysau_template\system\Database\MySQLi\Connection.php(329): mysqli->query('SELECT *\nFROM `...')
#1 D:\laragon\www\mysau_template\system\Database\BaseConnection.php(732): CodeIgniter\Database\MySQLi\Connection->execute('SELECT *\nFROM `...')
#2 D:\laragon\www\mysau_template\system\Database\BaseConnection.php(647): CodeIgniter\Database\BaseConnection->simpleQuery('SELECT *\nFROM `...')
#3 D:\laragon\www\mysau_template\system\Database\BaseBuilder.php(1881): CodeIgniter\Database\BaseConnection->query('SELECT *\nFROM `...', Array, false)
#4 D:\laragon\www\mysau_template\system\Model.php(197): CodeIgniter\Database\BaseBuilder->get()
#5 D:\laragon\www\mysau_template\system\BaseModel.php(603): CodeIgniter\Model->doFindAll(0, 0)
#6 D:\laragon\www\mysau_template\app\Controllers\ListKaryawan.php(28): CodeIgniter\BaseModel->findAll()
#7 D:\laragon\www\mysau_template\system\CodeIgniter.php(928): App\Controllers\ListKaryawan->detail('1679')
#8 D:\laragon\www\mysau_template\system\CodeIgniter.php(436): CodeIgniter\CodeIgniter->runController(Object(App\Controllers\ListKaryawan))
#9 D:\laragon\www\mysau_template\system\CodeIgniter.php(336): CodeIgniter\CodeIgniter->handleRequest(NULL, Object(Config\Cache), false)
#10 D:\laragon\www\mysau_template\public\index.php(37): CodeIgniter\CodeIgniter->run()
#11 D:\laragon\www\mysau_template\system\Commands\Server\rewrite.php(45): require_once('D:\\laragon\\www\\...')
#12 {main}
ERROR - 2023-06-25 17:35:06 --> Unknown column 'PN' in 'where clause'
CRITICAL - 2023-06-25 17:35:06 --> Unknown column 'PN' in 'where clause'
#0 D:\laragon\www\mysau_template\system\Database\MySQLi\Connection.php(329): mysqli->query('SELECT *\nFROM `...')
#1 D:\laragon\www\mysau_template\system\Database\BaseConnection.php(732): CodeIgniter\Database\MySQLi\Connection->execute('SELECT *\nFROM `...')
#2 D:\laragon\www\mysau_template\system\Database\BaseConnection.php(647): CodeIgniter\Database\BaseConnection->simpleQuery('SELECT *\nFROM `...')
#3 D:\laragon\www\mysau_template\system\Database\BaseBuilder.php(1881): CodeIgniter\Database\BaseConnection->query('SELECT *\nFROM `...', Array, false)
#4 D:\laragon\www\mysau_template\system\Model.php(197): CodeIgniter\Database\BaseBuilder->get()
#5 D:\laragon\www\mysau_template\system\BaseModel.php(603): CodeIgniter\Model->doFindAll(0, 0)
#6 D:\laragon\www\mysau_template\app\Controllers\ListKaryawan.php(28): CodeIgniter\BaseModel->findAll()
#7 D:\laragon\www\mysau_template\system\CodeIgniter.php(928): App\Controllers\ListKaryawan->detail('1679')
#8 D:\laragon\www\mysau_template\system\CodeIgniter.php(436): CodeIgniter\CodeIgniter->runController(Object(App\Controllers\ListKaryawan))
#9 D:\laragon\www\mysau_template\system\CodeIgniter.php(336): CodeIgniter\CodeIgniter->handleRequest(NULL, Object(Config\Cache), false)
#10 D:\laragon\www\mysau_template\public\index.php(37): CodeIgniter\CodeIgniter->run()
#11 D:\laragon\www\mysau_template\system\Commands\Server\rewrite.php(45): require_once('D:\\laragon\\www\\...')
#12 {main}
ERROR - 2023-06-25 17:45:56 --> Unknown column 'PN' in 'where clause'
CRITICAL - 2023-06-25 17:45:56 --> Unknown column 'PN' in 'where clause'
#0 D:\laragon\www\mysau_template\system\Database\MySQLi\Connection.php(329): mysqli->query('SELECT *\nFROM `...')
#1 D:\laragon\www\mysau_template\system\Database\BaseConnection.php(732): CodeIgniter\Database\MySQLi\Connection->execute('SELECT *\nFROM `...')
#2 D:\laragon\www\mysau_template\system\Database\BaseConnection.php(647): CodeIgniter\Database\BaseConnection->simpleQuery('SELECT *\nFROM `...')
#3 D:\laragon\www\mysau_template\system\Database\BaseBuilder.php(1881): CodeIgniter\Database\BaseConnection->query('SELECT *\nFROM `...', Array, false)
#4 D:\laragon\www\mysau_template\system\Model.php(197): CodeIgniter\Database\BaseBuilder->get()
#5 D:\laragon\www\mysau_template\system\BaseModel.php(603): CodeIgniter\Model->doFindAll(0, 0)
#6 D:\laragon\www\mysau_template\app\Controllers\ListKaryawan.php(28): CodeIgniter\BaseModel->findAll()
#7 D:\laragon\www\mysau_template\system\CodeIgniter.php(928): App\Controllers\ListKaryawan->detail('1679')
#8 D:\laragon\www\mysau_template\system\CodeIgniter.php(436): CodeIgniter\CodeIgniter->runController(Object(App\Controllers\ListKaryawan))
#9 D:\laragon\www\mysau_template\system\CodeIgniter.php(336): CodeIgniter\CodeIgniter->handleRequest(NULL, Object(Config\Cache), false)
#10 D:\laragon\www\mysau_template\public\index.php(37): CodeIgniter\CodeIgniter->run()
#11 D:\laragon\www\mysau_template\system\Commands\Server\rewrite.php(45): require_once('D:\\laragon\\www\\...')
#12 {main}
ERROR - 2023-06-25 17:45:58 --> Unknown column 'PN' in 'where clause'
CRITICAL - 2023-06-25 17:45:58 --> Unknown column 'PN' in 'where clause'
#0 D:\laragon\www\mysau_template\system\Database\MySQLi\Connection.php(329): mysqli->query('SELECT *\nFROM `...')
#1 D:\laragon\www\mysau_template\system\Database\BaseConnection.php(732): CodeIgniter\Database\MySQLi\Connection->execute('SELECT *\nFROM `...')
#2 D:\laragon\www\mysau_template\system\Database\BaseConnection.php(647): CodeIgniter\Database\BaseConnection->simpleQuery('SELECT *\nFROM `...')
#3 D:\laragon\www\mysau_template\system\Database\BaseBuilder.php(1881): CodeIgniter\Database\BaseConnection->query('SELECT *\nFROM `...', Array, false)
#4 D:\laragon\www\mysau_template\system\Model.php(197): CodeIgniter\Database\BaseBuilder->get()
#5 D:\laragon\www\mysau_template\system\BaseModel.php(603): CodeIgniter\Model->doFindAll(0, 0)
#6 D:\laragon\www\mysau_template\app\Controllers\ListKaryawan.php(28): CodeIgniter\BaseModel->findAll()
#7 D:\laragon\www\mysau_template\system\CodeIgniter.php(928): App\Controllers\ListKaryawan->detail('1679')
#8 D:\laragon\www\mysau_template\system\CodeIgniter.php(436): CodeIgniter\CodeIgniter->runController(Object(App\Controllers\ListKaryawan))
#9 D:\laragon\www\mysau_template\system\CodeIgniter.php(336): CodeIgniter\CodeIgniter->handleRequest(NULL, Object(Config\Cache), false)
#10 D:\laragon\www\mysau_template\public\index.php(37): CodeIgniter\CodeIgniter->run()
#11 D:\laragon\www\mysau_template\system\Commands\Server\rewrite.php(45): require_once('D:\\laragon\\www\\...')
#12 {main}
ERROR - 2023-06-25 17:46:54 --> Unknown column 'PN' in 'where clause'
CRITICAL - 2023-06-25 17:46:54 --> Unknown column 'PN' in 'where clause'
#0 D:\laragon\www\mysau_template\system\Database\MySQLi\Connection.php(329): mysqli->query('SELECT *\nFROM `...')
#1 D:\laragon\www\mysau_template\system\Database\BaseConnection.php(732): CodeIgniter\Database\MySQLi\Connection->execute('SELECT *\nFROM `...')
#2 D:\laragon\www\mysau_template\system\Database\BaseConnection.php(647): CodeIgniter\Database\BaseConnection->simpleQuery('SELECT *\nFROM `...')
#3 D:\laragon\www\mysau_template\system\Database\BaseBuilder.php(1881): CodeIgniter\Database\BaseConnection->query('SELECT *\nFROM `...', Array, false)
#4 D:\laragon\www\mysau_template\system\Model.php(197): CodeIgniter\Database\BaseBuilder->get()
#5 D:\laragon\www\mysau_template\system\BaseModel.php(603): CodeIgniter\Model->doFindAll(0, 0)
#6 D:\laragon\www\mysau_template\app\Controllers\ListKaryawan.php(28): CodeIgniter\BaseModel->findAll()
#7 D:\laragon\www\mysau_template\system\CodeIgniter.php(928): App\Controllers\ListKaryawan->detail('1679')
#8 D:\laragon\www\mysau_template\system\CodeIgniter.php(436): CodeIgniter\CodeIgniter->runController(Object(App\Controllers\ListKaryawan))
#9 D:\laragon\www\mysau_template\system\CodeIgniter.php(336): CodeIgniter\CodeIgniter->handleRequest(NULL, Object(Config\Cache), false)
#10 D:\laragon\www\mysau_template\public\index.php(37): CodeIgniter\CodeIgniter->run()
#11 D:\laragon\www\mysau_template\system\Commands\Server\rewrite.php(45): require_once('D:\\laragon\\www\\...')
#12 {main}
ERROR - 2023-06-25 17:46:55 --> Unknown column 'PN' in 'where clause'
CRITICAL - 2023-06-25 17:46:55 --> Unknown column 'PN' in 'where clause'
#0 D:\laragon\www\mysau_template\system\Database\MySQLi\Connection.php(329): mysqli->query('SELECT *\nFROM `...')
#1 D:\laragon\www\mysau_template\system\Database\BaseConnection.php(732): CodeIgniter\Database\MySQLi\Connection->execute('SELECT *\nFROM `...')
#2 D:\laragon\www\mysau_template\system\Database\BaseConnection.php(647): CodeIgniter\Database\BaseConnection->simpleQuery('SELECT *\nFROM `...')
#3 D:\laragon\www\mysau_template\system\Database\BaseBuilder.php(1881): CodeIgniter\Database\BaseConnection->query('SELECT *\nFROM `...', Array, false)
#4 D:\laragon\www\mysau_template\system\Model.php(197): CodeIgniter\Database\BaseBuilder->get()
#5 D:\laragon\www\mysau_template\system\BaseModel.php(603): CodeIgniter\Model->doFindAll(0, 0)
#6 D:\laragon\www\mysau_template\app\Controllers\ListKaryawan.php(28): CodeIgniter\BaseModel->findAll()
#7 D:\laragon\www\mysau_template\system\CodeIgniter.php(928): App\Controllers\ListKaryawan->detail('1679')
#8 D:\laragon\www\mysau_template\system\CodeIgniter.php(436): CodeIgniter\CodeIgniter->runController(Object(App\Controllers\ListKaryawan))
#9 D:\laragon\www\mysau_template\system\CodeIgniter.php(336): CodeIgniter\CodeIgniter->handleRequest(NULL, Object(Config\Cache), false)
#10 D:\laragon\www\mysau_template\public\index.php(37): CodeIgniter\CodeIgniter->run()
#11 D:\laragon\www\mysau_template\system\Commands\Server\rewrite.php(45): require_once('D:\\laragon\\www\\...')
#12 {main}
ERROR - 2023-06-25 17:46:55 --> Unknown column 'PN' in 'where clause'
CRITICAL - 2023-06-25 17:46:55 --> Unknown column 'PN' in 'where clause'
#0 D:\laragon\www\mysau_template\system\Database\MySQLi\Connection.php(329): mysqli->query('SELECT *\nFROM `...')
#1 D:\laragon\www\mysau_template\system\Database\BaseConnection.php(732): CodeIgniter\Database\MySQLi\Connection->execute('SELECT *\nFROM `...')
#2 D:\laragon\www\mysau_template\system\Database\BaseConnection.php(647): CodeIgniter\Database\BaseConnection->simpleQuery('SELECT *\nFROM `...')
#3 D:\laragon\www\mysau_template\system\Database\BaseBuilder.php(1881): CodeIgniter\Database\BaseConnection->query('SELECT *\nFROM `...', Array, false)
#4 D:\laragon\www\mysau_template\system\Model.php(197): CodeIgniter\Database\BaseBuilder->get()
#5 D:\laragon\www\mysau_template\system\BaseModel.php(603): CodeIgniter\Model->doFindAll(0, 0)
#6 D:\laragon\www\mysau_template\app\Controllers\ListKaryawan.php(28): CodeIgniter\BaseModel->findAll()
#7 D:\laragon\www\mysau_template\system\CodeIgniter.php(928): App\Controllers\ListKaryawan->detail('1679')
#8 D:\laragon\www\mysau_template\system\CodeIgniter.php(436): CodeIgniter\CodeIgniter->runController(Object(App\Controllers\ListKaryawan))
#9 D:\laragon\www\mysau_template\system\CodeIgniter.php(336): CodeIgniter\CodeIgniter->handleRequest(NULL, Object(Config\Cache), false)
#10 D:\laragon\www\mysau_template\public\index.php(37): CodeIgniter\CodeIgniter->run()
#11 D:\laragon\www\mysau_template\system\Commands\Server\rewrite.php(45): require_once('D:\\laragon\\www\\...')
#12 {main}
ERROR - 2023-06-25 17:46:56 --> Unknown column 'PN' in 'where clause'
CRITICAL - 2023-06-25 17:46:56 --> Unknown column 'PN' in 'where clause'
#0 D:\laragon\www\mysau_template\system\Database\MySQLi\Connection.php(329): mysqli->query('SELECT *\nFROM `...')
#1 D:\laragon\www\mysau_template\system\Database\BaseConnection.php(732): CodeIgniter\Database\MySQLi\Connection->execute('SELECT *\nFROM `...')
#2 D:\laragon\www\mysau_template\system\Database\BaseConnection.php(647): CodeIgniter\Database\BaseConnection->simpleQuery('SELECT *\nFROM `...')
#3 D:\laragon\www\mysau_template\system\Database\BaseBuilder.php(1881): CodeIgniter\Database\BaseConnection->query('SELECT *\nFROM `...', Array, false)
#4 D:\laragon\www\mysau_template\system\Model.php(197): CodeIgniter\Database\BaseBuilder->get()
#5 D:\laragon\www\mysau_template\system\BaseModel.php(603): CodeIgniter\Model->doFindAll(0, 0)
#6 D:\laragon\www\mysau_template\app\Controllers\ListKaryawan.php(28): CodeIgniter\BaseModel->findAll()
#7 D:\laragon\www\mysau_template\system\CodeIgniter.php(928): App\Controllers\ListKaryawan->detail('1679')
#8 D:\laragon\www\mysau_template\system\CodeIgniter.php(436): CodeIgniter\CodeIgniter->runController(Object(App\Controllers\ListKaryawan))
#9 D:\laragon\www\mysau_template\system\CodeIgniter.php(336): CodeIgniter\CodeIgniter->handleRequest(NULL, Object(Config\Cache), false)
#10 D:\laragon\www\mysau_template\public\index.php(37): CodeIgniter\CodeIgniter->run()
#11 D:\laragon\www\mysau_template\system\Commands\Server\rewrite.php(45): require_once('D:\\laragon\\www\\...')
#12 {main}
ERROR - 2023-06-25 17:46:56 --> Unknown column 'PN' in 'where clause'
CRITICAL - 2023-06-25 17:46:56 --> Unknown column 'PN' in 'where clause'
#0 D:\laragon\www\mysau_template\system\Database\MySQLi\Connection.php(329): mysqli->query('SELECT *\nFROM `...')
#1 D:\laragon\www\mysau_template\system\Database\BaseConnection.php(732): CodeIgniter\Database\MySQLi\Connection->execute('SELECT *\nFROM `...')
#2 D:\laragon\www\mysau_template\system\Database\BaseConnection.php(647): CodeIgniter\Database\BaseConnection->simpleQuery('SELECT *\nFROM `...')
#3 D:\laragon\www\mysau_template\system\Database\BaseBuilder.php(1881): CodeIgniter\Database\BaseConnection->query('SELECT *\nFROM `...', Array, false)
#4 D:\laragon\www\mysau_template\system\Model.php(197): CodeIgniter\Database\BaseBuilder->get()
#5 D:\laragon\www\mysau_template\system\BaseModel.php(603): CodeIgniter\Model->doFindAll(0, 0)
#6 D:\laragon\www\mysau_template\app\Controllers\ListKaryawan.php(28): CodeIgniter\BaseModel->findAll()
#7 D:\laragon\www\mysau_template\system\CodeIgniter.php(928): App\Controllers\ListKaryawan->detail('1679')
#8 D:\laragon\www\mysau_template\system\CodeIgniter.php(436): CodeIgniter\CodeIgniter->runController(Object(App\Controllers\ListKaryawan))
#9 D:\laragon\www\mysau_template\system\CodeIgniter.php(336): CodeIgniter\CodeIgniter->handleRequest(NULL, Object(Config\Cache), false)
#10 D:\laragon\www\mysau_template\public\index.php(37): CodeIgniter\CodeIgniter->run()
#11 D:\laragon\www\mysau_template\system\Commands\Server\rewrite.php(45): require_once('D:\\laragon\\www\\...')
#12 {main}
ERROR - 2023-06-25 17:46:56 --> Unknown column 'PN' in 'where clause'
CRITICAL - 2023-06-25 17:46:56 --> Unknown column 'PN' in 'where clause'
#0 D:\laragon\www\mysau_template\system\Database\MySQLi\Connection.php(329): mysqli->query('SELECT *\nFROM `...')
#1 D:\laragon\www\mysau_template\system\Database\BaseConnection.php(732): CodeIgniter\Database\MySQLi\Connection->execute('SELECT *\nFROM `...')
#2 D:\laragon\www\mysau_template\system\Database\BaseConnection.php(647): CodeIgniter\Database\BaseConnection->simpleQuery('SELECT *\nFROM `...')
#3 D:\laragon\www\mysau_template\system\Database\BaseBuilder.php(1881): CodeIgniter\Database\BaseConnection->query('SELECT *\nFROM `...', Array, false)
#4 D:\laragon\www\mysau_template\system\Model.php(197): CodeIgniter\Database\BaseBuilder->get()
#5 D:\laragon\www\mysau_template\system\BaseModel.php(603): CodeIgniter\Model->doFindAll(0, 0)
#6 D:\laragon\www\mysau_template\app\Controllers\ListKaryawan.php(28): CodeIgniter\BaseModel->findAll()
#7 D:\laragon\www\mysau_template\system\CodeIgniter.php(928): App\Controllers\ListKaryawan->detail('1679')
#8 D:\laragon\www\mysau_template\system\CodeIgniter.php(436): CodeIgniter\CodeIgniter->runController(Object(App\Controllers\ListKaryawan))
#9 D:\laragon\www\mysau_template\system\CodeIgniter.php(336): CodeIgniter\CodeIgniter->handleRequest(NULL, Object(Config\Cache), false)
#10 D:\laragon\www\mysau_template\public\index.php(37): CodeIgniter\CodeIgniter->run()
#11 D:\laragon\www\mysau_template\system\Commands\Server\rewrite.php(45): require_once('D:\\laragon\\www\\...')
#12 {main}
ERROR - 2023-06-25 17:50:30 --> Unknown column 'PN' in 'where clause'
CRITICAL - 2023-06-25 17:50:30 --> Unknown column 'PN' in 'where clause'
#0 D:\laragon\www\mysau_template\system\Database\MySQLi\Connection.php(329): mysqli->query('SELECT *\nFROM `...')
#1 D:\laragon\www\mysau_template\system\Database\BaseConnection.php(732): CodeIgniter\Database\MySQLi\Connection->execute('SELECT *\nFROM `...')
#2 D:\laragon\www\mysau_template\system\Database\BaseConnection.php(647): CodeIgniter\Database\BaseConnection->simpleQuery('SELECT *\nFROM `...')
#3 D:\laragon\www\mysau_template\system\Database\BaseBuilder.php(1881): CodeIgniter\Database\BaseConnection->query('SELECT *\nFROM `...', Array, false)
#4 D:\laragon\www\mysau_template\system\Model.php(197): CodeIgniter\Database\BaseBuilder->get()
#5 D:\laragon\www\mysau_template\system\BaseModel.php(603): CodeIgniter\Model->doFindAll(0, 0)
#6 D:\laragon\www\mysau_template\app\Controllers\ListKaryawan.php(28): CodeIgniter\BaseModel->findAll()
#7 D:\laragon\www\mysau_template\system\CodeIgniter.php(928): App\Controllers\ListKaryawan->detail('1679')
#8 D:\laragon\www\mysau_template\system\CodeIgniter.php(436): CodeIgniter\CodeIgniter->runController(Object(App\Controllers\ListKaryawan))
#9 D:\laragon\www\mysau_template\system\CodeIgniter.php(336): CodeIgniter\CodeIgniter->handleRequest(NULL, Object(Config\Cache), false)
#10 D:\laragon\www\mysau_template\public\index.php(37): CodeIgniter\CodeIgniter->run()
#11 D:\laragon\www\mysau_template\system\Commands\Server\rewrite.php(45): require_once('D:\\laragon\\www\\...')
#12 {main}
ERROR - 2023-06-25 17:50:31 --> Unknown column 'PN' in 'where clause'
CRITICAL - 2023-06-25 17:50:31 --> Unknown column 'PN' in 'where clause'
#0 D:\laragon\www\mysau_template\system\Database\MySQLi\Connection.php(329): mysqli->query('SELECT *\nFROM `...')
#1 D:\laragon\www\mysau_template\system\Database\BaseConnection.php(732): CodeIgniter\Database\MySQLi\Connection->execute('SELECT *\nFROM `...')
#2 D:\laragon\www\mysau_template\system\Database\BaseConnection.php(647): CodeIgniter\Database\BaseConnection->simpleQuery('SELECT *\nFROM `...')
#3 D:\laragon\www\mysau_template\system\Database\BaseBuilder.php(1881): CodeIgniter\Database\BaseConnection->query('SELECT *\nFROM `...', Array, false)
#4 D:\laragon\www\mysau_template\system\Model.php(197): CodeIgniter\Database\BaseBuilder->get()
#5 D:\laragon\www\mysau_template\system\BaseModel.php(603): CodeIgniter\Model->doFindAll(0, 0)
#6 D:\laragon\www\mysau_template\app\Controllers\ListKaryawan.php(28): CodeIgniter\BaseModel->findAll()
#7 D:\laragon\www\mysau_template\system\CodeIgniter.php(928): App\Controllers\ListKaryawan->detail('1679')
#8 D:\laragon\www\mysau_template\system\CodeIgniter.php(436): CodeIgniter\CodeIgniter->runController(Object(App\Controllers\ListKaryawan))
#9 D:\laragon\www\mysau_template\system\CodeIgniter.php(336): CodeIgniter\CodeIgniter->handleRequest(NULL, Object(Config\Cache), false)
#10 D:\laragon\www\mysau_template\public\index.php(37): CodeIgniter\CodeIgniter->run()
#11 D:\laragon\www\mysau_template\system\Commands\Server\rewrite.php(45): require_once('D:\\laragon\\www\\...')
#12 {main}
ERROR - 2023-06-25 17:50:55 --> Unknown column 'PN' in 'where clause'
CRITICAL - 2023-06-25 17:50:55 --> Unknown column 'PN' in 'where clause'
#0 D:\laragon\www\mysau_template\system\Database\MySQLi\Connection.php(329): mysqli->query('SELECT *\nFROM `...')
#1 D:\laragon\www\mysau_template\system\Database\BaseConnection.php(732): CodeIgniter\Database\MySQLi\Connection->execute('SELECT *\nFROM `...')
#2 D:\laragon\www\mysau_template\system\Database\BaseConnection.php(647): CodeIgniter\Database\BaseConnection->simpleQuery('SELECT *\nFROM `...')
#3 D:\laragon\www\mysau_template\system\Database\BaseBuilder.php(1881): CodeIgniter\Database\BaseConnection->query('SELECT *\nFROM `...', Array, false)
#4 D:\laragon\www\mysau_template\system\Model.php(197): CodeIgniter\Database\BaseBuilder->get()
#5 D:\laragon\www\mysau_template\system\BaseModel.php(603): CodeIgniter\Model->doFindAll(0, 0)
#6 D:\laragon\www\mysau_template\app\Controllers\ListKaryawan.php(28): CodeIgniter\BaseModel->findAll()
#7 D:\laragon\www\mysau_template\system\CodeIgniter.php(928): App\Controllers\ListKaryawan->detail('1679')
#8 D:\laragon\www\mysau_template\system\CodeIgniter.php(436): CodeIgniter\CodeIgniter->runController(Object(App\Controllers\ListKaryawan))
#9 D:\laragon\www\mysau_template\system\CodeIgniter.php(336): CodeIgniter\CodeIgniter->handleRequest(NULL, Object(Config\Cache), false)
#10 D:\laragon\www\mysau_template\public\index.php(37): CodeIgniter\CodeIgniter->run()
#11 D:\laragon\www\mysau_template\system\Commands\Server\rewrite.php(45): require_once('D:\\laragon\\www\\...')
#12 {main}
ERROR - 2023-06-25 17:50:56 --> Unknown column 'PN' in 'where clause'
CRITICAL - 2023-06-25 17:50:56 --> Unknown column 'PN' in 'where clause'
#0 D:\laragon\www\mysau_template\system\Database\MySQLi\Connection.php(329): mysqli->query('SELECT *\nFROM `...')
#1 D:\laragon\www\mysau_template\system\Database\BaseConnection.php(732): CodeIgniter\Database\MySQLi\Connection->execute('SELECT *\nFROM `...')
#2 D:\laragon\www\mysau_template\system\Database\BaseConnection.php(647): CodeIgniter\Database\BaseConnection->simpleQuery('SELECT *\nFROM `...')
#3 D:\laragon\www\mysau_template\system\Database\BaseBuilder.php(1881): CodeIgniter\Database\BaseConnection->query('SELECT *\nFROM `...', Array, false)
#4 D:\laragon\www\mysau_template\system\Model.php(197): CodeIgniter\Database\BaseBuilder->get()
#5 D:\laragon\www\mysau_template\system\BaseModel.php(603): CodeIgniter\Model->doFindAll(0, 0)
#6 D:\laragon\www\mysau_template\app\Controllers\ListKaryawan.php(28): CodeIgniter\BaseModel->findAll()
#7 D:\laragon\www\mysau_template\system\CodeIgniter.php(928): App\Controllers\ListKaryawan->detail('1679')
#8 D:\laragon\www\mysau_template\system\CodeIgniter.php(436): CodeIgniter\CodeIgniter->runController(Object(App\Controllers\ListKaryawan))
#9 D:\laragon\www\mysau_template\system\CodeIgniter.php(336): CodeIgniter\CodeIgniter->handleRequest(NULL, Object(Config\Cache), false)
#10 D:\laragon\www\mysau_template\public\index.php(37): CodeIgniter\CodeIgniter->run()
#11 D:\laragon\www\mysau_template\system\Commands\Server\rewrite.php(45): require_once('D:\\laragon\\www\\...')
#12 {main}
ERROR - 2023-06-25 17:50:56 --> Unknown column 'PN' in 'where clause'
CRITICAL - 2023-06-25 17:50:56 --> Unknown column 'PN' in 'where clause'
#0 D:\laragon\www\mysau_template\system\Database\MySQLi\Connection.php(329): mysqli->query('SELECT *\nFROM `...')
#1 D:\laragon\www\mysau_template\system\Database\BaseConnection.php(732): CodeIgniter\Database\MySQLi\Connection->execute('SELECT *\nFROM `...')
#2 D:\laragon\www\mysau_template\system\Database\BaseConnection.php(647): CodeIgniter\Database\BaseConnection->simpleQuery('SELECT *\nFROM `...')
#3 D:\laragon\www\mysau_template\system\Database\BaseBuilder.php(1881): CodeIgniter\Database\BaseConnection->query('SELECT *\nFROM `...', Array, false)
#4 D:\laragon\www\mysau_template\system\Model.php(197): CodeIgniter\Database\BaseBuilder->get()
#5 D:\laragon\www\mysau_template\system\BaseModel.php(603): CodeIgniter\Model->doFindAll(0, 0)
#6 D:\laragon\www\mysau_template\app\Controllers\ListKaryawan.php(28): CodeIgniter\BaseModel->findAll()
#7 D:\laragon\www\mysau_template\system\CodeIgniter.php(928): App\Controllers\ListKaryawan->detail('1679')
#8 D:\laragon\www\mysau_template\system\CodeIgniter.php(436): CodeIgniter\CodeIgniter->runController(Object(App\Controllers\ListKaryawan))
#9 D:\laragon\www\mysau_template\system\CodeIgniter.php(336): CodeIgniter\CodeIgniter->handleRequest(NULL, Object(Config\Cache), false)
#10 D:\laragon\www\mysau_template\public\index.php(37): CodeIgniter\CodeIgniter->run()
#11 D:\laragon\www\mysau_template\system\Commands\Server\rewrite.php(45): require_once('D:\\laragon\\www\\...')
#12 {main}
ERROR - 2023-06-25 17:50:56 --> Unknown column 'PN' in 'where clause'
CRITICAL - 2023-06-25 17:50:56 --> Unknown column 'PN' in 'where clause'
#0 D:\laragon\www\mysau_template\system\Database\MySQLi\Connection.php(329): mysqli->query('SELECT *\nFROM `...')
#1 D:\laragon\www\mysau_template\system\Database\BaseConnection.php(732): CodeIgniter\Database\MySQLi\Connection->execute('SELECT *\nFROM `...')
#2 D:\laragon\www\mysau_template\system\Database\BaseConnection.php(647): CodeIgniter\Database\BaseConnection->simpleQuery('SELECT *\nFROM `...')
#3 D:\laragon\www\mysau_template\system\Database\BaseBuilder.php(1881): CodeIgniter\Database\BaseConnection->query('SELECT *\nFROM `...', Array, false)
#4 D:\laragon\www\mysau_template\system\Model.php(197): CodeIgniter\Database\BaseBuilder->get()
#5 D:\laragon\www\mysau_template\system\BaseModel.php(603): CodeIgniter\Model->doFindAll(0, 0)
#6 D:\laragon\www\mysau_template\app\Controllers\ListKaryawan.php(28): CodeIgniter\BaseModel->findAll()
#7 D:\laragon\www\mysau_template\system\CodeIgniter.php(928): App\Controllers\ListKaryawan->detail('1679')
#8 D:\laragon\www\mysau_template\system\CodeIgniter.php(436): CodeIgniter\CodeIgniter->runController(Object(App\Controllers\ListKaryawan))
#9 D:\laragon\www\mysau_template\system\CodeIgniter.php(336): CodeIgniter\CodeIgniter->handleRequest(NULL, Object(Config\Cache), false)
#10 D:\laragon\www\mysau_template\public\index.php(37): CodeIgniter\CodeIgniter->run()
#11 D:\laragon\www\mysau_template\system\Commands\Server\rewrite.php(45): require_once('D:\\laragon\\www\\...')
#12 {main}
ERROR - 2023-06-25 17:50:56 --> Unknown column 'PN' in 'where clause'
CRITICAL - 2023-06-25 17:50:56 --> Unknown column 'PN' in 'where clause'
#0 D:\laragon\www\mysau_template\system\Database\MySQLi\Connection.php(329): mysqli->query('SELECT *\nFROM `...')
#1 D:\laragon\www\mysau_template\system\Database\BaseConnection.php(732): CodeIgniter\Database\MySQLi\Connection->execute('SELECT *\nFROM `...')
#2 D:\laragon\www\mysau_template\system\Database\BaseConnection.php(647): CodeIgniter\Database\BaseConnection->simpleQuery('SELECT *\nFROM `...')
#3 D:\laragon\www\mysau_template\system\Database\BaseBuilder.php(1881): CodeIgniter\Database\BaseConnection->query('SELECT *\nFROM `...', Array, false)
#4 D:\laragon\www\mysau_template\system\Model.php(197): CodeIgniter\Database\BaseBuilder->get()
#5 D:\laragon\www\mysau_template\system\BaseModel.php(603): CodeIgniter\Model->doFindAll(0, 0)
#6 D:\laragon\www\mysau_template\app\Controllers\ListKaryawan.php(28): CodeIgniter\BaseModel->findAll()
#7 D:\laragon\www\mysau_template\system\CodeIgniter.php(928): App\Controllers\ListKaryawan->detail('1679')
#8 D:\laragon\www\mysau_template\system\CodeIgniter.php(436): CodeIgniter\CodeIgniter->runController(Object(App\Controllers\ListKaryawan))
#9 D:\laragon\www\mysau_template\system\CodeIgniter.php(336): CodeIgniter\CodeIgniter->handleRequest(NULL, Object(Config\Cache), false)
#10 D:\laragon\www\mysau_template\public\index.php(37): CodeIgniter\CodeIgniter->run()
#11 D:\laragon\www\mysau_template\system\Commands\Server\rewrite.php(45): require_once('D:\\laragon\\www\\...')
#12 {main}
ERROR - 2023-06-25 17:51:03 --> Unknown column 'PN' in 'where clause'
CRITICAL - 2023-06-25 17:51:03 --> Unknown column 'PN' in 'where clause'
#0 D:\laragon\www\mysau_template\system\Database\MySQLi\Connection.php(329): mysqli->query('SELECT *\nFROM `...')
#1 D:\laragon\www\mysau_template\system\Database\BaseConnection.php(732): CodeIgniter\Database\MySQLi\Connection->execute('SELECT *\nFROM `...')
#2 D:\laragon\www\mysau_template\system\Database\BaseConnection.php(647): CodeIgniter\Database\BaseConnection->simpleQuery('SELECT *\nFROM `...')
#3 D:\laragon\www\mysau_template\system\Database\BaseBuilder.php(1881): CodeIgniter\Database\BaseConnection->query('SELECT *\nFROM `...', Array, false)
#4 D:\laragon\www\mysau_template\system\Model.php(197): CodeIgniter\Database\BaseBuilder->get()
#5 D:\laragon\www\mysau_template\system\BaseModel.php(603): CodeIgniter\Model->doFindAll(0, 0)
#6 D:\laragon\www\mysau_template\app\Controllers\ListKaryawan.php(28): CodeIgniter\BaseModel->findAll()
#7 D:\laragon\www\mysau_template\system\CodeIgniter.php(928): App\Controllers\ListKaryawan->detail('1679')
#8 D:\laragon\www\mysau_template\system\CodeIgniter.php(436): CodeIgniter\CodeIgniter->runController(Object(App\Controllers\ListKaryawan))
#9 D:\laragon\www\mysau_template\system\CodeIgniter.php(336): CodeIgniter\CodeIgniter->handleRequest(NULL, Object(Config\Cache), false)
#10 D:\laragon\www\mysau_template\public\index.php(37): CodeIgniter\CodeIgniter->run()
#11 D:\laragon\www\mysau_template\system\Commands\Server\rewrite.php(45): require_once('D:\\laragon\\www\\...')
#12 {main}
CRITICAL - 2023-06-25 17:54:06 --> Undefined index: NAME
#0 D:\laragon\www\mysau_template\app\Views\DataKaryawan.php(23): CodeIgniter\Debug\Exceptions->errorHandler(8, 'Undefined index...', 'D:\\laragon\\www\\...', 23, Array)
#1 D:\laragon\www\mysau_template\system\View\View.php(230): include('D:\\laragon\\www\\...')
#2 D:\laragon\www\mysau_template\system\View\View.php(232): CodeIgniter\View\View->CodeIgniter\View\{closure}()
#3 D:\laragon\www\mysau_template\system\Common.php(1271): CodeIgniter\View\View->render('DataKaryawan', Array, true)
#4 D:\laragon\www\mysau_template\app\Controllers\ListKaryawan.php(35): view('DataKaryawan', Array)
#5 D:\laragon\www\mysau_template\system\CodeIgniter.php(928): App\Controllers\ListKaryawan->detail('1679')
#6 D:\laragon\www\mysau_template\system\CodeIgniter.php(436): CodeIgniter\CodeIgniter->runController(Object(App\Controllers\ListKaryawan))
#7 D:\laragon\www\mysau_template\system\CodeIgniter.php(336): CodeIgniter\CodeIgniter->handleRequest(NULL, Object(Config\Cache), false)
#8 D:\laragon\www\mysau_template\public\index.php(37): CodeIgniter\CodeIgniter->run()
#9 D:\laragon\www\mysau_template\system\Commands\Server\rewrite.php(45): require_once('D:\\laragon\\www\\...')
#10 {main}
CRITICAL - 2023-06-25 17:54:43 --> Undefined index: PSADESC
#0 D:\laragon\www\mysau_template\app\Views\DataKaryawan.php(31): CodeIgniter\Debug\Exceptions->errorHandler(8, 'Undefined index...', 'D:\\laragon\\www\\...', 31, Array)
#1 D:\laragon\www\mysau_template\system\View\View.php(230): include('D:\\laragon\\www\\...')
#2 D:\laragon\www\mysau_template\system\View\View.php(232): CodeIgniter\View\View->CodeIgniter\View\{closure}()
#3 D:\laragon\www\mysau_template\system\Common.php(1271): CodeIgniter\View\View->render('DataKaryawan', Array, true)
#4 D:\laragon\www\mysau_template\app\Controllers\ListKaryawan.php(35): view('DataKaryawan', Array)
#5 D:\laragon\www\mysau_template\system\CodeIgniter.php(928): App\Controllers\ListKaryawan->detail('1679')
#6 D:\laragon\www\mysau_template\system\CodeIgniter.php(436): CodeIgniter\CodeIgniter->runController(Object(App\Controllers\ListKaryawan))
#7 D:\laragon\www\mysau_template\system\CodeIgniter.php(336): CodeIgniter\CodeIgniter->handleRequest(NULL, Object(Config\Cache), false)
#8 D:\laragon\www\mysau_template\public\index.php(37): CodeIgniter\CodeIgniter->run()
#9 D:\laragon\www\mysau_template\system\Commands\Server\rewrite.php(45): require_once('D:\\laragon\\www\\...')
#10 {main}
CRITICAL - 2023-06-25 17:54:45 --> Undefined index: PSADESC
#0 D:\laragon\www\mysau_template\app\Views\DataKaryawan.php(31): CodeIgniter\Debug\Exceptions->errorHandler(8, 'Undefined index...', 'D:\\laragon\\www\\...', 31, Array)
#1 D:\laragon\www\mysau_template\system\View\View.php(230): include('D:\\laragon\\www\\...')
#2 D:\laragon\www\mysau_template\system\View\View.php(232): CodeIgniter\View\View->CodeIgniter\View\{closure}()
#3 D:\laragon\www\mysau_template\system\Common.php(1271): CodeIgniter\View\View->render('DataKaryawan', Array, true)
#4 D:\laragon\www\mysau_template\app\Controllers\ListKaryawan.php(35): view('DataKaryawan', Array)
#5 D:\laragon\www\mysau_template\system\CodeIgniter.php(928): App\Controllers\ListKaryawan->detail('1679')
#6 D:\laragon\www\mysau_template\system\CodeIgniter.php(436): CodeIgniter\CodeIgniter->runController(Object(App\Controllers\ListKaryawan))
#7 D:\laragon\www\mysau_template\system\CodeIgniter.php(336): CodeIgniter\CodeIgniter->handleRequest(NULL, Object(Config\Cache), false)
#8 D:\laragon\www\mysau_template\public\index.php(37): CodeIgniter\CodeIgniter->run()
#9 D:\laragon\www\mysau_template\system\Commands\Server\rewrite.php(45): require_once('D:\\laragon\\www\\...')
#10 {main}
CRITICAL - 2023-06-25 17:59:42 --> Undefined index: ESELON
#0 D:\laragon\www\mysau_template\app\Views\DataKaryawan.php(39): CodeIgniter\Debug\Exceptions->errorHandler(8, 'Undefined index...', 'D:\\laragon\\www\\...', 39, Array)
#1 D:\laragon\www\mysau_template\system\View\View.php(230): include('D:\\laragon\\www\\...')
#2 D:\laragon\www\mysau_template\system\View\View.php(232): CodeIgniter\View\View->CodeIgniter\View\{closure}()
#3 D:\laragon\www\mysau_template\system\Common.php(1271): CodeIgniter\View\View->render('DataKaryawan', Array, true)
#4 D:\laragon\www\mysau_template\app\Controllers\ListKaryawan.php(35): view('DataKaryawan', Array)
#5 D:\laragon\www\mysau_template\system\CodeIgniter.php(928): App\Controllers\ListKaryawan->detail('1679')
#6 D:\laragon\www\mysau_template\system\CodeIgniter.php(436): CodeIgniter\CodeIgniter->runController(Object(App\Controllers\ListKaryawan))
#7 D:\laragon\www\mysau_template\system\CodeIgniter.php(336): CodeIgniter\CodeIgniter->handleRequest(NULL, Object(Config\Cache), false)
#8 D:\laragon\www\mysau_template\public\index.php(37): CodeIgniter\CodeIgniter->run()
#9 D:\laragon\www\mysau_template\system\Commands\Server\rewrite.php(45): require_once('D:\\laragon\\www\\...')
#10 {main}
CRITICAL - 2023-06-25 18:00:58 --> Undefined index: JOBDESC
#0 D:\laragon\www\mysau_template\app\Views\DataKaryawan.php(43): CodeIgniter\Debug\Exceptions->errorHandler(8, 'Undefined index...', 'D:\\laragon\\www\\...', 43, Array)
#1 D:\laragon\www\mysau_template\system\View\View.php(230): include('D:\\laragon\\www\\...')
#2 D:\laragon\www\mysau_template\system\View\View.php(232): CodeIgniter\View\View->CodeIgniter\View\{closure}()
#3 D:\laragon\www\mysau_template\system\Common.php(1271): CodeIgniter\View\View->render('DataKaryawan', Array, true)
#4 D:\laragon\www\mysau_template\app\Controllers\ListKaryawan.php(35): view('DataKaryawan', Array)
#5 D:\laragon\www\mysau_template\system\CodeIgniter.php(928): App\Controllers\ListKaryawan->detail('1679')
#6 D:\laragon\www\mysau_template\system\CodeIgniter.php(436): CodeIgniter\CodeIgniter->runController(Object(App\Controllers\ListKaryawan))
#7 D:\laragon\www\mysau_template\system\CodeIgniter.php(336): CodeIgniter\CodeIgniter->handleRequest(NULL, Object(Config\Cache), false)
#8 D:\laragon\www\mysau_template\public\index.php(37): CodeIgniter\CodeIgniter->run()
#9 D:\laragon\www\mysau_template\system\Commands\Server\rewrite.php(45): require_once('D:\\laragon\\www\\...')
#10 {main}
CRITICAL - 2023-06-25 18:01:07 --> Undefined index: jpbdesc
#0 D:\laragon\www\mysau_template\app\Views\DataKaryawan.php(43): CodeIgniter\Debug\Exceptions->errorHandler(8, 'Undefined index...', 'D:\\laragon\\www\\...', 43, Array)
#1 D:\laragon\www\mysau_template\system\View\View.php(230): include('D:\\laragon\\www\\...')
#2 D:\laragon\www\mysau_template\system\View\View.php(232): CodeIgniter\View\View->CodeIgniter\View\{closure}()
#3 D:\laragon\www\mysau_template\system\Common.php(1271): CodeIgniter\View\View->render('DataKaryawan', Array, true)
#4 D:\laragon\www\mysau_template\app\Controllers\ListKaryawan.php(35): view('DataKaryawan', Array)
#5 D:\laragon\www\mysau_template\system\CodeIgniter.php(928): App\Controllers\ListKaryawan->detail('1679')
#6 D:\laragon\www\mysau_template\system\CodeIgniter.php(436): CodeIgniter\CodeIgniter->runController(Object(App\Controllers\ListKaryawan))
#7 D:\laragon\www\mysau_template\system\CodeIgniter.php(336): CodeIgniter\CodeIgniter->handleRequest(NULL, Object(Config\Cache), false)
#8 D:\laragon\www\mysau_template\public\index.php(37): CodeIgniter\CodeIgniter->run()
#9 D:\laragon\www\mysau_template\system\Commands\Server\rewrite.php(45): require_once('D:\\laragon\\www\\...')
#10 {main}
CRITICAL - 2023-06-25 18:01:12 --> Undefined index: CA
#0 D:\laragon\www\mysau_template\app\Views\DataKaryawan.php(47): CodeIgniter\Debug\Exceptions->errorHandler(8, 'Undefined index...', 'D:\\laragon\\www\\...', 47, Array)
#1 D:\laragon\www\mysau_template\system\View\View.php(230): include('D:\\laragon\\www\\...')
#2 D:\laragon\www\mysau_template\system\View\View.php(232): CodeIgniter\View\View->CodeIgniter\View\{closure}()
#3 D:\laragon\www\mysau_template\system\Common.php(1271): CodeIgniter\View\View->render('DataKaryawan', Array, true)
#4 D:\laragon\www\mysau_template\app\Controllers\ListKaryawan.php(35): view('DataKaryawan', Array)
#5 D:\laragon\www\mysau_template\system\CodeIgniter.php(928): App\Controllers\ListKaryawan->detail('1679')
#6 D:\laragon\www\mysau_template\system\CodeIgniter.php(436): CodeIgniter\CodeIgniter->runController(Object(App\Controllers\ListKaryawan))
#7 D:\laragon\www\mysau_template\system\CodeIgniter.php(336): CodeIgniter\CodeIgniter->handleRequest(NULL, Object(Config\Cache), false)
#8 D:\laragon\www\mysau_template\public\index.php(37): CodeIgniter\CodeIgniter->run()
#9 D:\laragon\www\mysau_template\system\Commands\Server\rewrite.php(45): require_once('D:\\laragon\\www\\...')
#10 {main}
CRITICAL - 2023-06-25 18:04:19 --> syntax error, unexpected ',', expecting ']'
#0 D:\laragon\www\mysau_template\system\View\View.php(232): CodeIgniter\View\View->CodeIgniter\View\{closure}()
#1 D:\laragon\www\mysau_template\system\Common.php(1271): CodeIgniter\View\View->render('DataKaryawan', Array, true)
#2 D:\laragon\www\mysau_template\app\Controllers\ListKaryawan.php(35): view('DataKaryawan', Array)
#3 D:\laragon\www\mysau_template\system\CodeIgniter.php(928): App\Controllers\ListKaryawan->detail('1679')
#4 D:\laragon\www\mysau_template\system\CodeIgniter.php(436): CodeIgniter\CodeIgniter->runController(Object(App\Controllers\ListKaryawan))
#5 D:\laragon\www\mysau_template\system\CodeIgniter.php(336): CodeIgniter\CodeIgniter->handleRequest(NULL, Object(Config\Cache), false)
#6 D:\laragon\www\mysau_template\public\index.php(37): CodeIgniter\CodeIgniter->run()
#7 D:\laragon\www\mysau_template\system\Commands\Server\rewrite.php(45): require_once('D:\\laragon\\www\\...')
#8 {main}
