CRITICAL - 2022-05-12 15:21:46 --> Invalid file: layout/post_layout.php
#0 D:\laragon\www\saustars\system\View\View.php(213): CodeIgniter\Exceptions\FrameworkException::forInvalidFile('layout/post_lay...')
#1 D:\laragon\www\saustars\system\View\View.php(246): CodeIgniter\View\View->render('layout/post_lay...', Array, true)
#2 D:\laragon\www\saustars\system\Common.php(1271): CodeIgniter\View\View->render('welcome_message', Array, true)
#3 D:\laragon\www\saustars\app\Controllers\Home.php(9): view('welcome_message')
#4 D:\laragon\www\saustars\system\CodeIgniter.php(928): App\Controllers\Home->index()
#5 D:\laragon\www\saustars\system\CodeIgniter.php(436): CodeIgniter\CodeIgniter->runController(Object(App\Controllers\Home))
#6 D:\laragon\www\saustars\system\CodeIgniter.php(336): CodeIgniter\CodeIgniter->handleRequest(NULL, Object(Config\Cache), false)
#7 D:\laragon\www\saustars\public\index.php(37): CodeIgniter\CodeIgniter->run()
#8 {main}
CRITICAL - 2022-05-12 15:22:00 --> Invalid file: layout/switcher.php
#0 D:\laragon\www\saustars\system\View\View.php(213): CodeIgniter\Exceptions\FrameworkException::forInvalidFile('layout/switcher...')
#1 D:\laragon\www\saustars\system\View\View.php(487): CodeIgniter\View\View->render('layout/switcher', NULL, true)
#2 D:\laragon\www\saustars\app\Views\template\main.php(54): CodeIgniter\View\View->include('layout/switcher')
#3 D:\laragon\www\saustars\system\View\View.php(230): include('D:\\laragon\\www\\...')
#4 D:\laragon\www\saustars\system\View\View.php(232): CodeIgniter\View\View->CodeIgniter\View\{closure}()
#5 D:\laragon\www\saustars\system\View\View.php(246): CodeIgniter\View\View->render('template/main', Array, true)
#6 D:\laragon\www\saustars\system\Common.php(1271): CodeIgniter\View\View->render('welcome_message', Array, true)
#7 D:\laragon\www\saustars\app\Controllers\Home.php(9): view('welcome_message')
#8 D:\laragon\www\saustars\system\CodeIgniter.php(928): App\Controllers\Home->index()
#9 D:\laragon\www\saustars\system\CodeIgniter.php(436): CodeIgniter\CodeIgniter->runController(Object(App\Controllers\Home))
#10 D:\laragon\www\saustars\system\CodeIgniter.php(336): CodeIgniter\CodeIgniter->handleRequest(NULL, Object(Config\Cache), false)
#11 D:\laragon\www\saustars\public\index.php(37): CodeIgniter\CodeIgniter->run()
#12 {main}
CRITICAL - 2022-05-12 15:22:14 --> Invalid file: layout/switcher.php
#0 D:\laragon\www\saustars\system\View\View.php(213): CodeIgniter\Exceptions\FrameworkException::forInvalidFile('layout/switcher...')
#1 D:\laragon\www\saustars\system\View\View.php(487): CodeIgniter\View\View->render('layout/switcher', NULL, true)
#2 D:\laragon\www\saustars\app\Views\template\main.php(54): CodeIgniter\View\View->include('layout/switcher')
#3 D:\laragon\www\saustars\system\View\View.php(230): include('D:\\laragon\\www\\...')
#4 D:\laragon\www\saustars\system\View\View.php(232): CodeIgniter\View\View->CodeIgniter\View\{closure}()
#5 D:\laragon\www\saustars\system\View\View.php(246): CodeIgniter\View\View->render('template/main', Array, true)
#6 D:\laragon\www\saustars\system\Common.php(1271): CodeIgniter\View\View->render('welcome_message', Array, true)
#7 D:\laragon\www\saustars\app\Controllers\Home.php(9): view('welcome_message')
#8 D:\laragon\www\saustars\system\CodeIgniter.php(928): App\Controllers\Home->index()
#9 D:\laragon\www\saustars\system\CodeIgniter.php(436): CodeIgniter\CodeIgniter->runController(Object(App\Controllers\Home))
#10 D:\laragon\www\saustars\system\CodeIgniter.php(336): CodeIgniter\CodeIgniter->handleRequest(NULL, Object(Config\Cache), false)
#11 D:\laragon\www\saustars\public\index.php(37): CodeIgniter\CodeIgniter->run()
#12 {main}
