CRITICAL - 2023-04-29 16:35:58 --> Undefined variable: hasilproses
#0 D:\laragon\www\mysau_template\app\Views\welcome_message.php(41): CodeIgniter\Debug\Exceptions->errorHandler(8, 'Undefined varia...', 'D:\\laragon\\www\\...', 41, Array)
#1 D:\laragon\www\mysau_template\system\View\View.php(230): include('D:\\laragon\\www\\...')
#2 D:\laragon\www\mysau_template\system\View\View.php(232): CodeIgniter\View\View->CodeIgniter\View\{closure}()
#3 D:\laragon\www\mysau_template\system\Common.php(1271): CodeIgniter\View\View->render('welcome_message', Array, true)
#4 D:\laragon\www\mysau_template\app\Controllers\Home.php(9): view('welcome_message')
#5 D:\laragon\www\mysau_template\system\CodeIgniter.php(928): App\Controllers\Home->index()
#6 D:\laragon\www\mysau_template\system\CodeIgniter.php(436): CodeIgniter\CodeIgniter->runController(Object(App\Controllers\Home))
#7 D:\laragon\www\mysau_template\system\CodeIgniter.php(336): CodeIgniter\CodeIgniter->handleRequest(NULL, Object(Config\Cache), false)
#8 D:\laragon\www\mysau_template\public\index.php(37): CodeIgniter\CodeIgniter->run()
#9 D:\laragon\www\mysau_template\system\Commands\Server\rewrite.php(45): require_once('D:\\laragon\\www\\...')
#10 {main}
CRITICAL - 2023-04-29 16:39:19 --> Undefined variable: hasil_proses
#0 D:\laragon\www\mysau_template\app\Views\welcome_message.php(41): CodeIgniter\Debug\Exceptions->errorHandler(8, 'Undefined varia...', 'D:\\laragon\\www\\...', 41, Array)
#1 D:\laragon\www\mysau_template\system\View\View.php(230): include('D:\\laragon\\www\\...')
#2 D:\laragon\www\mysau_template\system\View\View.php(232): CodeIgniter\View\View->CodeIgniter\View\{closure}()
#3 D:\laragon\www\mysau_template\system\Common.php(1271): CodeIgniter\View\View->render('welcome_message', Array, true)
#4 D:\laragon\www\mysau_template\app\Controllers\Home.php(9): view('welcome_message')
#5 D:\laragon\www\mysau_template\system\CodeIgniter.php(928): App\Controllers\Home->index()
#6 D:\laragon\www\mysau_template\system\CodeIgniter.php(436): CodeIgniter\CodeIgniter->runController(Object(App\Controllers\Home))
#7 D:\laragon\www\mysau_template\system\CodeIgniter.php(336): CodeIgniter\CodeIgniter->handleRequest(NULL, Object(Config\Cache), false)
#8 D:\laragon\www\mysau_template\public\index.php(37): CodeIgniter\CodeIgniter->run()
#9 D:\laragon\www\mysau_template\system\Commands\Server\rewrite.php(45): require_once('D:\\laragon\\www\\...')
#10 {main}
CRITICAL - 2023-04-29 16:39:45 --> Undefined variable: hasil_proses
#0 D:\laragon\www\mysau_template\app\Views\welcome_message.php(41): CodeIgniter\Debug\Exceptions->errorHandler(8, 'Undefined varia...', 'D:\\laragon\\www\\...', 41, Array)
#1 D:\laragon\www\mysau_template\system\View\View.php(230): include('D:\\laragon\\www\\...')
#2 D:\laragon\www\mysau_template\system\View\View.php(232): CodeIgniter\View\View->CodeIgniter\View\{closure}()
#3 D:\laragon\www\mysau_template\system\Common.php(1271): CodeIgniter\View\View->render('welcome_message', Array, true)
#4 D:\laragon\www\mysau_template\app\Controllers\Home.php(9): view('welcome_message')
#5 D:\laragon\www\mysau_template\system\CodeIgniter.php(928): App\Controllers\Home->index()
#6 D:\laragon\www\mysau_template\system\CodeIgniter.php(436): CodeIgniter\CodeIgniter->runController(Object(App\Controllers\Home))
#7 D:\laragon\www\mysau_template\system\CodeIgniter.php(336): CodeIgniter\CodeIgniter->handleRequest(NULL, Object(Config\Cache), false)
#8 D:\laragon\www\mysau_template\public\index.php(37): CodeIgniter\CodeIgniter->run()
#9 D:\laragon\www\mysau_template\system\Commands\Server\rewrite.php(45): require_once('D:\\laragon\\www\\...')
#10 {main}
CRITICAL - 2023-04-29 16:39:46 --> Undefined variable: hasil_proses
#0 D:\laragon\www\mysau_template\app\Views\welcome_message.php(41): CodeIgniter\Debug\Exceptions->errorHandler(8, 'Undefined varia...', 'D:\\laragon\\www\\...', 41, Array)
#1 D:\laragon\www\mysau_template\system\View\View.php(230): include('D:\\laragon\\www\\...')
#2 D:\laragon\www\mysau_template\system\View\View.php(232): CodeIgniter\View\View->CodeIgniter\View\{closure}()
#3 D:\laragon\www\mysau_template\system\Common.php(1271): CodeIgniter\View\View->render('welcome_message', Array, true)
#4 D:\laragon\www\mysau_template\app\Controllers\Home.php(9): view('welcome_message')
#5 D:\laragon\www\mysau_template\system\CodeIgniter.php(928): App\Controllers\Home->index()
#6 D:\laragon\www\mysau_template\system\CodeIgniter.php(436): CodeIgniter\CodeIgniter->runController(Object(App\Controllers\Home))
#7 D:\laragon\www\mysau_template\system\CodeIgniter.php(336): CodeIgniter\CodeIgniter->handleRequest(NULL, Object(Config\Cache), false)
#8 D:\laragon\www\mysau_template\public\index.php(37): CodeIgniter\CodeIgniter->run()
#9 D:\laragon\www\mysau_template\system\Commands\Server\rewrite.php(45): require_once('D:\\laragon\\www\\...')
#10 {main}
CRITICAL - 2023-04-29 16:49:57 --> Undefined variable: data
#0 D:\laragon\www\mysau_template\app\Views\welcome_message.php(41): CodeIgniter\Debug\Exceptions->errorHandler(8, 'Undefined varia...', 'D:\\laragon\\www\\...', 41, Array)
#1 D:\laragon\www\mysau_template\system\View\View.php(230): include('D:\\laragon\\www\\...')
#2 D:\laragon\www\mysau_template\system\View\View.php(232): CodeIgniter\View\View->CodeIgniter\View\{closure}()
#3 D:\laragon\www\mysau_template\system\Common.php(1271): CodeIgniter\View\View->render('welcome_message', Array, true)
#4 D:\laragon\www\mysau_template\app\Controllers\Home.php(9): view('welcome_message')
#5 D:\laragon\www\mysau_template\system\CodeIgniter.php(928): App\Controllers\Home->index()
#6 D:\laragon\www\mysau_template\system\CodeIgniter.php(436): CodeIgniter\CodeIgniter->runController(Object(App\Controllers\Home))
#7 D:\laragon\www\mysau_template\system\CodeIgniter.php(336): CodeIgniter\CodeIgniter->handleRequest(NULL, Object(Config\Cache), false)
#8 D:\laragon\www\mysau_template\public\index.php(37): CodeIgniter\CodeIgniter->run()
#9 D:\laragon\www\mysau_template\system\Commands\Server\rewrite.php(45): require_once('D:\\laragon\\www\\...')
#10 {main}
CRITICAL - 2023-04-29 16:50:00 --> Undefined variable: data
#0 D:\laragon\www\mysau_template\app\Views\welcome_message.php(41): CodeIgniter\Debug\Exceptions->errorHandler(8, 'Undefined varia...', 'D:\\laragon\\www\\...', 41, Array)
#1 D:\laragon\www\mysau_template\system\View\View.php(230): include('D:\\laragon\\www\\...')
#2 D:\laragon\www\mysau_template\system\View\View.php(232): CodeIgniter\View\View->CodeIgniter\View\{closure}()
#3 D:\laragon\www\mysau_template\system\Common.php(1271): CodeIgniter\View\View->render('welcome_message', Array, true)
#4 D:\laragon\www\mysau_template\app\Controllers\Home.php(9): view('welcome_message')
#5 D:\laragon\www\mysau_template\system\CodeIgniter.php(928): App\Controllers\Home->index()
#6 D:\laragon\www\mysau_template\system\CodeIgniter.php(436): CodeIgniter\CodeIgniter->runController(Object(App\Controllers\Home))
#7 D:\laragon\www\mysau_template\system\CodeIgniter.php(336): CodeIgniter\CodeIgniter->handleRequest(NULL, Object(Config\Cache), false)
#8 D:\laragon\www\mysau_template\public\index.php(37): CodeIgniter\CodeIgniter->run()
#9 D:\laragon\www\mysau_template\system\Commands\Server\rewrite.php(45): require_once('D:\\laragon\\www\\...')
#10 {main}
CRITICAL - 2023-04-29 16:50:47 --> Undefined variable: data
#0 D:\laragon\www\mysau_template\app\Views\welcome_message.php(41): CodeIgniter\Debug\Exceptions->errorHandler(8, 'Undefined varia...', 'D:\\laragon\\www\\...', 41, Array)
#1 D:\laragon\www\mysau_template\system\View\View.php(230): include('D:\\laragon\\www\\...')
#2 D:\laragon\www\mysau_template\system\View\View.php(232): CodeIgniter\View\View->CodeIgniter\View\{closure}()
#3 D:\laragon\www\mysau_template\system\Common.php(1271): CodeIgniter\View\View->render('welcome_message', Array, true)
#4 D:\laragon\www\mysau_template\app\Controllers\Home.php(9): view('welcome_message')
#5 D:\laragon\www\mysau_template\system\CodeIgniter.php(928): App\Controllers\Home->index()
#6 D:\laragon\www\mysau_template\system\CodeIgniter.php(436): CodeIgniter\CodeIgniter->runController(Object(App\Controllers\Home))
#7 D:\laragon\www\mysau_template\system\CodeIgniter.php(336): CodeIgniter\CodeIgniter->handleRequest(NULL, Object(Config\Cache), false)
#8 D:\laragon\www\mysau_template\public\index.php(37): CodeIgniter\CodeIgniter->run()
#9 D:\laragon\www\mysau_template\system\Commands\Server\rewrite.php(45): require_once('D:\\laragon\\www\\...')
#10 {main}
CRITICAL - 2023-04-29 16:50:48 --> Undefined variable: data
#0 D:\laragon\www\mysau_template\app\Views\welcome_message.php(41): CodeIgniter\Debug\Exceptions->errorHandler(8, 'Undefined varia...', 'D:\\laragon\\www\\...', 41, Array)
#1 D:\laragon\www\mysau_template\system\View\View.php(230): include('D:\\laragon\\www\\...')
#2 D:\laragon\www\mysau_template\system\View\View.php(232): CodeIgniter\View\View->CodeIgniter\View\{closure}()
#3 D:\laragon\www\mysau_template\system\Common.php(1271): CodeIgniter\View\View->render('welcome_message', Array, true)
#4 D:\laragon\www\mysau_template\app\Controllers\Home.php(9): view('welcome_message')
#5 D:\laragon\www\mysau_template\system\CodeIgniter.php(928): App\Controllers\Home->index()
#6 D:\laragon\www\mysau_template\system\CodeIgniter.php(436): CodeIgniter\CodeIgniter->runController(Object(App\Controllers\Home))
#7 D:\laragon\www\mysau_template\system\CodeIgniter.php(336): CodeIgniter\CodeIgniter->handleRequest(NULL, Object(Config\Cache), false)
#8 D:\laragon\www\mysau_template\public\index.php(37): CodeIgniter\CodeIgniter->run()
#9 D:\laragon\www\mysau_template\system\Commands\Server\rewrite.php(45): require_once('D:\\laragon\\www\\...')
#10 {main}
CRITICAL - 2023-04-29 16:55:24 --> Undefined variable: data
#0 D:\laragon\www\mysau_template\app\Views\welcome_message.php(41): CodeIgniter\Debug\Exceptions->errorHandler(8, 'Undefined varia...', 'D:\\laragon\\www\\...', 41, Array)
#1 D:\laragon\www\mysau_template\system\View\View.php(230): include('D:\\laragon\\www\\...')
#2 D:\laragon\www\mysau_template\system\View\View.php(232): CodeIgniter\View\View->CodeIgniter\View\{closure}()
#3 D:\laragon\www\mysau_template\system\Common.php(1271): CodeIgniter\View\View->render('welcome_message', Array, true)
#4 D:\laragon\www\mysau_template\app\Controllers\Home.php(9): view('welcome_message')
#5 D:\laragon\www\mysau_template\system\CodeIgniter.php(928): App\Controllers\Home->index()
#6 D:\laragon\www\mysau_template\system\CodeIgniter.php(436): CodeIgniter\CodeIgniter->runController(Object(App\Controllers\Home))
#7 D:\laragon\www\mysau_template\system\CodeIgniter.php(336): CodeIgniter\CodeIgniter->handleRequest(NULL, Object(Config\Cache), false)
#8 D:\laragon\www\mysau_template\public\index.php(37): CodeIgniter\CodeIgniter->run()
#9 D:\laragon\www\mysau_template\system\Commands\Server\rewrite.php(45): require_once('D:\\laragon\\www\\...')
#10 {main}
CRITICAL - 2023-04-29 16:55:25 --> Undefined variable: data
#0 D:\laragon\www\mysau_template\app\Views\welcome_message.php(41): CodeIgniter\Debug\Exceptions->errorHandler(8, 'Undefined varia...', 'D:\\laragon\\www\\...', 41, Array)
#1 D:\laragon\www\mysau_template\system\View\View.php(230): include('D:\\laragon\\www\\...')
#2 D:\laragon\www\mysau_template\system\View\View.php(232): CodeIgniter\View\View->CodeIgniter\View\{closure}()
#3 D:\laragon\www\mysau_template\system\Common.php(1271): CodeIgniter\View\View->render('welcome_message', Array, true)
#4 D:\laragon\www\mysau_template\app\Controllers\Home.php(9): view('welcome_message')
#5 D:\laragon\www\mysau_template\system\CodeIgniter.php(928): App\Controllers\Home->index()
#6 D:\laragon\www\mysau_template\system\CodeIgniter.php(436): CodeIgniter\CodeIgniter->runController(Object(App\Controllers\Home))
#7 D:\laragon\www\mysau_template\system\CodeIgniter.php(336): CodeIgniter\CodeIgniter->handleRequest(NULL, Object(Config\Cache), false)
#8 D:\laragon\www\mysau_template\public\index.php(37): CodeIgniter\CodeIgniter->run()
#9 D:\laragon\www\mysau_template\system\Commands\Server\rewrite.php(45): require_once('D:\\laragon\\www\\...')
#10 {main}
CRITICAL - 2023-04-29 16:55:26 --> Undefined variable: data
#0 D:\laragon\www\mysau_template\app\Views\welcome_message.php(41): CodeIgniter\Debug\Exceptions->errorHandler(8, 'Undefined varia...', 'D:\\laragon\\www\\...', 41, Array)
#1 D:\laragon\www\mysau_template\system\View\View.php(230): include('D:\\laragon\\www\\...')
#2 D:\laragon\www\mysau_template\system\View\View.php(232): CodeIgniter\View\View->CodeIgniter\View\{closure}()
#3 D:\laragon\www\mysau_template\system\Common.php(1271): CodeIgniter\View\View->render('welcome_message', Array, true)
#4 D:\laragon\www\mysau_template\app\Controllers\Home.php(9): view('welcome_message')
#5 D:\laragon\www\mysau_template\system\CodeIgniter.php(928): App\Controllers\Home->index()
#6 D:\laragon\www\mysau_template\system\CodeIgniter.php(436): CodeIgniter\CodeIgniter->runController(Object(App\Controllers\Home))
#7 D:\laragon\www\mysau_template\system\CodeIgniter.php(336): CodeIgniter\CodeIgniter->handleRequest(NULL, Object(Config\Cache), false)
#8 D:\laragon\www\mysau_template\public\index.php(37): CodeIgniter\CodeIgniter->run()
#9 D:\laragon\www\mysau_template\system\Commands\Server\rewrite.php(45): require_once('D:\\laragon\\www\\...')
#10 {main}
CRITICAL - 2023-04-29 16:55:26 --> Undefined variable: data
#0 D:\laragon\www\mysau_template\app\Views\welcome_message.php(41): CodeIgniter\Debug\Exceptions->errorHandler(8, 'Undefined varia...', 'D:\\laragon\\www\\...', 41, Array)
#1 D:\laragon\www\mysau_template\system\View\View.php(230): include('D:\\laragon\\www\\...')
#2 D:\laragon\www\mysau_template\system\View\View.php(232): CodeIgniter\View\View->CodeIgniter\View\{closure}()
#3 D:\laragon\www\mysau_template\system\Common.php(1271): CodeIgniter\View\View->render('welcome_message', Array, true)
#4 D:\laragon\www\mysau_template\app\Controllers\Home.php(9): view('welcome_message')
#5 D:\laragon\www\mysau_template\system\CodeIgniter.php(928): App\Controllers\Home->index()
#6 D:\laragon\www\mysau_template\system\CodeIgniter.php(436): CodeIgniter\CodeIgniter->runController(Object(App\Controllers\Home))
#7 D:\laragon\www\mysau_template\system\CodeIgniter.php(336): CodeIgniter\CodeIgniter->handleRequest(NULL, Object(Config\Cache), false)
#8 D:\laragon\www\mysau_template\public\index.php(37): CodeIgniter\CodeIgniter->run()
#9 D:\laragon\www\mysau_template\system\Commands\Server\rewrite.php(45): require_once('D:\\laragon\\www\\...')
#10 {main}
CRITICAL - 2023-04-29 16:55:26 --> Undefined variable: data
#0 D:\laragon\www\mysau_template\app\Views\welcome_message.php(41): CodeIgniter\Debug\Exceptions->errorHandler(8, 'Undefined varia...', 'D:\\laragon\\www\\...', 41, Array)
#1 D:\laragon\www\mysau_template\system\View\View.php(230): include('D:\\laragon\\www\\...')
#2 D:\laragon\www\mysau_template\system\View\View.php(232): CodeIgniter\View\View->CodeIgniter\View\{closure}()
#3 D:\laragon\www\mysau_template\system\Common.php(1271): CodeIgniter\View\View->render('welcome_message', Array, true)
#4 D:\laragon\www\mysau_template\app\Controllers\Home.php(9): view('welcome_message')
#5 D:\laragon\www\mysau_template\system\CodeIgniter.php(928): App\Controllers\Home->index()
#6 D:\laragon\www\mysau_template\system\CodeIgniter.php(436): CodeIgniter\CodeIgniter->runController(Object(App\Controllers\Home))
#7 D:\laragon\www\mysau_template\system\CodeIgniter.php(336): CodeIgniter\CodeIgniter->handleRequest(NULL, Object(Config\Cache), false)
#8 D:\laragon\www\mysau_template\public\index.php(37): CodeIgniter\CodeIgniter->run()
#9 D:\laragon\www\mysau_template\system\Commands\Server\rewrite.php(45): require_once('D:\\laragon\\www\\...')
#10 {main}
CRITICAL - 2023-04-29 16:55:27 --> Undefined variable: data
#0 D:\laragon\www\mysau_template\app\Views\welcome_message.php(41): CodeIgniter\Debug\Exceptions->errorHandler(8, 'Undefined varia...', 'D:\\laragon\\www\\...', 41, Array)
#1 D:\laragon\www\mysau_template\system\View\View.php(230): include('D:\\laragon\\www\\...')
#2 D:\laragon\www\mysau_template\system\View\View.php(232): CodeIgniter\View\View->CodeIgniter\View\{closure}()
#3 D:\laragon\www\mysau_template\system\Common.php(1271): CodeIgniter\View\View->render('welcome_message', Array, true)
#4 D:\laragon\www\mysau_template\app\Controllers\Home.php(9): view('welcome_message')
#5 D:\laragon\www\mysau_template\system\CodeIgniter.php(928): App\Controllers\Home->index()
#6 D:\laragon\www\mysau_template\system\CodeIgniter.php(436): CodeIgniter\CodeIgniter->runController(Object(App\Controllers\Home))
#7 D:\laragon\www\mysau_template\system\CodeIgniter.php(336): CodeIgniter\CodeIgniter->handleRequest(NULL, Object(Config\Cache), false)
#8 D:\laragon\www\mysau_template\public\index.php(37): CodeIgniter\CodeIgniter->run()
#9 D:\laragon\www\mysau_template\system\Commands\Server\rewrite.php(45): require_once('D:\\laragon\\www\\...')
#10 {main}
CRITICAL - 2023-04-29 16:55:27 --> Undefined variable: data
#0 D:\laragon\www\mysau_template\app\Views\welcome_message.php(41): CodeIgniter\Debug\Exceptions->errorHandler(8, 'Undefined varia...', 'D:\\laragon\\www\\...', 41, Array)
#1 D:\laragon\www\mysau_template\system\View\View.php(230): include('D:\\laragon\\www\\...')
#2 D:\laragon\www\mysau_template\system\View\View.php(232): CodeIgniter\View\View->CodeIgniter\View\{closure}()
#3 D:\laragon\www\mysau_template\system\Common.php(1271): CodeIgniter\View\View->render('welcome_message', Array, true)
#4 D:\laragon\www\mysau_template\app\Controllers\Home.php(9): view('welcome_message')
#5 D:\laragon\www\mysau_template\system\CodeIgniter.php(928): App\Controllers\Home->index()
#6 D:\laragon\www\mysau_template\system\CodeIgniter.php(436): CodeIgniter\CodeIgniter->runController(Object(App\Controllers\Home))
#7 D:\laragon\www\mysau_template\system\CodeIgniter.php(336): CodeIgniter\CodeIgniter->handleRequest(NULL, Object(Config\Cache), false)
#8 D:\laragon\www\mysau_template\public\index.php(37): CodeIgniter\CodeIgniter->run()
#9 D:\laragon\www\mysau_template\system\Commands\Server\rewrite.php(45): require_once('D:\\laragon\\www\\...')
#10 {main}
CRITICAL - 2023-04-29 16:55:27 --> Undefined variable: data
#0 D:\laragon\www\mysau_template\app\Views\welcome_message.php(41): CodeIgniter\Debug\Exceptions->errorHandler(8, 'Undefined varia...', 'D:\\laragon\\www\\...', 41, Array)
#1 D:\laragon\www\mysau_template\system\View\View.php(230): include('D:\\laragon\\www\\...')
#2 D:\laragon\www\mysau_template\system\View\View.php(232): CodeIgniter\View\View->CodeIgniter\View\{closure}()
#3 D:\laragon\www\mysau_template\system\Common.php(1271): CodeIgniter\View\View->render('welcome_message', Array, true)
#4 D:\laragon\www\mysau_template\app\Controllers\Home.php(9): view('welcome_message')
#5 D:\laragon\www\mysau_template\system\CodeIgniter.php(928): App\Controllers\Home->index()
#6 D:\laragon\www\mysau_template\system\CodeIgniter.php(436): CodeIgniter\CodeIgniter->runController(Object(App\Controllers\Home))
#7 D:\laragon\www\mysau_template\system\CodeIgniter.php(336): CodeIgniter\CodeIgniter->handleRequest(NULL, Object(Config\Cache), false)
#8 D:\laragon\www\mysau_template\public\index.php(37): CodeIgniter\CodeIgniter->run()
#9 D:\laragon\www\mysau_template\system\Commands\Server\rewrite.php(45): require_once('D:\\laragon\\www\\...')
#10 {main}
CRITICAL - 2023-04-29 16:55:27 --> Undefined variable: data
#0 D:\laragon\www\mysau_template\app\Views\welcome_message.php(41): CodeIgniter\Debug\Exceptions->errorHandler(8, 'Undefined varia...', 'D:\\laragon\\www\\...', 41, Array)
#1 D:\laragon\www\mysau_template\system\View\View.php(230): include('D:\\laragon\\www\\...')
#2 D:\laragon\www\mysau_template\system\View\View.php(232): CodeIgniter\View\View->CodeIgniter\View\{closure}()
#3 D:\laragon\www\mysau_template\system\Common.php(1271): CodeIgniter\View\View->render('welcome_message', Array, true)
#4 D:\laragon\www\mysau_template\app\Controllers\Home.php(9): view('welcome_message')
#5 D:\laragon\www\mysau_template\system\CodeIgniter.php(928): App\Controllers\Home->index()
#6 D:\laragon\www\mysau_template\system\CodeIgniter.php(436): CodeIgniter\CodeIgniter->runController(Object(App\Controllers\Home))
#7 D:\laragon\www\mysau_template\system\CodeIgniter.php(336): CodeIgniter\CodeIgniter->handleRequest(NULL, Object(Config\Cache), false)
#8 D:\laragon\www\mysau_template\public\index.php(37): CodeIgniter\CodeIgniter->run()
#9 D:\laragon\www\mysau_template\system\Commands\Server\rewrite.php(45): require_once('D:\\laragon\\www\\...')
#10 {main}
CRITICAL - 2023-04-29 16:55:27 --> Undefined variable: data
#0 D:\laragon\www\mysau_template\app\Views\welcome_message.php(41): CodeIgniter\Debug\Exceptions->errorHandler(8, 'Undefined varia...', 'D:\\laragon\\www\\...', 41, Array)
#1 D:\laragon\www\mysau_template\system\View\View.php(230): include('D:\\laragon\\www\\...')
#2 D:\laragon\www\mysau_template\system\View\View.php(232): CodeIgniter\View\View->CodeIgniter\View\{closure}()
#3 D:\laragon\www\mysau_template\system\Common.php(1271): CodeIgniter\View\View->render('welcome_message', Array, true)
#4 D:\laragon\www\mysau_template\app\Controllers\Home.php(9): view('welcome_message')
#5 D:\laragon\www\mysau_template\system\CodeIgniter.php(928): App\Controllers\Home->index()
#6 D:\laragon\www\mysau_template\system\CodeIgniter.php(436): CodeIgniter\CodeIgniter->runController(Object(App\Controllers\Home))
#7 D:\laragon\www\mysau_template\system\CodeIgniter.php(336): CodeIgniter\CodeIgniter->handleRequest(NULL, Object(Config\Cache), false)
#8 D:\laragon\www\mysau_template\public\index.php(37): CodeIgniter\CodeIgniter->run()
#9 D:\laragon\www\mysau_template\system\Commands\Server\rewrite.php(45): require_once('D:\\laragon\\www\\...')
#10 {main}
CRITICAL - 2023-04-29 16:55:27 --> Undefined variable: data
#0 D:\laragon\www\mysau_template\app\Views\welcome_message.php(41): CodeIgniter\Debug\Exceptions->errorHandler(8, 'Undefined varia...', 'D:\\laragon\\www\\...', 41, Array)
#1 D:\laragon\www\mysau_template\system\View\View.php(230): include('D:\\laragon\\www\\...')
#2 D:\laragon\www\mysau_template\system\View\View.php(232): CodeIgniter\View\View->CodeIgniter\View\{closure}()
#3 D:\laragon\www\mysau_template\system\Common.php(1271): CodeIgniter\View\View->render('welcome_message', Array, true)
#4 D:\laragon\www\mysau_template\app\Controllers\Home.php(9): view('welcome_message')
#5 D:\laragon\www\mysau_template\system\CodeIgniter.php(928): App\Controllers\Home->index()
#6 D:\laragon\www\mysau_template\system\CodeIgniter.php(436): CodeIgniter\CodeIgniter->runController(Object(App\Controllers\Home))
#7 D:\laragon\www\mysau_template\system\CodeIgniter.php(336): CodeIgniter\CodeIgniter->handleRequest(NULL, Object(Config\Cache), false)
#8 D:\laragon\www\mysau_template\public\index.php(37): CodeIgniter\CodeIgniter->run()
#9 D:\laragon\www\mysau_template\system\Commands\Server\rewrite.php(45): require_once('D:\\laragon\\www\\...')
#10 {main}
CRITICAL - 2023-04-29 16:55:28 --> Undefined variable: data
#0 D:\laragon\www\mysau_template\app\Views\welcome_message.php(41): CodeIgniter\Debug\Exceptions->errorHandler(8, 'Undefined varia...', 'D:\\laragon\\www\\...', 41, Array)
#1 D:\laragon\www\mysau_template\system\View\View.php(230): include('D:\\laragon\\www\\...')
#2 D:\laragon\www\mysau_template\system\View\View.php(232): CodeIgniter\View\View->CodeIgniter\View\{closure}()
#3 D:\laragon\www\mysau_template\system\Common.php(1271): CodeIgniter\View\View->render('welcome_message', Array, true)
#4 D:\laragon\www\mysau_template\app\Controllers\Home.php(9): view('welcome_message')
#5 D:\laragon\www\mysau_template\system\CodeIgniter.php(928): App\Controllers\Home->index()
#6 D:\laragon\www\mysau_template\system\CodeIgniter.php(436): CodeIgniter\CodeIgniter->runController(Object(App\Controllers\Home))
#7 D:\laragon\www\mysau_template\system\CodeIgniter.php(336): CodeIgniter\CodeIgniter->handleRequest(NULL, Object(Config\Cache), false)
#8 D:\laragon\www\mysau_template\public\index.php(37): CodeIgniter\CodeIgniter->run()
#9 D:\laragon\www\mysau_template\system\Commands\Server\rewrite.php(45): require_once('D:\\laragon\\www\\...')
#10 {main}
CRITICAL - 2023-04-29 16:55:28 --> Undefined variable: data
#0 D:\laragon\www\mysau_template\app\Views\welcome_message.php(41): CodeIgniter\Debug\Exceptions->errorHandler(8, 'Undefined varia...', 'D:\\laragon\\www\\...', 41, Array)
#1 D:\laragon\www\mysau_template\system\View\View.php(230): include('D:\\laragon\\www\\...')
#2 D:\laragon\www\mysau_template\system\View\View.php(232): CodeIgniter\View\View->CodeIgniter\View\{closure}()
#3 D:\laragon\www\mysau_template\system\Common.php(1271): CodeIgniter\View\View->render('welcome_message', Array, true)
#4 D:\laragon\www\mysau_template\app\Controllers\Home.php(9): view('welcome_message')
#5 D:\laragon\www\mysau_template\system\CodeIgniter.php(928): App\Controllers\Home->index()
#6 D:\laragon\www\mysau_template\system\CodeIgniter.php(436): CodeIgniter\CodeIgniter->runController(Object(App\Controllers\Home))
#7 D:\laragon\www\mysau_template\system\CodeIgniter.php(336): CodeIgniter\CodeIgniter->handleRequest(NULL, Object(Config\Cache), false)
#8 D:\laragon\www\mysau_template\public\index.php(37): CodeIgniter\CodeIgniter->run()
#9 D:\laragon\www\mysau_template\system\Commands\Server\rewrite.php(45): require_once('D:\\laragon\\www\\...')
#10 {main}
CRITICAL - 2023-04-29 16:55:28 --> Undefined variable: data
#0 D:\laragon\www\mysau_template\app\Views\welcome_message.php(41): CodeIgniter\Debug\Exceptions->errorHandler(8, 'Undefined varia...', 'D:\\laragon\\www\\...', 41, Array)
#1 D:\laragon\www\mysau_template\system\View\View.php(230): include('D:\\laragon\\www\\...')
#2 D:\laragon\www\mysau_template\system\View\View.php(232): CodeIgniter\View\View->CodeIgniter\View\{closure}()
#3 D:\laragon\www\mysau_template\system\Common.php(1271): CodeIgniter\View\View->render('welcome_message', Array, true)
#4 D:\laragon\www\mysau_template\app\Controllers\Home.php(9): view('welcome_message')
#5 D:\laragon\www\mysau_template\system\CodeIgniter.php(928): App\Controllers\Home->index()
#6 D:\laragon\www\mysau_template\system\CodeIgniter.php(436): CodeIgniter\CodeIgniter->runController(Object(App\Controllers\Home))
#7 D:\laragon\www\mysau_template\system\CodeIgniter.php(336): CodeIgniter\CodeIgniter->handleRequest(NULL, Object(Config\Cache), false)
#8 D:\laragon\www\mysau_template\public\index.php(37): CodeIgniter\CodeIgniter->run()
#9 D:\laragon\www\mysau_template\system\Commands\Server\rewrite.php(45): require_once('D:\\laragon\\www\\...')
#10 {main}
CRITICAL - 2023-04-29 16:55:28 --> Undefined variable: data
#0 D:\laragon\www\mysau_template\app\Views\welcome_message.php(41): CodeIgniter\Debug\Exceptions->errorHandler(8, 'Undefined varia...', 'D:\\laragon\\www\\...', 41, Array)
#1 D:\laragon\www\mysau_template\system\View\View.php(230): include('D:\\laragon\\www\\...')
#2 D:\laragon\www\mysau_template\system\View\View.php(232): CodeIgniter\View\View->CodeIgniter\View\{closure}()
#3 D:\laragon\www\mysau_template\system\Common.php(1271): CodeIgniter\View\View->render('welcome_message', Array, true)
#4 D:\laragon\www\mysau_template\app\Controllers\Home.php(9): view('welcome_message')
#5 D:\laragon\www\mysau_template\system\CodeIgniter.php(928): App\Controllers\Home->index()
#6 D:\laragon\www\mysau_template\system\CodeIgniter.php(436): CodeIgniter\CodeIgniter->runController(Object(App\Controllers\Home))
#7 D:\laragon\www\mysau_template\system\CodeIgniter.php(336): CodeIgniter\CodeIgniter->handleRequest(NULL, Object(Config\Cache), false)
#8 D:\laragon\www\mysau_template\public\index.php(37): CodeIgniter\CodeIgniter->run()
#9 D:\laragon\www\mysau_template\system\Commands\Server\rewrite.php(45): require_once('D:\\laragon\\www\\...')
#10 {main}
CRITICAL - 2023-04-29 16:55:28 --> Undefined variable: data
#0 D:\laragon\www\mysau_template\app\Views\welcome_message.php(41): CodeIgniter\Debug\Exceptions->errorHandler(8, 'Undefined varia...', 'D:\\laragon\\www\\...', 41, Array)
#1 D:\laragon\www\mysau_template\system\View\View.php(230): include('D:\\laragon\\www\\...')
#2 D:\laragon\www\mysau_template\system\View\View.php(232): CodeIgniter\View\View->CodeIgniter\View\{closure}()
#3 D:\laragon\www\mysau_template\system\Common.php(1271): CodeIgniter\View\View->render('welcome_message', Array, true)
#4 D:\laragon\www\mysau_template\app\Controllers\Home.php(9): view('welcome_message')
#5 D:\laragon\www\mysau_template\system\CodeIgniter.php(928): App\Controllers\Home->index()
#6 D:\laragon\www\mysau_template\system\CodeIgniter.php(436): CodeIgniter\CodeIgniter->runController(Object(App\Controllers\Home))
#7 D:\laragon\www\mysau_template\system\CodeIgniter.php(336): CodeIgniter\CodeIgniter->handleRequest(NULL, Object(Config\Cache), false)
#8 D:\laragon\www\mysau_template\public\index.php(37): CodeIgniter\CodeIgniter->run()
#9 D:\laragon\www\mysau_template\system\Commands\Server\rewrite.php(45): require_once('D:\\laragon\\www\\...')
#10 {main}
CRITICAL - 2023-04-29 16:55:29 --> Undefined variable: data
#0 D:\laragon\www\mysau_template\app\Views\welcome_message.php(41): CodeIgniter\Debug\Exceptions->errorHandler(8, 'Undefined varia...', 'D:\\laragon\\www\\...', 41, Array)
#1 D:\laragon\www\mysau_template\system\View\View.php(230): include('D:\\laragon\\www\\...')
#2 D:\laragon\www\mysau_template\system\View\View.php(232): CodeIgniter\View\View->CodeIgniter\View\{closure}()
#3 D:\laragon\www\mysau_template\system\Common.php(1271): CodeIgniter\View\View->render('welcome_message', Array, true)
#4 D:\laragon\www\mysau_template\app\Controllers\Home.php(9): view('welcome_message')
#5 D:\laragon\www\mysau_template\system\CodeIgniter.php(928): App\Controllers\Home->index()
#6 D:\laragon\www\mysau_template\system\CodeIgniter.php(436): CodeIgniter\CodeIgniter->runController(Object(App\Controllers\Home))
#7 D:\laragon\www\mysau_template\system\CodeIgniter.php(336): CodeIgniter\CodeIgniter->handleRequest(NULL, Object(Config\Cache), false)
#8 D:\laragon\www\mysau_template\public\index.php(37): CodeIgniter\CodeIgniter->run()
#9 D:\laragon\www\mysau_template\system\Commands\Server\rewrite.php(45): require_once('D:\\laragon\\www\\...')
#10 {main}
CRITICAL - 2023-04-29 16:55:29 --> Undefined variable: data
#0 D:\laragon\www\mysau_template\app\Views\welcome_message.php(41): CodeIgniter\Debug\Exceptions->errorHandler(8, 'Undefined varia...', 'D:\\laragon\\www\\...', 41, Array)
#1 D:\laragon\www\mysau_template\system\View\View.php(230): include('D:\\laragon\\www\\...')
#2 D:\laragon\www\mysau_template\system\View\View.php(232): CodeIgniter\View\View->CodeIgniter\View\{closure}()
#3 D:\laragon\www\mysau_template\system\Common.php(1271): CodeIgniter\View\View->render('welcome_message', Array, true)
#4 D:\laragon\www\mysau_template\app\Controllers\Home.php(9): view('welcome_message')
#5 D:\laragon\www\mysau_template\system\CodeIgniter.php(928): App\Controllers\Home->index()
#6 D:\laragon\www\mysau_template\system\CodeIgniter.php(436): CodeIgniter\CodeIgniter->runController(Object(App\Controllers\Home))
#7 D:\laragon\www\mysau_template\system\CodeIgniter.php(336): CodeIgniter\CodeIgniter->handleRequest(NULL, Object(Config\Cache), false)
#8 D:\laragon\www\mysau_template\public\index.php(37): CodeIgniter\CodeIgniter->run()
#9 D:\laragon\www\mysau_template\system\Commands\Server\rewrite.php(45): require_once('D:\\laragon\\www\\...')
#10 {main}
CRITICAL - 2023-04-29 16:55:29 --> Undefined variable: data
#0 D:\laragon\www\mysau_template\app\Views\welcome_message.php(41): CodeIgniter\Debug\Exceptions->errorHandler(8, 'Undefined varia...', 'D:\\laragon\\www\\...', 41, Array)
#1 D:\laragon\www\mysau_template\system\View\View.php(230): include('D:\\laragon\\www\\...')
#2 D:\laragon\www\mysau_template\system\View\View.php(232): CodeIgniter\View\View->CodeIgniter\View\{closure}()
#3 D:\laragon\www\mysau_template\system\Common.php(1271): CodeIgniter\View\View->render('welcome_message', Array, true)
#4 D:\laragon\www\mysau_template\app\Controllers\Home.php(9): view('welcome_message')
#5 D:\laragon\www\mysau_template\system\CodeIgniter.php(928): App\Controllers\Home->index()
#6 D:\laragon\www\mysau_template\system\CodeIgniter.php(436): CodeIgniter\CodeIgniter->runController(Object(App\Controllers\Home))
#7 D:\laragon\www\mysau_template\system\CodeIgniter.php(336): CodeIgniter\CodeIgniter->handleRequest(NULL, Object(Config\Cache), false)
#8 D:\laragon\www\mysau_template\public\index.php(37): CodeIgniter\CodeIgniter->run()
#9 D:\laragon\www\mysau_template\system\Commands\Server\rewrite.php(45): require_once('D:\\laragon\\www\\...')
#10 {main}
CRITICAL - 2023-04-29 16:56:15 --> Undefined variable: data
#0 D:\laragon\www\mysau_template\app\Views\welcome_message.php(41): CodeIgniter\Debug\Exceptions->errorHandler(8, 'Undefined varia...', 'D:\\laragon\\www\\...', 41, Array)
#1 D:\laragon\www\mysau_template\system\View\View.php(230): include('D:\\laragon\\www\\...')
#2 D:\laragon\www\mysau_template\system\View\View.php(232): CodeIgniter\View\View->CodeIgniter\View\{closure}()
#3 D:\laragon\www\mysau_template\system\Common.php(1271): CodeIgniter\View\View->render('welcome_message', Array, true)
#4 D:\laragon\www\mysau_template\app\Controllers\Home.php(9): view('welcome_message')
#5 D:\laragon\www\mysau_template\system\CodeIgniter.php(928): App\Controllers\Home->index()
#6 D:\laragon\www\mysau_template\system\CodeIgniter.php(436): CodeIgniter\CodeIgniter->runController(Object(App\Controllers\Home))
#7 D:\laragon\www\mysau_template\system\CodeIgniter.php(336): CodeIgniter\CodeIgniter->handleRequest(NULL, Object(Config\Cache), false)
#8 D:\laragon\www\mysau_template\public\index.php(37): CodeIgniter\CodeIgniter->run()
#9 D:\laragon\www\mysau_template\system\Commands\Server\rewrite.php(45): require_once('D:\\laragon\\www\\...')
#10 {main}
CRITICAL - 2023-04-29 16:57:50 --> Undefined variable: data
#0 D:\laragon\www\mysau_template\app\Views\welcome_message.php(41): CodeIgniter\Debug\Exceptions->errorHandler(8, 'Undefined varia...', 'D:\\laragon\\www\\...', 41, Array)
#1 D:\laragon\www\mysau_template\system\View\View.php(230): include('D:\\laragon\\www\\...')
#2 D:\laragon\www\mysau_template\system\View\View.php(232): CodeIgniter\View\View->CodeIgniter\View\{closure}()
#3 D:\laragon\www\mysau_template\system\Common.php(1271): CodeIgniter\View\View->render('welcome_message', Array, true)
#4 D:\laragon\www\mysau_template\app\Controllers\Home.php(9): view('welcome_message')
#5 D:\laragon\www\mysau_template\system\CodeIgniter.php(928): App\Controllers\Home->index()
#6 D:\laragon\www\mysau_template\system\CodeIgniter.php(436): CodeIgniter\CodeIgniter->runController(Object(App\Controllers\Home))
#7 D:\laragon\www\mysau_template\system\CodeIgniter.php(336): CodeIgniter\CodeIgniter->handleRequest(NULL, Object(Config\Cache), false)
#8 D:\laragon\www\mysau_template\public\index.php(37): CodeIgniter\CodeIgniter->run()
#9 D:\laragon\www\mysau_template\system\Commands\Server\rewrite.php(45): require_once('D:\\laragon\\www\\...')
#10 {main}
CRITICAL - 2023-04-29 16:57:51 --> Undefined variable: data
#0 D:\laragon\www\mysau_template\app\Views\welcome_message.php(41): CodeIgniter\Debug\Exceptions->errorHandler(8, 'Undefined varia...', 'D:\\laragon\\www\\...', 41, Array)
#1 D:\laragon\www\mysau_template\system\View\View.php(230): include('D:\\laragon\\www\\...')
#2 D:\laragon\www\mysau_template\system\View\View.php(232): CodeIgniter\View\View->CodeIgniter\View\{closure}()
#3 D:\laragon\www\mysau_template\system\Common.php(1271): CodeIgniter\View\View->render('welcome_message', Array, true)
#4 D:\laragon\www\mysau_template\app\Controllers\Home.php(9): view('welcome_message')
#5 D:\laragon\www\mysau_template\system\CodeIgniter.php(928): App\Controllers\Home->index()
#6 D:\laragon\www\mysau_template\system\CodeIgniter.php(436): CodeIgniter\CodeIgniter->runController(Object(App\Controllers\Home))
#7 D:\laragon\www\mysau_template\system\CodeIgniter.php(336): CodeIgniter\CodeIgniter->handleRequest(NULL, Object(Config\Cache), false)
#8 D:\laragon\www\mysau_template\public\index.php(37): CodeIgniter\CodeIgniter->run()
#9 D:\laragon\www\mysau_template\system\Commands\Server\rewrite.php(45): require_once('D:\\laragon\\www\\...')
#10 {main}
CRITICAL - 2023-04-29 16:57:52 --> Undefined variable: data
#0 D:\laragon\www\mysau_template\app\Views\welcome_message.php(41): CodeIgniter\Debug\Exceptions->errorHandler(8, 'Undefined varia...', 'D:\\laragon\\www\\...', 41, Array)
#1 D:\laragon\www\mysau_template\system\View\View.php(230): include('D:\\laragon\\www\\...')
#2 D:\laragon\www\mysau_template\system\View\View.php(232): CodeIgniter\View\View->CodeIgniter\View\{closure}()
#3 D:\laragon\www\mysau_template\system\Common.php(1271): CodeIgniter\View\View->render('welcome_message', Array, true)
#4 D:\laragon\www\mysau_template\app\Controllers\Home.php(9): view('welcome_message')
#5 D:\laragon\www\mysau_template\system\CodeIgniter.php(928): App\Controllers\Home->index()
#6 D:\laragon\www\mysau_template\system\CodeIgniter.php(436): CodeIgniter\CodeIgniter->runController(Object(App\Controllers\Home))
#7 D:\laragon\www\mysau_template\system\CodeIgniter.php(336): CodeIgniter\CodeIgniter->handleRequest(NULL, Object(Config\Cache), false)
#8 D:\laragon\www\mysau_template\public\index.php(37): CodeIgniter\CodeIgniter->run()
#9 D:\laragon\www\mysau_template\system\Commands\Server\rewrite.php(45): require_once('D:\\laragon\\www\\...')
#10 {main}
CRITICAL - 2023-04-29 16:57:52 --> Undefined variable: data
#0 D:\laragon\www\mysau_template\app\Views\welcome_message.php(41): CodeIgniter\Debug\Exceptions->errorHandler(8, 'Undefined varia...', 'D:\\laragon\\www\\...', 41, Array)
#1 D:\laragon\www\mysau_template\system\View\View.php(230): include('D:\\laragon\\www\\...')
#2 D:\laragon\www\mysau_template\system\View\View.php(232): CodeIgniter\View\View->CodeIgniter\View\{closure}()
#3 D:\laragon\www\mysau_template\system\Common.php(1271): CodeIgniter\View\View->render('welcome_message', Array, true)
#4 D:\laragon\www\mysau_template\app\Controllers\Home.php(9): view('welcome_message')
#5 D:\laragon\www\mysau_template\system\CodeIgniter.php(928): App\Controllers\Home->index()
#6 D:\laragon\www\mysau_template\system\CodeIgniter.php(436): CodeIgniter\CodeIgniter->runController(Object(App\Controllers\Home))
#7 D:\laragon\www\mysau_template\system\CodeIgniter.php(336): CodeIgniter\CodeIgniter->handleRequest(NULL, Object(Config\Cache), false)
#8 D:\laragon\www\mysau_template\public\index.php(37): CodeIgniter\CodeIgniter->run()
#9 D:\laragon\www\mysau_template\system\Commands\Server\rewrite.php(45): require_once('D:\\laragon\\www\\...')
#10 {main}
CRITICAL - 2023-04-29 16:57:52 --> Undefined variable: data
#0 D:\laragon\www\mysau_template\app\Views\welcome_message.php(41): CodeIgniter\Debug\Exceptions->errorHandler(8, 'Undefined varia...', 'D:\\laragon\\www\\...', 41, Array)
#1 D:\laragon\www\mysau_template\system\View\View.php(230): include('D:\\laragon\\www\\...')
#2 D:\laragon\www\mysau_template\system\View\View.php(232): CodeIgniter\View\View->CodeIgniter\View\{closure}()
#3 D:\laragon\www\mysau_template\system\Common.php(1271): CodeIgniter\View\View->render('welcome_message', Array, true)
#4 D:\laragon\www\mysau_template\app\Controllers\Home.php(9): view('welcome_message')
#5 D:\laragon\www\mysau_template\system\CodeIgniter.php(928): App\Controllers\Home->index()
#6 D:\laragon\www\mysau_template\system\CodeIgniter.php(436): CodeIgniter\CodeIgniter->runController(Object(App\Controllers\Home))
#7 D:\laragon\www\mysau_template\system\CodeIgniter.php(336): CodeIgniter\CodeIgniter->handleRequest(NULL, Object(Config\Cache), false)
#8 D:\laragon\www\mysau_template\public\index.php(37): CodeIgniter\CodeIgniter->run()
#9 D:\laragon\www\mysau_template\system\Commands\Server\rewrite.php(45): require_once('D:\\laragon\\www\\...')
#10 {main}
CRITICAL - 2023-04-29 16:57:52 --> Undefined variable: data
#0 D:\laragon\www\mysau_template\app\Views\welcome_message.php(41): CodeIgniter\Debug\Exceptions->errorHandler(8, 'Undefined varia...', 'D:\\laragon\\www\\...', 41, Array)
#1 D:\laragon\www\mysau_template\system\View\View.php(230): include('D:\\laragon\\www\\...')
#2 D:\laragon\www\mysau_template\system\View\View.php(232): CodeIgniter\View\View->CodeIgniter\View\{closure}()
#3 D:\laragon\www\mysau_template\system\Common.php(1271): CodeIgniter\View\View->render('welcome_message', Array, true)
#4 D:\laragon\www\mysau_template\app\Controllers\Home.php(9): view('welcome_message')
#5 D:\laragon\www\mysau_template\system\CodeIgniter.php(928): App\Controllers\Home->index()
#6 D:\laragon\www\mysau_template\system\CodeIgniter.php(436): CodeIgniter\CodeIgniter->runController(Object(App\Controllers\Home))
#7 D:\laragon\www\mysau_template\system\CodeIgniter.php(336): CodeIgniter\CodeIgniter->handleRequest(NULL, Object(Config\Cache), false)
#8 D:\laragon\www\mysau_template\public\index.php(37): CodeIgniter\CodeIgniter->run()
#9 D:\laragon\www\mysau_template\system\Commands\Server\rewrite.php(45): require_once('D:\\laragon\\www\\...')
#10 {main}
CRITICAL - 2023-04-29 16:57:55 --> Undefined variable: data
#0 D:\laragon\www\mysau_template\app\Views\welcome_message.php(41): CodeIgniter\Debug\Exceptions->errorHandler(8, 'Undefined varia...', 'D:\\laragon\\www\\...', 41, Array)
#1 D:\laragon\www\mysau_template\system\View\View.php(230): include('D:\\laragon\\www\\...')
#2 D:\laragon\www\mysau_template\system\View\View.php(232): CodeIgniter\View\View->CodeIgniter\View\{closure}()
#3 D:\laragon\www\mysau_template\system\Common.php(1271): CodeIgniter\View\View->render('welcome_message', Array, true)
#4 D:\laragon\www\mysau_template\app\Controllers\Home.php(9): view('welcome_message')
#5 D:\laragon\www\mysau_template\system\CodeIgniter.php(928): App\Controllers\Home->index()
#6 D:\laragon\www\mysau_template\system\CodeIgniter.php(436): CodeIgniter\CodeIgniter->runController(Object(App\Controllers\Home))
#7 D:\laragon\www\mysau_template\system\CodeIgniter.php(336): CodeIgniter\CodeIgniter->handleRequest(NULL, Object(Config\Cache), false)
#8 D:\laragon\www\mysau_template\public\index.php(37): CodeIgniter\CodeIgniter->run()
#9 D:\laragon\www\mysau_template\system\Commands\Server\rewrite.php(45): require_once('D:\\laragon\\www\\...')
#10 {main}
CRITICAL - 2023-04-29 16:57:55 --> Undefined variable: data
#0 D:\laragon\www\mysau_template\app\Views\welcome_message.php(41): CodeIgniter\Debug\Exceptions->errorHandler(8, 'Undefined varia...', 'D:\\laragon\\www\\...', 41, Array)
#1 D:\laragon\www\mysau_template\system\View\View.php(230): include('D:\\laragon\\www\\...')
#2 D:\laragon\www\mysau_template\system\View\View.php(232): CodeIgniter\View\View->CodeIgniter\View\{closure}()
#3 D:\laragon\www\mysau_template\system\Common.php(1271): CodeIgniter\View\View->render('welcome_message', Array, true)
#4 D:\laragon\www\mysau_template\app\Controllers\Home.php(9): view('welcome_message')
#5 D:\laragon\www\mysau_template\system\CodeIgniter.php(928): App\Controllers\Home->index()
#6 D:\laragon\www\mysau_template\system\CodeIgniter.php(436): CodeIgniter\CodeIgniter->runController(Object(App\Controllers\Home))
#7 D:\laragon\www\mysau_template\system\CodeIgniter.php(336): CodeIgniter\CodeIgniter->handleRequest(NULL, Object(Config\Cache), false)
#8 D:\laragon\www\mysau_template\public\index.php(37): CodeIgniter\CodeIgniter->run()
#9 D:\laragon\www\mysau_template\system\Commands\Server\rewrite.php(45): require_once('D:\\laragon\\www\\...')
#10 {main}
CRITICAL - 2023-04-29 16:57:55 --> Undefined variable: data
#0 D:\laragon\www\mysau_template\app\Views\welcome_message.php(41): CodeIgniter\Debug\Exceptions->errorHandler(8, 'Undefined varia...', 'D:\\laragon\\www\\...', 41, Array)
#1 D:\laragon\www\mysau_template\system\View\View.php(230): include('D:\\laragon\\www\\...')
#2 D:\laragon\www\mysau_template\system\View\View.php(232): CodeIgniter\View\View->CodeIgniter\View\{closure}()
#3 D:\laragon\www\mysau_template\system\Common.php(1271): CodeIgniter\View\View->render('welcome_message', Array, true)
#4 D:\laragon\www\mysau_template\app\Controllers\Home.php(9): view('welcome_message')
#5 D:\laragon\www\mysau_template\system\CodeIgniter.php(928): App\Controllers\Home->index()
#6 D:\laragon\www\mysau_template\system\CodeIgniter.php(436): CodeIgniter\CodeIgniter->runController(Object(App\Controllers\Home))
#7 D:\laragon\www\mysau_template\system\CodeIgniter.php(336): CodeIgniter\CodeIgniter->handleRequest(NULL, Object(Config\Cache), false)
#8 D:\laragon\www\mysau_template\public\index.php(37): CodeIgniter\CodeIgniter->run()
#9 D:\laragon\www\mysau_template\system\Commands\Server\rewrite.php(45): require_once('D:\\laragon\\www\\...')
#10 {main}
CRITICAL - 2023-04-29 16:57:55 --> Undefined variable: data
#0 D:\laragon\www\mysau_template\app\Views\welcome_message.php(41): CodeIgniter\Debug\Exceptions->errorHandler(8, 'Undefined varia...', 'D:\\laragon\\www\\...', 41, Array)
#1 D:\laragon\www\mysau_template\system\View\View.php(230): include('D:\\laragon\\www\\...')
#2 D:\laragon\www\mysau_template\system\View\View.php(232): CodeIgniter\View\View->CodeIgniter\View\{closure}()
#3 D:\laragon\www\mysau_template\system\Common.php(1271): CodeIgniter\View\View->render('welcome_message', Array, true)
#4 D:\laragon\www\mysau_template\app\Controllers\Home.php(9): view('welcome_message')
#5 D:\laragon\www\mysau_template\system\CodeIgniter.php(928): App\Controllers\Home->index()
#6 D:\laragon\www\mysau_template\system\CodeIgniter.php(436): CodeIgniter\CodeIgniter->runController(Object(App\Controllers\Home))
#7 D:\laragon\www\mysau_template\system\CodeIgniter.php(336): CodeIgniter\CodeIgniter->handleRequest(NULL, Object(Config\Cache), false)
#8 D:\laragon\www\mysau_template\public\index.php(37): CodeIgniter\CodeIgniter->run()
#9 D:\laragon\www\mysau_template\system\Commands\Server\rewrite.php(45): require_once('D:\\laragon\\www\\...')
#10 {main}
CRITICAL - 2023-04-29 16:57:55 --> Undefined variable: data
#0 D:\laragon\www\mysau_template\app\Views\welcome_message.php(41): CodeIgniter\Debug\Exceptions->errorHandler(8, 'Undefined varia...', 'D:\\laragon\\www\\...', 41, Array)
#1 D:\laragon\www\mysau_template\system\View\View.php(230): include('D:\\laragon\\www\\...')
#2 D:\laragon\www\mysau_template\system\View\View.php(232): CodeIgniter\View\View->CodeIgniter\View\{closure}()
#3 D:\laragon\www\mysau_template\system\Common.php(1271): CodeIgniter\View\View->render('welcome_message', Array, true)
#4 D:\laragon\www\mysau_template\app\Controllers\Home.php(9): view('welcome_message')
#5 D:\laragon\www\mysau_template\system\CodeIgniter.php(928): App\Controllers\Home->index()
#6 D:\laragon\www\mysau_template\system\CodeIgniter.php(436): CodeIgniter\CodeIgniter->runController(Object(App\Controllers\Home))
#7 D:\laragon\www\mysau_template\system\CodeIgniter.php(336): CodeIgniter\CodeIgniter->handleRequest(NULL, Object(Config\Cache), false)
#8 D:\laragon\www\mysau_template\public\index.php(37): CodeIgniter\CodeIgniter->run()
#9 D:\laragon\www\mysau_template\system\Commands\Server\rewrite.php(45): require_once('D:\\laragon\\www\\...')
#10 {main}
CRITICAL - 2023-04-29 16:57:56 --> Undefined variable: data
#0 D:\laragon\www\mysau_template\app\Views\welcome_message.php(41): CodeIgniter\Debug\Exceptions->errorHandler(8, 'Undefined varia...', 'D:\\laragon\\www\\...', 41, Array)
#1 D:\laragon\www\mysau_template\system\View\View.php(230): include('D:\\laragon\\www\\...')
#2 D:\laragon\www\mysau_template\system\View\View.php(232): CodeIgniter\View\View->CodeIgniter\View\{closure}()
#3 D:\laragon\www\mysau_template\system\Common.php(1271): CodeIgniter\View\View->render('welcome_message', Array, true)
#4 D:\laragon\www\mysau_template\app\Controllers\Home.php(9): view('welcome_message')
#5 D:\laragon\www\mysau_template\system\CodeIgniter.php(928): App\Controllers\Home->index()
#6 D:\laragon\www\mysau_template\system\CodeIgniter.php(436): CodeIgniter\CodeIgniter->runController(Object(App\Controllers\Home))
#7 D:\laragon\www\mysau_template\system\CodeIgniter.php(336): CodeIgniter\CodeIgniter->handleRequest(NULL, Object(Config\Cache), false)
#8 D:\laragon\www\mysau_template\public\index.php(37): CodeIgniter\CodeIgniter->run()
#9 D:\laragon\www\mysau_template\system\Commands\Server\rewrite.php(45): require_once('D:\\laragon\\www\\...')
#10 {main}
CRITICAL - 2023-04-29 16:57:56 --> Undefined variable: data
#0 D:\laragon\www\mysau_template\app\Views\welcome_message.php(41): CodeIgniter\Debug\Exceptions->errorHandler(8, 'Undefined varia...', 'D:\\laragon\\www\\...', 41, Array)
#1 D:\laragon\www\mysau_template\system\View\View.php(230): include('D:\\laragon\\www\\...')
#2 D:\laragon\www\mysau_template\system\View\View.php(232): CodeIgniter\View\View->CodeIgniter\View\{closure}()
#3 D:\laragon\www\mysau_template\system\Common.php(1271): CodeIgniter\View\View->render('welcome_message', Array, true)
#4 D:\laragon\www\mysau_template\app\Controllers\Home.php(9): view('welcome_message')
#5 D:\laragon\www\mysau_template\system\CodeIgniter.php(928): App\Controllers\Home->index()
#6 D:\laragon\www\mysau_template\system\CodeIgniter.php(436): CodeIgniter\CodeIgniter->runController(Object(App\Controllers\Home))
#7 D:\laragon\www\mysau_template\system\CodeIgniter.php(336): CodeIgniter\CodeIgniter->handleRequest(NULL, Object(Config\Cache), false)
#8 D:\laragon\www\mysau_template\public\index.php(37): CodeIgniter\CodeIgniter->run()
#9 D:\laragon\www\mysau_template\system\Commands\Server\rewrite.php(45): require_once('D:\\laragon\\www\\...')
#10 {main}
CRITICAL - 2023-04-29 16:57:56 --> Undefined variable: data
#0 D:\laragon\www\mysau_template\app\Views\welcome_message.php(41): CodeIgniter\Debug\Exceptions->errorHandler(8, 'Undefined varia...', 'D:\\laragon\\www\\...', 41, Array)
#1 D:\laragon\www\mysau_template\system\View\View.php(230): include('D:\\laragon\\www\\...')
#2 D:\laragon\www\mysau_template\system\View\View.php(232): CodeIgniter\View\View->CodeIgniter\View\{closure}()
#3 D:\laragon\www\mysau_template\system\Common.php(1271): CodeIgniter\View\View->render('welcome_message', Array, true)
#4 D:\laragon\www\mysau_template\app\Controllers\Home.php(9): view('welcome_message')
#5 D:\laragon\www\mysau_template\system\CodeIgniter.php(928): App\Controllers\Home->index()
#6 D:\laragon\www\mysau_template\system\CodeIgniter.php(436): CodeIgniter\CodeIgniter->runController(Object(App\Controllers\Home))
#7 D:\laragon\www\mysau_template\system\CodeIgniter.php(336): CodeIgniter\CodeIgniter->handleRequest(NULL, Object(Config\Cache), false)
#8 D:\laragon\www\mysau_template\public\index.php(37): CodeIgniter\CodeIgniter->run()
#9 D:\laragon\www\mysau_template\system\Commands\Server\rewrite.php(45): require_once('D:\\laragon\\www\\...')
#10 {main}
CRITICAL - 2023-04-29 16:57:56 --> Undefined variable: data
#0 D:\laragon\www\mysau_template\app\Views\welcome_message.php(41): CodeIgniter\Debug\Exceptions->errorHandler(8, 'Undefined varia...', 'D:\\laragon\\www\\...', 41, Array)
#1 D:\laragon\www\mysau_template\system\View\View.php(230): include('D:\\laragon\\www\\...')
#2 D:\laragon\www\mysau_template\system\View\View.php(232): CodeIgniter\View\View->CodeIgniter\View\{closure}()
#3 D:\laragon\www\mysau_template\system\Common.php(1271): CodeIgniter\View\View->render('welcome_message', Array, true)
#4 D:\laragon\www\mysau_template\app\Controllers\Home.php(9): view('welcome_message')
#5 D:\laragon\www\mysau_template\system\CodeIgniter.php(928): App\Controllers\Home->index()
#6 D:\laragon\www\mysau_template\system\CodeIgniter.php(436): CodeIgniter\CodeIgniter->runController(Object(App\Controllers\Home))
#7 D:\laragon\www\mysau_template\system\CodeIgniter.php(336): CodeIgniter\CodeIgniter->handleRequest(NULL, Object(Config\Cache), false)
#8 D:\laragon\www\mysau_template\public\index.php(37): CodeIgniter\CodeIgniter->run()
#9 D:\laragon\www\mysau_template\system\Commands\Server\rewrite.php(45): require_once('D:\\laragon\\www\\...')
#10 {main}
CRITICAL - 2023-04-29 16:57:59 --> Undefined variable: data
#0 D:\laragon\www\mysau_template\app\Views\welcome_message.php(41): CodeIgniter\Debug\Exceptions->errorHandler(8, 'Undefined varia...', 'D:\\laragon\\www\\...', 41, Array)
#1 D:\laragon\www\mysau_template\system\View\View.php(230): include('D:\\laragon\\www\\...')
#2 D:\laragon\www\mysau_template\system\View\View.php(232): CodeIgniter\View\View->CodeIgniter\View\{closure}()
#3 D:\laragon\www\mysau_template\system\Common.php(1271): CodeIgniter\View\View->render('welcome_message', Array, true)
#4 D:\laragon\www\mysau_template\app\Controllers\Home.php(9): view('welcome_message')
#5 D:\laragon\www\mysau_template\system\CodeIgniter.php(928): App\Controllers\Home->index()
#6 D:\laragon\www\mysau_template\system\CodeIgniter.php(436): CodeIgniter\CodeIgniter->runController(Object(App\Controllers\Home))
#7 D:\laragon\www\mysau_template\system\CodeIgniter.php(336): CodeIgniter\CodeIgniter->handleRequest(NULL, Object(Config\Cache), false)
#8 D:\laragon\www\mysau_template\public\index.php(37): CodeIgniter\CodeIgniter->run()
#9 D:\laragon\www\mysau_template\system\Commands\Server\rewrite.php(45): require_once('D:\\laragon\\www\\...')
#10 {main}
CRITICAL - 2023-04-29 16:57:59 --> Undefined variable: data
#0 D:\laragon\www\mysau_template\app\Views\welcome_message.php(41): CodeIgniter\Debug\Exceptions->errorHandler(8, 'Undefined varia...', 'D:\\laragon\\www\\...', 41, Array)
#1 D:\laragon\www\mysau_template\system\View\View.php(230): include('D:\\laragon\\www\\...')
#2 D:\laragon\www\mysau_template\system\View\View.php(232): CodeIgniter\View\View->CodeIgniter\View\{closure}()
#3 D:\laragon\www\mysau_template\system\Common.php(1271): CodeIgniter\View\View->render('welcome_message', Array, true)
#4 D:\laragon\www\mysau_template\app\Controllers\Home.php(9): view('welcome_message')
#5 D:\laragon\www\mysau_template\system\CodeIgniter.php(928): App\Controllers\Home->index()
#6 D:\laragon\www\mysau_template\system\CodeIgniter.php(436): CodeIgniter\CodeIgniter->runController(Object(App\Controllers\Home))
#7 D:\laragon\www\mysau_template\system\CodeIgniter.php(336): CodeIgniter\CodeIgniter->handleRequest(NULL, Object(Config\Cache), false)
#8 D:\laragon\www\mysau_template\public\index.php(37): CodeIgniter\CodeIgniter->run()
#9 D:\laragon\www\mysau_template\system\Commands\Server\rewrite.php(45): require_once('D:\\laragon\\www\\...')
#10 {main}
CRITICAL - 2023-04-29 16:57:59 --> Undefined variable: data
#0 D:\laragon\www\mysau_template\app\Views\welcome_message.php(41): CodeIgniter\Debug\Exceptions->errorHandler(8, 'Undefined varia...', 'D:\\laragon\\www\\...', 41, Array)
#1 D:\laragon\www\mysau_template\system\View\View.php(230): include('D:\\laragon\\www\\...')
#2 D:\laragon\www\mysau_template\system\View\View.php(232): CodeIgniter\View\View->CodeIgniter\View\{closure}()
#3 D:\laragon\www\mysau_template\system\Common.php(1271): CodeIgniter\View\View->render('welcome_message', Array, true)
#4 D:\laragon\www\mysau_template\app\Controllers\Home.php(9): view('welcome_message')
#5 D:\laragon\www\mysau_template\system\CodeIgniter.php(928): App\Controllers\Home->index()
#6 D:\laragon\www\mysau_template\system\CodeIgniter.php(436): CodeIgniter\CodeIgniter->runController(Object(App\Controllers\Home))
#7 D:\laragon\www\mysau_template\system\CodeIgniter.php(336): CodeIgniter\CodeIgniter->handleRequest(NULL, Object(Config\Cache), false)
#8 D:\laragon\www\mysau_template\public\index.php(37): CodeIgniter\CodeIgniter->run()
#9 D:\laragon\www\mysau_template\system\Commands\Server\rewrite.php(45): require_once('D:\\laragon\\www\\...')
#10 {main}
CRITICAL - 2023-04-29 16:58:00 --> Undefined variable: data
#0 D:\laragon\www\mysau_template\app\Views\welcome_message.php(41): CodeIgniter\Debug\Exceptions->errorHandler(8, 'Undefined varia...', 'D:\\laragon\\www\\...', 41, Array)
#1 D:\laragon\www\mysau_template\system\View\View.php(230): include('D:\\laragon\\www\\...')
#2 D:\laragon\www\mysau_template\system\View\View.php(232): CodeIgniter\View\View->CodeIgniter\View\{closure}()
#3 D:\laragon\www\mysau_template\system\Common.php(1271): CodeIgniter\View\View->render('welcome_message', Array, true)
#4 D:\laragon\www\mysau_template\app\Controllers\Home.php(9): view('welcome_message')
#5 D:\laragon\www\mysau_template\system\CodeIgniter.php(928): App\Controllers\Home->index()
#6 D:\laragon\www\mysau_template\system\CodeIgniter.php(436): CodeIgniter\CodeIgniter->runController(Object(App\Controllers\Home))
#7 D:\laragon\www\mysau_template\system\CodeIgniter.php(336): CodeIgniter\CodeIgniter->handleRequest(NULL, Object(Config\Cache), false)
#8 D:\laragon\www\mysau_template\public\index.php(37): CodeIgniter\CodeIgniter->run()
#9 D:\laragon\www\mysau_template\system\Commands\Server\rewrite.php(45): require_once('D:\\laragon\\www\\...')
#10 {main}
CRITICAL - 2023-04-29 16:58:00 --> Undefined variable: data
#0 D:\laragon\www\mysau_template\app\Views\welcome_message.php(41): CodeIgniter\Debug\Exceptions->errorHandler(8, 'Undefined varia...', 'D:\\laragon\\www\\...', 41, Array)
#1 D:\laragon\www\mysau_template\system\View\View.php(230): include('D:\\laragon\\www\\...')
#2 D:\laragon\www\mysau_template\system\View\View.php(232): CodeIgniter\View\View->CodeIgniter\View\{closure}()
#3 D:\laragon\www\mysau_template\system\Common.php(1271): CodeIgniter\View\View->render('welcome_message', Array, true)
#4 D:\laragon\www\mysau_template\app\Controllers\Home.php(9): view('welcome_message')
#5 D:\laragon\www\mysau_template\system\CodeIgniter.php(928): App\Controllers\Home->index()
#6 D:\laragon\www\mysau_template\system\CodeIgniter.php(436): CodeIgniter\CodeIgniter->runController(Object(App\Controllers\Home))
#7 D:\laragon\www\mysau_template\system\CodeIgniter.php(336): CodeIgniter\CodeIgniter->handleRequest(NULL, Object(Config\Cache), false)
#8 D:\laragon\www\mysau_template\public\index.php(37): CodeIgniter\CodeIgniter->run()
#9 D:\laragon\www\mysau_template\system\Commands\Server\rewrite.php(45): require_once('D:\\laragon\\www\\...')
#10 {main}
CRITICAL - 2023-04-29 16:58:00 --> Undefined variable: data
#0 D:\laragon\www\mysau_template\app\Views\welcome_message.php(41): CodeIgniter\Debug\Exceptions->errorHandler(8, 'Undefined varia...', 'D:\\laragon\\www\\...', 41, Array)
#1 D:\laragon\www\mysau_template\system\View\View.php(230): include('D:\\laragon\\www\\...')
#2 D:\laragon\www\mysau_template\system\View\View.php(232): CodeIgniter\View\View->CodeIgniter\View\{closure}()
#3 D:\laragon\www\mysau_template\system\Common.php(1271): CodeIgniter\View\View->render('welcome_message', Array, true)
#4 D:\laragon\www\mysau_template\app\Controllers\Home.php(9): view('welcome_message')
#5 D:\laragon\www\mysau_template\system\CodeIgniter.php(928): App\Controllers\Home->index()
#6 D:\laragon\www\mysau_template\system\CodeIgniter.php(436): CodeIgniter\CodeIgniter->runController(Object(App\Controllers\Home))
#7 D:\laragon\www\mysau_template\system\CodeIgniter.php(336): CodeIgniter\CodeIgniter->handleRequest(NULL, Object(Config\Cache), false)
#8 D:\laragon\www\mysau_template\public\index.php(37): CodeIgniter\CodeIgniter->run()
#9 D:\laragon\www\mysau_template\system\Commands\Server\rewrite.php(45): require_once('D:\\laragon\\www\\...')
#10 {main}
CRITICAL - 2023-04-29 16:58:00 --> Undefined variable: data
#0 D:\laragon\www\mysau_template\app\Views\welcome_message.php(41): CodeIgniter\Debug\Exceptions->errorHandler(8, 'Undefined varia...', 'D:\\laragon\\www\\...', 41, Array)
#1 D:\laragon\www\mysau_template\system\View\View.php(230): include('D:\\laragon\\www\\...')
#2 D:\laragon\www\mysau_template\system\View\View.php(232): CodeIgniter\View\View->CodeIgniter\View\{closure}()
#3 D:\laragon\www\mysau_template\system\Common.php(1271): CodeIgniter\View\View->render('welcome_message', Array, true)
#4 D:\laragon\www\mysau_template\app\Controllers\Home.php(9): view('welcome_message')
#5 D:\laragon\www\mysau_template\system\CodeIgniter.php(928): App\Controllers\Home->index()
#6 D:\laragon\www\mysau_template\system\CodeIgniter.php(436): CodeIgniter\CodeIgniter->runController(Object(App\Controllers\Home))
#7 D:\laragon\www\mysau_template\system\CodeIgniter.php(336): CodeIgniter\CodeIgniter->handleRequest(NULL, Object(Config\Cache), false)
#8 D:\laragon\www\mysau_template\public\index.php(37): CodeIgniter\CodeIgniter->run()
#9 D:\laragon\www\mysau_template\system\Commands\Server\rewrite.php(45): require_once('D:\\laragon\\www\\...')
#10 {main}
CRITICAL - 2023-04-29 16:58:00 --> Undefined variable: data
#0 D:\laragon\www\mysau_template\app\Views\welcome_message.php(41): CodeIgniter\Debug\Exceptions->errorHandler(8, 'Undefined varia...', 'D:\\laragon\\www\\...', 41, Array)
#1 D:\laragon\www\mysau_template\system\View\View.php(230): include('D:\\laragon\\www\\...')
#2 D:\laragon\www\mysau_template\system\View\View.php(232): CodeIgniter\View\View->CodeIgniter\View\{closure}()
#3 D:\laragon\www\mysau_template\system\Common.php(1271): CodeIgniter\View\View->render('welcome_message', Array, true)
#4 D:\laragon\www\mysau_template\app\Controllers\Home.php(9): view('welcome_message')
#5 D:\laragon\www\mysau_template\system\CodeIgniter.php(928): App\Controllers\Home->index()
#6 D:\laragon\www\mysau_template\system\CodeIgniter.php(436): CodeIgniter\CodeIgniter->runController(Object(App\Controllers\Home))
#7 D:\laragon\www\mysau_template\system\CodeIgniter.php(336): CodeIgniter\CodeIgniter->handleRequest(NULL, Object(Config\Cache), false)
#8 D:\laragon\www\mysau_template\public\index.php(37): CodeIgniter\CodeIgniter->run()
#9 D:\laragon\www\mysau_template\system\Commands\Server\rewrite.php(45): require_once('D:\\laragon\\www\\...')
#10 {main}
CRITICAL - 2023-04-29 16:58:00 --> Undefined variable: data
#0 D:\laragon\www\mysau_template\app\Views\welcome_message.php(41): CodeIgniter\Debug\Exceptions->errorHandler(8, 'Undefined varia...', 'D:\\laragon\\www\\...', 41, Array)
#1 D:\laragon\www\mysau_template\system\View\View.php(230): include('D:\\laragon\\www\\...')
#2 D:\laragon\www\mysau_template\system\View\View.php(232): CodeIgniter\View\View->CodeIgniter\View\{closure}()
#3 D:\laragon\www\mysau_template\system\Common.php(1271): CodeIgniter\View\View->render('welcome_message', Array, true)
#4 D:\laragon\www\mysau_template\app\Controllers\Home.php(9): view('welcome_message')
#5 D:\laragon\www\mysau_template\system\CodeIgniter.php(928): App\Controllers\Home->index()
#6 D:\laragon\www\mysau_template\system\CodeIgniter.php(436): CodeIgniter\CodeIgniter->runController(Object(App\Controllers\Home))
#7 D:\laragon\www\mysau_template\system\CodeIgniter.php(336): CodeIgniter\CodeIgniter->handleRequest(NULL, Object(Config\Cache), false)
#8 D:\laragon\www\mysau_template\public\index.php(37): CodeIgniter\CodeIgniter->run()
#9 D:\laragon\www\mysau_template\system\Commands\Server\rewrite.php(45): require_once('D:\\laragon\\www\\...')
#10 {main}
CRITICAL - 2023-04-29 16:58:01 --> Undefined variable: data
#0 D:\laragon\www\mysau_template\app\Views\welcome_message.php(41): CodeIgniter\Debug\Exceptions->errorHandler(8, 'Undefined varia...', 'D:\\laragon\\www\\...', 41, Array)
#1 D:\laragon\www\mysau_template\system\View\View.php(230): include('D:\\laragon\\www\\...')
#2 D:\laragon\www\mysau_template\system\View\View.php(232): CodeIgniter\View\View->CodeIgniter\View\{closure}()
#3 D:\laragon\www\mysau_template\system\Common.php(1271): CodeIgniter\View\View->render('welcome_message', Array, true)
#4 D:\laragon\www\mysau_template\app\Controllers\Home.php(9): view('welcome_message')
#5 D:\laragon\www\mysau_template\system\CodeIgniter.php(928): App\Controllers\Home->index()
#6 D:\laragon\www\mysau_template\system\CodeIgniter.php(436): CodeIgniter\CodeIgniter->runController(Object(App\Controllers\Home))
#7 D:\laragon\www\mysau_template\system\CodeIgniter.php(336): CodeIgniter\CodeIgniter->handleRequest(NULL, Object(Config\Cache), false)
#8 D:\laragon\www\mysau_template\public\index.php(37): CodeIgniter\CodeIgniter->run()
#9 D:\laragon\www\mysau_template\system\Commands\Server\rewrite.php(45): require_once('D:\\laragon\\www\\...')
#10 {main}
CRITICAL - 2023-04-29 16:58:01 --> Undefined variable: data
#0 D:\laragon\www\mysau_template\app\Views\welcome_message.php(41): CodeIgniter\Debug\Exceptions->errorHandler(8, 'Undefined varia...', 'D:\\laragon\\www\\...', 41, Array)
#1 D:\laragon\www\mysau_template\system\View\View.php(230): include('D:\\laragon\\www\\...')
#2 D:\laragon\www\mysau_template\system\View\View.php(232): CodeIgniter\View\View->CodeIgniter\View\{closure}()
#3 D:\laragon\www\mysau_template\system\Common.php(1271): CodeIgniter\View\View->render('welcome_message', Array, true)
#4 D:\laragon\www\mysau_template\app\Controllers\Home.php(9): view('welcome_message')
#5 D:\laragon\www\mysau_template\system\CodeIgniter.php(928): App\Controllers\Home->index()
#6 D:\laragon\www\mysau_template\system\CodeIgniter.php(436): CodeIgniter\CodeIgniter->runController(Object(App\Controllers\Home))
#7 D:\laragon\www\mysau_template\system\CodeIgniter.php(336): CodeIgniter\CodeIgniter->handleRequest(NULL, Object(Config\Cache), false)
#8 D:\laragon\www\mysau_template\public\index.php(37): CodeIgniter\CodeIgniter->run()
#9 D:\laragon\www\mysau_template\system\Commands\Server\rewrite.php(45): require_once('D:\\laragon\\www\\...')
#10 {main}
CRITICAL - 2023-04-29 16:58:12 --> Undefined variable: data
#0 D:\laragon\www\mysau_template\app\Views\welcome_message.php(41): CodeIgniter\Debug\Exceptions->errorHandler(8, 'Undefined varia...', 'D:\\laragon\\www\\...', 41, Array)
#1 D:\laragon\www\mysau_template\system\View\View.php(230): include('D:\\laragon\\www\\...')
#2 D:\laragon\www\mysau_template\system\View\View.php(232): CodeIgniter\View\View->CodeIgniter\View\{closure}()
#3 D:\laragon\www\mysau_template\system\Common.php(1271): CodeIgniter\View\View->render('welcome_message', Array, true)
#4 D:\laragon\www\mysau_template\app\Controllers\Home.php(9): view('welcome_message')
#5 D:\laragon\www\mysau_template\system\CodeIgniter.php(928): App\Controllers\Home->index()
#6 D:\laragon\www\mysau_template\system\CodeIgniter.php(436): CodeIgniter\CodeIgniter->runController(Object(App\Controllers\Home))
#7 D:\laragon\www\mysau_template\system\CodeIgniter.php(336): CodeIgniter\CodeIgniter->handleRequest(NULL, Object(Config\Cache), false)
#8 D:\laragon\www\mysau_template\public\index.php(37): CodeIgniter\CodeIgniter->run()
#9 D:\laragon\www\mysau_template\system\Commands\Server\rewrite.php(45): require_once('D:\\laragon\\www\\...')
#10 {main}
CRITICAL - 2023-04-29 16:58:17 --> Undefined variable: data
#0 D:\laragon\www\mysau_template\app\Views\welcome_message.php(41): CodeIgniter\Debug\Exceptions->errorHandler(8, 'Undefined varia...', 'D:\\laragon\\www\\...', 41, Array)
#1 D:\laragon\www\mysau_template\system\View\View.php(230): include('D:\\laragon\\www\\...')
#2 D:\laragon\www\mysau_template\system\View\View.php(232): CodeIgniter\View\View->CodeIgniter\View\{closure}()
#3 D:\laragon\www\mysau_template\system\Common.php(1271): CodeIgniter\View\View->render('welcome_message', Array, true)
#4 D:\laragon\www\mysau_template\app\Controllers\Home.php(9): view('welcome_message')
#5 D:\laragon\www\mysau_template\system\CodeIgniter.php(928): App\Controllers\Home->index()
#6 D:\laragon\www\mysau_template\system\CodeIgniter.php(436): CodeIgniter\CodeIgniter->runController(Object(App\Controllers\Home))
#7 D:\laragon\www\mysau_template\system\CodeIgniter.php(336): CodeIgniter\CodeIgniter->handleRequest(NULL, Object(Config\Cache), false)
#8 D:\laragon\www\mysau_template\public\index.php(37): CodeIgniter\CodeIgniter->run()
#9 D:\laragon\www\mysau_template\system\Commands\Server\rewrite.php(45): require_once('D:\\laragon\\www\\...')
#10 {main}
CRITICAL - 2023-04-29 16:58:34 --> Undefined variable: data
#0 D:\laragon\www\mysau_template\app\Views\welcome_message.php(41): CodeIgniter\Debug\Exceptions->errorHandler(8, 'Undefined varia...', 'D:\\laragon\\www\\...', 41, Array)
#1 D:\laragon\www\mysau_template\system\View\View.php(230): include('D:\\laragon\\www\\...')
#2 D:\laragon\www\mysau_template\system\View\View.php(232): CodeIgniter\View\View->CodeIgniter\View\{closure}()
#3 D:\laragon\www\mysau_template\system\Common.php(1271): CodeIgniter\View\View->render('welcome_message', Array, true)
#4 D:\laragon\www\mysau_template\app\Controllers\Home.php(9): view('welcome_message')
#5 D:\laragon\www\mysau_template\system\CodeIgniter.php(928): App\Controllers\Home->index()
#6 D:\laragon\www\mysau_template\system\CodeIgniter.php(436): CodeIgniter\CodeIgniter->runController(Object(App\Controllers\Home))
#7 D:\laragon\www\mysau_template\system\CodeIgniter.php(336): CodeIgniter\CodeIgniter->handleRequest(NULL, Object(Config\Cache), false)
#8 D:\laragon\www\mysau_template\public\index.php(37): CodeIgniter\CodeIgniter->run()
#9 D:\laragon\www\mysau_template\system\Commands\Server\rewrite.php(45): require_once('D:\\laragon\\www\\...')
#10 {main}
CRITICAL - 2023-04-29 16:58:35 --> Undefined variable: data
#0 D:\laragon\www\mysau_template\app\Views\welcome_message.php(41): CodeIgniter\Debug\Exceptions->errorHandler(8, 'Undefined varia...', 'D:\\laragon\\www\\...', 41, Array)
#1 D:\laragon\www\mysau_template\system\View\View.php(230): include('D:\\laragon\\www\\...')
#2 D:\laragon\www\mysau_template\system\View\View.php(232): CodeIgniter\View\View->CodeIgniter\View\{closure}()
#3 D:\laragon\www\mysau_template\system\Common.php(1271): CodeIgniter\View\View->render('welcome_message', Array, true)
#4 D:\laragon\www\mysau_template\app\Controllers\Home.php(9): view('welcome_message')
#5 D:\laragon\www\mysau_template\system\CodeIgniter.php(928): App\Controllers\Home->index()
#6 D:\laragon\www\mysau_template\system\CodeIgniter.php(436): CodeIgniter\CodeIgniter->runController(Object(App\Controllers\Home))
#7 D:\laragon\www\mysau_template\system\CodeIgniter.php(336): CodeIgniter\CodeIgniter->handleRequest(NULL, Object(Config\Cache), false)
#8 D:\laragon\www\mysau_template\public\index.php(37): CodeIgniter\CodeIgniter->run()
#9 D:\laragon\www\mysau_template\system\Commands\Server\rewrite.php(45): require_once('D:\\laragon\\www\\...')
#10 {main}
CRITICAL - 2023-04-29 16:58:36 --> Undefined variable: data
#0 D:\laragon\www\mysau_template\app\Views\welcome_message.php(41): CodeIgniter\Debug\Exceptions->errorHandler(8, 'Undefined varia...', 'D:\\laragon\\www\\...', 41, Array)
#1 D:\laragon\www\mysau_template\system\View\View.php(230): include('D:\\laragon\\www\\...')
#2 D:\laragon\www\mysau_template\system\View\View.php(232): CodeIgniter\View\View->CodeIgniter\View\{closure}()
#3 D:\laragon\www\mysau_template\system\Common.php(1271): CodeIgniter\View\View->render('welcome_message', Array, true)
#4 D:\laragon\www\mysau_template\app\Controllers\Home.php(9): view('welcome_message')
#5 D:\laragon\www\mysau_template\system\CodeIgniter.php(928): App\Controllers\Home->index()
#6 D:\laragon\www\mysau_template\system\CodeIgniter.php(436): CodeIgniter\CodeIgniter->runController(Object(App\Controllers\Home))
#7 D:\laragon\www\mysau_template\system\CodeIgniter.php(336): CodeIgniter\CodeIgniter->handleRequest(NULL, Object(Config\Cache), false)
#8 D:\laragon\www\mysau_template\public\index.php(37): CodeIgniter\CodeIgniter->run()
#9 D:\laragon\www\mysau_template\system\Commands\Server\rewrite.php(45): require_once('D:\\laragon\\www\\...')
#10 {main}
CRITICAL - 2023-04-29 16:58:42 --> Undefined variable: data
#0 D:\laragon\www\mysau_template\app\Views\welcome_message.php(41): CodeIgniter\Debug\Exceptions->errorHandler(8, 'Undefined varia...', 'D:\\laragon\\www\\...', 41, Array)
#1 D:\laragon\www\mysau_template\system\View\View.php(230): include('D:\\laragon\\www\\...')
#2 D:\laragon\www\mysau_template\system\View\View.php(232): CodeIgniter\View\View->CodeIgniter\View\{closure}()
#3 D:\laragon\www\mysau_template\system\Common.php(1271): CodeIgniter\View\View->render('welcome_message', Array, true)
#4 D:\laragon\www\mysau_template\app\Controllers\Home.php(9): view('welcome_message')
#5 D:\laragon\www\mysau_template\system\CodeIgniter.php(928): App\Controllers\Home->index()
#6 D:\laragon\www\mysau_template\system\CodeIgniter.php(436): CodeIgniter\CodeIgniter->runController(Object(App\Controllers\Home))
#7 D:\laragon\www\mysau_template\system\CodeIgniter.php(336): CodeIgniter\CodeIgniter->handleRequest(NULL, Object(Config\Cache), false)
#8 D:\laragon\www\mysau_template\public\index.php(37): CodeIgniter\CodeIgniter->run()
#9 D:\laragon\www\mysau_template\system\Commands\Server\rewrite.php(45): require_once('D:\\laragon\\www\\...')
#10 {main}
CRITICAL - 2023-04-29 16:58:43 --> Undefined variable: data
#0 D:\laragon\www\mysau_template\app\Views\welcome_message.php(41): CodeIgniter\Debug\Exceptions->errorHandler(8, 'Undefined varia...', 'D:\\laragon\\www\\...', 41, Array)
#1 D:\laragon\www\mysau_template\system\View\View.php(230): include('D:\\laragon\\www\\...')
#2 D:\laragon\www\mysau_template\system\View\View.php(232): CodeIgniter\View\View->CodeIgniter\View\{closure}()
#3 D:\laragon\www\mysau_template\system\Common.php(1271): CodeIgniter\View\View->render('welcome_message', Array, true)
#4 D:\laragon\www\mysau_template\app\Controllers\Home.php(9): view('welcome_message')
#5 D:\laragon\www\mysau_template\system\CodeIgniter.php(928): App\Controllers\Home->index()
#6 D:\laragon\www\mysau_template\system\CodeIgniter.php(436): CodeIgniter\CodeIgniter->runController(Object(App\Controllers\Home))
#7 D:\laragon\www\mysau_template\system\CodeIgniter.php(336): CodeIgniter\CodeIgniter->handleRequest(NULL, Object(Config\Cache), false)
#8 D:\laragon\www\mysau_template\public\index.php(37): CodeIgniter\CodeIgniter->run()
#9 D:\laragon\www\mysau_template\system\Commands\Server\rewrite.php(45): require_once('D:\\laragon\\www\\...')
#10 {main}
CRITICAL - 2023-04-29 16:58:49 --> Undefined variable: data
#0 D:\laragon\www\mysau_template\app\Views\welcome_message.php(41): CodeIgniter\Debug\Exceptions->errorHandler(8, 'Undefined varia...', 'D:\\laragon\\www\\...', 41, Array)
#1 D:\laragon\www\mysau_template\system\View\View.php(230): include('D:\\laragon\\www\\...')
#2 D:\laragon\www\mysau_template\system\View\View.php(232): CodeIgniter\View\View->CodeIgniter\View\{closure}()
#3 D:\laragon\www\mysau_template\system\Common.php(1271): CodeIgniter\View\View->render('welcome_message', Array, true)
#4 D:\laragon\www\mysau_template\app\Controllers\Home.php(9): view('welcome_message')
#5 D:\laragon\www\mysau_template\system\CodeIgniter.php(928): App\Controllers\Home->index()
#6 D:\laragon\www\mysau_template\system\CodeIgniter.php(436): CodeIgniter\CodeIgniter->runController(Object(App\Controllers\Home))
#7 D:\laragon\www\mysau_template\system\CodeIgniter.php(336): CodeIgniter\CodeIgniter->handleRequest(NULL, Object(Config\Cache), false)
#8 D:\laragon\www\mysau_template\public\index.php(37): CodeIgniter\CodeIgniter->run()
#9 D:\laragon\www\mysau_template\system\Commands\Server\rewrite.php(45): require_once('D:\\laragon\\www\\...')
#10 {main}
CRITICAL - 2023-04-29 16:59:15 --> Undefined variable: data
#0 D:\laragon\www\mysau_template\app\Views\welcome_message.php(41): CodeIgniter\Debug\Exceptions->errorHandler(8, 'Undefined varia...', 'D:\\laragon\\www\\...', 41, Array)
#1 D:\laragon\www\mysau_template\system\View\View.php(230): include('D:\\laragon\\www\\...')
#2 D:\laragon\www\mysau_template\system\View\View.php(232): CodeIgniter\View\View->CodeIgniter\View\{closure}()
#3 D:\laragon\www\mysau_template\system\Common.php(1271): CodeIgniter\View\View->render('welcome_message', Array, true)
#4 D:\laragon\www\mysau_template\app\Controllers\Home.php(9): view('welcome_message')
#5 D:\laragon\www\mysau_template\system\CodeIgniter.php(928): App\Controllers\Home->index()
#6 D:\laragon\www\mysau_template\system\CodeIgniter.php(436): CodeIgniter\CodeIgniter->runController(Object(App\Controllers\Home))
#7 D:\laragon\www\mysau_template\system\CodeIgniter.php(336): CodeIgniter\CodeIgniter->handleRequest(NULL, Object(Config\Cache), false)
#8 D:\laragon\www\mysau_template\public\index.php(37): CodeIgniter\CodeIgniter->run()
#9 D:\laragon\www\mysau_template\system\Commands\Server\rewrite.php(45): require_once('D:\\laragon\\www\\...')
#10 {main}
CRITICAL - 2023-04-29 16:59:17 --> Undefined variable: data
#0 D:\laragon\www\mysau_template\app\Views\welcome_message.php(41): CodeIgniter\Debug\Exceptions->errorHandler(8, 'Undefined varia...', 'D:\\laragon\\www\\...', 41, Array)
#1 D:\laragon\www\mysau_template\system\View\View.php(230): include('D:\\laragon\\www\\...')
#2 D:\laragon\www\mysau_template\system\View\View.php(232): CodeIgniter\View\View->CodeIgniter\View\{closure}()
#3 D:\laragon\www\mysau_template\system\Common.php(1271): CodeIgniter\View\View->render('welcome_message', Array, true)
#4 D:\laragon\www\mysau_template\app\Controllers\Home.php(9): view('welcome_message')
#5 D:\laragon\www\mysau_template\system\CodeIgniter.php(928): App\Controllers\Home->index()
#6 D:\laragon\www\mysau_template\system\CodeIgniter.php(436): CodeIgniter\CodeIgniter->runController(Object(App\Controllers\Home))
#7 D:\laragon\www\mysau_template\system\CodeIgniter.php(336): CodeIgniter\CodeIgniter->handleRequest(NULL, Object(Config\Cache), false)
#8 D:\laragon\www\mysau_template\public\index.php(37): CodeIgniter\CodeIgniter->run()
#9 D:\laragon\www\mysau_template\system\Commands\Server\rewrite.php(45): require_once('D:\\laragon\\www\\...')
#10 {main}
CRITICAL - 2023-04-29 16:59:17 --> Undefined variable: data
#0 D:\laragon\www\mysau_template\app\Views\welcome_message.php(41): CodeIgniter\Debug\Exceptions->errorHandler(8, 'Undefined varia...', 'D:\\laragon\\www\\...', 41, Array)
#1 D:\laragon\www\mysau_template\system\View\View.php(230): include('D:\\laragon\\www\\...')
#2 D:\laragon\www\mysau_template\system\View\View.php(232): CodeIgniter\View\View->CodeIgniter\View\{closure}()
#3 D:\laragon\www\mysau_template\system\Common.php(1271): CodeIgniter\View\View->render('welcome_message', Array, true)
#4 D:\laragon\www\mysau_template\app\Controllers\Home.php(9): view('welcome_message')
#5 D:\laragon\www\mysau_template\system\CodeIgniter.php(928): App\Controllers\Home->index()
#6 D:\laragon\www\mysau_template\system\CodeIgniter.php(436): CodeIgniter\CodeIgniter->runController(Object(App\Controllers\Home))
#7 D:\laragon\www\mysau_template\system\CodeIgniter.php(336): CodeIgniter\CodeIgniter->handleRequest(NULL, Object(Config\Cache), false)
#8 D:\laragon\www\mysau_template\public\index.php(37): CodeIgniter\CodeIgniter->run()
#9 D:\laragon\www\mysau_template\system\Commands\Server\rewrite.php(45): require_once('D:\\laragon\\www\\...')
#10 {main}
CRITICAL - 2023-04-29 16:59:17 --> Undefined variable: data
#0 D:\laragon\www\mysau_template\app\Views\welcome_message.php(41): CodeIgniter\Debug\Exceptions->errorHandler(8, 'Undefined varia...', 'D:\\laragon\\www\\...', 41, Array)
#1 D:\laragon\www\mysau_template\system\View\View.php(230): include('D:\\laragon\\www\\...')
#2 D:\laragon\www\mysau_template\system\View\View.php(232): CodeIgniter\View\View->CodeIgniter\View\{closure}()
#3 D:\laragon\www\mysau_template\system\Common.php(1271): CodeIgniter\View\View->render('welcome_message', Array, true)
#4 D:\laragon\www\mysau_template\app\Controllers\Home.php(9): view('welcome_message')
#5 D:\laragon\www\mysau_template\system\CodeIgniter.php(928): App\Controllers\Home->index()
#6 D:\laragon\www\mysau_template\system\CodeIgniter.php(436): CodeIgniter\CodeIgniter->runController(Object(App\Controllers\Home))
#7 D:\laragon\www\mysau_template\system\CodeIgniter.php(336): CodeIgniter\CodeIgniter->handleRequest(NULL, Object(Config\Cache), false)
#8 D:\laragon\www\mysau_template\public\index.php(37): CodeIgniter\CodeIgniter->run()
#9 D:\laragon\www\mysau_template\system\Commands\Server\rewrite.php(45): require_once('D:\\laragon\\www\\...')
#10 {main}
CRITICAL - 2023-04-29 16:59:17 --> Undefined variable: data
#0 D:\laragon\www\mysau_template\app\Views\welcome_message.php(41): CodeIgniter\Debug\Exceptions->errorHandler(8, 'Undefined varia...', 'D:\\laragon\\www\\...', 41, Array)
#1 D:\laragon\www\mysau_template\system\View\View.php(230): include('D:\\laragon\\www\\...')
#2 D:\laragon\www\mysau_template\system\View\View.php(232): CodeIgniter\View\View->CodeIgniter\View\{closure}()
#3 D:\laragon\www\mysau_template\system\Common.php(1271): CodeIgniter\View\View->render('welcome_message', Array, true)
#4 D:\laragon\www\mysau_template\app\Controllers\Home.php(9): view('welcome_message')
#5 D:\laragon\www\mysau_template\system\CodeIgniter.php(928): App\Controllers\Home->index()
#6 D:\laragon\www\mysau_template\system\CodeIgniter.php(436): CodeIgniter\CodeIgniter->runController(Object(App\Controllers\Home))
#7 D:\laragon\www\mysau_template\system\CodeIgniter.php(336): CodeIgniter\CodeIgniter->handleRequest(NULL, Object(Config\Cache), false)
#8 D:\laragon\www\mysau_template\public\index.php(37): CodeIgniter\CodeIgniter->run()
#9 D:\laragon\www\mysau_template\system\Commands\Server\rewrite.php(45): require_once('D:\\laragon\\www\\...')
#10 {main}
CRITICAL - 2023-04-29 16:59:17 --> Undefined variable: data
#0 D:\laragon\www\mysau_template\app\Views\welcome_message.php(41): CodeIgniter\Debug\Exceptions->errorHandler(8, 'Undefined varia...', 'D:\\laragon\\www\\...', 41, Array)
#1 D:\laragon\www\mysau_template\system\View\View.php(230): include('D:\\laragon\\www\\...')
#2 D:\laragon\www\mysau_template\system\View\View.php(232): CodeIgniter\View\View->CodeIgniter\View\{closure}()
#3 D:\laragon\www\mysau_template\system\Common.php(1271): CodeIgniter\View\View->render('welcome_message', Array, true)
#4 D:\laragon\www\mysau_template\app\Controllers\Home.php(9): view('welcome_message')
#5 D:\laragon\www\mysau_template\system\CodeIgniter.php(928): App\Controllers\Home->index()
#6 D:\laragon\www\mysau_template\system\CodeIgniter.php(436): CodeIgniter\CodeIgniter->runController(Object(App\Controllers\Home))
#7 D:\laragon\www\mysau_template\system\CodeIgniter.php(336): CodeIgniter\CodeIgniter->handleRequest(NULL, Object(Config\Cache), false)
#8 D:\laragon\www\mysau_template\public\index.php(37): CodeIgniter\CodeIgniter->run()
#9 D:\laragon\www\mysau_template\system\Commands\Server\rewrite.php(45): require_once('D:\\laragon\\www\\...')
#10 {main}
CRITICAL - 2023-04-29 17:00:38 --> Undefined variable: data
#0 D:\laragon\www\mysau_template\app\Views\welcome_message.php(42): CodeIgniter\Debug\Exceptions->errorHandler(8, 'Undefined varia...', 'D:\\laragon\\www\\...', 42, Array)
#1 D:\laragon\www\mysau_template\system\View\View.php(230): include('D:\\laragon\\www\\...')
#2 D:\laragon\www\mysau_template\system\View\View.php(232): CodeIgniter\View\View->CodeIgniter\View\{closure}()
#3 D:\laragon\www\mysau_template\system\Common.php(1271): CodeIgniter\View\View->render('welcome_message', Array, true)
#4 D:\laragon\www\mysau_template\app\Controllers\Home.php(9): view('welcome_message')
#5 D:\laragon\www\mysau_template\system\CodeIgniter.php(928): App\Controllers\Home->index()
#6 D:\laragon\www\mysau_template\system\CodeIgniter.php(436): CodeIgniter\CodeIgniter->runController(Object(App\Controllers\Home))
#7 D:\laragon\www\mysau_template\system\CodeIgniter.php(336): CodeIgniter\CodeIgniter->handleRequest(NULL, Object(Config\Cache), false)
#8 D:\laragon\www\mysau_template\public\index.php(37): CodeIgniter\CodeIgniter->run()
#9 D:\laragon\www\mysau_template\system\Commands\Server\rewrite.php(45): require_once('D:\\laragon\\www\\...')
#10 {main}
CRITICAL - 2023-04-29 17:01:16 --> Undefined variable: hasil_proses
#0 D:\laragon\www\mysau_template\app\Views\welcome_message.php(41): CodeIgniter\Debug\Exceptions->errorHandler(8, 'Undefined varia...', 'D:\\laragon\\www\\...', 41, Array)
#1 D:\laragon\www\mysau_template\system\View\View.php(230): include('D:\\laragon\\www\\...')
#2 D:\laragon\www\mysau_template\system\View\View.php(232): CodeIgniter\View\View->CodeIgniter\View\{closure}()
#3 D:\laragon\www\mysau_template\system\Common.php(1271): CodeIgniter\View\View->render('welcome_message', Array, true)
#4 D:\laragon\www\mysau_template\app\Controllers\Home.php(9): view('welcome_message')
#5 D:\laragon\www\mysau_template\system\CodeIgniter.php(928): App\Controllers\Home->index()
#6 D:\laragon\www\mysau_template\system\CodeIgniter.php(436): CodeIgniter\CodeIgniter->runController(Object(App\Controllers\Home))
#7 D:\laragon\www\mysau_template\system\CodeIgniter.php(336): CodeIgniter\CodeIgniter->handleRequest(NULL, Object(Config\Cache), false)
#8 D:\laragon\www\mysau_template\public\index.php(37): CodeIgniter\CodeIgniter->run()
#9 D:\laragon\www\mysau_template\system\Commands\Server\rewrite.php(45): require_once('D:\\laragon\\www\\...')
#10 {main}
CRITICAL - 2023-04-29 17:01:17 --> Undefined variable: hasil_proses
#0 D:\laragon\www\mysau_template\app\Views\welcome_message.php(41): CodeIgniter\Debug\Exceptions->errorHandler(8, 'Undefined varia...', 'D:\\laragon\\www\\...', 41, Array)
#1 D:\laragon\www\mysau_template\system\View\View.php(230): include('D:\\laragon\\www\\...')
#2 D:\laragon\www\mysau_template\system\View\View.php(232): CodeIgniter\View\View->CodeIgniter\View\{closure}()
#3 D:\laragon\www\mysau_template\system\Common.php(1271): CodeIgniter\View\View->render('welcome_message', Array, true)
#4 D:\laragon\www\mysau_template\app\Controllers\Home.php(9): view('welcome_message')
#5 D:\laragon\www\mysau_template\system\CodeIgniter.php(928): App\Controllers\Home->index()
#6 D:\laragon\www\mysau_template\system\CodeIgniter.php(436): CodeIgniter\CodeIgniter->runController(Object(App\Controllers\Home))
#7 D:\laragon\www\mysau_template\system\CodeIgniter.php(336): CodeIgniter\CodeIgniter->handleRequest(NULL, Object(Config\Cache), false)
#8 D:\laragon\www\mysau_template\public\index.php(37): CodeIgniter\CodeIgniter->run()
#9 D:\laragon\www\mysau_template\system\Commands\Server\rewrite.php(45): require_once('D:\\laragon\\www\\...')
#10 {main}
CRITICAL - 2023-04-29 17:01:18 --> Undefined variable: hasil_proses
#0 D:\laragon\www\mysau_template\app\Views\welcome_message.php(41): CodeIgniter\Debug\Exceptions->errorHandler(8, 'Undefined varia...', 'D:\\laragon\\www\\...', 41, Array)
#1 D:\laragon\www\mysau_template\system\View\View.php(230): include('D:\\laragon\\www\\...')
#2 D:\laragon\www\mysau_template\system\View\View.php(232): CodeIgniter\View\View->CodeIgniter\View\{closure}()
#3 D:\laragon\www\mysau_template\system\Common.php(1271): CodeIgniter\View\View->render('welcome_message', Array, true)
#4 D:\laragon\www\mysau_template\app\Controllers\Home.php(9): view('welcome_message')
#5 D:\laragon\www\mysau_template\system\CodeIgniter.php(928): App\Controllers\Home->index()
#6 D:\laragon\www\mysau_template\system\CodeIgniter.php(436): CodeIgniter\CodeIgniter->runController(Object(App\Controllers\Home))
#7 D:\laragon\www\mysau_template\system\CodeIgniter.php(336): CodeIgniter\CodeIgniter->handleRequest(NULL, Object(Config\Cache), false)
#8 D:\laragon\www\mysau_template\public\index.php(37): CodeIgniter\CodeIgniter->run()
#9 D:\laragon\www\mysau_template\system\Commands\Server\rewrite.php(45): require_once('D:\\laragon\\www\\...')
#10 {main}
CRITICAL - 2023-04-29 17:01:18 --> Undefined variable: hasil_proses
#0 D:\laragon\www\mysau_template\app\Views\welcome_message.php(41): CodeIgniter\Debug\Exceptions->errorHandler(8, 'Undefined varia...', 'D:\\laragon\\www\\...', 41, Array)
#1 D:\laragon\www\mysau_template\system\View\View.php(230): include('D:\\laragon\\www\\...')
#2 D:\laragon\www\mysau_template\system\View\View.php(232): CodeIgniter\View\View->CodeIgniter\View\{closure}()
#3 D:\laragon\www\mysau_template\system\Common.php(1271): CodeIgniter\View\View->render('welcome_message', Array, true)
#4 D:\laragon\www\mysau_template\app\Controllers\Home.php(9): view('welcome_message')
#5 D:\laragon\www\mysau_template\system\CodeIgniter.php(928): App\Controllers\Home->index()
#6 D:\laragon\www\mysau_template\system\CodeIgniter.php(436): CodeIgniter\CodeIgniter->runController(Object(App\Controllers\Home))
#7 D:\laragon\www\mysau_template\system\CodeIgniter.php(336): CodeIgniter\CodeIgniter->handleRequest(NULL, Object(Config\Cache), false)
#8 D:\laragon\www\mysau_template\public\index.php(37): CodeIgniter\CodeIgniter->run()
#9 D:\laragon\www\mysau_template\system\Commands\Server\rewrite.php(45): require_once('D:\\laragon\\www\\...')
#10 {main}
CRITICAL - 2023-04-29 17:01:18 --> Undefined variable: hasil_proses
#0 D:\laragon\www\mysau_template\app\Views\welcome_message.php(41): CodeIgniter\Debug\Exceptions->errorHandler(8, 'Undefined varia...', 'D:\\laragon\\www\\...', 41, Array)
#1 D:\laragon\www\mysau_template\system\View\View.php(230): include('D:\\laragon\\www\\...')
#2 D:\laragon\www\mysau_template\system\View\View.php(232): CodeIgniter\View\View->CodeIgniter\View\{closure}()
#3 D:\laragon\www\mysau_template\system\Common.php(1271): CodeIgniter\View\View->render('welcome_message', Array, true)
#4 D:\laragon\www\mysau_template\app\Controllers\Home.php(9): view('welcome_message')
#5 D:\laragon\www\mysau_template\system\CodeIgniter.php(928): App\Controllers\Home->index()
#6 D:\laragon\www\mysau_template\system\CodeIgniter.php(436): CodeIgniter\CodeIgniter->runController(Object(App\Controllers\Home))
#7 D:\laragon\www\mysau_template\system\CodeIgniter.php(336): CodeIgniter\CodeIgniter->handleRequest(NULL, Object(Config\Cache), false)
#8 D:\laragon\www\mysau_template\public\index.php(37): CodeIgniter\CodeIgniter->run()
#9 D:\laragon\www\mysau_template\system\Commands\Server\rewrite.php(45): require_once('D:\\laragon\\www\\...')
#10 {main}
CRITICAL - 2023-04-29 17:05:06 --> Undefined variable: hasil_proses
#0 D:\laragon\www\mysau_template\app\Views\welcome_message.php(41): CodeIgniter\Debug\Exceptions->errorHandler(8, 'Undefined varia...', 'D:\\laragon\\www\\...', 41, Array)
#1 D:\laragon\www\mysau_template\system\View\View.php(230): include('D:\\laragon\\www\\...')
#2 D:\laragon\www\mysau_template\system\View\View.php(232): CodeIgniter\View\View->CodeIgniter\View\{closure}()
#3 D:\laragon\www\mysau_template\system\Common.php(1271): CodeIgniter\View\View->render('welcome_message', Array, true)
#4 D:\laragon\www\mysau_template\app\Controllers\Home.php(9): view('welcome_message')
#5 D:\laragon\www\mysau_template\system\CodeIgniter.php(928): App\Controllers\Home->index()
#6 D:\laragon\www\mysau_template\system\CodeIgniter.php(436): CodeIgniter\CodeIgniter->runController(Object(App\Controllers\Home))
#7 D:\laragon\www\mysau_template\system\CodeIgniter.php(336): CodeIgniter\CodeIgniter->handleRequest(NULL, Object(Config\Cache), false)
#8 D:\laragon\www\mysau_template\public\index.php(37): CodeIgniter\CodeIgniter->run()
#9 D:\laragon\www\mysau_template\system\Commands\Server\rewrite.php(45): require_once('D:\\laragon\\www\\...')
#10 {main}
CRITICAL - 2023-04-29 17:05:40 --> Undefined variable: hasil_proses
#0 D:\laragon\www\mysau_template\app\Views\welcome_message.php(41): CodeIgniter\Debug\Exceptions->errorHandler(8, 'Undefined varia...', 'D:\\laragon\\www\\...', 41, Array)
#1 D:\laragon\www\mysau_template\system\View\View.php(230): include('D:\\laragon\\www\\...')
#2 D:\laragon\www\mysau_template\system\View\View.php(232): CodeIgniter\View\View->CodeIgniter\View\{closure}()
#3 D:\laragon\www\mysau_template\system\Common.php(1271): CodeIgniter\View\View->render('welcome_message', Array, true)
#4 D:\laragon\www\mysau_template\app\Controllers\Home.php(9): view('welcome_message')
#5 D:\laragon\www\mysau_template\system\CodeIgniter.php(928): App\Controllers\Home->index()
#6 D:\laragon\www\mysau_template\system\CodeIgniter.php(436): CodeIgniter\CodeIgniter->runController(Object(App\Controllers\Home))
#7 D:\laragon\www\mysau_template\system\CodeIgniter.php(336): CodeIgniter\CodeIgniter->handleRequest(NULL, Object(Config\Cache), false)
#8 D:\laragon\www\mysau_template\public\index.php(37): CodeIgniter\CodeIgniter->run()
#9 D:\laragon\www\mysau_template\system\Commands\Server\rewrite.php(45): require_once('D:\\laragon\\www\\...')
#10 {main}
CRITICAL - 2023-04-29 17:07:39 --> Undefined variable: hasil_proses
#0 D:\laragon\www\mysau_template\app\Views\welcome_message.php(41): CodeIgniter\Debug\Exceptions->errorHandler(8, 'Undefined varia...', 'D:\\laragon\\www\\...', 41, Array)
#1 D:\laragon\www\mysau_template\system\View\View.php(230): include('D:\\laragon\\www\\...')
#2 D:\laragon\www\mysau_template\system\View\View.php(232): CodeIgniter\View\View->CodeIgniter\View\{closure}()
#3 D:\laragon\www\mysau_template\system\Common.php(1271): CodeIgniter\View\View->render('welcome_message', Array, true)
#4 D:\laragon\www\mysau_template\app\Controllers\Home.php(9): view('welcome_message')
#5 D:\laragon\www\mysau_template\system\CodeIgniter.php(928): App\Controllers\Home->index()
#6 D:\laragon\www\mysau_template\system\CodeIgniter.php(436): CodeIgniter\CodeIgniter->runController(Object(App\Controllers\Home))
#7 D:\laragon\www\mysau_template\system\CodeIgniter.php(336): CodeIgniter\CodeIgniter->handleRequest(NULL, Object(Config\Cache), false)
#8 D:\laragon\www\mysau_template\public\index.php(37): CodeIgniter\CodeIgniter->run()
#9 D:\laragon\www\mysau_template\system\Commands\Server\rewrite.php(45): require_once('D:\\laragon\\www\\...')
#10 {main}
