CRITICAL - 2023-05-08 15:58:12 --> Undefined variable: value
#0 D:\laragon\www\mysau_template\app\Views\DataKaryawan.php(127): CodeIgniter\Debug\Exceptions->errorHandler(8, 'Undefined varia...', 'D:\\laragon\\www\\...', 127, Array)
#1 D:\laragon\www\mysau_template\system\View\View.php(230): include('D:\\laragon\\www\\...')
#2 D:\laragon\www\mysau_template\system\View\View.php(232): CodeIgniter\View\View->CodeIgniter\View\{closure}()
#3 D:\laragon\www\mysau_template\system\Common.php(1271): CodeIgniter\View\View->render('DataKaryawan', Array, true)
#4 D:\laragon\www\mysau_template\app\Controllers\ListKaryawan.php(35): view('DataKaryawan', Array)
#5 D:\laragon\www\mysau_template\system\CodeIgniter.php(928): App\Controllers\ListKaryawan->detail('1776')
#6 D:\laragon\www\mysau_template\system\CodeIgniter.php(436): CodeIgniter\CodeIgniter->runController(Object(App\Controllers\ListKaryawan))
#7 D:\laragon\www\mysau_template\system\CodeIgniter.php(336): CodeIgniter\CodeIgniter->handleRequest(NULL, Object(Config\Cache), false)
#8 D:\laragon\www\mysau_template\public\index.php(37): CodeIgniter\CodeIgniter->run()
#9 D:\laragon\www\mysau_template\system\Commands\Server\rewrite.php(45): require_once('D:\\laragon\\www\\...')
#10 {main}
CRITICAL - 2023-05-08 16:35:00 --> Undefined variable: value
#0 D:\laragon\www\mysau_template\app\Views\DataKaryawan.php(127): CodeIgniter\Debug\Exceptions->errorHandler(8, 'Undefined varia...', 'D:\\laragon\\www\\...', 127, Array)
#1 D:\laragon\www\mysau_template\system\View\View.php(230): include('D:\\laragon\\www\\...')
#2 D:\laragon\www\mysau_template\system\View\View.php(232): CodeIgniter\View\View->CodeIgniter\View\{closure}()
#3 D:\laragon\www\mysau_template\system\Common.php(1271): CodeIgniter\View\View->render('DataKaryawan', Array, true)
#4 D:\laragon\www\mysau_template\app\Controllers\ListKaryawan.php(35): view('DataKaryawan', Array)
#5 D:\laragon\www\mysau_template\system\CodeIgniter.php(928): App\Controllers\ListKaryawan->detail('1776')
#6 D:\laragon\www\mysau_template\system\CodeIgniter.php(436): CodeIgniter\CodeIgniter->runController(Object(App\Controllers\ListKaryawan))
#7 D:\laragon\www\mysau_template\system\CodeIgniter.php(336): CodeIgniter\CodeIgniter->handleRequest(NULL, Object(Config\Cache), false)
#8 D:\laragon\www\mysau_template\public\index.php(37): CodeIgniter\CodeIgniter->run()
#9 D:\laragon\www\mysau_template\system\Commands\Server\rewrite.php(45): require_once('D:\\laragon\\www\\...')
#10 {main}
