CRITICAL - 2022-05-10 23:47:25 --> Class 'Config\App\Filters\Auth' not found
#0 D:\laragon\www\saustars\system\CodeIgniter.php(407): CodeIgniter\Filters\Filters->run('home', 'before')
#1 D:\laragon\www\saustars\system\CodeIgniter.php(336): CodeIgniter\CodeIgniter->handleRequest(NULL, Object(Config\Cache), false)
#2 D:\laragon\www\saustars\public\index.php(37): CodeIgniter\CodeIgniter->run()
#3 {main}
CRITICAL - 2022-05-10 23:50:27 --> Class 'Config\App\Filters\Auth' not found
#0 D:\laragon\www\saustars\system\CodeIgniter.php(407): CodeIgniter\Filters\Filters->run('home', 'before')
#1 D:\laragon\www\saustars\system\CodeIgniter.php(336): CodeIgniter\CodeIgniter->handleRequest(NULL, Object(Config\Cache), false)
#2 D:\laragon\www\saustars\public\index.php(37): CodeIgniter\CodeIgniter->run()
#3 {main}
CRITICAL - 2022-05-10 23:50:28 --> Class 'Config\App\Filters\Auth' not found
#0 D:\laragon\www\saustars\system\CodeIgniter.php(407): CodeIgniter\Filters\Filters->run('home', 'before')
#1 D:\laragon\www\saustars\system\CodeIgniter.php(336): CodeIgniter\CodeIgniter->handleRequest(NULL, Object(Config\Cache), false)
#2 D:\laragon\www\saustars\public\index.php(37): CodeIgniter\CodeIgniter->run()
#3 {main}
CRITICAL - 2022-05-10 23:51:10 --> Class 'Config\App\Filters\Auth' not found
#0 D:\laragon\www\saustars\system\CodeIgniter.php(407): CodeIgniter\Filters\Filters->run('home', 'before')
#1 D:\laragon\www\saustars\system\CodeIgniter.php(336): CodeIgniter\CodeIgniter->handleRequest(NULL, Object(Config\Cache), false)
#2 D:\laragon\www\saustars\public\index.php(37): CodeIgniter\CodeIgniter->run()
#3 {main}
CRITICAL - 2022-05-10 23:51:10 --> Class 'Config\App\Filters\Auth' not found
#0 D:\laragon\www\saustars\system\CodeIgniter.php(407): CodeIgniter\Filters\Filters->run('home', 'before')
#1 D:\laragon\www\saustars\system\CodeIgniter.php(336): CodeIgniter\CodeIgniter->handleRequest(NULL, Object(Config\Cache), false)
#2 D:\laragon\www\saustars\public\index.php(37): CodeIgniter\CodeIgniter->run()
#3 {main}
CRITICAL - 2022-05-10 23:51:11 --> Class 'Config\App\Filters\Auth' not found
#0 D:\laragon\www\saustars\system\CodeIgniter.php(407): CodeIgniter\Filters\Filters->run('home', 'before')
#1 D:\laragon\www\saustars\system\CodeIgniter.php(336): CodeIgniter\CodeIgniter->handleRequest(NULL, Object(Config\Cache), false)
#2 D:\laragon\www\saustars\public\index.php(37): CodeIgniter\CodeIgniter->run()
#3 {main}
CRITICAL - 2022-05-10 23:51:11 --> Class 'Config\App\Filters\Auth' not found
#0 D:\laragon\www\saustars\system\CodeIgniter.php(407): CodeIgniter\Filters\Filters->run('home', 'before')
#1 D:\laragon\www\saustars\system\CodeIgniter.php(336): CodeIgniter\CodeIgniter->handleRequest(NULL, Object(Config\Cache), false)
#2 D:\laragon\www\saustars\public\index.php(37): CodeIgniter\CodeIgniter->run()
#3 {main}
CRITICAL - 2022-05-10 23:51:52 --> auth filter must have a matching alias defined.
#0 D:\laragon\www\saustars\system\Filters\Filters.php(373): CodeIgniter\Filters\Exceptions\FilterException::forNoAlias('auth')
#1 D:\laragon\www\saustars\system\CodeIgniter.php(398): CodeIgniter\Filters\Filters->enableFilter('auth', 'before')
#2 D:\laragon\www\saustars\system\CodeIgniter.php(336): CodeIgniter\CodeIgniter->handleRequest(NULL, Object(Config\Cache), false)
#3 D:\laragon\www\saustars\public\index.php(37): CodeIgniter\CodeIgniter->run()
#4 {main}
CRITICAL - 2022-05-10 23:53:01 --> Class 'Config\App\Filters\Auth' not found
#0 D:\laragon\www\saustars\system\CodeIgniter.php(407): CodeIgniter\Filters\Filters->run('home', 'before')
#1 D:\laragon\www\saustars\system\CodeIgniter.php(336): CodeIgniter\CodeIgniter->handleRequest(NULL, Object(Config\Cache), false)
#2 D:\laragon\www\saustars\public\index.php(37): CodeIgniter\CodeIgniter->run()
#3 {main}
CRITICAL - 2022-05-10 23:53:02 --> Class 'Config\App\Filters\Auth' not found
#0 D:\laragon\www\saustars\system\CodeIgniter.php(407): CodeIgniter\Filters\Filters->run('home', 'before')
#1 D:\laragon\www\saustars\system\CodeIgniter.php(336): CodeIgniter\CodeIgniter->handleRequest(NULL, Object(Config\Cache), false)
#2 D:\laragon\www\saustars\public\index.php(37): CodeIgniter\CodeIgniter->run()
#3 {main}
CRITICAL - 2022-05-10 23:53:03 --> Class 'Config\App\Filters\Auth' not found
#0 D:\laragon\www\saustars\system\CodeIgniter.php(407): CodeIgniter\Filters\Filters->run('home', 'before')
#1 D:\laragon\www\saustars\system\CodeIgniter.php(336): CodeIgniter\CodeIgniter->handleRequest(NULL, Object(Config\Cache), false)
#2 D:\laragon\www\saustars\public\index.php(37): CodeIgniter\CodeIgniter->run()
#3 {main}
CRITICAL - 2022-05-10 23:53:59 --> Class 'Config\App\Filters\Auth' not found
#0 D:\laragon\www\saustars\system\CodeIgniter.php(407): CodeIgniter\Filters\Filters->run('home', 'before')
#1 D:\laragon\www\saustars\system\CodeIgniter.php(336): CodeIgniter\CodeIgniter->handleRequest(NULL, Object(Config\Cache), false)
#2 D:\laragon\www\saustars\public\index.php(37): CodeIgniter\CodeIgniter->run()
#3 {main}
CRITICAL - 2022-05-10 23:54:56 --> Class 'Config\App\Filters\Auth' not found
#0 D:\laragon\www\saustars\system\CodeIgniter.php(407): CodeIgniter\Filters\Filters->run('home', 'before')
#1 D:\laragon\www\saustars\system\CodeIgniter.php(336): CodeIgniter\CodeIgniter->handleRequest(NULL, Object(Config\Cache), false)
#2 D:\laragon\www\saustars\public\index.php(37): CodeIgniter\CodeIgniter->run()
#3 {main}
CRITICAL - 2022-05-10 23:54:56 --> Class 'Config\App\Filters\Auth' not found
#0 D:\laragon\www\saustars\system\CodeIgniter.php(407): CodeIgniter\Filters\Filters->run('home', 'before')
#1 D:\laragon\www\saustars\system\CodeIgniter.php(336): CodeIgniter\CodeIgniter->handleRequest(NULL, Object(Config\Cache), false)
#2 D:\laragon\www\saustars\public\index.php(37): CodeIgniter\CodeIgniter->run()
#3 {main}
CRITICAL - 2022-05-10 23:54:57 --> Class 'Config\App\Filters\Auth' not found
#0 D:\laragon\www\saustars\system\CodeIgniter.php(407): CodeIgniter\Filters\Filters->run('home', 'before')
#1 D:\laragon\www\saustars\system\CodeIgniter.php(336): CodeIgniter\CodeIgniter->handleRequest(NULL, Object(Config\Cache), false)
#2 D:\laragon\www\saustars\public\index.php(37): CodeIgniter\CodeIgniter->run()
#3 {main}
CRITICAL - 2022-05-10 23:54:57 --> Class 'Config\App\Filters\Auth' not found
#0 D:\laragon\www\saustars\system\CodeIgniter.php(407): CodeIgniter\Filters\Filters->run('home', 'before')
#1 D:\laragon\www\saustars\system\CodeIgniter.php(336): CodeIgniter\CodeIgniter->handleRequest(NULL, Object(Config\Cache), false)
#2 D:\laragon\www\saustars\public\index.php(37): CodeIgniter\CodeIgniter->run()
#3 {main}
CRITICAL - 2022-05-10 23:54:57 --> Class 'Config\App\Filters\Auth' not found
#0 D:\laragon\www\saustars\system\CodeIgniter.php(407): CodeIgniter\Filters\Filters->run('home', 'before')
#1 D:\laragon\www\saustars\system\CodeIgniter.php(336): CodeIgniter\CodeIgniter->handleRequest(NULL, Object(Config\Cache), false)
#2 D:\laragon\www\saustars\public\index.php(37): CodeIgniter\CodeIgniter->run()
#3 {main}
CRITICAL - 2022-05-10 23:54:57 --> Class 'Config\App\Filters\Auth' not found
#0 D:\laragon\www\saustars\system\CodeIgniter.php(407): CodeIgniter\Filters\Filters->run('home', 'before')
#1 D:\laragon\www\saustars\system\CodeIgniter.php(336): CodeIgniter\CodeIgniter->handleRequest(NULL, Object(Config\Cache), false)
#2 D:\laragon\www\saustars\public\index.php(37): CodeIgniter\CodeIgniter->run()
#3 {main}
CRITICAL - 2022-05-10 23:54:57 --> Class 'Config\App\Filters\Auth' not found
#0 D:\laragon\www\saustars\system\CodeIgniter.php(407): CodeIgniter\Filters\Filters->run('home', 'before')
#1 D:\laragon\www\saustars\system\CodeIgniter.php(336): CodeIgniter\CodeIgniter->handleRequest(NULL, Object(Config\Cache), false)
#2 D:\laragon\www\saustars\public\index.php(37): CodeIgniter\CodeIgniter->run()
#3 {main}
CRITICAL - 2022-05-10 23:55:48 --> Class 'Config\App\Filters\Auth' not found
#0 D:\laragon\www\saustars\system\CodeIgniter.php(407): CodeIgniter\Filters\Filters->run('home', 'before')
#1 D:\laragon\www\saustars\system\CodeIgniter.php(336): CodeIgniter\CodeIgniter->handleRequest(NULL, Object(Config\Cache), false)
#2 D:\laragon\www\saustars\public\index.php(37): CodeIgniter\CodeIgniter->run()
#3 {main}
CRITICAL - 2022-05-10 23:55:51 --> Class 'Config\App\Filters\Auth' not found
#0 D:\laragon\www\saustars\system\CodeIgniter.php(407): CodeIgniter\Filters\Filters->run('home', 'before')
#1 D:\laragon\www\saustars\system\CodeIgniter.php(336): CodeIgniter\CodeIgniter->handleRequest(NULL, Object(Config\Cache), false)
#2 D:\laragon\www\saustars\public\index.php(37): CodeIgniter\CodeIgniter->run()
#3 {main}
CRITICAL - 2022-05-10 23:55:51 --> Class 'Config\App\Filters\Auth' not found
#0 D:\laragon\www\saustars\system\CodeIgniter.php(407): CodeIgniter\Filters\Filters->run('home', 'before')
#1 D:\laragon\www\saustars\system\CodeIgniter.php(336): CodeIgniter\CodeIgniter->handleRequest(NULL, Object(Config\Cache), false)
#2 D:\laragon\www\saustars\public\index.php(37): CodeIgniter\CodeIgniter->run()
#3 {main}
CRITICAL - 2022-05-10 23:55:52 --> Class 'Config\App\Filters\Auth' not found
#0 D:\laragon\www\saustars\system\CodeIgniter.php(407): CodeIgniter\Filters\Filters->run('home', 'before')
#1 D:\laragon\www\saustars\system\CodeIgniter.php(336): CodeIgniter\CodeIgniter->handleRequest(NULL, Object(Config\Cache), false)
#2 D:\laragon\www\saustars\public\index.php(37): CodeIgniter\CodeIgniter->run()
#3 {main}
CRITICAL - 2022-05-10 23:55:52 --> Class 'Config\App\Filters\Auth' not found
#0 D:\laragon\www\saustars\system\CodeIgniter.php(407): CodeIgniter\Filters\Filters->run('home', 'before')
#1 D:\laragon\www\saustars\system\CodeIgniter.php(336): CodeIgniter\CodeIgniter->handleRequest(NULL, Object(Config\Cache), false)
#2 D:\laragon\www\saustars\public\index.php(37): CodeIgniter\CodeIgniter->run()
#3 {main}
ERROR - 2022-05-10 23:58:55 --> Unknown column 'username' in 'where clause'
CRITICAL - 2022-05-10 23:58:55 --> Unknown column 'username' in 'where clause'
#0 D:\laragon\www\saustars\system\Database\MySQLi\Connection.php(329): mysqli->query('SELECT *\nFROM `...')
#1 D:\laragon\www\saustars\system\Database\BaseConnection.php(732): CodeIgniter\Database\MySQLi\Connection->execute('SELECT *\nFROM `...')
#2 D:\laragon\www\saustars\system\Database\BaseConnection.php(647): CodeIgniter\Database\BaseConnection->simpleQuery('SELECT *\nFROM `...')
#3 D:\laragon\www\saustars\system\Database\BaseBuilder.php(1881): CodeIgniter\Database\BaseConnection->query('SELECT *\nFROM `...', Array, false)
#4 D:\laragon\www\saustars\system\Model.php(228): CodeIgniter\Database\BaseBuilder->get()
#5 D:\laragon\www\saustars\system\BaseModel.php(644): CodeIgniter\Model->doFirst()
#6 D:\laragon\www\saustars\app\Controllers\Login.php(24): CodeIgniter\BaseModel->first()
#7 D:\laragon\www\saustars\system\CodeIgniter.php(928): App\Controllers\Login->auth()
#8 D:\laragon\www\saustars\system\CodeIgniter.php(436): CodeIgniter\CodeIgniter->runController(Object(App\Controllers\Login))
#9 D:\laragon\www\saustars\system\CodeIgniter.php(336): CodeIgniter\CodeIgniter->handleRequest(NULL, Object(Config\Cache), false)
#10 D:\laragon\www\saustars\public\index.php(37): CodeIgniter\CodeIgniter->run()
#11 {main}
CRITICAL - 2022-05-10 23:59:19 --> Undefined index: user_password
#0 D:\laragon\www\saustars\app\Controllers\Login.php(26): CodeIgniter\Debug\Exceptions->errorHandler(8, 'Undefined index...', 'D:\\laragon\\www\\...', 26, Array)
#1 D:\laragon\www\saustars\system\CodeIgniter.php(928): App\Controllers\Login->auth()
#2 D:\laragon\www\saustars\system\CodeIgniter.php(436): CodeIgniter\CodeIgniter->runController(Object(App\Controllers\Login))
#3 D:\laragon\www\saustars\system\CodeIgniter.php(336): CodeIgniter\CodeIgniter->handleRequest(NULL, Object(Config\Cache), false)
#4 D:\laragon\www\saustars\public\index.php(37): CodeIgniter\CodeIgniter->run()
#5 {main}
