CRITICAL - 2023-03-06 09:45:54 --> syntax error, unexpected '}', expecting end of file
#0 C:\laragon\www\mysau_template\system\Router\Router.php(169): CodeIgniter\Router\Router->autoRoute('presensi')
#1 C:\laragon\www\mysau_template\system\CodeIgniter.php(809): CodeIgniter\Router\Router->handle('presensi')
#2 C:\laragon\www\mysau_template\system\CodeIgniter.php(389): CodeIgniter\CodeIgniter->tryToRouteIt(Object(CodeIgniter\Router\RouteCollection))
#3 C:\laragon\www\mysau_template\system\CodeIgniter.php(336): CodeIgniter\CodeIgniter->handleRequest(NULL, Object(Config\Cache), false)
#4 C:\laragon\www\mysau_template\public\index.php(37): CodeIgniter\CodeIgniter->run()
#5 {main}
CRITICAL - 2023-03-06 09:52:19 --> Undefined variable: session
#0 C:\laragon\www\mysau_template\app\Controllers\Presensi.php(93): CodeIgniter\Debug\Exceptions->errorHandler(8, 'Undefined varia...', 'C:\\laragon\\www\\...', 93, Array)
#1 C:\laragon\www\mysau_template\system\CodeIgniter.php(928): App\Controllers\Presensi->update()
#2 C:\laragon\www\mysau_template\system\CodeIgniter.php(436): CodeIgniter\CodeIgniter->runController(Object(App\Controllers\Presensi))
#3 C:\laragon\www\mysau_template\system\CodeIgniter.php(336): CodeIgniter\CodeIgniter->handleRequest(NULL, Object(Config\Cache), false)
#4 C:\laragon\www\mysau_template\public\index.php(37): CodeIgniter\CodeIgniter->run()
#5 {main}
CRITICAL - 2023-03-06 09:52:32 --> Undefined variable: newName
#0 C:\laragon\www\mysau_template\app\Controllers\Presensi.php(97): CodeIgniter\Debug\Exceptions->errorHandler(8, 'Undefined varia...', 'C:\\laragon\\www\\...', 97, Array)
#1 C:\laragon\www\mysau_template\system\CodeIgniter.php(928): App\Controllers\Presensi->update()
#2 C:\laragon\www\mysau_template\system\CodeIgniter.php(436): CodeIgniter\CodeIgniter->runController(Object(App\Controllers\Presensi))
#3 C:\laragon\www\mysau_template\system\CodeIgniter.php(336): CodeIgniter\CodeIgniter->handleRequest(NULL, Object(Config\Cache), false)
#4 C:\laragon\www\mysau_template\public\index.php(37): CodeIgniter\CodeIgniter->run()
#5 {main}
CRITICAL - 2023-03-06 09:56:34 --> syntax error, unexpected '$data' (T_VARIABLE), expecting function (T_FUNCTION) or const (T_CONST)
#0 C:\laragon\www\mysau_template\system\Router\Router.php(169): CodeIgniter\Router\Router->autoRoute('presensi')
#1 C:\laragon\www\mysau_template\system\CodeIgniter.php(809): CodeIgniter\Router\Router->handle('presensi')
#2 C:\laragon\www\mysau_template\system\CodeIgniter.php(389): CodeIgniter\CodeIgniter->tryToRouteIt(Object(CodeIgniter\Router\RouteCollection))
#3 C:\laragon\www\mysau_template\system\CodeIgniter.php(336): CodeIgniter\CodeIgniter->handleRequest(NULL, Object(Config\Cache), false)
#4 C:\laragon\www\mysau_template\public\index.php(37): CodeIgniter\CodeIgniter->run()
#5 {main}
CRITICAL - 2023-03-06 09:56:47 --> syntax error, unexpected '$data' (T_VARIABLE), expecting function (T_FUNCTION) or const (T_CONST)
#0 C:\laragon\www\mysau_template\system\Router\Router.php(169): CodeIgniter\Router\Router->autoRoute('presensi')
#1 C:\laragon\www\mysau_template\system\CodeIgniter.php(809): CodeIgniter\Router\Router->handle('presensi')
#2 C:\laragon\www\mysau_template\system\CodeIgniter.php(389): CodeIgniter\CodeIgniter->tryToRouteIt(Object(CodeIgniter\Router\RouteCollection))
#3 C:\laragon\www\mysau_template\system\CodeIgniter.php(336): CodeIgniter\CodeIgniter->handleRequest(NULL, Object(Config\Cache), false)
#4 C:\laragon\www\mysau_template\public\index.php(37): CodeIgniter\CodeIgniter->run()
#5 {main}
CRITICAL - 2023-03-06 09:56:48 --> syntax error, unexpected '$data' (T_VARIABLE), expecting function (T_FUNCTION) or const (T_CONST)
#0 C:\laragon\www\mysau_template\system\Router\Router.php(169): CodeIgniter\Router\Router->autoRoute('presensi')
#1 C:\laragon\www\mysau_template\system\CodeIgniter.php(809): CodeIgniter\Router\Router->handle('presensi')
#2 C:\laragon\www\mysau_template\system\CodeIgniter.php(389): CodeIgniter\CodeIgniter->tryToRouteIt(Object(CodeIgniter\Router\RouteCollection))
#3 C:\laragon\www\mysau_template\system\CodeIgniter.php(336): CodeIgniter\CodeIgniter->handleRequest(NULL, Object(Config\Cache), false)
#4 C:\laragon\www\mysau_template\public\index.php(37): CodeIgniter\CodeIgniter->run()
#5 {main}
CRITICAL - 2023-03-06 09:56:49 --> syntax error, unexpected '$data' (T_VARIABLE), expecting function (T_FUNCTION) or const (T_CONST)
#0 C:\laragon\www\mysau_template\system\Router\Router.php(169): CodeIgniter\Router\Router->autoRoute('presensi')
#1 C:\laragon\www\mysau_template\system\CodeIgniter.php(809): CodeIgniter\Router\Router->handle('presensi')
#2 C:\laragon\www\mysau_template\system\CodeIgniter.php(389): CodeIgniter\CodeIgniter->tryToRouteIt(Object(CodeIgniter\Router\RouteCollection))
#3 C:\laragon\www\mysau_template\system\CodeIgniter.php(336): CodeIgniter\CodeIgniter->handleRequest(NULL, Object(Config\Cache), false)
#4 C:\laragon\www\mysau_template\public\index.php(37): CodeIgniter\CodeIgniter->run()
#5 {main}
CRITICAL - 2023-03-06 09:56:53 --> syntax error, unexpected '$data' (T_VARIABLE), expecting function (T_FUNCTION) or const (T_CONST)
#0 C:\laragon\www\mysau_template\system\Router\Router.php(169): CodeIgniter\Router\Router->autoRoute('Presensi/detail...')
#1 C:\laragon\www\mysau_template\system\CodeIgniter.php(809): CodeIgniter\Router\Router->handle('Presensi/detail...')
#2 C:\laragon\www\mysau_template\system\CodeIgniter.php(389): CodeIgniter\CodeIgniter->tryToRouteIt(Object(CodeIgniter\Router\RouteCollection))
#3 C:\laragon\www\mysau_template\system\CodeIgniter.php(336): CodeIgniter\CodeIgniter->handleRequest(NULL, Object(Config\Cache), false)
#4 C:\laragon\www\mysau_template\public\index.php(37): CodeIgniter\CodeIgniter->run()
#5 {main}
CRITICAL - 2023-03-06 09:57:02 --> syntax error, unexpected '$data' (T_VARIABLE), expecting function (T_FUNCTION) or const (T_CONST)
#0 C:\laragon\www\mysau_template\system\Router\Router.php(169): CodeIgniter\Router\Router->autoRoute('presensi')
#1 C:\laragon\www\mysau_template\system\CodeIgniter.php(809): CodeIgniter\Router\Router->handle('presensi')
#2 C:\laragon\www\mysau_template\system\CodeIgniter.php(389): CodeIgniter\CodeIgniter->tryToRouteIt(Object(CodeIgniter\Router\RouteCollection))
#3 C:\laragon\www\mysau_template\system\CodeIgniter.php(336): CodeIgniter\CodeIgniter->handleRequest(NULL, Object(Config\Cache), false)
#4 C:\laragon\www\mysau_template\public\index.php(37): CodeIgniter\CodeIgniter->run()
#5 {main}
CRITICAL - 2023-03-06 09:57:12 --> syntax error, unexpected '$data' (T_VARIABLE), expecting function (T_FUNCTION) or const (T_CONST)
#0 C:\laragon\www\mysau_template\system\Router\Router.php(169): CodeIgniter\Router\Router->autoRoute('presensi')
#1 C:\laragon\www\mysau_template\system\CodeIgniter.php(809): CodeIgniter\Router\Router->handle('presensi')
#2 C:\laragon\www\mysau_template\system\CodeIgniter.php(389): CodeIgniter\CodeIgniter->tryToRouteIt(Object(CodeIgniter\Router\RouteCollection))
#3 C:\laragon\www\mysau_template\system\CodeIgniter.php(336): CodeIgniter\CodeIgniter->handleRequest(NULL, Object(Config\Cache), false)
#4 C:\laragon\www\mysau_template\public\index.php(37): CodeIgniter\CodeIgniter->run()
#5 {main}
CRITICAL - 2023-03-06 10:00:16 --> There is no data to update.
#0 C:\laragon\www\mysau_template\system\BaseModel.php(1668): CodeIgniter\Database\Exceptions\DataException::forEmptyDataset('update')
#1 C:\laragon\www\mysau_template\system\BaseModel.php(880): CodeIgniter\BaseModel->transformDataToArray(NULL, 'update')
#2 C:\laragon\www\mysau_template\system\Model.php(718): CodeIgniter\BaseModel->update(NULL, NULL)
#3 C:\laragon\www\mysau_template\app\Controllers\Presensi.php(143): CodeIgniter\Model->update()
#4 C:\laragon\www\mysau_template\system\CodeIgniter.php(928): App\Controllers\Presensi->update()
#5 C:\laragon\www\mysau_template\system\CodeIgniter.php(436): CodeIgniter\CodeIgniter->runController(Object(App\Controllers\Presensi))
#6 C:\laragon\www\mysau_template\system\CodeIgniter.php(336): CodeIgniter\CodeIgniter->handleRequest(NULL, Object(Config\Cache), false)
#7 C:\laragon\www\mysau_template\public\index.php(37): CodeIgniter\CodeIgniter->run()
#8 {main}
CRITICAL - 2023-03-06 10:02:32 --> Undefined variable: id
#0 C:\laragon\www\mysau_template\app\Controllers\Presensi.php(143): CodeIgniter\Debug\Exceptions->errorHandler(8, 'Undefined varia...', 'C:\\laragon\\www\\...', 143, Array)
#1 C:\laragon\www\mysau_template\system\CodeIgniter.php(928): App\Controllers\Presensi->update()
#2 C:\laragon\www\mysau_template\system\CodeIgniter.php(436): CodeIgniter\CodeIgniter->runController(Object(App\Controllers\Presensi))
#3 C:\laragon\www\mysau_template\system\CodeIgniter.php(336): CodeIgniter\CodeIgniter->handleRequest(NULL, Object(Config\Cache), false)
#4 C:\laragon\www\mysau_template\public\index.php(37): CodeIgniter\CodeIgniter->run()
#5 {main}
CRITICAL - 2023-03-06 10:02:51 --> Undefined variable: id
#0 C:\laragon\www\mysau_template\app\Controllers\Presensi.php(143): CodeIgniter\Debug\Exceptions->errorHandler(8, 'Undefined varia...', 'C:\\laragon\\www\\...', 143, Array)
#1 C:\laragon\www\mysau_template\system\CodeIgniter.php(928): App\Controllers\Presensi->update()
#2 C:\laragon\www\mysau_template\system\CodeIgniter.php(436): CodeIgniter\CodeIgniter->runController(Object(App\Controllers\Presensi))
#3 C:\laragon\www\mysau_template\system\CodeIgniter.php(336): CodeIgniter\CodeIgniter->handleRequest(NULL, Object(Config\Cache), false)
#4 C:\laragon\www\mysau_template\public\index.php(37): CodeIgniter\CodeIgniter->run()
#5 {main}
CRITICAL - 2023-03-06 10:03:19 --> Undefined variable: id
#0 C:\laragon\www\mysau_template\app\Controllers\Presensi.php(143): CodeIgniter\Debug\Exceptions->errorHandler(8, 'Undefined varia...', 'C:\\laragon\\www\\...', 143, Array)
#1 C:\laragon\www\mysau_template\system\CodeIgniter.php(928): App\Controllers\Presensi->update()
#2 C:\laragon\www\mysau_template\system\CodeIgniter.php(436): CodeIgniter\CodeIgniter->runController(Object(App\Controllers\Presensi))
#3 C:\laragon\www\mysau_template\system\CodeIgniter.php(336): CodeIgniter\CodeIgniter->handleRequest(NULL, Object(Config\Cache), false)
#4 C:\laragon\www\mysau_template\public\index.php(37): CodeIgniter\CodeIgniter->run()
#5 {main}
CRITICAL - 2023-03-06 10:26:35 --> Undefined variable: id
#0 C:\laragon\www\mysau_template\app\Controllers\Presensi.php(130): CodeIgniter\Debug\Exceptions->errorHandler(8, 'Undefined varia...', 'C:\\laragon\\www\\...', 130, Array)
#1 C:\laragon\www\mysau_template\system\CodeIgniter.php(928): App\Controllers\Presensi->update()
#2 C:\laragon\www\mysau_template\system\CodeIgniter.php(436): CodeIgniter\CodeIgniter->runController(Object(App\Controllers\Presensi))
#3 C:\laragon\www\mysau_template\system\CodeIgniter.php(336): CodeIgniter\CodeIgniter->handleRequest(NULL, Object(Config\Cache), false)
#4 C:\laragon\www\mysau_template\public\index.php(37): CodeIgniter\CodeIgniter->run()
#5 {main}
CRITICAL - 2023-03-06 10:45:34 --> Undefined variable: id
#0 C:\laragon\www\mysau_template\app\Controllers\Presensi.php(130): CodeIgniter\Debug\Exceptions->errorHandler(8, 'Undefined varia...', 'C:\\laragon\\www\\...', 130, Array)
#1 C:\laragon\www\mysau_template\system\CodeIgniter.php(928): App\Controllers\Presensi->edit()
#2 C:\laragon\www\mysau_template\system\CodeIgniter.php(436): CodeIgniter\CodeIgniter->runController(Object(App\Controllers\Presensi))
#3 C:\laragon\www\mysau_template\system\CodeIgniter.php(336): CodeIgniter\CodeIgniter->handleRequest(NULL, Object(Config\Cache), false)
#4 C:\laragon\www\mysau_template\public\index.php(37): CodeIgniter\CodeIgniter->run()
#5 {main}
CRITICAL - 2023-03-06 10:46:03 --> Too few arguments to function App\Controllers\Presensi::edit(), 0 passed in C:\laragon\www\mysau_template\system\CodeIgniter.php on line 928 and exactly 1 expected
#0 C:\laragon\www\mysau_template\system\CodeIgniter.php(928): App\Controllers\Presensi->edit()
#1 C:\laragon\www\mysau_template\system\CodeIgniter.php(436): CodeIgniter\CodeIgniter->runController(Object(App\Controllers\Presensi))
#2 C:\laragon\www\mysau_template\system\CodeIgniter.php(336): CodeIgniter\CodeIgniter->handleRequest(NULL, Object(Config\Cache), false)
#3 C:\laragon\www\mysau_template\public\index.php(37): CodeIgniter\CodeIgniter->run()
#4 {main}
CRITICAL - 2023-03-06 10:46:07 --> Too few arguments to function App\Controllers\Presensi::edit(), 0 passed in C:\laragon\www\mysau_template\system\CodeIgniter.php on line 928 and exactly 1 expected
#0 C:\laragon\www\mysau_template\system\CodeIgniter.php(928): App\Controllers\Presensi->edit()
#1 C:\laragon\www\mysau_template\system\CodeIgniter.php(436): CodeIgniter\CodeIgniter->runController(Object(App\Controllers\Presensi))
#2 C:\laragon\www\mysau_template\system\CodeIgniter.php(336): CodeIgniter\CodeIgniter->handleRequest(NULL, Object(Config\Cache), false)
#3 C:\laragon\www\mysau_template\public\index.php(37): CodeIgniter\CodeIgniter->run()
#4 {main}
CRITICAL - 2023-03-06 10:50:48 --> There is no data to update.
#0 C:\laragon\www\mysau_template\system\BaseModel.php(1668): CodeIgniter\Database\Exceptions\DataException::forEmptyDataset('update')
#1 C:\laragon\www\mysau_template\system\BaseModel.php(880): CodeIgniter\BaseModel->transformDataToArray(NULL, 'update')
#2 C:\laragon\www\mysau_template\system\Model.php(718): CodeIgniter\BaseModel->update(Array, NULL)
#3 C:\laragon\www\mysau_template\app\Controllers\Presensi.php(139): CodeIgniter\Model->update(Array)
#4 C:\laragon\www\mysau_template\system\CodeIgniter.php(928): App\Controllers\Presensi->edit()
#5 C:\laragon\www\mysau_template\system\CodeIgniter.php(436): CodeIgniter\CodeIgniter->runController(Object(App\Controllers\Presensi))
#6 C:\laragon\www\mysau_template\system\CodeIgniter.php(336): CodeIgniter\CodeIgniter->handleRequest(NULL, Object(Config\Cache), false)
#7 C:\laragon\www\mysau_template\public\index.php(37): CodeIgniter\CodeIgniter->run()
#8 {main}
CRITICAL - 2023-03-06 10:50:58 --> syntax error, unexpected '=>' (T_DOUBLE_ARROW), expecting ']'
#0 C:\laragon\www\mysau_template\system\Router\Router.php(169): CodeIgniter\Router\Router->autoRoute('presensi/edit')
#1 C:\laragon\www\mysau_template\system\CodeIgniter.php(809): CodeIgniter\Router\Router->handle('presensi/edit')
#2 C:\laragon\www\mysau_template\system\CodeIgniter.php(389): CodeIgniter\CodeIgniter->tryToRouteIt(Object(CodeIgniter\Router\RouteCollection))
#3 C:\laragon\www\mysau_template\system\CodeIgniter.php(336): CodeIgniter\CodeIgniter->handleRequest(NULL, Object(Config\Cache), false)
#4 C:\laragon\www\mysau_template\public\index.php(37): CodeIgniter\CodeIgniter->run()
#5 {main}
CRITICAL - 2023-03-06 10:51:34 --> syntax error, unexpected '=>' (T_DOUBLE_ARROW), expecting ']'
#0 C:\laragon\www\mysau_template\system\Router\Router.php(169): CodeIgniter\Router\Router->autoRoute('presensi/edit')
#1 C:\laragon\www\mysau_template\system\CodeIgniter.php(809): CodeIgniter\Router\Router->handle('presensi/edit')
#2 C:\laragon\www\mysau_template\system\CodeIgniter.php(389): CodeIgniter\CodeIgniter->tryToRouteIt(Object(CodeIgniter\Router\RouteCollection))
#3 C:\laragon\www\mysau_template\system\CodeIgniter.php(336): CodeIgniter\CodeIgniter->handleRequest(NULL, Object(Config\Cache), false)
#4 C:\laragon\www\mysau_template\public\index.php(37): CodeIgniter\CodeIgniter->run()
#5 {main}
CRITICAL - 2023-03-06 10:52:02 --> Undefined variable: id
#0 C:\laragon\www\mysau_template\app\Controllers\Presensi.php(130): CodeIgniter\Debug\Exceptions->errorHandler(8, 'Undefined varia...', 'C:\\laragon\\www\\...', 130, Array)
#1 C:\laragon\www\mysau_template\system\CodeIgniter.php(928): App\Controllers\Presensi->edit()
#2 C:\laragon\www\mysau_template\system\CodeIgniter.php(436): CodeIgniter\CodeIgniter->runController(Object(App\Controllers\Presensi))
#3 C:\laragon\www\mysau_template\system\CodeIgniter.php(336): CodeIgniter\CodeIgniter->handleRequest(NULL, Object(Config\Cache), false)
#4 C:\laragon\www\mysau_template\public\index.php(37): CodeIgniter\CodeIgniter->run()
#5 {main}
CRITICAL - 2023-03-06 10:55:26 --> Undefined variable: id
#0 C:\laragon\www\mysau_template\app\Controllers\Presensi.php(130): CodeIgniter\Debug\Exceptions->errorHandler(8, 'Undefined varia...', 'C:\\laragon\\www\\...', 130, Array)
#1 C:\laragon\www\mysau_template\system\CodeIgniter.php(928): App\Controllers\Presensi->edit()
#2 C:\laragon\www\mysau_template\system\CodeIgniter.php(436): CodeIgniter\CodeIgniter->runController(Object(App\Controllers\Presensi))
#3 C:\laragon\www\mysau_template\system\CodeIgniter.php(336): CodeIgniter\CodeIgniter->handleRequest(NULL, Object(Config\Cache), false)
#4 C:\laragon\www\mysau_template\public\index.php(37): CodeIgniter\CodeIgniter->run()
#5 {main}
CRITICAL - 2023-03-06 10:58:47 --> Undefined variable: id
#0 C:\laragon\www\mysau_template\app\Controllers\Presensi.php(130): CodeIgniter\Debug\Exceptions->errorHandler(8, 'Undefined varia...', 'C:\\laragon\\www\\...', 130, Array)
#1 C:\laragon\www\mysau_template\system\CodeIgniter.php(928): App\Controllers\Presensi->edit()
#2 C:\laragon\www\mysau_template\system\CodeIgniter.php(436): CodeIgniter\CodeIgniter->runController(Object(App\Controllers\Presensi))
#3 C:\laragon\www\mysau_template\system\CodeIgniter.php(336): CodeIgniter\CodeIgniter->handleRequest(NULL, Object(Config\Cache), false)
#4 C:\laragon\www\mysau_template\public\index.php(37): CodeIgniter\CodeIgniter->run()
#5 {main}
CRITICAL - 2023-03-06 13:36:55 --> Undefined variable: id
#0 C:\laragon\www\mysau_template\app\Controllers\Presensi.php(130): CodeIgniter\Debug\Exceptions->errorHandler(8, 'Undefined varia...', 'C:\\laragon\\www\\...', 130, Array)
#1 C:\laragon\www\mysau_template\system\CodeIgniter.php(928): App\Controllers\Presensi->edit()
#2 C:\laragon\www\mysau_template\system\CodeIgniter.php(436): CodeIgniter\CodeIgniter->runController(Object(App\Controllers\Presensi))
#3 C:\laragon\www\mysau_template\system\CodeIgniter.php(336): CodeIgniter\CodeIgniter->handleRequest(NULL, Object(Config\Cache), false)
#4 C:\laragon\www\mysau_template\public\index.php(37): CodeIgniter\CodeIgniter->run()
#5 {main}
CRITICAL - 2023-03-06 13:39:03 --> Undefined variable: id
#0 C:\laragon\www\mysau_template\app\Controllers\Presensi.php(130): CodeIgniter\Debug\Exceptions->errorHandler(8, 'Undefined varia...', 'C:\\laragon\\www\\...', 130, Array)
#1 C:\laragon\www\mysau_template\system\CodeIgniter.php(928): App\Controllers\Presensi->edit()
#2 C:\laragon\www\mysau_template\system\CodeIgniter.php(436): CodeIgniter\CodeIgniter->runController(Object(App\Controllers\Presensi))
#3 C:\laragon\www\mysau_template\system\CodeIgniter.php(336): CodeIgniter\CodeIgniter->handleRequest(NULL, Object(Config\Cache), false)
#4 C:\laragon\www\mysau_template\public\index.php(37): CodeIgniter\CodeIgniter->run()
#5 {main}
CRITICAL - 2023-03-06 13:39:36 --> Too few arguments to function App\Controllers\Presensi::edit(), 0 passed in C:\laragon\www\mysau_template\system\CodeIgniter.php on line 928 and exactly 1 expected
#0 C:\laragon\www\mysau_template\system\CodeIgniter.php(928): App\Controllers\Presensi->edit()
#1 C:\laragon\www\mysau_template\system\CodeIgniter.php(436): CodeIgniter\CodeIgniter->runController(Object(App\Controllers\Presensi))
#2 C:\laragon\www\mysau_template\system\CodeIgniter.php(336): CodeIgniter\CodeIgniter->handleRequest(NULL, Object(Config\Cache), false)
#3 C:\laragon\www\mysau_template\public\index.php(37): CodeIgniter\CodeIgniter->run()
#4 {main}
CRITICAL - 2023-03-06 13:40:40 --> Too few arguments to function App\Controllers\Presensi::edit(), 0 passed in C:\laragon\www\mysau_template\system\CodeIgniter.php on line 928 and exactly 1 expected
#0 C:\laragon\www\mysau_template\system\CodeIgniter.php(928): App\Controllers\Presensi->edit()
#1 C:\laragon\www\mysau_template\system\CodeIgniter.php(436): CodeIgniter\CodeIgniter->runController(Object(App\Controllers\Presensi))
#2 C:\laragon\www\mysau_template\system\CodeIgniter.php(336): CodeIgniter\CodeIgniter->handleRequest(NULL, Object(Config\Cache), false)
#3 C:\laragon\www\mysau_template\public\index.php(37): CodeIgniter\CodeIgniter->run()
#4 {main}
CRITICAL - 2023-03-06 14:07:52 --> Too few arguments to function App\Controllers\Presensi::update(), 0 passed in C:\laragon\www\mysau_template\system\CodeIgniter.php on line 928 and exactly 1 expected
#0 C:\laragon\www\mysau_template\system\CodeIgniter.php(928): App\Controllers\Presensi->update()
#1 C:\laragon\www\mysau_template\system\CodeIgniter.php(436): CodeIgniter\CodeIgniter->runController(Object(App\Controllers\Presensi))
#2 C:\laragon\www\mysau_template\system\CodeIgniter.php(336): CodeIgniter\CodeIgniter->handleRequest(NULL, Object(Config\Cache), false)
#3 C:\laragon\www\mysau_template\public\index.php(37): CodeIgniter\CodeIgniter->run()
#4 {main}
CRITICAL - 2023-03-06 14:08:13 --> Undefined variable: id
#0 C:\laragon\www\mysau_template\app\Controllers\Presensi.php(111): CodeIgniter\Debug\Exceptions->errorHandler(8, 'Undefined varia...', 'C:\\laragon\\www\\...', 111, Array)
#1 C:\laragon\www\mysau_template\system\CodeIgniter.php(928): App\Controllers\Presensi->update()
#2 C:\laragon\www\mysau_template\system\CodeIgniter.php(436): CodeIgniter\CodeIgniter->runController(Object(App\Controllers\Presensi))
#3 C:\laragon\www\mysau_template\system\CodeIgniter.php(336): CodeIgniter\CodeIgniter->handleRequest(NULL, Object(Config\Cache), false)
#4 C:\laragon\www\mysau_template\public\index.php(37): CodeIgniter\CodeIgniter->run()
#5 {main}
CRITICAL - 2023-03-06 14:08:25 --> Call to undefined method App\Models\RequestFormModel::RequestFormModel
#0 C:\laragon\www\mysau_template\app\Controllers\Presensi.php(111): CodeIgniter\Model->__call('RequestFormMode...', Array)
#1 C:\laragon\www\mysau_template\system\CodeIgniter.php(928): App\Controllers\Presensi->update()
#2 C:\laragon\www\mysau_template\system\CodeIgniter.php(436): CodeIgniter\CodeIgniter->runController(Object(App\Controllers\Presensi))
#3 C:\laragon\www\mysau_template\system\CodeIgniter.php(336): CodeIgniter\CodeIgniter->handleRequest(NULL, Object(Config\Cache), false)
#4 C:\laragon\www\mysau_template\public\index.php(37): CodeIgniter\CodeIgniter->run()
#5 {main}
CRITICAL - 2023-03-06 14:08:42 --> Too few arguments to function App\Controllers\Presensi::update(), 0 passed in C:\laragon\www\mysau_template\system\CodeIgniter.php on line 928 and exactly 1 expected
#0 C:\laragon\www\mysau_template\system\CodeIgniter.php(928): App\Controllers\Presensi->update()
#1 C:\laragon\www\mysau_template\system\CodeIgniter.php(436): CodeIgniter\CodeIgniter->runController(Object(App\Controllers\Presensi))
#2 C:\laragon\www\mysau_template\system\CodeIgniter.php(336): CodeIgniter\CodeIgniter->handleRequest(NULL, Object(Config\Cache), false)
#3 C:\laragon\www\mysau_template\public\index.php(37): CodeIgniter\CodeIgniter->run()
#4 {main}
CRITICAL - 2023-03-06 14:08:59 --> Too few arguments to function App\Controllers\Presensi::update(), 0 passed in C:\laragon\www\mysau_template\system\CodeIgniter.php on line 928 and exactly 1 expected
#0 C:\laragon\www\mysau_template\system\CodeIgniter.php(928): App\Controllers\Presensi->update()
#1 C:\laragon\www\mysau_template\system\CodeIgniter.php(436): CodeIgniter\CodeIgniter->runController(Object(App\Controllers\Presensi))
#2 C:\laragon\www\mysau_template\system\CodeIgniter.php(336): CodeIgniter\CodeIgniter->handleRequest(NULL, Object(Config\Cache), false)
#3 C:\laragon\www\mysau_template\public\index.php(37): CodeIgniter\CodeIgniter->run()
#4 {main}
CRITICAL - 2023-03-06 14:09:03 --> Too few arguments to function App\Controllers\Presensi::update(), 0 passed in C:\laragon\www\mysau_template\system\CodeIgniter.php on line 928 and exactly 1 expected
#0 C:\laragon\www\mysau_template\system\CodeIgniter.php(928): App\Controllers\Presensi->update()
#1 C:\laragon\www\mysau_template\system\CodeIgniter.php(436): CodeIgniter\CodeIgniter->runController(Object(App\Controllers\Presensi))
#2 C:\laragon\www\mysau_template\system\CodeIgniter.php(336): CodeIgniter\CodeIgniter->handleRequest(NULL, Object(Config\Cache), false)
#3 C:\laragon\www\mysau_template\public\index.php(37): CodeIgniter\CodeIgniter->run()
#4 {main}
CRITICAL - 2023-03-06 14:09:04 --> Too few arguments to function App\Controllers\Presensi::update(), 0 passed in C:\laragon\www\mysau_template\system\CodeIgniter.php on line 928 and exactly 1 expected
#0 C:\laragon\www\mysau_template\system\CodeIgniter.php(928): App\Controllers\Presensi->update()
#1 C:\laragon\www\mysau_template\system\CodeIgniter.php(436): CodeIgniter\CodeIgniter->runController(Object(App\Controllers\Presensi))
#2 C:\laragon\www\mysau_template\system\CodeIgniter.php(336): CodeIgniter\CodeIgniter->handleRequest(NULL, Object(Config\Cache), false)
#3 C:\laragon\www\mysau_template\public\index.php(37): CodeIgniter\CodeIgniter->run()
#4 {main}
CRITICAL - 2023-03-06 14:09:09 --> Too few arguments to function App\Controllers\Presensi::update(), 0 passed in C:\laragon\www\mysau_template\system\CodeIgniter.php on line 928 and exactly 1 expected
#0 C:\laragon\www\mysau_template\system\CodeIgniter.php(928): App\Controllers\Presensi->update()
#1 C:\laragon\www\mysau_template\system\CodeIgniter.php(436): CodeIgniter\CodeIgniter->runController(Object(App\Controllers\Presensi))
#2 C:\laragon\www\mysau_template\system\CodeIgniter.php(336): CodeIgniter\CodeIgniter->handleRequest(NULL, Object(Config\Cache), false)
#3 C:\laragon\www\mysau_template\public\index.php(37): CodeIgniter\CodeIgniter->run()
#4 {main}
CRITICAL - 2023-03-06 14:11:21 --> Too few arguments to function App\Controllers\Presensi::update(), 0 passed in C:\laragon\www\mysau_template\system\CodeIgniter.php on line 928 and exactly 1 expected
#0 C:\laragon\www\mysau_template\system\CodeIgniter.php(928): App\Controllers\Presensi->update()
#1 C:\laragon\www\mysau_template\system\CodeIgniter.php(436): CodeIgniter\CodeIgniter->runController(Object(App\Controllers\Presensi))
#2 C:\laragon\www\mysau_template\system\CodeIgniter.php(336): CodeIgniter\CodeIgniter->handleRequest(NULL, Object(Config\Cache), false)
#3 C:\laragon\www\mysau_template\public\index.php(37): CodeIgniter\CodeIgniter->run()
#4 {main}
CRITICAL - 2023-03-06 14:13:15 --> Too few arguments to function App\Controllers\Presensi::update(), 0 passed in C:\laragon\www\mysau_template\system\CodeIgniter.php on line 928 and exactly 1 expected
#0 C:\laragon\www\mysau_template\system\CodeIgniter.php(928): App\Controllers\Presensi->update()
#1 C:\laragon\www\mysau_template\system\CodeIgniter.php(436): CodeIgniter\CodeIgniter->runController(Object(App\Controllers\Presensi))
#2 C:\laragon\www\mysau_template\system\CodeIgniter.php(336): CodeIgniter\CodeIgniter->handleRequest(NULL, Object(Config\Cache), false)
#3 C:\laragon\www\mysau_template\public\index.php(37): CodeIgniter\CodeIgniter->run()
#4 {main}
CRITICAL - 2023-03-06 14:15:36 --> Too few arguments to function App\Controllers\Presensi::edit(), 0 passed in C:\laragon\www\mysau_template\system\CodeIgniter.php on line 928 and exactly 1 expected
#0 C:\laragon\www\mysau_template\system\CodeIgniter.php(928): App\Controllers\Presensi->edit()
#1 C:\laragon\www\mysau_template\system\CodeIgniter.php(436): CodeIgniter\CodeIgniter->runController(Object(App\Controllers\Presensi))
#2 C:\laragon\www\mysau_template\system\CodeIgniter.php(336): CodeIgniter\CodeIgniter->handleRequest(NULL, Object(Config\Cache), false)
#3 C:\laragon\www\mysau_template\public\index.php(37): CodeIgniter\CodeIgniter->run()
#4 {main}
CRITICAL - 2023-03-06 14:19:15 --> Undefined offset: 0
#0 C:\laragon\www\mysau_template\app\Controllers\Presensi.php(74): CodeIgniter\Debug\Exceptions->errorHandler(8, 'Undefined offse...', 'C:\\laragon\\www\\...', 74, Array)
#1 C:\laragon\www\mysau_template\system\CodeIgniter.php(928): App\Controllers\Presensi->detail('74')
#2 C:\laragon\www\mysau_template\system\CodeIgniter.php(436): CodeIgniter\CodeIgniter->runController(Object(App\Controllers\Presensi))
#3 C:\laragon\www\mysau_template\system\CodeIgniter.php(336): CodeIgniter\CodeIgniter->handleRequest(NULL, Object(Config\Cache), false)
#4 C:\laragon\www\mysau_template\public\index.php(37): CodeIgniter\CodeIgniter->run()
#5 {main}
CRITICAL - 2023-03-06 14:19:20 --> Undefined offset: 0
#0 C:\laragon\www\mysau_template\app\Controllers\Presensi.php(74): CodeIgniter\Debug\Exceptions->errorHandler(8, 'Undefined offse...', 'C:\\laragon\\www\\...', 74, Array)
#1 C:\laragon\www\mysau_template\system\CodeIgniter.php(928): App\Controllers\Presensi->detail('74')
#2 C:\laragon\www\mysau_template\system\CodeIgniter.php(436): CodeIgniter\CodeIgniter->runController(Object(App\Controllers\Presensi))
#3 C:\laragon\www\mysau_template\system\CodeIgniter.php(336): CodeIgniter\CodeIgniter->handleRequest(NULL, Object(Config\Cache), false)
#4 C:\laragon\www\mysau_template\public\index.php(37): CodeIgniter\CodeIgniter->run()
#5 {main}
CRITICAL - 2023-03-06 14:19:32 --> Undefined offset: 0
#0 C:\laragon\www\mysau_template\app\Controllers\Presensi.php(74): CodeIgniter\Debug\Exceptions->errorHandler(8, 'Undefined offse...', 'C:\\laragon\\www\\...', 74, Array)
#1 C:\laragon\www\mysau_template\system\CodeIgniter.php(928): App\Controllers\Presensi->detail('74')
#2 C:\laragon\www\mysau_template\system\CodeIgniter.php(436): CodeIgniter\CodeIgniter->runController(Object(App\Controllers\Presensi))
#3 C:\laragon\www\mysau_template\system\CodeIgniter.php(336): CodeIgniter\CodeIgniter->handleRequest(NULL, Object(Config\Cache), false)
#4 C:\laragon\www\mysau_template\public\index.php(37): CodeIgniter\CodeIgniter->run()
#5 {main}
CRITICAL - 2023-03-06 14:30:04 --> Too few arguments to function App\Controllers\Presensi::update(), 0 passed in C:\laragon\www\mysau_template\system\CodeIgniter.php on line 928 and exactly 1 expected
#0 C:\laragon\www\mysau_template\system\CodeIgniter.php(928): App\Controllers\Presensi->update()
#1 C:\laragon\www\mysau_template\system\CodeIgniter.php(436): CodeIgniter\CodeIgniter->runController(Object(App\Controllers\Presensi))
#2 C:\laragon\www\mysau_template\system\CodeIgniter.php(336): CodeIgniter\CodeIgniter->handleRequest(NULL, Object(Config\Cache), false)
#3 C:\laragon\www\mysau_template\public\index.php(37): CodeIgniter\CodeIgniter->run()
#4 {main}
CRITICAL - 2023-03-06 14:30:39 --> Class 'App\Controllers\MyModel' not found
#0 C:\laragon\www\mysau_template\system\CodeIgniter.php(928): App\Controllers\Presensi->update()
#1 C:\laragon\www\mysau_template\system\CodeIgniter.php(436): CodeIgniter\CodeIgniter->runController(Object(App\Controllers\Presensi))
#2 C:\laragon\www\mysau_template\system\CodeIgniter.php(336): CodeIgniter\CodeIgniter->handleRequest(NULL, Object(Config\Cache), false)
#3 C:\laragon\www\mysau_template\public\index.php(37): CodeIgniter\CodeIgniter->run()
#4 {main}
CRITICAL - 2023-03-06 14:30:52 --> Undefined variable: id
#0 C:\laragon\www\mysau_template\app\Controllers\Presensi.php(87): CodeIgniter\Debug\Exceptions->errorHandler(8, 'Undefined varia...', 'C:\\laragon\\www\\...', 87, Array)
#1 C:\laragon\www\mysau_template\system\CodeIgniter.php(928): App\Controllers\Presensi->update()
#2 C:\laragon\www\mysau_template\system\CodeIgniter.php(436): CodeIgniter\CodeIgniter->runController(Object(App\Controllers\Presensi))
#3 C:\laragon\www\mysau_template\system\CodeIgniter.php(336): CodeIgniter\CodeIgniter->handleRequest(NULL, Object(Config\Cache), false)
#4 C:\laragon\www\mysau_template\public\index.php(37): CodeIgniter\CodeIgniter->run()
#5 {main}
CRITICAL - 2023-03-06 14:31:09 --> Too few arguments to function App\Controllers\Presensi::update(), 0 passed in C:\laragon\www\mysau_template\system\CodeIgniter.php on line 928 and exactly 1 expected
#0 C:\laragon\www\mysau_template\system\CodeIgniter.php(928): App\Controllers\Presensi->update()
#1 C:\laragon\www\mysau_template\system\CodeIgniter.php(436): CodeIgniter\CodeIgniter->runController(Object(App\Controllers\Presensi))
#2 C:\laragon\www\mysau_template\system\CodeIgniter.php(336): CodeIgniter\CodeIgniter->handleRequest(NULL, Object(Config\Cache), false)
#3 C:\laragon\www\mysau_template\public\index.php(37): CodeIgniter\CodeIgniter->run()
#4 {main}
CRITICAL - 2023-03-06 14:31:36 --> Too few arguments to function App\Controllers\Presensi::update(), 0 passed in C:\laragon\www\mysau_template\system\CodeIgniter.php on line 928 and exactly 1 expected
#0 C:\laragon\www\mysau_template\system\CodeIgniter.php(928): App\Controllers\Presensi->update()
#1 C:\laragon\www\mysau_template\system\CodeIgniter.php(436): CodeIgniter\CodeIgniter->runController(Object(App\Controllers\Presensi))
#2 C:\laragon\www\mysau_template\system\CodeIgniter.php(336): CodeIgniter\CodeIgniter->handleRequest(NULL, Object(Config\Cache), false)
#3 C:\laragon\www\mysau_template\public\index.php(37): CodeIgniter\CodeIgniter->run()
#4 {main}
CRITICAL - 2023-03-06 14:54:25 --> Undefined variable: request_form
#0 C:\laragon\www\mysau_template\app\Views\update_form.php(11): CodeIgniter\Debug\Exceptions->errorHandler(8, 'Undefined varia...', 'C:\\laragon\\www\\...', 11, Array)
#1 C:\laragon\www\mysau_template\system\View\View.php(230): include('C:\\laragon\\www\\...')
#2 C:\laragon\www\mysau_template\system\View\View.php(232): CodeIgniter\View\View->CodeIgniter\View\{closure}()
#3 C:\laragon\www\mysau_template\system\Common.php(1271): CodeIgniter\View\View->render('update_form', Array, true)
#4 C:\laragon\www\mysau_template\app\Controllers\Pengajuan.php(14): view('update_form')
#5 C:\laragon\www\mysau_template\system\CodeIgniter.php(928): App\Controllers\Pengajuan->updateform()
#6 C:\laragon\www\mysau_template\system\CodeIgniter.php(436): CodeIgniter\CodeIgniter->runController(Object(App\Controllers\Pengajuan))
#7 C:\laragon\www\mysau_template\system\CodeIgniter.php(336): CodeIgniter\CodeIgniter->handleRequest(NULL, Object(Config\Cache), false)
#8 C:\laragon\www\mysau_template\public\index.php(37): CodeIgniter\CodeIgniter->run()
#9 {main}
CRITICAL - 2023-03-06 14:55:25 --> Undefined variable: request_form
#0 C:\laragon\www\mysau_template\app\Views\update_form.php(11): CodeIgniter\Debug\Exceptions->errorHandler(8, 'Undefined varia...', 'C:\\laragon\\www\\...', 11, Array)
#1 C:\laragon\www\mysau_template\system\View\View.php(230): include('C:\\laragon\\www\\...')
#2 C:\laragon\www\mysau_template\system\View\View.php(232): CodeIgniter\View\View->CodeIgniter\View\{closure}()
#3 C:\laragon\www\mysau_template\system\Common.php(1271): CodeIgniter\View\View->render('update_form', Array, true)
#4 C:\laragon\www\mysau_template\app\Controllers\Pengajuan.php(14): view('update_form')
#5 C:\laragon\www\mysau_template\system\CodeIgniter.php(928): App\Controllers\Pengajuan->updateform()
#6 C:\laragon\www\mysau_template\system\CodeIgniter.php(436): CodeIgniter\CodeIgniter->runController(Object(App\Controllers\Pengajuan))
#7 C:\laragon\www\mysau_template\system\CodeIgniter.php(336): CodeIgniter\CodeIgniter->handleRequest(NULL, Object(Config\Cache), false)
#8 C:\laragon\www\mysau_template\public\index.php(37): CodeIgniter\CodeIgniter->run()
#9 {main}
CRITICAL - 2023-03-06 14:55:46 --> Undefined variable: u
#0 C:\laragon\www\mysau_template\app\Views\update_form.php(14): CodeIgniter\Debug\Exceptions->errorHandler(8, 'Undefined varia...', 'C:\\laragon\\www\\...', 14, Array)
#1 C:\laragon\www\mysau_template\system\View\View.php(230): include('C:\\laragon\\www\\...')
#2 C:\laragon\www\mysau_template\system\View\View.php(232): CodeIgniter\View\View->CodeIgniter\View\{closure}()
#3 C:\laragon\www\mysau_template\system\Common.php(1271): CodeIgniter\View\View->render('update_form', Array, true)
#4 C:\laragon\www\mysau_template\app\Controllers\Pengajuan.php(14): view('update_form')
#5 C:\laragon\www\mysau_template\system\CodeIgniter.php(928): App\Controllers\Pengajuan->updateform()
#6 C:\laragon\www\mysau_template\system\CodeIgniter.php(436): CodeIgniter\CodeIgniter->runController(Object(App\Controllers\Pengajuan))
#7 C:\laragon\www\mysau_template\system\CodeIgniter.php(336): CodeIgniter\CodeIgniter->handleRequest(NULL, Object(Config\Cache), false)
#8 C:\laragon\www\mysau_template\public\index.php(37): CodeIgniter\CodeIgniter->run()
#9 {main}
CRITICAL - 2023-03-06 15:00:43 --> Undefined offset: 0
#0 C:\laragon\www\mysau_template\app\Controllers\Presensi.php(86): CodeIgniter\Debug\Exceptions->errorHandler(8, 'Undefined offse...', 'C:\\laragon\\www\\...', 86, Array)
#1 C:\laragon\www\mysau_template\system\CodeIgniter.php(928): App\Controllers\Presensi->updateform('1')
#2 C:\laragon\www\mysau_template\system\CodeIgniter.php(436): CodeIgniter\CodeIgniter->runController(Object(App\Controllers\Presensi))
#3 C:\laragon\www\mysau_template\system\CodeIgniter.php(336): CodeIgniter\CodeIgniter->handleRequest(NULL, Object(Config\Cache), false)
#4 C:\laragon\www\mysau_template\public\index.php(37): CodeIgniter\CodeIgniter->run()
#5 {main}
CRITICAL - 2023-03-06 15:03:08 --> Undefined index: NAMA
#0 C:\laragon\www\mysau_template\app\Views\detail.php(24): CodeIgniter\Debug\Exceptions->errorHandler(8, 'Undefined index...', 'C:\\laragon\\www\\...', 24, Array)
#1 C:\laragon\www\mysau_template\system\View\View.php(230): include('C:\\laragon\\www\\...')
#2 C:\laragon\www\mysau_template\system\View\View.php(232): CodeIgniter\View\View->CodeIgniter\View\{closure}()
#3 C:\laragon\www\mysau_template\system\Common.php(1271): CodeIgniter\View\View->render('detail', Array, true)
#4 C:\laragon\www\mysau_template\app\Controllers\Presensi.php(79): view('detail', Array)
#5 C:\laragon\www\mysau_template\system\CodeIgniter.php(928): App\Controllers\Presensi->detail('https://mysau_t...')
#6 C:\laragon\www\mysau_template\system\CodeIgniter.php(436): CodeIgniter\CodeIgniter->runController(Object(App\Controllers\Presensi))
#7 C:\laragon\www\mysau_template\system\CodeIgniter.php(336): CodeIgniter\CodeIgniter->handleRequest(NULL, Object(Config\Cache), false)
#8 C:\laragon\www\mysau_template\public\index.php(37): CodeIgniter\CodeIgniter->run()
#9 {main}
CRITICAL - 2023-03-06 15:03:34 --> Undefined index: PositionText
#0 C:\laragon\www\mysau_template\app\Views\detail.php(28): CodeIgniter\Debug\Exceptions->errorHandler(8, 'Undefined index...', 'C:\\laragon\\www\\...', 28, Array)
#1 C:\laragon\www\mysau_template\system\View\View.php(230): include('C:\\laragon\\www\\...')
#2 C:\laragon\www\mysau_template\system\View\View.php(232): CodeIgniter\View\View->CodeIgniter\View\{closure}()
#3 C:\laragon\www\mysau_template\system\Common.php(1271): CodeIgniter\View\View->render('detail', Array, true)
#4 C:\laragon\www\mysau_template\app\Controllers\Presensi.php(79): view('detail', Array)
#5 C:\laragon\www\mysau_template\system\CodeIgniter.php(928): App\Controllers\Presensi->detail('https://mysau_t...')
#6 C:\laragon\www\mysau_template\system\CodeIgniter.php(436): CodeIgniter\CodeIgniter->runController(Object(App\Controllers\Presensi))
#7 C:\laragon\www\mysau_template\system\CodeIgniter.php(336): CodeIgniter\CodeIgniter->handleRequest(NULL, Object(Config\Cache), false)
#8 C:\laragon\www\mysau_template\public\index.php(37): CodeIgniter\CodeIgniter->run()
#9 {main}
CRITICAL - 2023-03-06 15:04:26 --> Undefined index: OrganizatioName
#0 C:\laragon\www\mysau_template\app\Views\detail.php(32): CodeIgniter\Debug\Exceptions->errorHandler(8, 'Undefined index...', 'C:\\laragon\\www\\...', 32, Array)
#1 C:\laragon\www\mysau_template\system\View\View.php(230): include('C:\\laragon\\www\\...')
#2 C:\laragon\www\mysau_template\system\View\View.php(232): CodeIgniter\View\View->CodeIgniter\View\{closure}()
#3 C:\laragon\www\mysau_template\system\Common.php(1271): CodeIgniter\View\View->render('detail', Array, true)
#4 C:\laragon\www\mysau_template\app\Controllers\Presensi.php(79): view('detail', Array)
#5 C:\laragon\www\mysau_template\system\CodeIgniter.php(928): App\Controllers\Presensi->detail('https://mysau_t...')
#6 C:\laragon\www\mysau_template\system\CodeIgniter.php(436): CodeIgniter\CodeIgniter->runController(Object(App\Controllers\Presensi))
#7 C:\laragon\www\mysau_template\system\CodeIgniter.php(336): CodeIgniter\CodeIgniter->handleRequest(NULL, Object(Config\Cache), false)
#8 C:\laragon\www\mysau_template\public\index.php(37): CodeIgniter\CodeIgniter->run()
#9 {main}
ERROR - 2023-03-06 15:04:59 --> Unknown column 'organization_structure.OrganizationName' in 'field list'
CRITICAL - 2023-03-06 15:04:59 --> Unknown column 'organization_structure.OrganizationName' in 'field list'
#0 C:\laragon\www\mysau_template\system\Database\MySQLi\Connection.php(329): mysqli->query('SELECT `request...')
#1 C:\laragon\www\mysau_template\system\Database\BaseConnection.php(732): CodeIgniter\Database\MySQLi\Connection->execute('SELECT `request...')
#2 C:\laragon\www\mysau_template\system\Database\BaseConnection.php(647): CodeIgniter\Database\BaseConnection->simpleQuery('SELECT `request...')
#3 C:\laragon\www\mysau_template\system\Database\BaseBuilder.php(1881): CodeIgniter\Database\BaseConnection->query('SELECT `request...', Array, false)
#4 C:\laragon\www\mysau_template\app\Models\RequestFormModel.php(22): CodeIgniter\Database\BaseBuilder->get()
#5 C:\laragon\www\mysau_template\app\Controllers\Presensi.php(74): App\Models\RequestFormModel->get_form('74')
#6 C:\laragon\www\mysau_template\system\CodeIgniter.php(928): App\Controllers\Presensi->detail('74')
#7 C:\laragon\www\mysau_template\system\CodeIgniter.php(436): CodeIgniter\CodeIgniter->runController(Object(App\Controllers\Presensi))
#8 C:\laragon\www\mysau_template\system\CodeIgniter.php(336): CodeIgniter\CodeIgniter->handleRequest(NULL, Object(Config\Cache), false)
#9 C:\laragon\www\mysau_template\public\index.php(37): CodeIgniter\CodeIgniter->run()
#10 {main}
CRITICAL - 2023-03-06 15:05:04 --> Undefined index: NOMOR_HANDPHONE
#0 C:\laragon\www\mysau_template\app\Views\detail.php(36): CodeIgniter\Debug\Exceptions->errorHandler(8, 'Undefined index...', 'C:\\laragon\\www\\...', 36, Array)
#1 C:\laragon\www\mysau_template\system\View\View.php(230): include('C:\\laragon\\www\\...')
#2 C:\laragon\www\mysau_template\system\View\View.php(232): CodeIgniter\View\View->CodeIgniter\View\{closure}()
#3 C:\laragon\www\mysau_template\system\Common.php(1271): CodeIgniter\View\View->render('detail', Array, true)
#4 C:\laragon\www\mysau_template\app\Controllers\Presensi.php(79): view('detail', Array)
#5 C:\laragon\www\mysau_template\system\CodeIgniter.php(928): App\Controllers\Presensi->detail('https://mysau_t...')
#6 C:\laragon\www\mysau_template\system\CodeIgniter.php(436): CodeIgniter\CodeIgniter->runController(Object(App\Controllers\Presensi))
#7 C:\laragon\www\mysau_template\system\CodeIgniter.php(336): CodeIgniter\CodeIgniter->handleRequest(NULL, Object(Config\Cache), false)
#8 C:\laragon\www\mysau_template\public\index.php(37): CodeIgniter\CodeIgniter->run()
#9 {main}
CRITICAL - 2023-03-06 15:06:12 --> Undefined variable: u
#0 C:\laragon\www\mysau_template\app\Views\update_form.php(14): CodeIgniter\Debug\Exceptions->errorHandler(8, 'Undefined varia...', 'C:\\laragon\\www\\...', 14, Array)
#1 C:\laragon\www\mysau_template\system\View\View.php(230): include('C:\\laragon\\www\\...')
#2 C:\laragon\www\mysau_template\system\View\View.php(232): CodeIgniter\View\View->CodeIgniter\View\{closure}()
#3 C:\laragon\www\mysau_template\system\Common.php(1271): CodeIgniter\View\View->render('update_form', Array, true)
#4 C:\laragon\www\mysau_template\app\Controllers\Presensi.php(89): view('update_form', Array)
#5 C:\laragon\www\mysau_template\system\CodeIgniter.php(928): App\Controllers\Presensi->updateform('74')
#6 C:\laragon\www\mysau_template\system\CodeIgniter.php(436): CodeIgniter\CodeIgniter->runController(Object(App\Controllers\Presensi))
#7 C:\laragon\www\mysau_template\system\CodeIgniter.php(336): CodeIgniter\CodeIgniter->handleRequest(NULL, Object(Config\Cache), false)
#8 C:\laragon\www\mysau_template\public\index.php(37): CodeIgniter\CodeIgniter->run()
#9 {main}
CRITICAL - 2023-03-06 15:07:03 --> Trying to get property 'judul' of non-object
#0 C:\laragon\www\mysau_template\app\Views\update_form.php(28): CodeIgniter\Debug\Exceptions->errorHandler(8, 'Trying to get p...', 'C:\\laragon\\www\\...', 28, Array)
#1 C:\laragon\www\mysau_template\system\View\View.php(230): include('C:\\laragon\\www\\...')
#2 C:\laragon\www\mysau_template\system\View\View.php(232): CodeIgniter\View\View->CodeIgniter\View\{closure}()
#3 C:\laragon\www\mysau_template\system\Common.php(1271): CodeIgniter\View\View->render('update_form', Array, true)
#4 C:\laragon\www\mysau_template\app\Controllers\Presensi.php(89): view('update_form', Array)
#5 C:\laragon\www\mysau_template\system\CodeIgniter.php(928): App\Controllers\Presensi->updateform('74')
#6 C:\laragon\www\mysau_template\system\CodeIgniter.php(436): CodeIgniter\CodeIgniter->runController(Object(App\Controllers\Presensi))
#7 C:\laragon\www\mysau_template\system\CodeIgniter.php(336): CodeIgniter\CodeIgniter->handleRequest(NULL, Object(Config\Cache), false)
#8 C:\laragon\www\mysau_template\public\index.php(37): CodeIgniter\CodeIgniter->run()
#9 {main}
CRITICAL - 2023-03-06 15:07:05 --> Trying to get property 'judul' of non-object
#0 C:\laragon\www\mysau_template\app\Views\update_form.php(28): CodeIgniter\Debug\Exceptions->errorHandler(8, 'Trying to get p...', 'C:\\laragon\\www\\...', 28, Array)
#1 C:\laragon\www\mysau_template\system\View\View.php(230): include('C:\\laragon\\www\\...')
#2 C:\laragon\www\mysau_template\system\View\View.php(232): CodeIgniter\View\View->CodeIgniter\View\{closure}()
#3 C:\laragon\www\mysau_template\system\Common.php(1271): CodeIgniter\View\View->render('update_form', Array, true)
#4 C:\laragon\www\mysau_template\app\Controllers\Presensi.php(89): view('update_form', Array)
#5 C:\laragon\www\mysau_template\system\CodeIgniter.php(928): App\Controllers\Presensi->updateform('74')
#6 C:\laragon\www\mysau_template\system\CodeIgniter.php(436): CodeIgniter\CodeIgniter->runController(Object(App\Controllers\Presensi))
#7 C:\laragon\www\mysau_template\system\CodeIgniter.php(336): CodeIgniter\CodeIgniter->handleRequest(NULL, Object(Config\Cache), false)
#8 C:\laragon\www\mysau_template\public\index.php(37): CodeIgniter\CodeIgniter->run()
#9 {main}
CRITICAL - 2023-03-06 15:07:05 --> Trying to get property 'judul' of non-object
#0 C:\laragon\www\mysau_template\app\Views\update_form.php(28): CodeIgniter\Debug\Exceptions->errorHandler(8, 'Trying to get p...', 'C:\\laragon\\www\\...', 28, Array)
#1 C:\laragon\www\mysau_template\system\View\View.php(230): include('C:\\laragon\\www\\...')
#2 C:\laragon\www\mysau_template\system\View\View.php(232): CodeIgniter\View\View->CodeIgniter\View\{closure}()
#3 C:\laragon\www\mysau_template\system\Common.php(1271): CodeIgniter\View\View->render('update_form', Array, true)
#4 C:\laragon\www\mysau_template\app\Controllers\Presensi.php(89): view('update_form', Array)
#5 C:\laragon\www\mysau_template\system\CodeIgniter.php(928): App\Controllers\Presensi->updateform('74')
#6 C:\laragon\www\mysau_template\system\CodeIgniter.php(436): CodeIgniter\CodeIgniter->runController(Object(App\Controllers\Presensi))
#7 C:\laragon\www\mysau_template\system\CodeIgniter.php(336): CodeIgniter\CodeIgniter->handleRequest(NULL, Object(Config\Cache), false)
#8 C:\laragon\www\mysau_template\public\index.php(37): CodeIgniter\CodeIgniter->run()
#9 {main}
CRITICAL - 2023-03-06 15:07:06 --> Trying to get property 'judul' of non-object
#0 C:\laragon\www\mysau_template\app\Views\update_form.php(28): CodeIgniter\Debug\Exceptions->errorHandler(8, 'Trying to get p...', 'C:\\laragon\\www\\...', 28, Array)
#1 C:\laragon\www\mysau_template\system\View\View.php(230): include('C:\\laragon\\www\\...')
#2 C:\laragon\www\mysau_template\system\View\View.php(232): CodeIgniter\View\View->CodeIgniter\View\{closure}()
#3 C:\laragon\www\mysau_template\system\Common.php(1271): CodeIgniter\View\View->render('update_form', Array, true)
#4 C:\laragon\www\mysau_template\app\Controllers\Presensi.php(89): view('update_form', Array)
#5 C:\laragon\www\mysau_template\system\CodeIgniter.php(928): App\Controllers\Presensi->updateform('74')
#6 C:\laragon\www\mysau_template\system\CodeIgniter.php(436): CodeIgniter\CodeIgniter->runController(Object(App\Controllers\Presensi))
#7 C:\laragon\www\mysau_template\system\CodeIgniter.php(336): CodeIgniter\CodeIgniter->handleRequest(NULL, Object(Config\Cache), false)
#8 C:\laragon\www\mysau_template\public\index.php(37): CodeIgniter\CodeIgniter->run()
#9 {main}
CRITICAL - 2023-03-06 15:10:42 --> Too few arguments to function App\Controllers\Presensi::update(), 0 passed in C:\laragon\www\mysau_template\system\CodeIgniter.php on line 928 and exactly 1 expected
#0 C:\laragon\www\mysau_template\system\CodeIgniter.php(928): App\Controllers\Presensi->update()
#1 C:\laragon\www\mysau_template\system\CodeIgniter.php(436): CodeIgniter\CodeIgniter->runController(Object(App\Controllers\Presensi))
#2 C:\laragon\www\mysau_template\system\CodeIgniter.php(336): CodeIgniter\CodeIgniter->handleRequest(NULL, Object(Config\Cache), false)
#3 C:\laragon\www\mysau_template\public\index.php(37): CodeIgniter\CodeIgniter->run()
#4 {main}
