CRITICAL - 2022-12-27 09:44:41 --> syntax error, unexpected end of file
#0 C:\laragon\www\mysau_template\system\View\View.php(232): CodeIgniter\View\View->CodeIgniter\View\{closure}()
#1 C:\laragon\www\mysau_template\system\Common.php(1271): CodeIgniter\View\View->render('request-form', Array, true)
#2 C:\laragon\www\mysau_template\app\Controllers\Presensi.php(25): view('request-form', Array)
#3 C:\laragon\www\mysau_template\system\CodeIgniter.php(928): App\Controllers\Presensi->index()
#4 C:\laragon\www\mysau_template\system\CodeIgniter.php(436): CodeIgniter\CodeIgniter->runController(Object(App\Controllers\Presensi))
#5 C:\laragon\www\mysau_template\system\CodeIgniter.php(336): CodeIgniter\CodeIgniter->handleRequest(NULL, Object(Config\Cache), false)
#6 C:\laragon\www\mysau_template\public\index.php(37): CodeIgniter\CodeIgniter->run()
#7 {main}
CRITICAL - 2022-12-27 10:45:14 --> Trying to get property 'department' of non-object
#0 C:\laragon\www\mysau_template\app\Views\request-form.php(101): CodeIgniter\Debug\Exceptions->errorHandler(8, 'Trying to get p...', 'C:\\laragon\\www\\...', 101, Array)
#1 C:\laragon\www\mysau_template\system\View\View.php(230): include('C:\\laragon\\www\\...')
#2 C:\laragon\www\mysau_template\system\View\View.php(232): CodeIgniter\View\View->CodeIgniter\View\{closure}()
#3 C:\laragon\www\mysau_template\system\Common.php(1271): CodeIgniter\View\View->render('request-form', Array, true)
#4 C:\laragon\www\mysau_template\app\Controllers\Presensi.php(24): view('request-form', Array)
#5 C:\laragon\www\mysau_template\system\CodeIgniter.php(928): App\Controllers\Presensi->index()
#6 C:\laragon\www\mysau_template\system\CodeIgniter.php(436): CodeIgniter\CodeIgniter->runController(Object(App\Controllers\Presensi))
#7 C:\laragon\www\mysau_template\system\CodeIgniter.php(336): CodeIgniter\CodeIgniter->handleRequest(NULL, Object(Config\Cache), false)
#8 C:\laragon\www\mysau_template\public\index.php(37): CodeIgniter\CodeIgniter->run()
#9 {main}
CRITICAL - 2022-12-27 10:46:39 --> Trying to get property 'department' of non-object
#0 C:\laragon\www\mysau_template\app\Views\request-form.php(101): CodeIgniter\Debug\Exceptions->errorHandler(8, 'Trying to get p...', 'C:\\laragon\\www\\...', 101, Array)
#1 C:\laragon\www\mysau_template\system\View\View.php(230): include('C:\\laragon\\www\\...')
#2 C:\laragon\www\mysau_template\system\View\View.php(232): CodeIgniter\View\View->CodeIgniter\View\{closure}()
#3 C:\laragon\www\mysau_template\system\Common.php(1271): CodeIgniter\View\View->render('request-form', Array, true)
#4 C:\laragon\www\mysau_template\app\Controllers\Presensi.php(24): view('request-form', Array)
#5 C:\laragon\www\mysau_template\system\CodeIgniter.php(928): App\Controllers\Presensi->index()
#6 C:\laragon\www\mysau_template\system\CodeIgniter.php(436): CodeIgniter\CodeIgniter->runController(Object(App\Controllers\Presensi))
#7 C:\laragon\www\mysau_template\system\CodeIgniter.php(336): CodeIgniter\CodeIgniter->handleRequest(NULL, Object(Config\Cache), false)
#8 C:\laragon\www\mysau_template\public\index.php(37): CodeIgniter\CodeIgniter->run()
#9 {main}
CRITICAL - 2022-12-27 10:46:51 --> Trying to get property 'department' of non-object
#0 C:\laragon\www\mysau_template\app\Views\request-form.php(101): CodeIgniter\Debug\Exceptions->errorHandler(8, 'Trying to get p...', 'C:\\laragon\\www\\...', 101, Array)
#1 C:\laragon\www\mysau_template\system\View\View.php(230): include('C:\\laragon\\www\\...')
#2 C:\laragon\www\mysau_template\system\View\View.php(232): CodeIgniter\View\View->CodeIgniter\View\{closure}()
#3 C:\laragon\www\mysau_template\system\Common.php(1271): CodeIgniter\View\View->render('request-form', Array, true)
#4 C:\laragon\www\mysau_template\app\Controllers\Presensi.php(24): view('request-form', Array)
#5 C:\laragon\www\mysau_template\system\CodeIgniter.php(928): App\Controllers\Presensi->index()
#6 C:\laragon\www\mysau_template\system\CodeIgniter.php(436): CodeIgniter\CodeIgniter->runController(Object(App\Controllers\Presensi))
#7 C:\laragon\www\mysau_template\system\CodeIgniter.php(336): CodeIgniter\CodeIgniter->handleRequest(NULL, Object(Config\Cache), false)
#8 C:\laragon\www\mysau_template\public\index.php(37): CodeIgniter\CodeIgniter->run()
#9 {main}
CRITICAL - 2022-12-27 10:46:52 --> Trying to get property 'department' of non-object
#0 C:\laragon\www\mysau_template\app\Views\request-form.php(101): CodeIgniter\Debug\Exceptions->errorHandler(8, 'Trying to get p...', 'C:\\laragon\\www\\...', 101, Array)
#1 C:\laragon\www\mysau_template\system\View\View.php(230): include('C:\\laragon\\www\\...')
#2 C:\laragon\www\mysau_template\system\View\View.php(232): CodeIgniter\View\View->CodeIgniter\View\{closure}()
#3 C:\laragon\www\mysau_template\system\Common.php(1271): CodeIgniter\View\View->render('request-form', Array, true)
#4 C:\laragon\www\mysau_template\app\Controllers\Presensi.php(24): view('request-form', Array)
#5 C:\laragon\www\mysau_template\system\CodeIgniter.php(928): App\Controllers\Presensi->index()
#6 C:\laragon\www\mysau_template\system\CodeIgniter.php(436): CodeIgniter\CodeIgniter->runController(Object(App\Controllers\Presensi))
#7 C:\laragon\www\mysau_template\system\CodeIgniter.php(336): CodeIgniter\CodeIgniter->handleRequest(NULL, Object(Config\Cache), false)
#8 C:\laragon\www\mysau_template\public\index.php(37): CodeIgniter\CodeIgniter->run()
#9 {main}
CRITICAL - 2022-12-27 10:46:52 --> Trying to get property 'department' of non-object
#0 C:\laragon\www\mysau_template\app\Views\request-form.php(101): CodeIgniter\Debug\Exceptions->errorHandler(8, 'Trying to get p...', 'C:\\laragon\\www\\...', 101, Array)
#1 C:\laragon\www\mysau_template\system\View\View.php(230): include('C:\\laragon\\www\\...')
#2 C:\laragon\www\mysau_template\system\View\View.php(232): CodeIgniter\View\View->CodeIgniter\View\{closure}()
#3 C:\laragon\www\mysau_template\system\Common.php(1271): CodeIgniter\View\View->render('request-form', Array, true)
#4 C:\laragon\www\mysau_template\app\Controllers\Presensi.php(24): view('request-form', Array)
#5 C:\laragon\www\mysau_template\system\CodeIgniter.php(928): App\Controllers\Presensi->index()
#6 C:\laragon\www\mysau_template\system\CodeIgniter.php(436): CodeIgniter\CodeIgniter->runController(Object(App\Controllers\Presensi))
#7 C:\laragon\www\mysau_template\system\CodeIgniter.php(336): CodeIgniter\CodeIgniter->handleRequest(NULL, Object(Config\Cache), false)
#8 C:\laragon\www\mysau_template\public\index.php(37): CodeIgniter\CodeIgniter->run()
#9 {main}
CRITICAL - 2022-12-27 10:46:53 --> Trying to get property 'department' of non-object
#0 C:\laragon\www\mysau_template\app\Views\request-form.php(101): CodeIgniter\Debug\Exceptions->errorHandler(8, 'Trying to get p...', 'C:\\laragon\\www\\...', 101, Array)
#1 C:\laragon\www\mysau_template\system\View\View.php(230): include('C:\\laragon\\www\\...')
#2 C:\laragon\www\mysau_template\system\View\View.php(232): CodeIgniter\View\View->CodeIgniter\View\{closure}()
#3 C:\laragon\www\mysau_template\system\Common.php(1271): CodeIgniter\View\View->render('request-form', Array, true)
#4 C:\laragon\www\mysau_template\app\Controllers\Presensi.php(24): view('request-form', Array)
#5 C:\laragon\www\mysau_template\system\CodeIgniter.php(928): App\Controllers\Presensi->index()
#6 C:\laragon\www\mysau_template\system\CodeIgniter.php(436): CodeIgniter\CodeIgniter->runController(Object(App\Controllers\Presensi))
#7 C:\laragon\www\mysau_template\system\CodeIgniter.php(336): CodeIgniter\CodeIgniter->handleRequest(NULL, Object(Config\Cache), false)
#8 C:\laragon\www\mysau_template\public\index.php(37): CodeIgniter\CodeIgniter->run()
#9 {main}
CRITICAL - 2022-12-27 10:46:53 --> Trying to get property 'department' of non-object
#0 C:\laragon\www\mysau_template\app\Views\request-form.php(101): CodeIgniter\Debug\Exceptions->errorHandler(8, 'Trying to get p...', 'C:\\laragon\\www\\...', 101, Array)
#1 C:\laragon\www\mysau_template\system\View\View.php(230): include('C:\\laragon\\www\\...')
#2 C:\laragon\www\mysau_template\system\View\View.php(232): CodeIgniter\View\View->CodeIgniter\View\{closure}()
#3 C:\laragon\www\mysau_template\system\Common.php(1271): CodeIgniter\View\View->render('request-form', Array, true)
#4 C:\laragon\www\mysau_template\app\Controllers\Presensi.php(24): view('request-form', Array)
#5 C:\laragon\www\mysau_template\system\CodeIgniter.php(928): App\Controllers\Presensi->index()
#6 C:\laragon\www\mysau_template\system\CodeIgniter.php(436): CodeIgniter\CodeIgniter->runController(Object(App\Controllers\Presensi))
#7 C:\laragon\www\mysau_template\system\CodeIgniter.php(336): CodeIgniter\CodeIgniter->handleRequest(NULL, Object(Config\Cache), false)
#8 C:\laragon\www\mysau_template\public\index.php(37): CodeIgniter\CodeIgniter->run()
#9 {main}
CRITICAL - 2022-12-27 10:46:54 --> Trying to get property 'department' of non-object
#0 C:\laragon\www\mysau_template\app\Views\request-form.php(101): CodeIgniter\Debug\Exceptions->errorHandler(8, 'Trying to get p...', 'C:\\laragon\\www\\...', 101, Array)
#1 C:\laragon\www\mysau_template\system\View\View.php(230): include('C:\\laragon\\www\\...')
#2 C:\laragon\www\mysau_template\system\View\View.php(232): CodeIgniter\View\View->CodeIgniter\View\{closure}()
#3 C:\laragon\www\mysau_template\system\Common.php(1271): CodeIgniter\View\View->render('request-form', Array, true)
#4 C:\laragon\www\mysau_template\app\Controllers\Presensi.php(24): view('request-form', Array)
#5 C:\laragon\www\mysau_template\system\CodeIgniter.php(928): App\Controllers\Presensi->index()
#6 C:\laragon\www\mysau_template\system\CodeIgniter.php(436): CodeIgniter\CodeIgniter->runController(Object(App\Controllers\Presensi))
#7 C:\laragon\www\mysau_template\system\CodeIgniter.php(336): CodeIgniter\CodeIgniter->handleRequest(NULL, Object(Config\Cache), false)
#8 C:\laragon\www\mysau_template\public\index.php(37): CodeIgniter\CodeIgniter->run()
#9 {main}
CRITICAL - 2022-12-27 10:46:54 --> Trying to get property 'department' of non-object
#0 C:\laragon\www\mysau_template\app\Views\request-form.php(101): CodeIgniter\Debug\Exceptions->errorHandler(8, 'Trying to get p...', 'C:\\laragon\\www\\...', 101, Array)
#1 C:\laragon\www\mysau_template\system\View\View.php(230): include('C:\\laragon\\www\\...')
#2 C:\laragon\www\mysau_template\system\View\View.php(232): CodeIgniter\View\View->CodeIgniter\View\{closure}()
#3 C:\laragon\www\mysau_template\system\Common.php(1271): CodeIgniter\View\View->render('request-form', Array, true)
#4 C:\laragon\www\mysau_template\app\Controllers\Presensi.php(24): view('request-form', Array)
#5 C:\laragon\www\mysau_template\system\CodeIgniter.php(928): App\Controllers\Presensi->index()
#6 C:\laragon\www\mysau_template\system\CodeIgniter.php(436): CodeIgniter\CodeIgniter->runController(Object(App\Controllers\Presensi))
#7 C:\laragon\www\mysau_template\system\CodeIgniter.php(336): CodeIgniter\CodeIgniter->handleRequest(NULL, Object(Config\Cache), false)
#8 C:\laragon\www\mysau_template\public\index.php(37): CodeIgniter\CodeIgniter->run()
#9 {main}
CRITICAL - 2022-12-27 10:47:27 --> Trying to get property 'department' of non-object
#0 C:\laragon\www\mysau_template\app\Views\request-form.php(101): CodeIgniter\Debug\Exceptions->errorHandler(8, 'Trying to get p...', 'C:\\laragon\\www\\...', 101, Array)
#1 C:\laragon\www\mysau_template\system\View\View.php(230): include('C:\\laragon\\www\\...')
#2 C:\laragon\www\mysau_template\system\View\View.php(232): CodeIgniter\View\View->CodeIgniter\View\{closure}()
#3 C:\laragon\www\mysau_template\system\Common.php(1271): CodeIgniter\View\View->render('request-form', Array, true)
#4 C:\laragon\www\mysau_template\app\Controllers\Presensi.php(24): view('request-form', Array)
#5 C:\laragon\www\mysau_template\system\CodeIgniter.php(928): App\Controllers\Presensi->index()
#6 C:\laragon\www\mysau_template\system\CodeIgniter.php(436): CodeIgniter\CodeIgniter->runController(Object(App\Controllers\Presensi))
#7 C:\laragon\www\mysau_template\system\CodeIgniter.php(336): CodeIgniter\CodeIgniter->handleRequest(NULL, Object(Config\Cache), false)
#8 C:\laragon\www\mysau_template\public\index.php(37): CodeIgniter\CodeIgniter->run()
#9 {main}
CRITICAL - 2022-12-27 10:48:20 --> Trying to get property 'department' of non-object
#0 C:\laragon\www\mysau_template\app\Views\request-form.php(101): CodeIgniter\Debug\Exceptions->errorHandler(8, 'Trying to get p...', 'C:\\laragon\\www\\...', 101, Array)
#1 C:\laragon\www\mysau_template\system\View\View.php(230): include('C:\\laragon\\www\\...')
#2 C:\laragon\www\mysau_template\system\View\View.php(232): CodeIgniter\View\View->CodeIgniter\View\{closure}()
#3 C:\laragon\www\mysau_template\system\Common.php(1271): CodeIgniter\View\View->render('request-form', Array, true)
#4 C:\laragon\www\mysau_template\app\Controllers\Presensi.php(24): view('request-form', Array)
#5 C:\laragon\www\mysau_template\system\CodeIgniter.php(928): App\Controllers\Presensi->index()
#6 C:\laragon\www\mysau_template\system\CodeIgniter.php(436): CodeIgniter\CodeIgniter->runController(Object(App\Controllers\Presensi))
#7 C:\laragon\www\mysau_template\system\CodeIgniter.php(336): CodeIgniter\CodeIgniter->handleRequest(NULL, Object(Config\Cache), false)
#8 C:\laragon\www\mysau_template\public\index.php(37): CodeIgniter\CodeIgniter->run()
#9 {main}
CRITICAL - 2022-12-27 10:48:21 --> Trying to get property 'department' of non-object
#0 C:\laragon\www\mysau_template\app\Views\request-form.php(101): CodeIgniter\Debug\Exceptions->errorHandler(8, 'Trying to get p...', 'C:\\laragon\\www\\...', 101, Array)
#1 C:\laragon\www\mysau_template\system\View\View.php(230): include('C:\\laragon\\www\\...')
#2 C:\laragon\www\mysau_template\system\View\View.php(232): CodeIgniter\View\View->CodeIgniter\View\{closure}()
#3 C:\laragon\www\mysau_template\system\Common.php(1271): CodeIgniter\View\View->render('request-form', Array, true)
#4 C:\laragon\www\mysau_template\app\Controllers\Presensi.php(24): view('request-form', Array)
#5 C:\laragon\www\mysau_template\system\CodeIgniter.php(928): App\Controllers\Presensi->index()
#6 C:\laragon\www\mysau_template\system\CodeIgniter.php(436): CodeIgniter\CodeIgniter->runController(Object(App\Controllers\Presensi))
#7 C:\laragon\www\mysau_template\system\CodeIgniter.php(336): CodeIgniter\CodeIgniter->handleRequest(NULL, Object(Config\Cache), false)
#8 C:\laragon\www\mysau_template\public\index.php(37): CodeIgniter\CodeIgniter->run()
#9 {main}
CRITICAL - 2022-12-27 10:48:47 --> Array to string conversion
#0 C:\laragon\www\mysau_template\app\Views\request-form.php(101): CodeIgniter\Debug\Exceptions->errorHandler(8, 'Array to string...', 'C:\\laragon\\www\\...', 101, Array)
#1 C:\laragon\www\mysau_template\system\View\View.php(230): include('C:\\laragon\\www\\...')
#2 C:\laragon\www\mysau_template\system\View\View.php(232): CodeIgniter\View\View->CodeIgniter\View\{closure}()
#3 C:\laragon\www\mysau_template\system\Common.php(1271): CodeIgniter\View\View->render('request-form', Array, true)
#4 C:\laragon\www\mysau_template\app\Controllers\Presensi.php(24): view('request-form', Array)
#5 C:\laragon\www\mysau_template\system\CodeIgniter.php(928): App\Controllers\Presensi->index()
#6 C:\laragon\www\mysau_template\system\CodeIgniter.php(436): CodeIgniter\CodeIgniter->runController(Object(App\Controllers\Presensi))
#7 C:\laragon\www\mysau_template\system\CodeIgniter.php(336): CodeIgniter\CodeIgniter->handleRequest(NULL, Object(Config\Cache), false)
#8 C:\laragon\www\mysau_template\public\index.php(37): CodeIgniter\CodeIgniter->run()
#9 {main}
CRITICAL - 2022-12-27 10:49:02 --> Trying to get property 'id' of non-object
#0 C:\laragon\www\mysau_template\app\Views\request-form.php(101): CodeIgniter\Debug\Exceptions->errorHandler(8, 'Trying to get p...', 'C:\\laragon\\www\\...', 101, Array)
#1 C:\laragon\www\mysau_template\system\View\View.php(230): include('C:\\laragon\\www\\...')
#2 C:\laragon\www\mysau_template\system\View\View.php(232): CodeIgniter\View\View->CodeIgniter\View\{closure}()
#3 C:\laragon\www\mysau_template\system\Common.php(1271): CodeIgniter\View\View->render('request-form', Array, true)
#4 C:\laragon\www\mysau_template\app\Controllers\Presensi.php(24): view('request-form', Array)
#5 C:\laragon\www\mysau_template\system\CodeIgniter.php(928): App\Controllers\Presensi->index()
#6 C:\laragon\www\mysau_template\system\CodeIgniter.php(436): CodeIgniter\CodeIgniter->runController(Object(App\Controllers\Presensi))
#7 C:\laragon\www\mysau_template\system\CodeIgniter.php(336): CodeIgniter\CodeIgniter->handleRequest(NULL, Object(Config\Cache), false)
#8 C:\laragon\www\mysau_template\public\index.php(37): CodeIgniter\CodeIgniter->run()
#9 {main}
CRITICAL - 2022-12-27 10:49:04 --> Trying to get property 'id' of non-object
#0 C:\laragon\www\mysau_template\app\Views\request-form.php(101): CodeIgniter\Debug\Exceptions->errorHandler(8, 'Trying to get p...', 'C:\\laragon\\www\\...', 101, Array)
#1 C:\laragon\www\mysau_template\system\View\View.php(230): include('C:\\laragon\\www\\...')
#2 C:\laragon\www\mysau_template\system\View\View.php(232): CodeIgniter\View\View->CodeIgniter\View\{closure}()
#3 C:\laragon\www\mysau_template\system\Common.php(1271): CodeIgniter\View\View->render('request-form', Array, true)
#4 C:\laragon\www\mysau_template\app\Controllers\Presensi.php(24): view('request-form', Array)
#5 C:\laragon\www\mysau_template\system\CodeIgniter.php(928): App\Controllers\Presensi->index()
#6 C:\laragon\www\mysau_template\system\CodeIgniter.php(436): CodeIgniter\CodeIgniter->runController(Object(App\Controllers\Presensi))
#7 C:\laragon\www\mysau_template\system\CodeIgniter.php(336): CodeIgniter\CodeIgniter->handleRequest(NULL, Object(Config\Cache), false)
#8 C:\laragon\www\mysau_template\public\index.php(37): CodeIgniter\CodeIgniter->run()
#9 {main}
CRITICAL - 2022-12-27 10:51:27 --> Trying to get property 'id' of non-object
#0 C:\laragon\www\mysau_template\app\Views\request-form.php(101): CodeIgniter\Debug\Exceptions->errorHandler(8, 'Trying to get p...', 'C:\\laragon\\www\\...', 101, Array)
#1 C:\laragon\www\mysau_template\system\View\View.php(230): include('C:\\laragon\\www\\...')
#2 C:\laragon\www\mysau_template\system\View\View.php(232): CodeIgniter\View\View->CodeIgniter\View\{closure}()
#3 C:\laragon\www\mysau_template\system\Common.php(1271): CodeIgniter\View\View->render('request-form', Array, true)
#4 C:\laragon\www\mysau_template\app\Controllers\Presensi.php(24): view('request-form', Array)
#5 C:\laragon\www\mysau_template\system\CodeIgniter.php(928): App\Controllers\Presensi->index()
#6 C:\laragon\www\mysau_template\system\CodeIgniter.php(436): CodeIgniter\CodeIgniter->runController(Object(App\Controllers\Presensi))
#7 C:\laragon\www\mysau_template\system\CodeIgniter.php(336): CodeIgniter\CodeIgniter->handleRequest(NULL, Object(Config\Cache), false)
#8 C:\laragon\www\mysau_template\public\index.php(37): CodeIgniter\CodeIgniter->run()
#9 {main}
CRITICAL - 2022-12-27 10:51:31 --> Trying to get property 'id' of non-object
#0 C:\laragon\www\mysau_template\app\Views\request-form.php(101): CodeIgniter\Debug\Exceptions->errorHandler(8, 'Trying to get p...', 'C:\\laragon\\www\\...', 101, Array)
#1 C:\laragon\www\mysau_template\system\View\View.php(230): include('C:\\laragon\\www\\...')
#2 C:\laragon\www\mysau_template\system\View\View.php(232): CodeIgniter\View\View->CodeIgniter\View\{closure}()
#3 C:\laragon\www\mysau_template\system\Common.php(1271): CodeIgniter\View\View->render('request-form', Array, true)
#4 C:\laragon\www\mysau_template\app\Controllers\Presensi.php(24): view('request-form', Array)
#5 C:\laragon\www\mysau_template\system\CodeIgniter.php(928): App\Controllers\Presensi->index()
#6 C:\laragon\www\mysau_template\system\CodeIgniter.php(436): CodeIgniter\CodeIgniter->runController(Object(App\Controllers\Presensi))
#7 C:\laragon\www\mysau_template\system\CodeIgniter.php(336): CodeIgniter\CodeIgniter->handleRequest(NULL, Object(Config\Cache), false)
#8 C:\laragon\www\mysau_template\public\index.php(37): CodeIgniter\CodeIgniter->run()
#9 {main}
CRITICAL - 2022-12-27 10:51:54 --> Trying to get property 'id' of non-object
#0 C:\laragon\www\mysau_template\app\Views\request-form.php(101): CodeIgniter\Debug\Exceptions->errorHandler(8, 'Trying to get p...', 'C:\\laragon\\www\\...', 101, Array)
#1 C:\laragon\www\mysau_template\system\View\View.php(230): include('C:\\laragon\\www\\...')
#2 C:\laragon\www\mysau_template\system\View\View.php(232): CodeIgniter\View\View->CodeIgniter\View\{closure}()
#3 C:\laragon\www\mysau_template\system\Common.php(1271): CodeIgniter\View\View->render('request-form', Array, true)
#4 C:\laragon\www\mysau_template\app\Controllers\Presensi.php(24): view('request-form', Array)
#5 C:\laragon\www\mysau_template\system\CodeIgniter.php(928): App\Controllers\Presensi->index()
#6 C:\laragon\www\mysau_template\system\CodeIgniter.php(436): CodeIgniter\CodeIgniter->runController(Object(App\Controllers\Presensi))
#7 C:\laragon\www\mysau_template\system\CodeIgniter.php(336): CodeIgniter\CodeIgniter->handleRequest(NULL, Object(Config\Cache), false)
#8 C:\laragon\www\mysau_template\public\index.php(37): CodeIgniter\CodeIgniter->run()
#9 {main}
CRITICAL - 2022-12-27 10:57:05 --> Trying to get property 'id' of non-object
#0 C:\laragon\www\mysau_template\app\Views\request-form.php(101): CodeIgniter\Debug\Exceptions->errorHandler(8, 'Trying to get p...', 'C:\\laragon\\www\\...', 101, Array)
#1 C:\laragon\www\mysau_template\system\View\View.php(230): include('C:\\laragon\\www\\...')
#2 C:\laragon\www\mysau_template\system\View\View.php(232): CodeIgniter\View\View->CodeIgniter\View\{closure}()
#3 C:\laragon\www\mysau_template\system\Common.php(1271): CodeIgniter\View\View->render('request-form', Array, true)
#4 C:\laragon\www\mysau_template\app\Controllers\Presensi.php(24): view('request-form', Array)
#5 C:\laragon\www\mysau_template\system\CodeIgniter.php(928): App\Controllers\Presensi->index()
#6 C:\laragon\www\mysau_template\system\CodeIgniter.php(436): CodeIgniter\CodeIgniter->runController(Object(App\Controllers\Presensi))
#7 C:\laragon\www\mysau_template\system\CodeIgniter.php(336): CodeIgniter\CodeIgniter->handleRequest(NULL, Object(Config\Cache), false)
#8 C:\laragon\www\mysau_template\public\index.php(37): CodeIgniter\CodeIgniter->run()
#9 {main}
CRITICAL - 2022-12-27 11:01:49 --> Undefined index: 
#0 C:\laragon\www\mysau_template\app\Views\request-form.php(102): CodeIgniter\Debug\Exceptions->errorHandler(8, 'Undefined index...', 'C:\\laragon\\www\\...', 102, Array)
#1 C:\laragon\www\mysau_template\system\View\View.php(230): include('C:\\laragon\\www\\...')
#2 C:\laragon\www\mysau_template\system\View\View.php(232): CodeIgniter\View\View->CodeIgniter\View\{closure}()
#3 C:\laragon\www\mysau_template\system\Common.php(1271): CodeIgniter\View\View->render('request-form', Array, true)
#4 C:\laragon\www\mysau_template\app\Controllers\Presensi.php(24): view('request-form', Array)
#5 C:\laragon\www\mysau_template\system\CodeIgniter.php(928): App\Controllers\Presensi->index()
#6 C:\laragon\www\mysau_template\system\CodeIgniter.php(436): CodeIgniter\CodeIgniter->runController(Object(App\Controllers\Presensi))
#7 C:\laragon\www\mysau_template\system\CodeIgniter.php(336): CodeIgniter\CodeIgniter->handleRequest(NULL, Object(Config\Cache), false)
#8 C:\laragon\www\mysau_template\public\index.php(37): CodeIgniter\CodeIgniter->run()
#9 {main}
CRITICAL - 2022-12-27 11:04:06 --> Undefined offset: 0
#0 C:\laragon\www\mysau_template\app\Views\request-form.php(105): CodeIgniter\Debug\Exceptions->errorHandler(8, 'Undefined offse...', 'C:\\laragon\\www\\...', 105, Array)
#1 C:\laragon\www\mysau_template\system\View\View.php(230): include('C:\\laragon\\www\\...')
#2 C:\laragon\www\mysau_template\system\View\View.php(232): CodeIgniter\View\View->CodeIgniter\View\{closure}()
#3 C:\laragon\www\mysau_template\system\Common.php(1271): CodeIgniter\View\View->render('request-form', Array, true)
#4 C:\laragon\www\mysau_template\app\Controllers\Presensi.php(24): view('request-form', Array)
#5 C:\laragon\www\mysau_template\system\CodeIgniter.php(928): App\Controllers\Presensi->index()
#6 C:\laragon\www\mysau_template\system\CodeIgniter.php(436): CodeIgniter\CodeIgniter->runController(Object(App\Controllers\Presensi))
#7 C:\laragon\www\mysau_template\system\CodeIgniter.php(336): CodeIgniter\CodeIgniter->handleRequest(NULL, Object(Config\Cache), false)
#8 C:\laragon\www\mysau_template\public\index.php(37): CodeIgniter\CodeIgniter->run()
#9 {main}
CRITICAL - 2022-12-27 14:05:47 --> Trying to access array offset on value of type int
#0 C:\laragon\www\mysau_template\app\Views\request-form.php(100): CodeIgniter\Debug\Exceptions->errorHandler(8, 'Trying to acces...', 'C:\\laragon\\www\\...', 100, Array)
#1 C:\laragon\www\mysau_template\system\View\View.php(230): include('C:\\laragon\\www\\...')
#2 C:\laragon\www\mysau_template\system\View\View.php(232): CodeIgniter\View\View->CodeIgniter\View\{closure}()
#3 C:\laragon\www\mysau_template\system\Common.php(1271): CodeIgniter\View\View->render('request-form', Array, true)
#4 C:\laragon\www\mysau_template\app\Controllers\Presensi.php(24): view('request-form', Array)
#5 C:\laragon\www\mysau_template\system\CodeIgniter.php(928): App\Controllers\Presensi->index()
#6 C:\laragon\www\mysau_template\system\CodeIgniter.php(436): CodeIgniter\CodeIgniter->runController(Object(App\Controllers\Presensi))
#7 C:\laragon\www\mysau_template\system\CodeIgniter.php(336): CodeIgniter\CodeIgniter->handleRequest(NULL, Object(Config\Cache), false)
#8 C:\laragon\www\mysau_template\public\index.php(37): CodeIgniter\CodeIgniter->run()
#9 {main}
