CRITICAL - 2023-02-22 13:29:57 --> Call to undefined method CodeIgniter\Database\MySQLi\Result::first()
#0 C:\laragon\www\mysau_template\system\CodeIgniter.php(928): App\Controllers\Presensi->detail('39')
#1 C:\laragon\www\mysau_template\system\CodeIgniter.php(436): CodeIgniter\CodeIgniter->runController(Object(App\Controllers\Presensi))
#2 C:\laragon\www\mysau_template\system\CodeIgniter.php(336): CodeIgniter\CodeIgniter->handleRequest(NULL, Object(Config\Cache), false)
#3 C:\laragon\www\mysau_template\public\index.php(37): CodeIgniter\CodeIgniter->run()
#4 {main}
CRITICAL - 2023-02-22 13:31:32 --> Call to undefined method CodeIgniter\Database\MySQLi\Connection::select()
#0 C:\laragon\www\mysau_template\app\Controllers\Presensi.php(71): App\Models\RequestFormModel->get_form()
#1 C:\laragon\www\mysau_template\system\CodeIgniter.php(928): App\Controllers\Presensi->detail('39')
#2 C:\laragon\www\mysau_template\system\CodeIgniter.php(436): CodeIgniter\CodeIgniter->runController(Object(App\Controllers\Presensi))
#3 C:\laragon\www\mysau_template\system\CodeIgniter.php(336): CodeIgniter\CodeIgniter->handleRequest(NULL, Object(Config\Cache), false)
#4 C:\laragon\www\mysau_template\public\index.php(37): CodeIgniter\CodeIgniter->run()
#5 {main}
CRITICAL - 2023-02-22 13:32:59 --> Call to undefined method CodeIgniter\Database\MySQLi\Connection::select()
#0 C:\laragon\www\mysau_template\app\Controllers\Presensi.php(71): App\Models\RequestFormModel->get_form()
#1 C:\laragon\www\mysau_template\system\CodeIgniter.php(928): App\Controllers\Presensi->detail('39')
#2 C:\laragon\www\mysau_template\system\CodeIgniter.php(436): CodeIgniter\CodeIgniter->runController(Object(App\Controllers\Presensi))
#3 C:\laragon\www\mysau_template\system\CodeIgniter.php(336): CodeIgniter\CodeIgniter->handleRequest(NULL, Object(Config\Cache), false)
#4 C:\laragon\www\mysau_template\public\index.php(37): CodeIgniter\CodeIgniter->run()
#5 {main}
CRITICAL - 2023-02-22 13:33:00 --> Call to undefined method CodeIgniter\Database\MySQLi\Connection::select()
#0 C:\laragon\www\mysau_template\app\Controllers\Presensi.php(71): App\Models\RequestFormModel->get_form()
#1 C:\laragon\www\mysau_template\system\CodeIgniter.php(928): App\Controllers\Presensi->detail('39')
#2 C:\laragon\www\mysau_template\system\CodeIgniter.php(436): CodeIgniter\CodeIgniter->runController(Object(App\Controllers\Presensi))
#3 C:\laragon\www\mysau_template\system\CodeIgniter.php(336): CodeIgniter\CodeIgniter->handleRequest(NULL, Object(Config\Cache), false)
#4 C:\laragon\www\mysau_template\public\index.php(37): CodeIgniter\CodeIgniter->run()
#5 {main}
CRITICAL - 2023-02-22 13:33:01 --> Call to undefined method CodeIgniter\Database\MySQLi\Connection::select()
#0 C:\laragon\www\mysau_template\app\Controllers\Presensi.php(71): App\Models\RequestFormModel->get_form()
#1 C:\laragon\www\mysau_template\system\CodeIgniter.php(928): App\Controllers\Presensi->detail('39')
#2 C:\laragon\www\mysau_template\system\CodeIgniter.php(436): CodeIgniter\CodeIgniter->runController(Object(App\Controllers\Presensi))
#3 C:\laragon\www\mysau_template\system\CodeIgniter.php(336): CodeIgniter\CodeIgniter->handleRequest(NULL, Object(Config\Cache), false)
#4 C:\laragon\www\mysau_template\public\index.php(37): CodeIgniter\CodeIgniter->run()
#5 {main}
CRITICAL - 2023-02-22 13:33:02 --> Call to undefined method CodeIgniter\Database\MySQLi\Connection::select()
#0 C:\laragon\www\mysau_template\app\Controllers\Presensi.php(71): App\Models\RequestFormModel->get_form()
#1 C:\laragon\www\mysau_template\system\CodeIgniter.php(928): App\Controllers\Presensi->detail('39')
#2 C:\laragon\www\mysau_template\system\CodeIgniter.php(436): CodeIgniter\CodeIgniter->runController(Object(App\Controllers\Presensi))
#3 C:\laragon\www\mysau_template\system\CodeIgniter.php(336): CodeIgniter\CodeIgniter->handleRequest(NULL, Object(Config\Cache), false)
#4 C:\laragon\www\mysau_template\public\index.php(37): CodeIgniter\CodeIgniter->run()
#5 {main}
CRITICAL - 2023-02-22 13:33:03 --> Call to undefined method CodeIgniter\Database\MySQLi\Connection::select()
#0 C:\laragon\www\mysau_template\app\Controllers\Presensi.php(71): App\Models\RequestFormModel->get_form()
#1 C:\laragon\www\mysau_template\system\CodeIgniter.php(928): App\Controllers\Presensi->detail('39')
#2 C:\laragon\www\mysau_template\system\CodeIgniter.php(436): CodeIgniter\CodeIgniter->runController(Object(App\Controllers\Presensi))
#3 C:\laragon\www\mysau_template\system\CodeIgniter.php(336): CodeIgniter\CodeIgniter->handleRequest(NULL, Object(Config\Cache), false)
#4 C:\laragon\www\mysau_template\public\index.php(37): CodeIgniter\CodeIgniter->run()
#5 {main}
CRITICAL - 2023-02-22 13:44:51 --> Call to undefined function App\Models\where()
#0 C:\laragon\www\mysau_template\app\Controllers\Presensi.php(71): App\Models\RequestFormModel->get_form('39')
#1 C:\laragon\www\mysau_template\system\CodeIgniter.php(928): App\Controllers\Presensi->detail('39')
#2 C:\laragon\www\mysau_template\system\CodeIgniter.php(436): CodeIgniter\CodeIgniter->runController(Object(App\Controllers\Presensi))
#3 C:\laragon\www\mysau_template\system\CodeIgniter.php(336): CodeIgniter\CodeIgniter->handleRequest(NULL, Object(Config\Cache), false)
#4 C:\laragon\www\mysau_template\public\index.php(37): CodeIgniter\CodeIgniter->run()
#5 {main}
ERROR - 2023-02-22 13:45:27 --> Column 'id' in where clause is ambiguous
CRITICAL - 2023-02-22 13:45:27 --> Column 'id' in where clause is ambiguous
#0 C:\laragon\www\mysau_template\system\Database\MySQLi\Connection.php(329): mysqli->query('SELECT *\nFROM `...')
#1 C:\laragon\www\mysau_template\system\Database\BaseConnection.php(732): CodeIgniter\Database\MySQLi\Connection->execute('SELECT *\nFROM `...')
#2 C:\laragon\www\mysau_template\system\Database\BaseConnection.php(647): CodeIgniter\Database\BaseConnection->simpleQuery('SELECT *\nFROM `...')
#3 C:\laragon\www\mysau_template\system\Database\BaseBuilder.php(1881): CodeIgniter\Database\BaseConnection->query('SELECT *\nFROM `...', Array, false)
#4 C:\laragon\www\mysau_template\app\Models\RequestFormModel.php(18): CodeIgniter\Database\BaseBuilder->get()
#5 C:\laragon\www\mysau_template\app\Controllers\Presensi.php(71): App\Models\RequestFormModel->get_form('39')
#6 C:\laragon\www\mysau_template\system\CodeIgniter.php(928): App\Controllers\Presensi->detail('39')
#7 C:\laragon\www\mysau_template\system\CodeIgniter.php(436): CodeIgniter\CodeIgniter->runController(Object(App\Controllers\Presensi))
#8 C:\laragon\www\mysau_template\system\CodeIgniter.php(336): CodeIgniter\CodeIgniter->handleRequest(NULL, Object(Config\Cache), false)
#9 C:\laragon\www\mysau_template\public\index.php(37): CodeIgniter\CodeIgniter->run()
#10 {main}
ERROR - 2023-02-22 13:49:15 --> Column 'id' in where clause is ambiguous
CRITICAL - 2023-02-22 13:49:15 --> Column 'id' in where clause is ambiguous
#0 C:\laragon\www\mysau_template\system\Database\MySQLi\Connection.php(329): mysqli->query('SELECT *\nFROM `...')
#1 C:\laragon\www\mysau_template\system\Database\BaseConnection.php(732): CodeIgniter\Database\MySQLi\Connection->execute('SELECT *\nFROM `...')
#2 C:\laragon\www\mysau_template\system\Database\BaseConnection.php(647): CodeIgniter\Database\BaseConnection->simpleQuery('SELECT *\nFROM `...')
#3 C:\laragon\www\mysau_template\system\Database\BaseBuilder.php(1881): CodeIgniter\Database\BaseConnection->query('SELECT *\nFROM `...', Array, false)
#4 C:\laragon\www\mysau_template\app\Models\RequestFormModel.php(18): CodeIgniter\Database\BaseBuilder->get()
#5 C:\laragon\www\mysau_template\app\Controllers\Presensi.php(71): App\Models\RequestFormModel->get_form('39')
#6 C:\laragon\www\mysau_template\system\CodeIgniter.php(928): App\Controllers\Presensi->detail('39')
#7 C:\laragon\www\mysau_template\system\CodeIgniter.php(436): CodeIgniter\CodeIgniter->runController(Object(App\Controllers\Presensi))
#8 C:\laragon\www\mysau_template\system\CodeIgniter.php(336): CodeIgniter\CodeIgniter->handleRequest(NULL, Object(Config\Cache), false)
#9 C:\laragon\www\mysau_template\public\index.php(37): CodeIgniter\CodeIgniter->run()
#10 {main}
CRITICAL - 2023-02-22 13:50:35 --> Undefined index: jenis_permintaan
#0 C:\laragon\www\mysau_template\app\Views\detail.php(24): CodeIgniter\Debug\Exceptions->errorHandler(8, 'Undefined index...', 'C:\\laragon\\www\\...', 24, Array)
#1 C:\laragon\www\mysau_template\system\View\View.php(230): include('C:\\laragon\\www\\...')
#2 C:\laragon\www\mysau_template\system\View\View.php(232): CodeIgniter\View\View->CodeIgniter\View\{closure}()
#3 C:\laragon\www\mysau_template\system\Common.php(1271): CodeIgniter\View\View->render('detail', Array, true)
#4 C:\laragon\www\mysau_template\app\Controllers\Presensi.php(76): view('detail', Array)
#5 C:\laragon\www\mysau_template\system\CodeIgniter.php(928): App\Controllers\Presensi->detail('39')
#6 C:\laragon\www\mysau_template\system\CodeIgniter.php(436): CodeIgniter\CodeIgniter->runController(Object(App\Controllers\Presensi))
#7 C:\laragon\www\mysau_template\system\CodeIgniter.php(336): CodeIgniter\CodeIgniter->handleRequest(NULL, Object(Config\Cache), false)
#8 C:\laragon\www\mysau_template\public\index.php(37): CodeIgniter\CodeIgniter->run()
#9 {main}
CRITICAL - 2023-02-22 13:52:11 --> syntax error, unexpected ''detail'' (T_CONSTANT_ENCAPSED_STRING), expecting ']'
#0 C:\laragon\www\mysau_template\system\Router\Router.php(169): CodeIgniter\Router\Router->autoRoute('presensi')
#1 C:\laragon\www\mysau_template\system\CodeIgniter.php(809): CodeIgniter\Router\Router->handle('presensi')
#2 C:\laragon\www\mysau_template\system\CodeIgniter.php(389): CodeIgniter\CodeIgniter->tryToRouteIt(Object(CodeIgniter\Router\RouteCollection))
#3 C:\laragon\www\mysau_template\system\CodeIgniter.php(336): CodeIgniter\CodeIgniter->handleRequest(NULL, Object(Config\Cache), false)
#4 C:\laragon\www\mysau_template\public\index.php(37): CodeIgniter\CodeIgniter->run()
#5 {main}
CRITICAL - 2023-02-22 13:52:21 --> syntax error, unexpected ''detail'' (T_CONSTANT_ENCAPSED_STRING), expecting ']'
#0 C:\laragon\www\mysau_template\system\Router\Router.php(169): CodeIgniter\Router\Router->autoRoute('presensi')
#1 C:\laragon\www\mysau_template\system\CodeIgniter.php(809): CodeIgniter\Router\Router->handle('presensi')
#2 C:\laragon\www\mysau_template\system\CodeIgniter.php(389): CodeIgniter\CodeIgniter->tryToRouteIt(Object(CodeIgniter\Router\RouteCollection))
#3 C:\laragon\www\mysau_template\system\CodeIgniter.php(336): CodeIgniter\CodeIgniter->handleRequest(NULL, Object(Config\Cache), false)
#4 C:\laragon\www\mysau_template\public\index.php(37): CodeIgniter\CodeIgniter->run()
#5 {main}
CRITICAL - 2023-02-22 13:53:08 --> Undefined index: jenis_permintaan
#0 C:\laragon\www\mysau_template\app\Views\detail.php(24): CodeIgniter\Debug\Exceptions->errorHandler(8, 'Undefined index...', 'C:\\laragon\\www\\...', 24, Array)
#1 C:\laragon\www\mysau_template\system\View\View.php(230): include('C:\\laragon\\www\\...')
#2 C:\laragon\www\mysau_template\system\View\View.php(232): CodeIgniter\View\View->CodeIgniter\View\{closure}()
#3 C:\laragon\www\mysau_template\system\Common.php(1271): CodeIgniter\View\View->render('detail', Array, true)
#4 C:\laragon\www\mysau_template\app\Controllers\Presensi.php(75): view('detail', Array)
#5 C:\laragon\www\mysau_template\system\CodeIgniter.php(928): App\Controllers\Presensi->detail('39')
#6 C:\laragon\www\mysau_template\system\CodeIgniter.php(436): CodeIgniter\CodeIgniter->runController(Object(App\Controllers\Presensi))
#7 C:\laragon\www\mysau_template\system\CodeIgniter.php(336): CodeIgniter\CodeIgniter->handleRequest(NULL, Object(Config\Cache), false)
#8 C:\laragon\www\mysau_template\public\index.php(37): CodeIgniter\CodeIgniter->run()
#9 {main}
CRITICAL - 2023-02-22 13:56:12 --> Call to a member function first() on array
#0 C:\laragon\www\mysau_template\system\CodeIgniter.php(928): App\Controllers\Presensi->detail('39')
#1 C:\laragon\www\mysau_template\system\CodeIgniter.php(436): CodeIgniter\CodeIgniter->runController(Object(App\Controllers\Presensi))
#2 C:\laragon\www\mysau_template\system\CodeIgniter.php(336): CodeIgniter\CodeIgniter->handleRequest(NULL, Object(Config\Cache), false)
#3 C:\laragon\www\mysau_template\public\index.php(37): CodeIgniter\CodeIgniter->run()
#4 {main}
CRITICAL - 2023-02-22 13:58:52 --> Undefined index: OrganizationName
#0 C:\laragon\www\mysau_template\app\Views\detail.php(17): CodeIgniter\Debug\Exceptions->errorHandler(8, 'Undefined index...', 'C:\\laragon\\www\\...', 17, Array)
#1 C:\laragon\www\mysau_template\system\View\View.php(230): include('C:\\laragon\\www\\...')
#2 C:\laragon\www\mysau_template\system\View\View.php(232): CodeIgniter\View\View->CodeIgniter\View\{closure}()
#3 C:\laragon\www\mysau_template\system\Common.php(1271): CodeIgniter\View\View->render('detail', Array, true)
#4 C:\laragon\www\mysau_template\app\Controllers\Presensi.php(77): view('detail', Array)
#5 C:\laragon\www\mysau_template\system\CodeIgniter.php(928): App\Controllers\Presensi->detail('39')
#6 C:\laragon\www\mysau_template\system\CodeIgniter.php(436): CodeIgniter\CodeIgniter->runController(Object(App\Controllers\Presensi))
#7 C:\laragon\www\mysau_template\system\CodeIgniter.php(336): CodeIgniter\CodeIgniter->handleRequest(NULL, Object(Config\Cache), false)
#8 C:\laragon\www\mysau_template\public\index.php(37): CodeIgniter\CodeIgniter->run()
#9 {main}
CRITICAL - 2023-02-22 13:59:14 --> Undefined index: OrganizationName
#0 C:\laragon\www\mysau_template\app\Views\detail.php(17): CodeIgniter\Debug\Exceptions->errorHandler(8, 'Undefined index...', 'C:\\laragon\\www\\...', 17, Array)
#1 C:\laragon\www\mysau_template\system\View\View.php(230): include('C:\\laragon\\www\\...')
#2 C:\laragon\www\mysau_template\system\View\View.php(232): CodeIgniter\View\View->CodeIgniter\View\{closure}()
#3 C:\laragon\www\mysau_template\system\Common.php(1271): CodeIgniter\View\View->render('detail', Array, true)
#4 C:\laragon\www\mysau_template\app\Controllers\Presensi.php(77): view('detail', Array)
#5 C:\laragon\www\mysau_template\system\CodeIgniter.php(928): App\Controllers\Presensi->detail('39')
#6 C:\laragon\www\mysau_template\system\CodeIgniter.php(436): CodeIgniter\CodeIgniter->runController(Object(App\Controllers\Presensi))
#7 C:\laragon\www\mysau_template\system\CodeIgniter.php(336): CodeIgniter\CodeIgniter->handleRequest(NULL, Object(Config\Cache), false)
#8 C:\laragon\www\mysau_template\public\index.php(37): CodeIgniter\CodeIgniter->run()
#9 {main}
CRITICAL - 2023-02-22 14:31:52 --> Undefined variable: newName
#0 C:\laragon\www\mysau_template\app\Controllers\Presensi.php(60): CodeIgniter\Debug\Exceptions->errorHandler(8, 'Undefined varia...', 'C:\\laragon\\www\\...', 60, Array)
#1 C:\laragon\www\mysau_template\system\CodeIgniter.php(928): App\Controllers\Presensi->simpanRequest()
#2 C:\laragon\www\mysau_template\system\CodeIgniter.php(436): CodeIgniter\CodeIgniter->runController(Object(App\Controllers\Presensi))
#3 C:\laragon\www\mysau_template\system\CodeIgniter.php(336): CodeIgniter\CodeIgniter->handleRequest(NULL, Object(Config\Cache), false)
#4 C:\laragon\www\mysau_template\public\index.php(37): CodeIgniter\CodeIgniter->run()
#5 {main}
CRITICAL - 2023-02-22 14:32:15 --> Undefined variable: newName
#0 C:\laragon\www\mysau_template\app\Controllers\Presensi.php(60): CodeIgniter\Debug\Exceptions->errorHandler(8, 'Undefined varia...', 'C:\\laragon\\www\\...', 60, Array)
#1 C:\laragon\www\mysau_template\system\CodeIgniter.php(928): App\Controllers\Presensi->simpanRequest()
#2 C:\laragon\www\mysau_template\system\CodeIgniter.php(436): CodeIgniter\CodeIgniter->runController(Object(App\Controllers\Presensi))
#3 C:\laragon\www\mysau_template\system\CodeIgniter.php(336): CodeIgniter\CodeIgniter->handleRequest(NULL, Object(Config\Cache), false)
#4 C:\laragon\www\mysau_template\public\index.php(37): CodeIgniter\CodeIgniter->run()
#5 {main}
CRITICAL - 2023-02-22 14:43:03 --> Argument 1 passed to CodeIgniter\BaseModel::findAll() must be of the type int, null given, called in C:\laragon\www\mysau_template\app\Controllers\Presensi.php on line 23
#0 C:\laragon\www\mysau_template\app\Controllers\Presensi.php(23): CodeIgniter\BaseModel->findAll(NULL)
#1 C:\laragon\www\mysau_template\system\CodeIgniter.php(928): App\Controllers\Presensi->index()
#2 C:\laragon\www\mysau_template\system\CodeIgniter.php(436): CodeIgniter\CodeIgniter->runController(Object(App\Controllers\Presensi))
#3 C:\laragon\www\mysau_template\system\CodeIgniter.php(336): CodeIgniter\CodeIgniter->handleRequest(NULL, Object(Config\Cache), false)
#4 C:\laragon\www\mysau_template\public\index.php(37): CodeIgniter\CodeIgniter->run()
#5 {main}
CRITICAL - 2023-02-22 14:47:58 --> Invalid argument supplied for foreach()
#0 C:\laragon\www\mysau_template\app\Views\request-form.php(111): CodeIgniter\Debug\Exceptions->errorHandler(2, 'Invalid argumen...', 'C:\\laragon\\www\\...', 111, Array)
#1 C:\laragon\www\mysau_template\system\View\View.php(230): include('C:\\laragon\\www\\...')
#2 C:\laragon\www\mysau_template\system\View\View.php(232): CodeIgniter\View\View->CodeIgniter\View\{closure}()
#3 C:\laragon\www\mysau_template\system\Common.php(1271): CodeIgniter\View\View->render('request-form', Array, true)
#4 C:\laragon\www\mysau_template\app\Controllers\Presensi.php(26): view('request-form', Array)
#5 C:\laragon\www\mysau_template\system\CodeIgniter.php(928): App\Controllers\Presensi->index()
#6 C:\laragon\www\mysau_template\system\CodeIgniter.php(436): CodeIgniter\CodeIgniter->runController(Object(App\Controllers\Presensi))
#7 C:\laragon\www\mysau_template\system\CodeIgniter.php(336): CodeIgniter\CodeIgniter->handleRequest(NULL, Object(Config\Cache), false)
#8 C:\laragon\www\mysau_template\public\index.php(37): CodeIgniter\CodeIgniter->run()
#9 {main}
CRITICAL - 2023-02-22 15:56:23 --> Undefined variable: request_form
#0 C:\laragon\www\mysau_template\app\Views\signer.php(24): CodeIgniter\Debug\Exceptions->errorHandler(8, 'Undefined varia...', 'C:\\laragon\\www\\...', 24, Array)
#1 C:\laragon\www\mysau_template\system\View\View.php(230): include('C:\\laragon\\www\\...')
#2 C:\laragon\www\mysau_template\system\View\View.php(232): CodeIgniter\View\View->CodeIgniter\View\{closure}()
#3 C:\laragon\www\mysau_template\system\Common.php(1271): CodeIgniter\View\View->render('signer', Array, true)
#4 C:\laragon\www\mysau_template\app\Controllers\Admin.php(9): view('signer')
#5 C:\laragon\www\mysau_template\system\CodeIgniter.php(928): App\Controllers\Admin->signer()
#6 C:\laragon\www\mysau_template\system\CodeIgniter.php(436): CodeIgniter\CodeIgniter->runController(Object(App\Controllers\Admin))
#7 C:\laragon\www\mysau_template\system\CodeIgniter.php(336): CodeIgniter\CodeIgniter->handleRequest(NULL, Object(Config\Cache), false)
#8 C:\laragon\www\mysau_template\public\index.php(37): CodeIgniter\CodeIgniter->run()
#9 {main}
CRITICAL - 2023-02-22 15:56:29 --> Undefined variable: request_form
#0 C:\laragon\www\mysau_template\app\Views\signer.php(24): CodeIgniter\Debug\Exceptions->errorHandler(8, 'Undefined varia...', 'C:\\laragon\\www\\...', 24, Array)
#1 C:\laragon\www\mysau_template\system\View\View.php(230): include('C:\\laragon\\www\\...')
#2 C:\laragon\www\mysau_template\system\View\View.php(232): CodeIgniter\View\View->CodeIgniter\View\{closure}()
#3 C:\laragon\www\mysau_template\system\Common.php(1271): CodeIgniter\View\View->render('signer', Array, true)
#4 C:\laragon\www\mysau_template\app\Controllers\Admin.php(9): view('signer')
#5 C:\laragon\www\mysau_template\system\CodeIgniter.php(928): App\Controllers\Admin->signer()
#6 C:\laragon\www\mysau_template\system\CodeIgniter.php(436): CodeIgniter\CodeIgniter->runController(Object(App\Controllers\Admin))
#7 C:\laragon\www\mysau_template\system\CodeIgniter.php(336): CodeIgniter\CodeIgniter->handleRequest(NULL, Object(Config\Cache), false)
#8 C:\laragon\www\mysau_template\public\index.php(37): CodeIgniter\CodeIgniter->run()
#9 {main}
CRITICAL - 2023-02-22 15:56:45 --> Undefined variable: request_form
#0 C:\laragon\www\mysau_template\app\Views\signer.php(24): CodeIgniter\Debug\Exceptions->errorHandler(8, 'Undefined varia...', 'C:\\laragon\\www\\...', 24, Array)
#1 C:\laragon\www\mysau_template\system\View\View.php(230): include('C:\\laragon\\www\\...')
#2 C:\laragon\www\mysau_template\system\View\View.php(232): CodeIgniter\View\View->CodeIgniter\View\{closure}()
#3 C:\laragon\www\mysau_template\system\Common.php(1271): CodeIgniter\View\View->render('signer', Array, true)
#4 C:\laragon\www\mysau_template\app\Controllers\Admin.php(9): view('signer')
#5 C:\laragon\www\mysau_template\system\CodeIgniter.php(928): App\Controllers\Admin->signer()
#6 C:\laragon\www\mysau_template\system\CodeIgniter.php(436): CodeIgniter\CodeIgniter->runController(Object(App\Controllers\Admin))
#7 C:\laragon\www\mysau_template\system\CodeIgniter.php(336): CodeIgniter\CodeIgniter->handleRequest(NULL, Object(Config\Cache), false)
#8 C:\laragon\www\mysau_template\public\index.php(37): CodeIgniter\CodeIgniter->run()
#9 {main}
CRITICAL - 2023-02-22 15:56:46 --> Undefined variable: request_form
#0 C:\laragon\www\mysau_template\app\Views\signer.php(24): CodeIgniter\Debug\Exceptions->errorHandler(8, 'Undefined varia...', 'C:\\laragon\\www\\...', 24, Array)
#1 C:\laragon\www\mysau_template\system\View\View.php(230): include('C:\\laragon\\www\\...')
#2 C:\laragon\www\mysau_template\system\View\View.php(232): CodeIgniter\View\View->CodeIgniter\View\{closure}()
#3 C:\laragon\www\mysau_template\system\Common.php(1271): CodeIgniter\View\View->render('signer', Array, true)
#4 C:\laragon\www\mysau_template\app\Controllers\Admin.php(9): view('signer')
#5 C:\laragon\www\mysau_template\system\CodeIgniter.php(928): App\Controllers\Admin->signer()
#6 C:\laragon\www\mysau_template\system\CodeIgniter.php(436): CodeIgniter\CodeIgniter->runController(Object(App\Controllers\Admin))
#7 C:\laragon\www\mysau_template\system\CodeIgniter.php(336): CodeIgniter\CodeIgniter->handleRequest(NULL, Object(Config\Cache), false)
#8 C:\laragon\www\mysau_template\public\index.php(37): CodeIgniter\CodeIgniter->run()
#9 {main}
