CRITICAL - 2023-12-19 13:22:45 --> syntax error, unexpected '-', expecting identifier (T_STRING)
#0 D:\laragon\www\mysau_template\system\Autoloader\Autoloader.php(273): CodeIgniter\Autoloader\Autoloader->includeFile('D:\\laragon\\www\\...')
#1 D:\laragon\www\mysau_template\system\Autoloader\Autoloader.php(247): CodeIgniter\Autoloader\Autoloader->loadInNamespace('App\\Models\\perh...')
#2 [internal function]: CodeIgniter\Autoloader\Autoloader->loadClass('App\\Models\\perh...')
#3 D:\laragon\www\mysau_template\app\Controllers\perhitungan.php(13): spl_autoload_call('App\\Models\\perh...')
#4 D:\laragon\www\mysau_template\system\CodeIgniter.php(900): App\Controllers\perhitungan->__construct()
#5 D:\laragon\www\mysau_template\system\CodeIgniter.php(426): CodeIgniter\CodeIgniter->createController()
#6 D:\laragon\www\mysau_template\system\CodeIgniter.php(336): CodeIgniter\CodeIgniter->handleRequest(NULL, Object(Config\Cache), false)
#7 D:\laragon\www\mysau_template\public\index.php(37): CodeIgniter\CodeIgniter->run()
#8 D:\laragon\www\mysau_template\system\Commands\Server\rewrite.php(45): require_once('D:\\laragon\\www\\...')
#9 {main}
CRITICAL - 2023-12-19 13:22:56 --> syntax error, unexpected '-', expecting identifier (T_STRING)
#0 D:\laragon\www\mysau_template\system\Autoloader\Autoloader.php(273): CodeIgniter\Autoloader\Autoloader->includeFile('D:\\laragon\\www\\...')
#1 D:\laragon\www\mysau_template\system\Autoloader\Autoloader.php(247): CodeIgniter\Autoloader\Autoloader->loadInNamespace('App\\Models\\perh...')
#2 [internal function]: CodeIgniter\Autoloader\Autoloader->loadClass('App\\Models\\perh...')
#3 D:\laragon\www\mysau_template\app\Controllers\perhitungan.php(13): spl_autoload_call('App\\Models\\perh...')
#4 D:\laragon\www\mysau_template\system\CodeIgniter.php(900): App\Controllers\perhitungan->__construct()
#5 D:\laragon\www\mysau_template\system\CodeIgniter.php(426): CodeIgniter\CodeIgniter->createController()
#6 D:\laragon\www\mysau_template\system\CodeIgniter.php(336): CodeIgniter\CodeIgniter->handleRequest(NULL, Object(Config\Cache), false)
#7 D:\laragon\www\mysau_template\public\index.php(37): CodeIgniter\CodeIgniter->run()
#8 D:\laragon\www\mysau_template\system\Commands\Server\rewrite.php(45): require_once('D:\\laragon\\www\\...')
#9 {main}
CRITICAL - 2023-12-19 13:23:18 --> Cannot redeclare App\Models\perhitunganModel::get_form()
#0 [internal function]: CodeIgniter\Debug\Exceptions->shutdownHandler()
#1 {main}
CRITICAL - 2023-12-19 13:23:19 --> Cannot redeclare App\Models\perhitunganModel::get_form()
#0 [internal function]: CodeIgniter\Debug\Exceptions->shutdownHandler()
#1 {main}
CRITICAL - 2023-12-19 13:23:20 --> Cannot redeclare App\Models\perhitunganModel::get_form()
#0 [internal function]: CodeIgniter\Debug\Exceptions->shutdownHandler()
#1 {main}
CRITICAL - 2023-12-19 13:23:23 --> Cannot redeclare App\Models\perhitunganModel::get_form()
#0 [internal function]: CodeIgniter\Debug\Exceptions->shutdownHandler()
#1 {main}
CRITICAL - 2023-12-19 13:23:34 --> Class 'App\Models\perhitunganModel' not found
#0 D:\laragon\www\mysau_template\system\CodeIgniter.php(900): App\Controllers\perhitungan->__construct()
#1 D:\laragon\www\mysau_template\system\CodeIgniter.php(426): CodeIgniter\CodeIgniter->createController()
#2 D:\laragon\www\mysau_template\system\CodeIgniter.php(336): CodeIgniter\CodeIgniter->handleRequest(NULL, Object(Config\Cache), false)
#3 D:\laragon\www\mysau_template\public\index.php(37): CodeIgniter\CodeIgniter->run()
#4 D:\laragon\www\mysau_template\system\Commands\Server\rewrite.php(45): require_once('D:\\laragon\\www\\...')
#5 {main}
CRITICAL - 2023-12-19 13:23:35 --> Class 'App\Models\perhitunganModel' not found
#0 D:\laragon\www\mysau_template\system\CodeIgniter.php(900): App\Controllers\perhitungan->__construct()
#1 D:\laragon\www\mysau_template\system\CodeIgniter.php(426): CodeIgniter\CodeIgniter->createController()
#2 D:\laragon\www\mysau_template\system\CodeIgniter.php(336): CodeIgniter\CodeIgniter->handleRequest(NULL, Object(Config\Cache), false)
#3 D:\laragon\www\mysau_template\public\index.php(37): CodeIgniter\CodeIgniter->run()
#4 D:\laragon\www\mysau_template\system\Commands\Server\rewrite.php(45): require_once('D:\\laragon\\www\\...')
#5 {main}
CRITICAL - 2023-12-19 13:23:36 --> Class 'App\Models\perhitunganModel' not found
#0 D:\laragon\www\mysau_template\system\CodeIgniter.php(900): App\Controllers\perhitungan->__construct()
#1 D:\laragon\www\mysau_template\system\CodeIgniter.php(426): CodeIgniter\CodeIgniter->createController()
#2 D:\laragon\www\mysau_template\system\CodeIgniter.php(336): CodeIgniter\CodeIgniter->handleRequest(NULL, Object(Config\Cache), false)
#3 D:\laragon\www\mysau_template\public\index.php(37): CodeIgniter\CodeIgniter->run()
#4 D:\laragon\www\mysau_template\system\Commands\Server\rewrite.php(45): require_once('D:\\laragon\\www\\...')
#5 {main}
CRITICAL - 2023-12-19 13:23:36 --> Class 'App\Models\perhitunganModel' not found
#0 D:\laragon\www\mysau_template\system\CodeIgniter.php(900): App\Controllers\perhitungan->__construct()
#1 D:\laragon\www\mysau_template\system\CodeIgniter.php(426): CodeIgniter\CodeIgniter->createController()
#2 D:\laragon\www\mysau_template\system\CodeIgniter.php(336): CodeIgniter\CodeIgniter->handleRequest(NULL, Object(Config\Cache), false)
#3 D:\laragon\www\mysau_template\public\index.php(37): CodeIgniter\CodeIgniter->run()
#4 D:\laragon\www\mysau_template\system\Commands\Server\rewrite.php(45): require_once('D:\\laragon\\www\\...')
#5 {main}
CRITICAL - 2023-12-19 13:23:36 --> Class 'App\Models\perhitunganModel' not found
#0 D:\laragon\www\mysau_template\system\CodeIgniter.php(900): App\Controllers\perhitungan->__construct()
#1 D:\laragon\www\mysau_template\system\CodeIgniter.php(426): CodeIgniter\CodeIgniter->createController()
#2 D:\laragon\www\mysau_template\system\CodeIgniter.php(336): CodeIgniter\CodeIgniter->handleRequest(NULL, Object(Config\Cache), false)
#3 D:\laragon\www\mysau_template\public\index.php(37): CodeIgniter\CodeIgniter->run()
#4 D:\laragon\www\mysau_template\system\Commands\Server\rewrite.php(45): require_once('D:\\laragon\\www\\...')
#5 {main}
CRITICAL - 2023-12-19 13:23:36 --> Class 'App\Models\perhitunganModel' not found
#0 D:\laragon\www\mysau_template\system\CodeIgniter.php(900): App\Controllers\perhitungan->__construct()
#1 D:\laragon\www\mysau_template\system\CodeIgniter.php(426): CodeIgniter\CodeIgniter->createController()
#2 D:\laragon\www\mysau_template\system\CodeIgniter.php(336): CodeIgniter\CodeIgniter->handleRequest(NULL, Object(Config\Cache), false)
#3 D:\laragon\www\mysau_template\public\index.php(37): CodeIgniter\CodeIgniter->run()
#4 D:\laragon\www\mysau_template\system\Commands\Server\rewrite.php(45): require_once('D:\\laragon\\www\\...')
#5 {main}
CRITICAL - 2023-12-19 13:23:37 --> Class 'App\Models\perhitunganModel' not found
#0 D:\laragon\www\mysau_template\system\CodeIgniter.php(900): App\Controllers\perhitungan->__construct()
#1 D:\laragon\www\mysau_template\system\CodeIgniter.php(426): CodeIgniter\CodeIgniter->createController()
#2 D:\laragon\www\mysau_template\system\CodeIgniter.php(336): CodeIgniter\CodeIgniter->handleRequest(NULL, Object(Config\Cache), false)
#3 D:\laragon\www\mysau_template\public\index.php(37): CodeIgniter\CodeIgniter->run()
#4 D:\laragon\www\mysau_template\system\Commands\Server\rewrite.php(45): require_once('D:\\laragon\\www\\...')
#5 {main}
CRITICAL - 2023-12-19 13:23:37 --> Class 'App\Models\perhitunganModel' not found
#0 D:\laragon\www\mysau_template\system\CodeIgniter.php(900): App\Controllers\perhitungan->__construct()
#1 D:\laragon\www\mysau_template\system\CodeIgniter.php(426): CodeIgniter\CodeIgniter->createController()
#2 D:\laragon\www\mysau_template\system\CodeIgniter.php(336): CodeIgniter\CodeIgniter->handleRequest(NULL, Object(Config\Cache), false)
#3 D:\laragon\www\mysau_template\public\index.php(37): CodeIgniter\CodeIgniter->run()
#4 D:\laragon\www\mysau_template\system\Commands\Server\rewrite.php(45): require_once('D:\\laragon\\www\\...')
#5 {main}
CRITICAL - 2023-12-19 13:23:37 --> Class 'App\Models\perhitunganModel' not found
#0 D:\laragon\www\mysau_template\system\CodeIgniter.php(900): App\Controllers\perhitungan->__construct()
#1 D:\laragon\www\mysau_template\system\CodeIgniter.php(426): CodeIgniter\CodeIgniter->createController()
#2 D:\laragon\www\mysau_template\system\CodeIgniter.php(336): CodeIgniter\CodeIgniter->handleRequest(NULL, Object(Config\Cache), false)
#3 D:\laragon\www\mysau_template\public\index.php(37): CodeIgniter\CodeIgniter->run()
#4 D:\laragon\www\mysau_template\system\Commands\Server\rewrite.php(45): require_once('D:\\laragon\\www\\...')
#5 {main}
CRITICAL - 2023-12-19 13:24:21 --> Cannot redeclare App\Models\perhitunganModel::get_form()
#0 [internal function]: CodeIgniter\Debug\Exceptions->shutdownHandler()
#1 {main}
CRITICAL - 2023-12-19 13:24:22 --> Cannot redeclare App\Models\perhitunganModel::get_form()
#0 [internal function]: CodeIgniter\Debug\Exceptions->shutdownHandler()
#1 {main}
CRITICAL - 2023-12-19 13:24:22 --> Cannot redeclare App\Models\perhitunganModel::get_form()
#0 [internal function]: CodeIgniter\Debug\Exceptions->shutdownHandler()
#1 {main}
CRITICAL - 2023-12-19 13:24:22 --> Cannot redeclare App\Models\perhitunganModel::get_form()
#0 [internal function]: CodeIgniter\Debug\Exceptions->shutdownHandler()
#1 {main}
CRITICAL - 2023-12-19 13:24:22 --> Cannot redeclare App\Models\perhitunganModel::get_form()
#0 [internal function]: CodeIgniter\Debug\Exceptions->shutdownHandler()
#1 {main}
CRITICAL - 2023-12-19 13:24:34 --> syntax error, unexpected '{', expecting function (T_FUNCTION) or const (T_CONST)
#0 D:\laragon\www\mysau_template\system\Autoloader\Autoloader.php(273): CodeIgniter\Autoloader\Autoloader->includeFile('D:\\laragon\\www\\...')
#1 D:\laragon\www\mysau_template\system\Autoloader\Autoloader.php(247): CodeIgniter\Autoloader\Autoloader->loadInNamespace('App\\Models\\perh...')
#2 [internal function]: CodeIgniter\Autoloader\Autoloader->loadClass('App\\Models\\perh...')
#3 D:\laragon\www\mysau_template\app\Controllers\perhitungan.php(13): spl_autoload_call('App\\Models\\perh...')
#4 D:\laragon\www\mysau_template\system\CodeIgniter.php(900): App\Controllers\perhitungan->__construct()
#5 D:\laragon\www\mysau_template\system\CodeIgniter.php(426): CodeIgniter\CodeIgniter->createController()
#6 D:\laragon\www\mysau_template\system\CodeIgniter.php(336): CodeIgniter\CodeIgniter->handleRequest(NULL, Object(Config\Cache), false)
#7 D:\laragon\www\mysau_template\public\index.php(37): CodeIgniter\CodeIgniter->run()
#8 D:\laragon\www\mysau_template\system\Commands\Server\rewrite.php(45): require_once('D:\\laragon\\www\\...')
#9 {main}
CRITICAL - 2023-12-19 13:24:39 --> Class 'App\Models\perhitunganModel' not found
#0 D:\laragon\www\mysau_template\system\CodeIgniter.php(900): App\Controllers\perhitungan->__construct()
#1 D:\laragon\www\mysau_template\system\CodeIgniter.php(426): CodeIgniter\CodeIgniter->createController()
#2 D:\laragon\www\mysau_template\system\CodeIgniter.php(336): CodeIgniter\CodeIgniter->handleRequest(NULL, Object(Config\Cache), false)
#3 D:\laragon\www\mysau_template\public\index.php(37): CodeIgniter\CodeIgniter->run()
#4 D:\laragon\www\mysau_template\system\Commands\Server\rewrite.php(45): require_once('D:\\laragon\\www\\...')
#5 {main}
CRITICAL - 2023-12-19 13:24:58 --> Undefined property: App\Controllers\perhitungan::$perhitunganModel
#0 D:\laragon\www\mysau_template\app\Controllers\perhitungan.php(20): CodeIgniter\Debug\Exceptions->errorHandler(8, 'Undefined prope...', 'D:\\laragon\\www\\...', 20, Array)
#1 D:\laragon\www\mysau_template\system\CodeIgniter.php(928): App\Controllers\perhitungan->index()
#2 D:\laragon\www\mysau_template\system\CodeIgniter.php(436): CodeIgniter\CodeIgniter->runController(Object(App\Controllers\perhitungan))
#3 D:\laragon\www\mysau_template\system\CodeIgniter.php(336): CodeIgniter\CodeIgniter->handleRequest(NULL, Object(Config\Cache), false)
#4 D:\laragon\www\mysau_template\public\index.php(37): CodeIgniter\CodeIgniter->run()
#5 D:\laragon\www\mysau_template\system\Commands\Server\rewrite.php(45): require_once('D:\\laragon\\www\\...')
#6 {main}
CRITICAL - 2023-12-19 13:25:10 --> syntax error, unexpected ']'
#0 D:\laragon\www\mysau_template\system\Router\Router.php(169): CodeIgniter\Router\Router->autoRoute('perhitungan')
#1 D:\laragon\www\mysau_template\system\CodeIgniter.php(809): CodeIgniter\Router\Router->handle('perhitungan')
#2 D:\laragon\www\mysau_template\system\CodeIgniter.php(389): CodeIgniter\CodeIgniter->tryToRouteIt(Object(CodeIgniter\Router\RouteCollection))
#3 D:\laragon\www\mysau_template\system\CodeIgniter.php(336): CodeIgniter\CodeIgniter->handleRequest(NULL, Object(Config\Cache), false)
#4 D:\laragon\www\mysau_template\public\index.php(37): CodeIgniter\CodeIgniter->run()
#5 D:\laragon\www\mysau_template\system\Commands\Server\rewrite.php(45): require_once('D:\\laragon\\www\\...')
#6 {main}
CRITICAL - 2023-12-19 13:25:11 --> syntax error, unexpected ']'
#0 D:\laragon\www\mysau_template\system\Router\Router.php(169): CodeIgniter\Router\Router->autoRoute('perhitungan')
#1 D:\laragon\www\mysau_template\system\CodeIgniter.php(809): CodeIgniter\Router\Router->handle('perhitungan')
#2 D:\laragon\www\mysau_template\system\CodeIgniter.php(389): CodeIgniter\CodeIgniter->tryToRouteIt(Object(CodeIgniter\Router\RouteCollection))
#3 D:\laragon\www\mysau_template\system\CodeIgniter.php(336): CodeIgniter\CodeIgniter->handleRequest(NULL, Object(Config\Cache), false)
#4 D:\laragon\www\mysau_template\public\index.php(37): CodeIgniter\CodeIgniter->run()
#5 D:\laragon\www\mysau_template\system\Commands\Server\rewrite.php(45): require_once('D:\\laragon\\www\\...')
#6 {main}
CRITICAL - 2023-12-19 13:26:01 --> Class 'App\Models\perhitunganModel' not found
#0 D:\laragon\www\mysau_template\system\CodeIgniter.php(900): App\Controllers\perhitungan->__construct()
#1 D:\laragon\www\mysau_template\system\CodeIgniter.php(426): CodeIgniter\CodeIgniter->createController()
#2 D:\laragon\www\mysau_template\system\CodeIgniter.php(336): CodeIgniter\CodeIgniter->handleRequest(NULL, Object(Config\Cache), false)
#3 D:\laragon\www\mysau_template\public\index.php(37): CodeIgniter\CodeIgniter->run()
#4 D:\laragon\www\mysau_template\system\Commands\Server\rewrite.php(45): require_once('D:\\laragon\\www\\...')
#5 {main}
CRITICAL - 2023-12-19 13:26:43 --> Cannot redeclare App\Models\perhitunganModel::get_form()
#0 [internal function]: CodeIgniter\Debug\Exceptions->shutdownHandler()
#1 {main}
CRITICAL - 2023-12-19 13:26:50 --> Cannot redeclare App\Models\perhitunganModel::get_form()
#0 [internal function]: CodeIgniter\Debug\Exceptions->shutdownHandler()
#1 {main}
CRITICAL - 2023-12-19 13:27:27 --> Cannot redeclare App\Models\perhitunganModel::get_form()
#0 [internal function]: CodeIgniter\Debug\Exceptions->shutdownHandler()
#1 {main}
CRITICAL - 2023-12-19 13:27:51 --> Cannot redeclare App\Models\perhitunganModel::get_form()
#0 [internal function]: CodeIgniter\Debug\Exceptions->shutdownHandler()
#1 {main}
CRITICAL - 2023-12-19 13:28:20 --> syntax error, unexpected '}', expecting end of file
#0 D:\laragon\www\mysau_template\system\View\View.php(232): CodeIgniter\View\View->CodeIgniter\View\{closure}()
#1 D:\laragon\www\mysau_template\system\Common.php(1271): CodeIgniter\View\View->render('perhitungan', Array, true)
#2 D:\laragon\www\mysau_template\app\Controllers\perhitungan.php(26): view('perhitungan', Array, Array)
#3 D:\laragon\www\mysau_template\system\CodeIgniter.php(928): App\Controllers\perhitungan->index()
#4 D:\laragon\www\mysau_template\system\CodeIgniter.php(436): CodeIgniter\CodeIgniter->runController(Object(App\Controllers\perhitungan))
#5 D:\laragon\www\mysau_template\system\CodeIgniter.php(336): CodeIgniter\CodeIgniter->handleRequest(NULL, Object(Config\Cache), false)
#6 D:\laragon\www\mysau_template\public\index.php(37): CodeIgniter\CodeIgniter->run()
#7 D:\laragon\www\mysau_template\system\Commands\Server\rewrite.php(45): require_once('D:\\laragon\\www\\...')
#8 {main}
CRITICAL - 2023-12-19 13:28:34 --> syntax error, unexpected '}', expecting end of file
#0 D:\laragon\www\mysau_template\system\View\View.php(232): CodeIgniter\View\View->CodeIgniter\View\{closure}()
#1 D:\laragon\www\mysau_template\system\Common.php(1271): CodeIgniter\View\View->render('perhitungan', Array, true)
#2 D:\laragon\www\mysau_template\app\Controllers\perhitungan.php(26): view('perhitungan', Array, Array)
#3 D:\laragon\www\mysau_template\system\CodeIgniter.php(928): App\Controllers\perhitungan->index()
#4 D:\laragon\www\mysau_template\system\CodeIgniter.php(436): CodeIgniter\CodeIgniter->runController(Object(App\Controllers\perhitungan))
#5 D:\laragon\www\mysau_template\system\CodeIgniter.php(336): CodeIgniter\CodeIgniter->handleRequest(NULL, Object(Config\Cache), false)
#6 D:\laragon\www\mysau_template\public\index.php(37): CodeIgniter\CodeIgniter->run()
#7 D:\laragon\www\mysau_template\system\Commands\Server\rewrite.php(45): require_once('D:\\laragon\\www\\...')
#8 {main}
CRITICAL - 2023-12-19 13:28:42 --> syntax error, unexpected '?>'
#0 D:\laragon\www\mysau_template\system\View\View.php(232): CodeIgniter\View\View->CodeIgniter\View\{closure}()
#1 D:\laragon\www\mysau_template\system\Common.php(1271): CodeIgniter\View\View->render('perhitungan', Array, true)
#2 D:\laragon\www\mysau_template\app\Controllers\perhitungan.php(26): view('perhitungan', Array, Array)
#3 D:\laragon\www\mysau_template\system\CodeIgniter.php(928): App\Controllers\perhitungan->index()
#4 D:\laragon\www\mysau_template\system\CodeIgniter.php(436): CodeIgniter\CodeIgniter->runController(Object(App\Controllers\perhitungan))
#5 D:\laragon\www\mysau_template\system\CodeIgniter.php(336): CodeIgniter\CodeIgniter->handleRequest(NULL, Object(Config\Cache), false)
#6 D:\laragon\www\mysau_template\public\index.php(37): CodeIgniter\CodeIgniter->run()
#7 D:\laragon\www\mysau_template\system\Commands\Server\rewrite.php(45): require_once('D:\\laragon\\www\\...')
#8 {main}
CRITICAL - 2023-12-19 13:28:43 --> syntax error, unexpected '?>'
#0 D:\laragon\www\mysau_template\system\View\View.php(232): CodeIgniter\View\View->CodeIgniter\View\{closure}()
#1 D:\laragon\www\mysau_template\system\Common.php(1271): CodeIgniter\View\View->render('perhitungan', Array, true)
#2 D:\laragon\www\mysau_template\app\Controllers\perhitungan.php(26): view('perhitungan', Array, Array)
#3 D:\laragon\www\mysau_template\system\CodeIgniter.php(928): App\Controllers\perhitungan->index()
#4 D:\laragon\www\mysau_template\system\CodeIgniter.php(436): CodeIgniter\CodeIgniter->runController(Object(App\Controllers\perhitungan))
#5 D:\laragon\www\mysau_template\system\CodeIgniter.php(336): CodeIgniter\CodeIgniter->handleRequest(NULL, Object(Config\Cache), false)
#6 D:\laragon\www\mysau_template\public\index.php(37): CodeIgniter\CodeIgniter->run()
#7 D:\laragon\www\mysau_template\system\Commands\Server\rewrite.php(45): require_once('D:\\laragon\\www\\...')
#8 {main}
CRITICAL - 2023-12-19 13:28:43 --> syntax error, unexpected '?>'
#0 D:\laragon\www\mysau_template\system\View\View.php(232): CodeIgniter\View\View->CodeIgniter\View\{closure}()
#1 D:\laragon\www\mysau_template\system\Common.php(1271): CodeIgniter\View\View->render('perhitungan', Array, true)
#2 D:\laragon\www\mysau_template\app\Controllers\perhitungan.php(26): view('perhitungan', Array, Array)
#3 D:\laragon\www\mysau_template\system\CodeIgniter.php(928): App\Controllers\perhitungan->index()
#4 D:\laragon\www\mysau_template\system\CodeIgniter.php(436): CodeIgniter\CodeIgniter->runController(Object(App\Controllers\perhitungan))
#5 D:\laragon\www\mysau_template\system\CodeIgniter.php(336): CodeIgniter\CodeIgniter->handleRequest(NULL, Object(Config\Cache), false)
#6 D:\laragon\www\mysau_template\public\index.php(37): CodeIgniter\CodeIgniter->run()
#7 D:\laragon\www\mysau_template\system\Commands\Server\rewrite.php(45): require_once('D:\\laragon\\www\\...')
#8 {main}
CRITICAL - 2023-12-19 13:28:54 --> syntax error, unexpected '?>'
#0 D:\laragon\www\mysau_template\system\View\View.php(232): CodeIgniter\View\View->CodeIgniter\View\{closure}()
#1 D:\laragon\www\mysau_template\system\Common.php(1271): CodeIgniter\View\View->render('perhitungan', Array, true)
#2 D:\laragon\www\mysau_template\app\Controllers\perhitungan.php(26): view('perhitungan', Array, Array)
#3 D:\laragon\www\mysau_template\system\CodeIgniter.php(928): App\Controllers\perhitungan->index()
#4 D:\laragon\www\mysau_template\system\CodeIgniter.php(436): CodeIgniter\CodeIgniter->runController(Object(App\Controllers\perhitungan))
#5 D:\laragon\www\mysau_template\system\CodeIgniter.php(336): CodeIgniter\CodeIgniter->handleRequest(NULL, Object(Config\Cache), false)
#6 D:\laragon\www\mysau_template\public\index.php(37): CodeIgniter\CodeIgniter->run()
#7 D:\laragon\www\mysau_template\system\Commands\Server\rewrite.php(45): require_once('D:\\laragon\\www\\...')
#8 {main}
CRITICAL - 2023-12-19 13:28:55 --> syntax error, unexpected '?>'
#0 D:\laragon\www\mysau_template\system\View\View.php(232): CodeIgniter\View\View->CodeIgniter\View\{closure}()
#1 D:\laragon\www\mysau_template\system\Common.php(1271): CodeIgniter\View\View->render('perhitungan', Array, true)
#2 D:\laragon\www\mysau_template\app\Controllers\perhitungan.php(26): view('perhitungan', Array, Array)
#3 D:\laragon\www\mysau_template\system\CodeIgniter.php(928): App\Controllers\perhitungan->index()
#4 D:\laragon\www\mysau_template\system\CodeIgniter.php(436): CodeIgniter\CodeIgniter->runController(Object(App\Controllers\perhitungan))
#5 D:\laragon\www\mysau_template\system\CodeIgniter.php(336): CodeIgniter\CodeIgniter->handleRequest(NULL, Object(Config\Cache), false)
#6 D:\laragon\www\mysau_template\public\index.php(37): CodeIgniter\CodeIgniter->run()
#7 D:\laragon\www\mysau_template\system\Commands\Server\rewrite.php(45): require_once('D:\\laragon\\www\\...')
#8 {main}
CRITICAL - 2023-12-19 13:28:55 --> syntax error, unexpected '?>'
#0 D:\laragon\www\mysau_template\system\View\View.php(232): CodeIgniter\View\View->CodeIgniter\View\{closure}()
#1 D:\laragon\www\mysau_template\system\Common.php(1271): CodeIgniter\View\View->render('perhitungan', Array, true)
#2 D:\laragon\www\mysau_template\app\Controllers\perhitungan.php(26): view('perhitungan', Array, Array)
#3 D:\laragon\www\mysau_template\system\CodeIgniter.php(928): App\Controllers\perhitungan->index()
#4 D:\laragon\www\mysau_template\system\CodeIgniter.php(436): CodeIgniter\CodeIgniter->runController(Object(App\Controllers\perhitungan))
#5 D:\laragon\www\mysau_template\system\CodeIgniter.php(336): CodeIgniter\CodeIgniter->handleRequest(NULL, Object(Config\Cache), false)
#6 D:\laragon\www\mysau_template\public\index.php(37): CodeIgniter\CodeIgniter->run()
#7 D:\laragon\www\mysau_template\system\Commands\Server\rewrite.php(45): require_once('D:\\laragon\\www\\...')
#8 {main}
CRITICAL - 2023-12-19 13:29:01 --> Undefined index: pn
#0 D:\laragon\www\mysau_template\app\Views\perhitungan.php(46): CodeIgniter\Debug\Exceptions->errorHandler(8, 'Undefined index...', 'D:\\laragon\\www\\...', 46, Array)
#1 D:\laragon\www\mysau_template\system\View\View.php(230): include('D:\\laragon\\www\\...')
#2 D:\laragon\www\mysau_template\system\View\View.php(232): CodeIgniter\View\View->CodeIgniter\View\{closure}()
#3 D:\laragon\www\mysau_template\system\Common.php(1271): CodeIgniter\View\View->render('perhitungan', Array, true)
#4 D:\laragon\www\mysau_template\app\Controllers\perhitungan.php(26): view('perhitungan', Array, Array)
#5 D:\laragon\www\mysau_template\system\CodeIgniter.php(928): App\Controllers\perhitungan->index()
#6 D:\laragon\www\mysau_template\system\CodeIgniter.php(436): CodeIgniter\CodeIgniter->runController(Object(App\Controllers\perhitungan))
#7 D:\laragon\www\mysau_template\system\CodeIgniter.php(336): CodeIgniter\CodeIgniter->handleRequest(NULL, Object(Config\Cache), false)
#8 D:\laragon\www\mysau_template\public\index.php(37): CodeIgniter\CodeIgniter->run()
#9 D:\laragon\www\mysau_template\system\Commands\Server\rewrite.php(45): require_once('D:\\laragon\\www\\...')
#10 {main}
CRITICAL - 2023-12-19 13:30:22 --> Undefined index: sifat
#0 D:\laragon\www\mysau_template\app\Views\perhitungan.php(100): CodeIgniter\Debug\Exceptions->errorHandler(8, 'Undefined index...', 'D:\\laragon\\www\\...', 100, Array)
#1 D:\laragon\www\mysau_template\system\View\View.php(230): include('D:\\laragon\\www\\...')
#2 D:\laragon\www\mysau_template\system\View\View.php(232): CodeIgniter\View\View->CodeIgniter\View\{closure}()
#3 D:\laragon\www\mysau_template\system\Common.php(1271): CodeIgniter\View\View->render('perhitungan', Array, true)
#4 D:\laragon\www\mysau_template\app\Controllers\perhitungan.php(26): view('perhitungan', Array, Array)
#5 D:\laragon\www\mysau_template\system\CodeIgniter.php(928): App\Controllers\perhitungan->index()
#6 D:\laragon\www\mysau_template\system\CodeIgniter.php(436): CodeIgniter\CodeIgniter->runController(Object(App\Controllers\perhitungan))
#7 D:\laragon\www\mysau_template\system\CodeIgniter.php(336): CodeIgniter\CodeIgniter->handleRequest(NULL, Object(Config\Cache), false)
#8 D:\laragon\www\mysau_template\public\index.php(37): CodeIgniter\CodeIgniter->run()
#9 D:\laragon\www\mysau_template\system\Commands\Server\rewrite.php(45): require_once('D:\\laragon\\www\\...')
#10 {main}
