CRITICAL - 2023-11-29 11:31:18 --> Undefined index: sifat
#0 D:\laragon\www\mysau_template\app\Views\perhitungan.php(119): CodeIgniter\Debug\Exceptions->errorHandler(8, 'Undefined index...', 'D:\\laragon\\www\\...', 119, Array)
#1 D:\laragon\www\mysau_template\system\View\View.php(230): include('D:\\laragon\\www\\...')
#2 D:\laragon\www\mysau_template\system\View\View.php(232): CodeIgniter\View\View->CodeIgniter\View\{closure}()
#3 D:\laragon\www\mysau_template\system\Common.php(1271): CodeIgniter\View\View->render('perhitungan', Array, true)
#4 D:\laragon\www\mysau_template\app\Controllers\perhitungan.php(26): view('perhitungan', Array, Array)
#5 D:\laragon\www\mysau_template\system\CodeIgniter.php(928): App\Controllers\perhitungan->index()
#6 D:\laragon\www\mysau_template\system\CodeIgniter.php(436): CodeIgniter\CodeIgniter->runController(Object(App\Controllers\perhitungan))
#7 D:\laragon\www\mysau_template\system\CodeIgniter.php(336): CodeIgniter\CodeIgniter->handleRequest(NULL, Object(Config\Cache), false)
#8 D:\laragon\www\mysau_template\public\index.php(37): CodeIgniter\CodeIgniter->run()
#9 D:\laragon\www\mysau_template\system\Commands\Server\rewrite.php(45): require_once('D:\\laragon\\www\\...')
#10 {main}
CRITICAL - 2023-11-29 11:32:40 --> Undefined index: sifat
#0 D:\laragon\www\mysau_template\app\Views\perhitungan.php(119): CodeIgniter\Debug\Exceptions->errorHandler(8, 'Undefined index...', 'D:\\laragon\\www\\...', 119, Array)
#1 D:\laragon\www\mysau_template\system\View\View.php(230): include('D:\\laragon\\www\\...')
#2 D:\laragon\www\mysau_template\system\View\View.php(232): CodeIgniter\View\View->CodeIgniter\View\{closure}()
#3 D:\laragon\www\mysau_template\system\Common.php(1271): CodeIgniter\View\View->render('perhitungan', Array, true)
#4 D:\laragon\www\mysau_template\app\Controllers\perhitungan.php(26): view('perhitungan', Array, Array)
#5 D:\laragon\www\mysau_template\system\CodeIgniter.php(928): App\Controllers\perhitungan->index()
#6 D:\laragon\www\mysau_template\system\CodeIgniter.php(436): CodeIgniter\CodeIgniter->runController(Object(App\Controllers\perhitungan))
#7 D:\laragon\www\mysau_template\system\CodeIgniter.php(336): CodeIgniter\CodeIgniter->handleRequest(NULL, Object(Config\Cache), false)
#8 D:\laragon\www\mysau_template\public\index.php(37): CodeIgniter\CodeIgniter->run()
#9 D:\laragon\www\mysau_template\system\Commands\Server\rewrite.php(45): require_once('D:\\laragon\\www\\...')
#10 {main}
CRITICAL - 2023-11-29 11:32:42 --> Undefined index: sifat
#0 D:\laragon\www\mysau_template\app\Views\perhitungan.php(119): CodeIgniter\Debug\Exceptions->errorHandler(8, 'Undefined index...', 'D:\\laragon\\www\\...', 119, Array)
#1 D:\laragon\www\mysau_template\system\View\View.php(230): include('D:\\laragon\\www\\...')
#2 D:\laragon\www\mysau_template\system\View\View.php(232): CodeIgniter\View\View->CodeIgniter\View\{closure}()
#3 D:\laragon\www\mysau_template\system\Common.php(1271): CodeIgniter\View\View->render('perhitungan', Array, true)
#4 D:\laragon\www\mysau_template\app\Controllers\perhitungan.php(26): view('perhitungan', Array, Array)
#5 D:\laragon\www\mysau_template\system\CodeIgniter.php(928): App\Controllers\perhitungan->index()
#6 D:\laragon\www\mysau_template\system\CodeIgniter.php(436): CodeIgniter\CodeIgniter->runController(Object(App\Controllers\perhitungan))
#7 D:\laragon\www\mysau_template\system\CodeIgniter.php(336): CodeIgniter\CodeIgniter->handleRequest(NULL, Object(Config\Cache), false)
#8 D:\laragon\www\mysau_template\public\index.php(37): CodeIgniter\CodeIgniter->run()
#9 D:\laragon\www\mysau_template\system\Commands\Server\rewrite.php(45): require_once('D:\\laragon\\www\\...')
#10 {main}
CRITICAL - 2023-11-29 11:32:52 --> Undefined index: sifat
#0 D:\laragon\www\mysau_template\app\Views\perhitungan.php(119): CodeIgniter\Debug\Exceptions->errorHandler(8, 'Undefined index...', 'D:\\laragon\\www\\...', 119, Array)
#1 D:\laragon\www\mysau_template\system\View\View.php(230): include('D:\\laragon\\www\\...')
#2 D:\laragon\www\mysau_template\system\View\View.php(232): CodeIgniter\View\View->CodeIgniter\View\{closure}()
#3 D:\laragon\www\mysau_template\system\Common.php(1271): CodeIgniter\View\View->render('perhitungan', Array, true)
#4 D:\laragon\www\mysau_template\app\Controllers\perhitungan.php(26): view('perhitungan', Array, Array)
#5 D:\laragon\www\mysau_template\system\CodeIgniter.php(928): App\Controllers\perhitungan->index()
#6 D:\laragon\www\mysau_template\system\CodeIgniter.php(436): CodeIgniter\CodeIgniter->runController(Object(App\Controllers\perhitungan))
#7 D:\laragon\www\mysau_template\system\CodeIgniter.php(336): CodeIgniter\CodeIgniter->handleRequest(NULL, Object(Config\Cache), false)
#8 D:\laragon\www\mysau_template\public\index.php(37): CodeIgniter\CodeIgniter->run()
#9 D:\laragon\www\mysau_template\system\Commands\Server\rewrite.php(45): require_once('D:\\laragon\\www\\...')
#10 {main}
CRITICAL - 2023-11-29 13:02:57 --> Cannot redeclare App\Models\perhitunganModel::get_form()
#0 [internal function]: CodeIgniter\Debug\Exceptions->shutdownHandler()
#1 {main}
