CRITICAL - 2023-06-20 14:03:02 --> Undefined index: pn
#0 D:\laragon\www\mysau_template\app\Views\welcome_message.php(47): CodeIgniter\Debug\Exceptions->errorHandler(8, 'Undefined index...', 'D:\\laragon\\www\\...', 47, Array)
#1 D:\laragon\www\mysau_template\system\View\View.php(230): include('D:\\laragon\\www\\...')
#2 D:\laragon\www\mysau_template\system\View\View.php(232): CodeIgniter\View\View->CodeIgniter\View\{closure}()
#3 D:\laragon\www\mysau_template\system\Common.php(1271): CodeIgniter\View\View->render('welcome_message', Array, true)
#4 D:\laragon\www\mysau_template\app\Controllers\Home.php(30): view('welcome_message', Array, Array)
#5 D:\laragon\www\mysau_template\system\CodeIgniter.php(928): App\Controllers\Home->index()
#6 D:\laragon\www\mysau_template\system\CodeIgniter.php(436): CodeIgniter\CodeIgniter->runController(Object(App\Controllers\Home))
#7 D:\laragon\www\mysau_template\system\CodeIgniter.php(336): CodeIgniter\CodeIgniter->handleRequest(NULL, Object(Config\Cache), false)
#8 D:\laragon\www\mysau_template\public\index.php(37): CodeIgniter\CodeIgniter->run()
#9 D:\laragon\www\mysau_template\system\Commands\Server\rewrite.php(45): require_once('D:\\laragon\\www\\...')
#10 {main}
CRITICAL - 2023-06-20 14:03:55 --> Undefined index: pn
#0 D:\laragon\www\mysau_template\app\Views\welcome_message.php(82): CodeIgniter\Debug\Exceptions->errorHandler(8, 'Undefined index...', 'D:\\laragon\\www\\...', 82, Array)
#1 D:\laragon\www\mysau_template\system\View\View.php(230): include('D:\\laragon\\www\\...')
#2 D:\laragon\www\mysau_template\system\View\View.php(232): CodeIgniter\View\View->CodeIgniter\View\{closure}()
#3 D:\laragon\www\mysau_template\system\Common.php(1271): CodeIgniter\View\View->render('welcome_message', Array, true)
#4 D:\laragon\www\mysau_template\app\Controllers\Home.php(30): view('welcome_message', Array, Array)
#5 D:\laragon\www\mysau_template\system\CodeIgniter.php(928): App\Controllers\Home->index()
#6 D:\laragon\www\mysau_template\system\CodeIgniter.php(436): CodeIgniter\CodeIgniter->runController(Object(App\Controllers\Home))
#7 D:\laragon\www\mysau_template\system\CodeIgniter.php(336): CodeIgniter\CodeIgniter->handleRequest(NULL, Object(Config\Cache), false)
#8 D:\laragon\www\mysau_template\public\index.php(37): CodeIgniter\CodeIgniter->run()
#9 D:\laragon\www\mysau_template\system\Commands\Server\rewrite.php(45): require_once('D:\\laragon\\www\\...')
#10 {main}
CRITICAL - 2023-06-20 14:05:01 --> Undefined index: pn
#0 D:\laragon\www\mysau_template\app\Views\welcome_message.php(82): CodeIgniter\Debug\Exceptions->errorHandler(8, 'Undefined index...', 'D:\\laragon\\www\\...', 82, Array)
#1 D:\laragon\www\mysau_template\system\View\View.php(230): include('D:\\laragon\\www\\...')
#2 D:\laragon\www\mysau_template\system\View\View.php(232): CodeIgniter\View\View->CodeIgniter\View\{closure}()
#3 D:\laragon\www\mysau_template\system\Common.php(1271): CodeIgniter\View\View->render('welcome_message', Array, true)
#4 D:\laragon\www\mysau_template\app\Controllers\Home.php(30): view('welcome_message', Array, Array)
#5 D:\laragon\www\mysau_template\system\CodeIgniter.php(928): App\Controllers\Home->index()
#6 D:\laragon\www\mysau_template\system\CodeIgniter.php(436): CodeIgniter\CodeIgniter->runController(Object(App\Controllers\Home))
#7 D:\laragon\www\mysau_template\system\CodeIgniter.php(336): CodeIgniter\CodeIgniter->handleRequest(NULL, Object(Config\Cache), false)
#8 D:\laragon\www\mysau_template\public\index.php(37): CodeIgniter\CodeIgniter->run()
#9 D:\laragon\www\mysau_template\system\Commands\Server\rewrite.php(45): require_once('D:\\laragon\\www\\...')
#10 {main}
CRITICAL - 2023-06-20 14:05:04 --> Undefined index: pn
#0 D:\laragon\www\mysau_template\app\Views\welcome_message.php(82): CodeIgniter\Debug\Exceptions->errorHandler(8, 'Undefined index...', 'D:\\laragon\\www\\...', 82, Array)
#1 D:\laragon\www\mysau_template\system\View\View.php(230): include('D:\\laragon\\www\\...')
#2 D:\laragon\www\mysau_template\system\View\View.php(232): CodeIgniter\View\View->CodeIgniter\View\{closure}()
#3 D:\laragon\www\mysau_template\system\Common.php(1271): CodeIgniter\View\View->render('welcome_message', Array, true)
#4 D:\laragon\www\mysau_template\app\Controllers\Home.php(30): view('welcome_message', Array, Array)
#5 D:\laragon\www\mysau_template\system\CodeIgniter.php(928): App\Controllers\Home->index()
#6 D:\laragon\www\mysau_template\system\CodeIgniter.php(436): CodeIgniter\CodeIgniter->runController(Object(App\Controllers\Home))
#7 D:\laragon\www\mysau_template\system\CodeIgniter.php(336): CodeIgniter\CodeIgniter->handleRequest(NULL, Object(Config\Cache), false)
#8 D:\laragon\www\mysau_template\public\index.php(37): CodeIgniter\CodeIgniter->run()
#9 D:\laragon\www\mysau_template\system\Commands\Server\rewrite.php(45): require_once('D:\\laragon\\www\\...')
#10 {main}
CRITICAL - 2023-06-20 14:05:05 --> Undefined index: pn
#0 D:\laragon\www\mysau_template\app\Views\welcome_message.php(82): CodeIgniter\Debug\Exceptions->errorHandler(8, 'Undefined index...', 'D:\\laragon\\www\\...', 82, Array)
#1 D:\laragon\www\mysau_template\system\View\View.php(230): include('D:\\laragon\\www\\...')
#2 D:\laragon\www\mysau_template\system\View\View.php(232): CodeIgniter\View\View->CodeIgniter\View\{closure}()
#3 D:\laragon\www\mysau_template\system\Common.php(1271): CodeIgniter\View\View->render('welcome_message', Array, true)
#4 D:\laragon\www\mysau_template\app\Controllers\Home.php(30): view('welcome_message', Array, Array)
#5 D:\laragon\www\mysau_template\system\CodeIgniter.php(928): App\Controllers\Home->index()
#6 D:\laragon\www\mysau_template\system\CodeIgniter.php(436): CodeIgniter\CodeIgniter->runController(Object(App\Controllers\Home))
#7 D:\laragon\www\mysau_template\system\CodeIgniter.php(336): CodeIgniter\CodeIgniter->handleRequest(NULL, Object(Config\Cache), false)
#8 D:\laragon\www\mysau_template\public\index.php(37): CodeIgniter\CodeIgniter->run()
#9 D:\laragon\www\mysau_template\system\Commands\Server\rewrite.php(45): require_once('D:\\laragon\\www\\...')
#10 {main}
CRITICAL - 2023-06-20 14:05:45 --> Undefined index: pn
#0 D:\laragon\www\mysau_template\app\Views\welcome_message.php(82): CodeIgniter\Debug\Exceptions->errorHandler(8, 'Undefined index...', 'D:\\laragon\\www\\...', 82, Array)
#1 D:\laragon\www\mysau_template\system\View\View.php(230): include('D:\\laragon\\www\\...')
#2 D:\laragon\www\mysau_template\system\View\View.php(232): CodeIgniter\View\View->CodeIgniter\View\{closure}()
#3 D:\laragon\www\mysau_template\system\Common.php(1271): CodeIgniter\View\View->render('welcome_message', Array, true)
#4 D:\laragon\www\mysau_template\app\Controllers\Home.php(30): view('welcome_message', Array, Array)
#5 D:\laragon\www\mysau_template\system\CodeIgniter.php(928): App\Controllers\Home->index()
#6 D:\laragon\www\mysau_template\system\CodeIgniter.php(436): CodeIgniter\CodeIgniter->runController(Object(App\Controllers\Home))
#7 D:\laragon\www\mysau_template\system\CodeIgniter.php(336): CodeIgniter\CodeIgniter->handleRequest(NULL, Object(Config\Cache), false)
#8 D:\laragon\www\mysau_template\public\index.php(37): CodeIgniter\CodeIgniter->run()
#9 D:\laragon\www\mysau_template\system\Commands\Server\rewrite.php(45): require_once('D:\\laragon\\www\\...')
#10 {main}
CRITICAL - 2023-06-20 14:06:32 --> Undefined index: pn_proses
#0 D:\laragon\www\mysau_template\app\Views\welcome_message.php(47): CodeIgniter\Debug\Exceptions->errorHandler(8, 'Undefined index...', 'D:\\laragon\\www\\...', 47, Array)
#1 D:\laragon\www\mysau_template\system\View\View.php(230): include('D:\\laragon\\www\\...')
#2 D:\laragon\www\mysau_template\system\View\View.php(232): CodeIgniter\View\View->CodeIgniter\View\{closure}()
#3 D:\laragon\www\mysau_template\system\Common.php(1271): CodeIgniter\View\View->render('welcome_message', Array, true)
#4 D:\laragon\www\mysau_template\app\Controllers\Home.php(30): view('welcome_message', Array, Array)
#5 D:\laragon\www\mysau_template\system\CodeIgniter.php(928): App\Controllers\Home->index()
#6 D:\laragon\www\mysau_template\system\CodeIgniter.php(436): CodeIgniter\CodeIgniter->runController(Object(App\Controllers\Home))
#7 D:\laragon\www\mysau_template\system\CodeIgniter.php(336): CodeIgniter\CodeIgniter->handleRequest(NULL, Object(Config\Cache), false)
#8 D:\laragon\www\mysau_template\public\index.php(37): CodeIgniter\CodeIgniter->run()
#9 D:\laragon\www\mysau_template\system\Commands\Server\rewrite.php(45): require_once('D:\\laragon\\www\\...')
#10 {main}
