CRITICAL - 2024-01-18 12:02:35 --> There is no data to update.
#0 D:\laragon\www\test\system\BaseModel.php(896): CodeIgniter\Database\Exceptions\DataException::forEmptyDataset('update')
#1 D:\laragon\www\test\system\Model.php(718): CodeIgniter\BaseModel->update(NULL, Array)
#2 D:\laragon\www\test\app\Controllers\ListKaryawan.php(111): CodeIgniter\Model->update(NULL, Array)
#3 D:\laragon\www\test\system\CodeIgniter.php(928): App\Controllers\ListKaryawan->update('1679')
#4 D:\laragon\www\test\system\CodeIgniter.php(436): CodeIgniter\CodeIgniter->runController(Object(App\Controllers\ListKaryawan))
#5 D:\laragon\www\test\system\CodeIgniter.php(336): CodeIgniter\CodeIgniter->handleRequest(NULL, Object(Config\Cache), false)
#6 D:\laragon\www\test\public\index.php(37): CodeIgniter\CodeIgniter->run()
#7 D:\laragon\www\test\system\Commands\Server\rewrite.php(45): require_once('D:\\laragon\\www\\...')
#8 {main}
CRITICAL - 2024-01-18 12:05:49 --> Undefined variable: datatable
#0 D:\laragon\www\test\app\Views\tabelKaryawan.php(13): CodeIgniter\Debug\Exceptions->errorHandler(8, 'Undefined varia...', 'D:\\laragon\\www\\...', 13, Array)
#1 D:\laragon\www\test\system\View\View.php(230): include('D:\\laragon\\www\\...')
#2 D:\laragon\www\test\system\View\View.php(232): CodeIgniter\View\View->CodeIgniter\View\{closure}()
#3 D:\laragon\www\test\system\Common.php(1271): CodeIgniter\View\View->render('tabelKaryawan', Array, true)
#4 D:\laragon\www\test\app\Controllers\ListKaryawan.php(98): view('tabelKaryawan')
#5 D:\laragon\www\test\system\CodeIgniter.php(928): App\Controllers\ListKaryawan->editView()
#6 D:\laragon\www\test\system\CodeIgniter.php(436): CodeIgniter\CodeIgniter->runController(Object(App\Controllers\ListKaryawan))
#7 D:\laragon\www\test\system\CodeIgniter.php(336): CodeIgniter\CodeIgniter->handleRequest(NULL, Object(Config\Cache), false)
#8 D:\laragon\www\test\public\index.php(37): CodeIgniter\CodeIgniter->run()
#9 D:\laragon\www\test\system\Commands\Server\rewrite.php(45): require_once('D:\\laragon\\www\\...')
#10 {main}
CRITICAL - 2024-01-18 12:08:20 --> Undefined variable: karyawan
#0 D:\laragon\www\test\app\Views\updateDataKaryawan.php(21): CodeIgniter\Debug\Exceptions->errorHandler(8, 'Undefined varia...', 'D:\\laragon\\www\\...', 21, Array)
#1 D:\laragon\www\test\system\View\View.php(230): include('D:\\laragon\\www\\...')
#2 D:\laragon\www\test\system\View\View.php(232): CodeIgniter\View\View->CodeIgniter\View\{closure}()
#3 D:\laragon\www\test\system\Common.php(1271): CodeIgniter\View\View->render('updateDataKarya...', Array, true)
#4 D:\laragon\www\test\app\Controllers\ListKaryawan.php(102): view('updateDataKarya...', Array)
#5 D:\laragon\www\test\system\CodeIgniter.php(928): App\Controllers\ListKaryawan->editView()
#6 D:\laragon\www\test\system\CodeIgniter.php(436): CodeIgniter\CodeIgniter->runController(Object(App\Controllers\ListKaryawan))
#7 D:\laragon\www\test\system\CodeIgniter.php(336): CodeIgniter\CodeIgniter->handleRequest(NULL, Object(Config\Cache), false)
#8 D:\laragon\www\test\public\index.php(37): CodeIgniter\CodeIgniter->run()
#9 D:\laragon\www\test\system\Commands\Server\rewrite.php(45): require_once('D:\\laragon\\www\\...')
#10 {main}
CRITICAL - 2024-01-18 12:08:47 --> Undefined index: Nama_PN_md
#0 D:\laragon\www\test\app\Views\updateDataKaryawan.php(23): CodeIgniter\Debug\Exceptions->errorHandler(8, 'Undefined index...', 'D:\\laragon\\www\\...', 23, Array)
#1 D:\laragon\www\test\system\View\View.php(230): include('D:\\laragon\\www\\...')
#2 D:\laragon\www\test\system\View\View.php(232): CodeIgniter\View\View->CodeIgniter\View\{closure}()
#3 D:\laragon\www\test\system\Common.php(1271): CodeIgniter\View\View->render('updateDataKarya...', Array, true)
#4 D:\laragon\www\test\app\Controllers\ListKaryawan.php(102): view('updateDataKarya...', Array)
#5 D:\laragon\www\test\system\CodeIgniter.php(928): App\Controllers\ListKaryawan->editView()
#6 D:\laragon\www\test\system\CodeIgniter.php(436): CodeIgniter\CodeIgniter->runController(Object(App\Controllers\ListKaryawan))
#7 D:\laragon\www\test\system\CodeIgniter.php(336): CodeIgniter\CodeIgniter->handleRequest(NULL, Object(Config\Cache), false)
#8 D:\laragon\www\test\public\index.php(37): CodeIgniter\CodeIgniter->run()
#9 D:\laragon\www\test\system\Commands\Server\rewrite.php(45): require_once('D:\\laragon\\www\\...')
#10 {main}
CRITICAL - 2024-01-18 12:09:43 --> Undefined index: Nama_PN_md
#0 D:\laragon\www\test\app\Views\updateDataKaryawan.php(23): CodeIgniter\Debug\Exceptions->errorHandler(8, 'Undefined index...', 'D:\\laragon\\www\\...', 23, Array)
#1 D:\laragon\www\test\system\View\View.php(230): include('D:\\laragon\\www\\...')
#2 D:\laragon\www\test\system\View\View.php(232): CodeIgniter\View\View->CodeIgniter\View\{closure}()
#3 D:\laragon\www\test\system\Common.php(1271): CodeIgniter\View\View->render('updateDataKarya...', Array, true)
#4 D:\laragon\www\test\app\Controllers\ListKaryawan.php(103): view('updateDataKarya...', Array)
#5 D:\laragon\www\test\system\CodeIgniter.php(928): App\Controllers\ListKaryawan->editView()
#6 D:\laragon\www\test\system\CodeIgniter.php(436): CodeIgniter\CodeIgniter->runController(Object(App\Controllers\ListKaryawan))
#7 D:\laragon\www\test\system\CodeIgniter.php(336): CodeIgniter\CodeIgniter->handleRequest(NULL, Object(Config\Cache), false)
#8 D:\laragon\www\test\public\index.php(37): CodeIgniter\CodeIgniter->run()
#9 D:\laragon\www\test\system\Commands\Server\rewrite.php(45): require_once('D:\\laragon\\www\\...')
#10 {main}
CRITICAL - 2024-01-18 12:10:10 --> Undefined index: Nama_PN_md
#0 D:\laragon\www\test\app\Views\updateDataKaryawan.php(23): CodeIgniter\Debug\Exceptions->errorHandler(8, 'Undefined index...', 'D:\\laragon\\www\\...', 23, Array)
#1 D:\laragon\www\test\system\View\View.php(230): include('D:\\laragon\\www\\...')
#2 D:\laragon\www\test\system\View\View.php(232): CodeIgniter\View\View->CodeIgniter\View\{closure}()
#3 D:\laragon\www\test\system\Common.php(1271): CodeIgniter\View\View->render('updateDataKarya...', Array, true)
#4 D:\laragon\www\test\app\Controllers\ListKaryawan.php(103): view('updateDataKarya...', Array)
#5 D:\laragon\www\test\system\CodeIgniter.php(928): App\Controllers\ListKaryawan->editView()
#6 D:\laragon\www\test\system\CodeIgniter.php(436): CodeIgniter\CodeIgniter->runController(Object(App\Controllers\ListKaryawan))
#7 D:\laragon\www\test\system\CodeIgniter.php(336): CodeIgniter\CodeIgniter->handleRequest(NULL, Object(Config\Cache), false)
#8 D:\laragon\www\test\public\index.php(37): CodeIgniter\CodeIgniter->run()
#9 D:\laragon\www\test\system\Commands\Server\rewrite.php(45): require_once('D:\\laragon\\www\\...')
#10 {main}
CRITICAL - 2024-01-18 12:10:24 --> Undefined index: Nama_PN_md
#0 D:\laragon\www\test\app\Views\updateDataKaryawan.php(23): CodeIgniter\Debug\Exceptions->errorHandler(8, 'Undefined index...', 'D:\\laragon\\www\\...', 23, Array)
#1 D:\laragon\www\test\system\View\View.php(230): include('D:\\laragon\\www\\...')
#2 D:\laragon\www\test\system\View\View.php(232): CodeIgniter\View\View->CodeIgniter\View\{closure}()
#3 D:\laragon\www\test\system\Common.php(1271): CodeIgniter\View\View->render('updateDataKarya...', Array, true)
#4 D:\laragon\www\test\app\Controllers\ListKaryawan.php(103): view('updateDataKarya...', Array)
#5 D:\laragon\www\test\system\CodeIgniter.php(928): App\Controllers\ListKaryawan->editView()
#6 D:\laragon\www\test\system\CodeIgniter.php(436): CodeIgniter\CodeIgniter->runController(Object(App\Controllers\ListKaryawan))
#7 D:\laragon\www\test\system\CodeIgniter.php(336): CodeIgniter\CodeIgniter->handleRequest(NULL, Object(Config\Cache), false)
#8 D:\laragon\www\test\public\index.php(37): CodeIgniter\CodeIgniter->run()
#9 D:\laragon\www\test\system\Commands\Server\rewrite.php(45): require_once('D:\\laragon\\www\\...')
#10 {main}
CRITICAL - 2024-01-18 12:10:33 --> Undefined index: Nama_PN_md
#0 D:\laragon\www\test\app\Views\updateDataKaryawan.php(23): CodeIgniter\Debug\Exceptions->errorHandler(8, 'Undefined index...', 'D:\\laragon\\www\\...', 23, Array)
#1 D:\laragon\www\test\system\View\View.php(230): include('D:\\laragon\\www\\...')
#2 D:\laragon\www\test\system\View\View.php(232): CodeIgniter\View\View->CodeIgniter\View\{closure}()
#3 D:\laragon\www\test\system\Common.php(1271): CodeIgniter\View\View->render('updateDataKarya...', Array, true)
#4 D:\laragon\www\test\app\Controllers\ListKaryawan.php(103): view('updateDataKarya...', Array)
#5 D:\laragon\www\test\system\CodeIgniter.php(928): App\Controllers\ListKaryawan->editView()
#6 D:\laragon\www\test\system\CodeIgniter.php(436): CodeIgniter\CodeIgniter->runController(Object(App\Controllers\ListKaryawan))
#7 D:\laragon\www\test\system\CodeIgniter.php(336): CodeIgniter\CodeIgniter->handleRequest(NULL, Object(Config\Cache), false)
#8 D:\laragon\www\test\public\index.php(37): CodeIgniter\CodeIgniter->run()
#9 D:\laragon\www\test\system\Commands\Server\rewrite.php(45): require_once('D:\\laragon\\www\\...')
#10 {main}
CRITICAL - 2024-01-18 12:10:43 --> Undefined index: Nama_PN_md
#0 D:\laragon\www\test\app\Views\updateDataKaryawan.php(23): CodeIgniter\Debug\Exceptions->errorHandler(8, 'Undefined index...', 'D:\\laragon\\www\\...', 23, Array)
#1 D:\laragon\www\test\system\View\View.php(230): include('D:\\laragon\\www\\...')
#2 D:\laragon\www\test\system\View\View.php(232): CodeIgniter\View\View->CodeIgniter\View\{closure}()
#3 D:\laragon\www\test\system\Common.php(1271): CodeIgniter\View\View->render('updateDataKarya...', Array, true)
#4 D:\laragon\www\test\app\Controllers\ListKaryawan.php(103): view('updateDataKarya...', Array)
#5 D:\laragon\www\test\system\CodeIgniter.php(928): App\Controllers\ListKaryawan->editView()
#6 D:\laragon\www\test\system\CodeIgniter.php(436): CodeIgniter\CodeIgniter->runController(Object(App\Controllers\ListKaryawan))
#7 D:\laragon\www\test\system\CodeIgniter.php(336): CodeIgniter\CodeIgniter->handleRequest(NULL, Object(Config\Cache), false)
#8 D:\laragon\www\test\public\index.php(37): CodeIgniter\CodeIgniter->run()
#9 D:\laragon\www\test\system\Commands\Server\rewrite.php(45): require_once('D:\\laragon\\www\\...')
#10 {main}
CRITICAL - 2024-01-18 12:10:45 --> Undefined index: Nama_PN_md
#0 D:\laragon\www\test\app\Views\updateDataKaryawan.php(23): CodeIgniter\Debug\Exceptions->errorHandler(8, 'Undefined index...', 'D:\\laragon\\www\\...', 23, Array)
#1 D:\laragon\www\test\system\View\View.php(230): include('D:\\laragon\\www\\...')
#2 D:\laragon\www\test\system\View\View.php(232): CodeIgniter\View\View->CodeIgniter\View\{closure}()
#3 D:\laragon\www\test\system\Common.php(1271): CodeIgniter\View\View->render('updateDataKarya...', Array, true)
#4 D:\laragon\www\test\app\Controllers\ListKaryawan.php(103): view('updateDataKarya...', Array)
#5 D:\laragon\www\test\system\CodeIgniter.php(928): App\Controllers\ListKaryawan->editView()
#6 D:\laragon\www\test\system\CodeIgniter.php(436): CodeIgniter\CodeIgniter->runController(Object(App\Controllers\ListKaryawan))
#7 D:\laragon\www\test\system\CodeIgniter.php(336): CodeIgniter\CodeIgniter->handleRequest(NULL, Object(Config\Cache), false)
#8 D:\laragon\www\test\public\index.php(37): CodeIgniter\CodeIgniter->run()
#9 D:\laragon\www\test\system\Commands\Server\rewrite.php(45): require_once('D:\\laragon\\www\\...')
#10 {main}
CRITICAL - 2024-01-18 12:11:25 --> Undefined index: Nama_PN_md
#0 D:\laragon\www\test\app\Views\updateDataKaryawan.php(23): CodeIgniter\Debug\Exceptions->errorHandler(8, 'Undefined index...', 'D:\\laragon\\www\\...', 23, Array)
#1 D:\laragon\www\test\system\View\View.php(230): include('D:\\laragon\\www\\...')
#2 D:\laragon\www\test\system\View\View.php(232): CodeIgniter\View\View->CodeIgniter\View\{closure}()
#3 D:\laragon\www\test\system\Common.php(1271): CodeIgniter\View\View->render('updateDataKarya...', Array, true)
#4 D:\laragon\www\test\app\Controllers\ListKaryawan.php(103): view('updateDataKarya...', Array)
#5 D:\laragon\www\test\system\CodeIgniter.php(928): App\Controllers\ListKaryawan->editView()
#6 D:\laragon\www\test\system\CodeIgniter.php(436): CodeIgniter\CodeIgniter->runController(Object(App\Controllers\ListKaryawan))
#7 D:\laragon\www\test\system\CodeIgniter.php(336): CodeIgniter\CodeIgniter->handleRequest(NULL, Object(Config\Cache), false)
#8 D:\laragon\www\test\public\index.php(37): CodeIgniter\CodeIgniter->run()
#9 D:\laragon\www\test\system\Commands\Server\rewrite.php(45): require_once('D:\\laragon\\www\\...')
#10 {main}
CRITICAL - 2024-01-18 12:12:01 --> Undefined index: Nama_PN_md
#0 D:\laragon\www\test\app\Views\updateDataKaryawan.php(23): CodeIgniter\Debug\Exceptions->errorHandler(8, 'Undefined index...', 'D:\\laragon\\www\\...', 23, Array)
#1 D:\laragon\www\test\system\View\View.php(230): include('D:\\laragon\\www\\...')
#2 D:\laragon\www\test\system\View\View.php(232): CodeIgniter\View\View->CodeIgniter\View\{closure}()
#3 D:\laragon\www\test\system\Common.php(1271): CodeIgniter\View\View->render('updateDataKarya...', Array, true)
#4 D:\laragon\www\test\app\Controllers\ListKaryawan.php(103): view('updateDataKarya...', Array)
#5 D:\laragon\www\test\system\CodeIgniter.php(928): App\Controllers\ListKaryawan->editView()
#6 D:\laragon\www\test\system\CodeIgniter.php(436): CodeIgniter\CodeIgniter->runController(Object(App\Controllers\ListKaryawan))
#7 D:\laragon\www\test\system\CodeIgniter.php(336): CodeIgniter\CodeIgniter->handleRequest(NULL, Object(Config\Cache), false)
#8 D:\laragon\www\test\public\index.php(37): CodeIgniter\CodeIgniter->run()
#9 D:\laragon\www\test\system\Commands\Server\rewrite.php(45): require_once('D:\\laragon\\www\\...')
#10 {main}
CRITICAL - 2024-01-18 12:12:07 --> Undefined index: Nama_PN_md
#0 D:\laragon\www\test\app\Views\updateDataKaryawan.php(23): CodeIgniter\Debug\Exceptions->errorHandler(8, 'Undefined index...', 'D:\\laragon\\www\\...', 23, Array)
#1 D:\laragon\www\test\system\View\View.php(230): include('D:\\laragon\\www\\...')
#2 D:\laragon\www\test\system\View\View.php(232): CodeIgniter\View\View->CodeIgniter\View\{closure}()
#3 D:\laragon\www\test\system\Common.php(1271): CodeIgniter\View\View->render('updateDataKarya...', Array, true)
#4 D:\laragon\www\test\app\Controllers\ListKaryawan.php(103): view('updateDataKarya...', Array)
#5 D:\laragon\www\test\system\CodeIgniter.php(928): App\Controllers\ListKaryawan->editView()
#6 D:\laragon\www\test\system\CodeIgniter.php(436): CodeIgniter\CodeIgniter->runController(Object(App\Controllers\ListKaryawan))
#7 D:\laragon\www\test\system\CodeIgniter.php(336): CodeIgniter\CodeIgniter->handleRequest(NULL, Object(Config\Cache), false)
#8 D:\laragon\www\test\public\index.php(37): CodeIgniter\CodeIgniter->run()
#9 D:\laragon\www\test\system\Commands\Server\rewrite.php(45): require_once('D:\\laragon\\www\\...')
#10 {main}
CRITICAL - 2024-01-18 12:13:14 --> Undefined variable: id
#0 D:\laragon\www\test\app\Controllers\ListKaryawan.php(98): CodeIgniter\Debug\Exceptions->errorHandler(8, 'Undefined varia...', 'D:\\laragon\\www\\...', 98, Array)
#1 D:\laragon\www\test\system\CodeIgniter.php(928): App\Controllers\ListKaryawan->editView()
#2 D:\laragon\www\test\system\CodeIgniter.php(436): CodeIgniter\CodeIgniter->runController(Object(App\Controllers\ListKaryawan))
#3 D:\laragon\www\test\system\CodeIgniter.php(336): CodeIgniter\CodeIgniter->handleRequest(NULL, Object(Config\Cache), false)
#4 D:\laragon\www\test\public\index.php(37): CodeIgniter\CodeIgniter->run()
#5 D:\laragon\www\test\system\Commands\Server\rewrite.php(45): require_once('D:\\laragon\\www\\...')
#6 {main}
CRITICAL - 2024-01-18 12:13:40 --> Undefined variable: id
#0 D:\laragon\www\test\app\Controllers\ListKaryawan.php(98): CodeIgniter\Debug\Exceptions->errorHandler(8, 'Undefined varia...', 'D:\\laragon\\www\\...', 98, Array)
#1 D:\laragon\www\test\system\CodeIgniter.php(928): App\Controllers\ListKaryawan->editView()
#2 D:\laragon\www\test\system\CodeIgniter.php(436): CodeIgniter\CodeIgniter->runController(Object(App\Controllers\ListKaryawan))
#3 D:\laragon\www\test\system\CodeIgniter.php(336): CodeIgniter\CodeIgniter->handleRequest(NULL, Object(Config\Cache), false)
#4 D:\laragon\www\test\public\index.php(37): CodeIgniter\CodeIgniter->run()
#5 D:\laragon\www\test\system\Commands\Server\rewrite.php(45): require_once('D:\\laragon\\www\\...')
#6 {main}
CRITICAL - 2024-01-18 12:13:42 --> Undefined variable: id
#0 D:\laragon\www\test\app\Controllers\ListKaryawan.php(98): CodeIgniter\Debug\Exceptions->errorHandler(8, 'Undefined varia...', 'D:\\laragon\\www\\...', 98, Array)
#1 D:\laragon\www\test\system\CodeIgniter.php(928): App\Controllers\ListKaryawan->editView()
#2 D:\laragon\www\test\system\CodeIgniter.php(436): CodeIgniter\CodeIgniter->runController(Object(App\Controllers\ListKaryawan))
#3 D:\laragon\www\test\system\CodeIgniter.php(336): CodeIgniter\CodeIgniter->handleRequest(NULL, Object(Config\Cache), false)
#4 D:\laragon\www\test\public\index.php(37): CodeIgniter\CodeIgniter->run()
#5 D:\laragon\www\test\system\Commands\Server\rewrite.php(45): require_once('D:\\laragon\\www\\...')
#6 {main}
CRITICAL - 2024-01-18 12:13:43 --> Undefined variable: id
#0 D:\laragon\www\test\app\Controllers\ListKaryawan.php(98): CodeIgniter\Debug\Exceptions->errorHandler(8, 'Undefined varia...', 'D:\\laragon\\www\\...', 98, Array)
#1 D:\laragon\www\test\system\CodeIgniter.php(928): App\Controllers\ListKaryawan->editView()
#2 D:\laragon\www\test\system\CodeIgniter.php(436): CodeIgniter\CodeIgniter->runController(Object(App\Controllers\ListKaryawan))
#3 D:\laragon\www\test\system\CodeIgniter.php(336): CodeIgniter\CodeIgniter->handleRequest(NULL, Object(Config\Cache), false)
#4 D:\laragon\www\test\public\index.php(37): CodeIgniter\CodeIgniter->run()
#5 D:\laragon\www\test\system\Commands\Server\rewrite.php(45): require_once('D:\\laragon\\www\\...')
#6 {main}
CRITICAL - 2024-01-18 12:13:43 --> Undefined variable: id
#0 D:\laragon\www\test\app\Controllers\ListKaryawan.php(98): CodeIgniter\Debug\Exceptions->errorHandler(8, 'Undefined varia...', 'D:\\laragon\\www\\...', 98, Array)
#1 D:\laragon\www\test\system\CodeIgniter.php(928): App\Controllers\ListKaryawan->editView()
#2 D:\laragon\www\test\system\CodeIgniter.php(436): CodeIgniter\CodeIgniter->runController(Object(App\Controllers\ListKaryawan))
#3 D:\laragon\www\test\system\CodeIgniter.php(336): CodeIgniter\CodeIgniter->handleRequest(NULL, Object(Config\Cache), false)
#4 D:\laragon\www\test\public\index.php(37): CodeIgniter\CodeIgniter->run()
#5 D:\laragon\www\test\system\Commands\Server\rewrite.php(45): require_once('D:\\laragon\\www\\...')
#6 {main}
CRITICAL - 2024-01-18 12:13:43 --> Undefined variable: id
#0 D:\laragon\www\test\app\Controllers\ListKaryawan.php(98): CodeIgniter\Debug\Exceptions->errorHandler(8, 'Undefined varia...', 'D:\\laragon\\www\\...', 98, Array)
#1 D:\laragon\www\test\system\CodeIgniter.php(928): App\Controllers\ListKaryawan->editView()
#2 D:\laragon\www\test\system\CodeIgniter.php(436): CodeIgniter\CodeIgniter->runController(Object(App\Controllers\ListKaryawan))
#3 D:\laragon\www\test\system\CodeIgniter.php(336): CodeIgniter\CodeIgniter->handleRequest(NULL, Object(Config\Cache), false)
#4 D:\laragon\www\test\public\index.php(37): CodeIgniter\CodeIgniter->run()
#5 D:\laragon\www\test\system\Commands\Server\rewrite.php(45): require_once('D:\\laragon\\www\\...')
#6 {main}
CRITICAL - 2024-01-18 12:13:44 --> Undefined variable: id
#0 D:\laragon\www\test\app\Controllers\ListKaryawan.php(98): CodeIgniter\Debug\Exceptions->errorHandler(8, 'Undefined varia...', 'D:\\laragon\\www\\...', 98, Array)
#1 D:\laragon\www\test\system\CodeIgniter.php(928): App\Controllers\ListKaryawan->editView()
#2 D:\laragon\www\test\system\CodeIgniter.php(436): CodeIgniter\CodeIgniter->runController(Object(App\Controllers\ListKaryawan))
#3 D:\laragon\www\test\system\CodeIgniter.php(336): CodeIgniter\CodeIgniter->handleRequest(NULL, Object(Config\Cache), false)
#4 D:\laragon\www\test\public\index.php(37): CodeIgniter\CodeIgniter->run()
#5 D:\laragon\www\test\system\Commands\Server\rewrite.php(45): require_once('D:\\laragon\\www\\...')
#6 {main}
CRITICAL - 2024-01-18 12:13:48 --> Undefined variable: id
#0 D:\laragon\www\test\app\Controllers\ListKaryawan.php(98): CodeIgniter\Debug\Exceptions->errorHandler(8, 'Undefined varia...', 'D:\\laragon\\www\\...', 98, Array)
#1 D:\laragon\www\test\system\CodeIgniter.php(928): App\Controllers\ListKaryawan->editView()
#2 D:\laragon\www\test\system\CodeIgniter.php(436): CodeIgniter\CodeIgniter->runController(Object(App\Controllers\ListKaryawan))
#3 D:\laragon\www\test\system\CodeIgniter.php(336): CodeIgniter\CodeIgniter->handleRequest(NULL, Object(Config\Cache), false)
#4 D:\laragon\www\test\public\index.php(37): CodeIgniter\CodeIgniter->run()
#5 D:\laragon\www\test\system\Commands\Server\rewrite.php(45): require_once('D:\\laragon\\www\\...')
#6 {main}
CRITICAL - 2024-01-18 12:14:06 --> Too few arguments to function App\Controllers\ListKaryawan::editView(), 0 passed in D:\laragon\www\test\system\CodeIgniter.php on line 928 and exactly 1 expected
#0 D:\laragon\www\test\system\CodeIgniter.php(928): App\Controllers\ListKaryawan->editView()
#1 D:\laragon\www\test\system\CodeIgniter.php(436): CodeIgniter\CodeIgniter->runController(Object(App\Controllers\ListKaryawan))
#2 D:\laragon\www\test\system\CodeIgniter.php(336): CodeIgniter\CodeIgniter->handleRequest(NULL, Object(Config\Cache), false)
#3 D:\laragon\www\test\public\index.php(37): CodeIgniter\CodeIgniter->run()
#4 D:\laragon\www\test\system\Commands\Server\rewrite.php(45): require_once('D:\\laragon\\www\\...')
#5 {main}
CRITICAL - 2024-01-18 12:15:44 --> Too few arguments to function App\Controllers\ListKaryawan::editView(), 0 passed in D:\laragon\www\test\system\CodeIgniter.php on line 928 and exactly 1 expected
#0 D:\laragon\www\test\system\CodeIgniter.php(928): App\Controllers\ListKaryawan->editView()
#1 D:\laragon\www\test\system\CodeIgniter.php(436): CodeIgniter\CodeIgniter->runController(Object(App\Controllers\ListKaryawan))
#2 D:\laragon\www\test\system\CodeIgniter.php(336): CodeIgniter\CodeIgniter->handleRequest(NULL, Object(Config\Cache), false)
#3 D:\laragon\www\test\public\index.php(37): CodeIgniter\CodeIgniter->run()
#4 D:\laragon\www\test\system\Commands\Server\rewrite.php(45): require_once('D:\\laragon\\www\\...')
#5 {main}
CRITICAL - 2024-01-18 12:17:04 --> Too few arguments to function App\Controllers\ListKaryawan::editView(), 0 passed in D:\laragon\www\test\system\CodeIgniter.php on line 928 and exactly 1 expected
#0 D:\laragon\www\test\system\CodeIgniter.php(928): App\Controllers\ListKaryawan->editView()
#1 D:\laragon\www\test\system\CodeIgniter.php(436): CodeIgniter\CodeIgniter->runController(Object(App\Controllers\ListKaryawan))
#2 D:\laragon\www\test\system\CodeIgniter.php(336): CodeIgniter\CodeIgniter->handleRequest(NULL, Object(Config\Cache), false)
#3 D:\laragon\www\test\public\index.php(37): CodeIgniter\CodeIgniter->run()
#4 D:\laragon\www\test\system\Commands\Server\rewrite.php(45): require_once('D:\\laragon\\www\\...')
#5 {main}
CRITICAL - 2024-01-18 13:15:32 --> There is no data to update.
#0 D:\laragon\www\test\system\BaseModel.php(1668): CodeIgniter\Database\Exceptions\DataException::forEmptyDataset('update')
#1 D:\laragon\www\test\system\BaseModel.php(880): CodeIgniter\BaseModel->transformDataToArray(NULL, 'update')
#2 D:\laragon\www\test\system\Model.php(718): CodeIgniter\BaseModel->update(Array, NULL)
#3 D:\laragon\www\test\app\Controllers\ListKaryawan.php(127): CodeIgniter\Model->update(Array)
#4 D:\laragon\www\test\system\CodeIgniter.php(928): App\Controllers\ListKaryawan->saveEdit()
#5 D:\laragon\www\test\system\CodeIgniter.php(436): CodeIgniter\CodeIgniter->runController(Object(App\Controllers\ListKaryawan))
#6 D:\laragon\www\test\system\CodeIgniter.php(336): CodeIgniter\CodeIgniter->handleRequest(NULL, Object(Config\Cache), false)
#7 D:\laragon\www\test\public\index.php(37): CodeIgniter\CodeIgniter->run()
#8 D:\laragon\www\test\system\Commands\Server\rewrite.php(45): require_once('D:\\laragon\\www\\...')
#9 {main}
CRITICAL - 2024-01-18 13:16:43 --> There is no data to update.
#0 D:\laragon\www\test\system\BaseModel.php(1668): CodeIgniter\Database\Exceptions\DataException::forEmptyDataset('update')
#1 D:\laragon\www\test\system\BaseModel.php(880): CodeIgniter\BaseModel->transformDataToArray(NULL, 'update')
#2 D:\laragon\www\test\system\Model.php(718): CodeIgniter\BaseModel->update(Array, NULL)
#3 D:\laragon\www\test\app\Controllers\ListKaryawan.php(127): CodeIgniter\Model->update(Array)
#4 D:\laragon\www\test\system\CodeIgniter.php(928): App\Controllers\ListKaryawan->saveEdit()
#5 D:\laragon\www\test\system\CodeIgniter.php(436): CodeIgniter\CodeIgniter->runController(Object(App\Controllers\ListKaryawan))
#6 D:\laragon\www\test\system\CodeIgniter.php(336): CodeIgniter\CodeIgniter->handleRequest(NULL, Object(Config\Cache), false)
#7 D:\laragon\www\test\public\index.php(37): CodeIgniter\CodeIgniter->run()
#8 D:\laragon\www\test\system\Commands\Server\rewrite.php(45): require_once('D:\\laragon\\www\\...')
#9 {main}
CRITICAL - 2024-01-18 13:18:29 --> There is no data to update.
#0 D:\laragon\www\test\system\BaseModel.php(1668): CodeIgniter\Database\Exceptions\DataException::forEmptyDataset('update')
#1 D:\laragon\www\test\system\BaseModel.php(880): CodeIgniter\BaseModel->transformDataToArray(NULL, 'update')
#2 D:\laragon\www\test\system\Model.php(718): CodeIgniter\BaseModel->update(Array, NULL)
#3 D:\laragon\www\test\app\Controllers\ListKaryawan.php(127): CodeIgniter\Model->update(Array)
#4 D:\laragon\www\test\system\CodeIgniter.php(928): App\Controllers\ListKaryawan->saveEdit()
#5 D:\laragon\www\test\system\CodeIgniter.php(436): CodeIgniter\CodeIgniter->runController(Object(App\Controllers\ListKaryawan))
#6 D:\laragon\www\test\system\CodeIgniter.php(336): CodeIgniter\CodeIgniter->handleRequest(NULL, Object(Config\Cache), false)
#7 D:\laragon\www\test\public\index.php(37): CodeIgniter\CodeIgniter->run()
#8 D:\laragon\www\test\system\Commands\Server\rewrite.php(45): require_once('D:\\laragon\\www\\...')
#9 {main}
CRITICAL - 2024-01-18 13:19:53 --> There is no data to update.
#0 D:\laragon\www\test\system\BaseModel.php(1668): CodeIgniter\Database\Exceptions\DataException::forEmptyDataset('update')
#1 D:\laragon\www\test\system\BaseModel.php(880): CodeIgniter\BaseModel->transformDataToArray(NULL, 'update')
#2 D:\laragon\www\test\system\Model.php(718): CodeIgniter\BaseModel->update(Array, NULL)
#3 D:\laragon\www\test\app\Controllers\ListKaryawan.php(127): CodeIgniter\Model->update(Array)
#4 D:\laragon\www\test\system\CodeIgniter.php(928): App\Controllers\ListKaryawan->saveEdit()
#5 D:\laragon\www\test\system\CodeIgniter.php(436): CodeIgniter\CodeIgniter->runController(Object(App\Controllers\ListKaryawan))
#6 D:\laragon\www\test\system\CodeIgniter.php(336): CodeIgniter\CodeIgniter->handleRequest(NULL, Object(Config\Cache), false)
#7 D:\laragon\www\test\public\index.php(37): CodeIgniter\CodeIgniter->run()
#8 D:\laragon\www\test\system\Commands\Server\rewrite.php(45): require_once('D:\\laragon\\www\\...')
#9 {main}
CRITICAL - 2024-01-18 13:23:09 --> There is no data to update.
#0 D:\laragon\www\test\system\BaseModel.php(1668): CodeIgniter\Database\Exceptions\DataException::forEmptyDataset('update')
#1 D:\laragon\www\test\system\BaseModel.php(880): CodeIgniter\BaseModel->transformDataToArray(NULL, 'update')
#2 D:\laragon\www\test\system\Model.php(718): CodeIgniter\BaseModel->update(Array, NULL)
#3 D:\laragon\www\test\app\Controllers\ListKaryawan.php(127): CodeIgniter\Model->update(Array)
#4 D:\laragon\www\test\system\CodeIgniter.php(928): App\Controllers\ListKaryawan->saveEdit()
#5 D:\laragon\www\test\system\CodeIgniter.php(436): CodeIgniter\CodeIgniter->runController(Object(App\Controllers\ListKaryawan))
#6 D:\laragon\www\test\system\CodeIgniter.php(336): CodeIgniter\CodeIgniter->handleRequest(NULL, Object(Config\Cache), false)
#7 D:\laragon\www\test\public\index.php(37): CodeIgniter\CodeIgniter->run()
#8 D:\laragon\www\test\system\Commands\Server\rewrite.php(45): require_once('D:\\laragon\\www\\...')
#9 {main}
CRITICAL - 2024-01-18 13:26:41 --> There is no data to update.
#0 D:\laragon\www\test\system\BaseModel.php(1668): CodeIgniter\Database\Exceptions\DataException::forEmptyDataset('update')
#1 D:\laragon\www\test\system\BaseModel.php(880): CodeIgniter\BaseModel->transformDataToArray(NULL, 'update')
#2 D:\laragon\www\test\system\Model.php(718): CodeIgniter\BaseModel->update(Array, NULL)
#3 D:\laragon\www\test\app\Controllers\ListKaryawan.php(127): CodeIgniter\Model->update(Array)
#4 D:\laragon\www\test\system\CodeIgniter.php(928): App\Controllers\ListKaryawan->saveEdit()
#5 D:\laragon\www\test\system\CodeIgniter.php(436): CodeIgniter\CodeIgniter->runController(Object(App\Controllers\ListKaryawan))
#6 D:\laragon\www\test\system\CodeIgniter.php(336): CodeIgniter\CodeIgniter->handleRequest(NULL, Object(Config\Cache), false)
#7 D:\laragon\www\test\public\index.php(37): CodeIgniter\CodeIgniter->run()
#8 D:\laragon\www\test\system\Commands\Server\rewrite.php(45): require_once('D:\\laragon\\www\\...')
#9 {main}
CRITICAL - 2024-01-18 13:30:13 --> There is no data to update.
#0 D:\laragon\www\test\system\BaseModel.php(1668): CodeIgniter\Database\Exceptions\DataException::forEmptyDataset('update')
#1 D:\laragon\www\test\system\BaseModel.php(880): CodeIgniter\BaseModel->transformDataToArray(NULL, 'update')
#2 D:\laragon\www\test\system\Model.php(718): CodeIgniter\BaseModel->update(Array, NULL)
#3 D:\laragon\www\test\app\Controllers\ListKaryawan.php(127): CodeIgniter\Model->update(Array)
#4 D:\laragon\www\test\system\CodeIgniter.php(928): App\Controllers\ListKaryawan->saveEdit()
#5 D:\laragon\www\test\system\CodeIgniter.php(436): CodeIgniter\CodeIgniter->runController(Object(App\Controllers\ListKaryawan))
#6 D:\laragon\www\test\system\CodeIgniter.php(336): CodeIgniter\CodeIgniter->handleRequest(NULL, Object(Config\Cache), false)
#7 D:\laragon\www\test\public\index.php(37): CodeIgniter\CodeIgniter->run()
#8 D:\laragon\www\test\system\Commands\Server\rewrite.php(45): require_once('D:\\laragon\\www\\...')
#9 {main}
CRITICAL - 2024-01-18 13:46:08 --> There is no data to update.
#0 D:\laragon\www\test\system\BaseModel.php(1668): CodeIgniter\Database\Exceptions\DataException::forEmptyDataset('update')
#1 D:\laragon\www\test\system\BaseModel.php(880): CodeIgniter\BaseModel->transformDataToArray(NULL, 'update')
#2 D:\laragon\www\test\system\Model.php(718): CodeIgniter\BaseModel->update(Array, NULL)
#3 D:\laragon\www\test\app\Controllers\ListKaryawan.php(127): CodeIgniter\Model->update(Array)
#4 D:\laragon\www\test\system\CodeIgniter.php(928): App\Controllers\ListKaryawan->saveEdit()
#5 D:\laragon\www\test\system\CodeIgniter.php(436): CodeIgniter\CodeIgniter->runController(Object(App\Controllers\ListKaryawan))
#6 D:\laragon\www\test\system\CodeIgniter.php(336): CodeIgniter\CodeIgniter->handleRequest(NULL, Object(Config\Cache), false)
#7 D:\laragon\www\test\public\index.php(37): CodeIgniter\CodeIgniter->run()
#8 D:\laragon\www\test\system\Commands\Server\rewrite.php(45): require_once('D:\\laragon\\www\\...')
#9 {main}
CRITICAL - 2024-01-18 13:46:25 --> There is no data to update.
#0 D:\laragon\www\test\system\BaseModel.php(1668): CodeIgniter\Database\Exceptions\DataException::forEmptyDataset('update')
#1 D:\laragon\www\test\system\BaseModel.php(880): CodeIgniter\BaseModel->transformDataToArray(NULL, 'update')
#2 D:\laragon\www\test\system\Model.php(718): CodeIgniter\BaseModel->update(Array, NULL)
#3 D:\laragon\www\test\app\Controllers\ListKaryawan.php(127): CodeIgniter\Model->update(Array)
#4 D:\laragon\www\test\system\CodeIgniter.php(928): App\Controllers\ListKaryawan->saveEdit()
#5 D:\laragon\www\test\system\CodeIgniter.php(436): CodeIgniter\CodeIgniter->runController(Object(App\Controllers\ListKaryawan))
#6 D:\laragon\www\test\system\CodeIgniter.php(336): CodeIgniter\CodeIgniter->handleRequest(NULL, Object(Config\Cache), false)
#7 D:\laragon\www\test\public\index.php(37): CodeIgniter\CodeIgniter->run()
#8 D:\laragon\www\test\system\Commands\Server\rewrite.php(45): require_once('D:\\laragon\\www\\...')
#9 {main}
CRITICAL - 2024-01-18 13:48:06 --> There is no data to update.
#0 D:\laragon\www\test\system\BaseModel.php(1668): CodeIgniter\Database\Exceptions\DataException::forEmptyDataset('update')
#1 D:\laragon\www\test\system\BaseModel.php(880): CodeIgniter\BaseModel->transformDataToArray(NULL, 'update')
#2 D:\laragon\www\test\system\Model.php(718): CodeIgniter\BaseModel->update(Array, NULL)
#3 D:\laragon\www\test\app\Controllers\ListKaryawan.php(127): CodeIgniter\Model->update(Array)
#4 D:\laragon\www\test\system\CodeIgniter.php(928): App\Controllers\ListKaryawan->saveEdit()
#5 D:\laragon\www\test\system\CodeIgniter.php(436): CodeIgniter\CodeIgniter->runController(Object(App\Controllers\ListKaryawan))
#6 D:\laragon\www\test\system\CodeIgniter.php(336): CodeIgniter\CodeIgniter->handleRequest(NULL, Object(Config\Cache), false)
#7 D:\laragon\www\test\public\index.php(37): CodeIgniter\CodeIgniter->run()
#8 D:\laragon\www\test\system\Commands\Server\rewrite.php(45): require_once('D:\\laragon\\www\\...')
#9 {main}
CRITICAL - 2024-01-18 13:50:15 --> cors filter must have a matching alias defined.
#0 D:\laragon\www\test\system\Filters\Filters.php(546): CodeIgniter\Filters\Exceptions\FilterException::forNoAlias('cors')
#1 D:\laragon\www\test\system\Filters\Filters.php(264): CodeIgniter\Filters\Filters->processAliasesToClass('before')
#2 D:\laragon\www\test\system\Filters\Filters.php(168): CodeIgniter\Filters\Filters->initialize('listkaryawan/ed...')
#3 D:\laragon\www\test\system\CodeIgniter.php(407): CodeIgniter\Filters\Filters->run('ListKaryawan/ed...', 'before')
#4 D:\laragon\www\test\system\CodeIgniter.php(336): CodeIgniter\CodeIgniter->handleRequest(NULL, Object(Config\Cache), false)
#5 D:\laragon\www\test\public\index.php(37): CodeIgniter\CodeIgniter->run()
#6 D:\laragon\www\test\system\Commands\Server\rewrite.php(45): require_once('D:\\laragon\\www\\...')
#7 {main}
CRITICAL - 2024-01-18 13:50:59 --> Class 'Config\CORS' not found
#0 D:\laragon\www\test\system\CodeIgniter.php(407): CodeIgniter\Filters\Filters->run('ListKaryawan/ed...', 'before')
#1 D:\laragon\www\test\system\CodeIgniter.php(336): CodeIgniter\CodeIgniter->handleRequest(NULL, Object(Config\Cache), false)
#2 D:\laragon\www\test\public\index.php(37): CodeIgniter\CodeIgniter->run()
#3 D:\laragon\www\test\system\Commands\Server\rewrite.php(45): require_once('D:\\laragon\\www\\...')
#4 {main}
CRITICAL - 2024-01-18 13:51:01 --> Class 'Config\CORS' not found
#0 D:\laragon\www\test\system\CodeIgniter.php(407): CodeIgniter\Filters\Filters->run('ListKaryawan/ed...', 'before')
#1 D:\laragon\www\test\system\CodeIgniter.php(336): CodeIgniter\CodeIgniter->handleRequest(NULL, Object(Config\Cache), false)
#2 D:\laragon\www\test\public\index.php(37): CodeIgniter\CodeIgniter->run()
#3 D:\laragon\www\test\system\Commands\Server\rewrite.php(45): require_once('D:\\laragon\\www\\...')
#4 {main}
CRITICAL - 2024-01-18 13:51:01 --> Class 'Config\CORS' not found
#0 D:\laragon\www\test\system\CodeIgniter.php(407): CodeIgniter\Filters\Filters->run('ListKaryawan/ed...', 'before')
#1 D:\laragon\www\test\system\CodeIgniter.php(336): CodeIgniter\CodeIgniter->handleRequest(NULL, Object(Config\Cache), false)
#2 D:\laragon\www\test\public\index.php(37): CodeIgniter\CodeIgniter->run()
#3 D:\laragon\www\test\system\Commands\Server\rewrite.php(45): require_once('D:\\laragon\\www\\...')
#4 {main}
CRITICAL - 2024-01-18 13:51:01 --> Class 'Config\CORS' not found
#0 D:\laragon\www\test\system\CodeIgniter.php(407): CodeIgniter\Filters\Filters->run('ListKaryawan/ed...', 'before')
#1 D:\laragon\www\test\system\CodeIgniter.php(336): CodeIgniter\CodeIgniter->handleRequest(NULL, Object(Config\Cache), false)
#2 D:\laragon\www\test\public\index.php(37): CodeIgniter\CodeIgniter->run()
#3 D:\laragon\www\test\system\Commands\Server\rewrite.php(45): require_once('D:\\laragon\\www\\...')
#4 {main}
CRITICAL - 2024-01-18 13:51:01 --> Class 'Config\CORS' not found
#0 D:\laragon\www\test\system\CodeIgniter.php(407): CodeIgniter\Filters\Filters->run('ListKaryawan/ed...', 'before')
#1 D:\laragon\www\test\system\CodeIgniter.php(336): CodeIgniter\CodeIgniter->handleRequest(NULL, Object(Config\Cache), false)
#2 D:\laragon\www\test\public\index.php(37): CodeIgniter\CodeIgniter->run()
#3 D:\laragon\www\test\system\Commands\Server\rewrite.php(45): require_once('D:\\laragon\\www\\...')
#4 {main}
CRITICAL - 2024-01-18 13:51:01 --> Class 'Config\CORS' not found
#0 D:\laragon\www\test\system\CodeIgniter.php(407): CodeIgniter\Filters\Filters->run('ListKaryawan/ed...', 'before')
#1 D:\laragon\www\test\system\CodeIgniter.php(336): CodeIgniter\CodeIgniter->handleRequest(NULL, Object(Config\Cache), false)
#2 D:\laragon\www\test\public\index.php(37): CodeIgniter\CodeIgniter->run()
#3 D:\laragon\www\test\system\Commands\Server\rewrite.php(45): require_once('D:\\laragon\\www\\...')
#4 {main}
CRITICAL - 2024-01-18 13:51:02 --> Class 'Config\CORS' not found
#0 D:\laragon\www\test\system\CodeIgniter.php(407): CodeIgniter\Filters\Filters->run('ListKaryawan/ed...', 'before')
#1 D:\laragon\www\test\system\CodeIgniter.php(336): CodeIgniter\CodeIgniter->handleRequest(NULL, Object(Config\Cache), false)
#2 D:\laragon\www\test\public\index.php(37): CodeIgniter\CodeIgniter->run()
#3 D:\laragon\www\test\system\Commands\Server\rewrite.php(45): require_once('D:\\laragon\\www\\...')
#4 {main}
CRITICAL - 2024-01-18 13:52:40 --> Config\CORS must implement CodeIgniter\Filters\FilterInterface.
#0 D:\laragon\www\test\system\Filters\Filters.php(176): CodeIgniter\Filters\Exceptions\FilterException::forIncorrectInterface('Config\\CORS')
#1 D:\laragon\www\test\system\CodeIgniter.php(407): CodeIgniter\Filters\Filters->run('ListKaryawan/ed...', 'before')
#2 D:\laragon\www\test\system\CodeIgniter.php(336): CodeIgniter\CodeIgniter->handleRequest(NULL, Object(Config\Cache), false)
#3 D:\laragon\www\test\public\index.php(37): CodeIgniter\CodeIgniter->run()
#4 D:\laragon\www\test\system\Commands\Server\rewrite.php(45): require_once('D:\\laragon\\www\\...')
#5 {main}
CRITICAL - 2024-01-18 13:53:08 --> Class 'CodeIgniter\Filters\CORS' not found
#0 D:\laragon\www\test\system\CodeIgniter.php(407): CodeIgniter\Filters\Filters->run('ListKaryawan/ed...', 'before')
#1 D:\laragon\www\test\system\CodeIgniter.php(336): CodeIgniter\CodeIgniter->handleRequest(NULL, Object(Config\Cache), false)
#2 D:\laragon\www\test\public\index.php(37): CodeIgniter\CodeIgniter->run()
#3 D:\laragon\www\test\system\Commands\Server\rewrite.php(45): require_once('D:\\laragon\\www\\...')
#4 {main}
CRITICAL - 2024-01-18 13:53:37 --> There is no data to update.
#0 D:\laragon\www\test\system\BaseModel.php(1668): CodeIgniter\Database\Exceptions\DataException::forEmptyDataset('update')
#1 D:\laragon\www\test\system\BaseModel.php(880): CodeIgniter\BaseModel->transformDataToArray(NULL, 'update')
#2 D:\laragon\www\test\system\Model.php(718): CodeIgniter\BaseModel->update(Array, NULL)
#3 D:\laragon\www\test\app\Controllers\ListKaryawan.php(127): CodeIgniter\Model->update(Array)
#4 D:\laragon\www\test\system\CodeIgniter.php(928): App\Controllers\ListKaryawan->saveEdit()
#5 D:\laragon\www\test\system\CodeIgniter.php(436): CodeIgniter\CodeIgniter->runController(Object(App\Controllers\ListKaryawan))
#6 D:\laragon\www\test\system\CodeIgniter.php(336): CodeIgniter\CodeIgniter->handleRequest(NULL, Object(Config\Cache), false)
#7 D:\laragon\www\test\public\index.php(37): CodeIgniter\CodeIgniter->run()
#8 D:\laragon\www\test\system\Commands\Server\rewrite.php(45): require_once('D:\\laragon\\www\\...')
#9 {main}
CRITICAL - 2024-01-18 13:55:20 --> There is no data to update.
#0 D:\laragon\www\test\system\BaseModel.php(1668): CodeIgniter\Database\Exceptions\DataException::forEmptyDataset('update')
#1 D:\laragon\www\test\system\BaseModel.php(880): CodeIgniter\BaseModel->transformDataToArray(NULL, 'update')
#2 D:\laragon\www\test\system\Model.php(718): CodeIgniter\BaseModel->update(Array, NULL)
#3 D:\laragon\www\test\app\Controllers\ListKaryawan.php(127): CodeIgniter\Model->update(Array)
#4 D:\laragon\www\test\system\CodeIgniter.php(928): App\Controllers\ListKaryawan->saveEdit()
#5 D:\laragon\www\test\system\CodeIgniter.php(436): CodeIgniter\CodeIgniter->runController(Object(App\Controllers\ListKaryawan))
#6 D:\laragon\www\test\system\CodeIgniter.php(336): CodeIgniter\CodeIgniter->handleRequest(NULL, Object(Config\Cache), false)
#7 D:\laragon\www\test\public\index.php(37): CodeIgniter\CodeIgniter->run()
#8 D:\laragon\www\test\system\Commands\Server\rewrite.php(45): require_once('D:\\laragon\\www\\...')
#9 {main}
CRITICAL - 2024-01-18 14:16:36 --> There is no data to update.
#0 D:\laragon\www\test\system\BaseModel.php(1668): CodeIgniter\Database\Exceptions\DataException::forEmptyDataset('update')
#1 D:\laragon\www\test\system\BaseModel.php(880): CodeIgniter\BaseModel->transformDataToArray(NULL, 'update')
#2 D:\laragon\www\test\system\Model.php(718): CodeIgniter\BaseModel->update(Array, NULL)
#3 D:\laragon\www\test\app\Controllers\ListKaryawan.php(129): CodeIgniter\Model->update(Array)
#4 D:\laragon\www\test\system\CodeIgniter.php(928): App\Controllers\ListKaryawan->saveEdit()
#5 D:\laragon\www\test\system\CodeIgniter.php(436): CodeIgniter\CodeIgniter->runController(Object(App\Controllers\ListKaryawan))
#6 D:\laragon\www\test\system\CodeIgniter.php(336): CodeIgniter\CodeIgniter->handleRequest(NULL, Object(Config\Cache), false)
#7 D:\laragon\www\test\public\index.php(37): CodeIgniter\CodeIgniter->run()
#8 D:\laragon\www\test\system\Commands\Server\rewrite.php(45): require_once('D:\\laragon\\www\\...')
#9 {main}
CRITICAL - 2024-01-18 14:20:46 --> There is no data to update.
#0 D:\laragon\www\test\system\BaseModel.php(1668): CodeIgniter\Database\Exceptions\DataException::forEmptyDataset('update')
#1 D:\laragon\www\test\system\BaseModel.php(880): CodeIgniter\BaseModel->transformDataToArray(NULL, 'update')
#2 D:\laragon\www\test\system\Model.php(718): CodeIgniter\BaseModel->update(Array, NULL)
#3 D:\laragon\www\test\app\Controllers\ListKaryawan.php(127): CodeIgniter\Model->update(Array)
#4 D:\laragon\www\test\system\CodeIgniter.php(928): App\Controllers\ListKaryawan->saveEdit()
#5 D:\laragon\www\test\system\CodeIgniter.php(436): CodeIgniter\CodeIgniter->runController(Object(App\Controllers\ListKaryawan))
#6 D:\laragon\www\test\system\CodeIgniter.php(336): CodeIgniter\CodeIgniter->handleRequest(NULL, Object(Config\Cache), false)
#7 D:\laragon\www\test\public\index.php(37): CodeIgniter\CodeIgniter->run()
#8 D:\laragon\www\test\system\Commands\Server\rewrite.php(45): require_once('D:\\laragon\\www\\...')
#9 {main}
CRITICAL - 2024-01-18 14:22:42 --> There is no data to update.
#0 D:\laragon\www\test\system\BaseModel.php(1668): CodeIgniter\Database\Exceptions\DataException::forEmptyDataset('update')
#1 D:\laragon\www\test\system\BaseModel.php(880): CodeIgniter\BaseModel->transformDataToArray(NULL, 'update')
#2 D:\laragon\www\test\system\Model.php(718): CodeIgniter\BaseModel->update(Array, NULL)
#3 D:\laragon\www\test\app\Controllers\ListKaryawan.php(127): CodeIgniter\Model->update(Array)
#4 D:\laragon\www\test\system\CodeIgniter.php(928): App\Controllers\ListKaryawan->saveEdit()
#5 D:\laragon\www\test\system\CodeIgniter.php(436): CodeIgniter\CodeIgniter->runController(Object(App\Controllers\ListKaryawan))
#6 D:\laragon\www\test\system\CodeIgniter.php(336): CodeIgniter\CodeIgniter->handleRequest(NULL, Object(Config\Cache), false)
#7 D:\laragon\www\test\public\index.php(37): CodeIgniter\CodeIgniter->run()
#8 D:\laragon\www\test\system\Commands\Server\rewrite.php(45): require_once('D:\\laragon\\www\\...')
#9 {main}
CRITICAL - 2024-01-18 14:24:18 --> There is no data to update.
#0 D:\laragon\www\test\system\BaseModel.php(1668): CodeIgniter\Database\Exceptions\DataException::forEmptyDataset('update')
#1 D:\laragon\www\test\system\BaseModel.php(880): CodeIgniter\BaseModel->transformDataToArray(NULL, 'update')
#2 D:\laragon\www\test\system\Model.php(718): CodeIgniter\BaseModel->update(Array, NULL)
#3 D:\laragon\www\test\app\Controllers\ListKaryawan.php(127): CodeIgniter\Model->update(Array)
#4 D:\laragon\www\test\system\CodeIgniter.php(928): App\Controllers\ListKaryawan->saveEdit()
#5 D:\laragon\www\test\system\CodeIgniter.php(436): CodeIgniter\CodeIgniter->runController(Object(App\Controllers\ListKaryawan))
#6 D:\laragon\www\test\system\CodeIgniter.php(336): CodeIgniter\CodeIgniter->handleRequest(NULL, Object(Config\Cache), false)
#7 D:\laragon\www\test\public\index.php(37): CodeIgniter\CodeIgniter->run()
#8 D:\laragon\www\test\system\Commands\Server\rewrite.php(45): require_once('D:\\laragon\\www\\...')
#9 {main}
CRITICAL - 2024-01-18 14:24:32 --> There is no data to update.
#0 D:\laragon\www\test\system\BaseModel.php(1668): CodeIgniter\Database\Exceptions\DataException::forEmptyDataset('update')
#1 D:\laragon\www\test\system\BaseModel.php(880): CodeIgniter\BaseModel->transformDataToArray(NULL, 'update')
#2 D:\laragon\www\test\system\Model.php(718): CodeIgniter\BaseModel->update(Array, NULL)
#3 D:\laragon\www\test\app\Controllers\ListKaryawan.php(127): CodeIgniter\Model->update(Array)
#4 D:\laragon\www\test\system\CodeIgniter.php(928): App\Controllers\ListKaryawan->saveEdit()
#5 D:\laragon\www\test\system\CodeIgniter.php(436): CodeIgniter\CodeIgniter->runController(Object(App\Controllers\ListKaryawan))
#6 D:\laragon\www\test\system\CodeIgniter.php(336): CodeIgniter\CodeIgniter->handleRequest(NULL, Object(Config\Cache), false)
#7 D:\laragon\www\test\public\index.php(37): CodeIgniter\CodeIgniter->run()
#8 D:\laragon\www\test\system\Commands\Server\rewrite.php(45): require_once('D:\\laragon\\www\\...')
#9 {main}
CRITICAL - 2024-01-18 14:24:55 --> There is no data to update.
#0 D:\laragon\www\test\system\BaseModel.php(1668): CodeIgniter\Database\Exceptions\DataException::forEmptyDataset('update')
#1 D:\laragon\www\test\system\BaseModel.php(880): CodeIgniter\BaseModel->transformDataToArray(NULL, 'update')
#2 D:\laragon\www\test\system\Model.php(718): CodeIgniter\BaseModel->update(Array, NULL)
#3 D:\laragon\www\test\app\Controllers\ListKaryawan.php(127): CodeIgniter\Model->update(Array)
#4 D:\laragon\www\test\system\CodeIgniter.php(928): App\Controllers\ListKaryawan->saveEdit()
#5 D:\laragon\www\test\system\CodeIgniter.php(436): CodeIgniter\CodeIgniter->runController(Object(App\Controllers\ListKaryawan))
#6 D:\laragon\www\test\system\CodeIgniter.php(336): CodeIgniter\CodeIgniter->handleRequest(NULL, Object(Config\Cache), false)
#7 D:\laragon\www\test\public\index.php(37): CodeIgniter\CodeIgniter->run()
#8 D:\laragon\www\test\system\Commands\Server\rewrite.php(45): require_once('D:\\laragon\\www\\...')
#9 {main}
CRITICAL - 2024-01-18 14:26:07 --> There is no data to update.
#0 D:\laragon\www\test\system\BaseModel.php(1668): CodeIgniter\Database\Exceptions\DataException::forEmptyDataset('update')
#1 D:\laragon\www\test\system\BaseModel.php(880): CodeIgniter\BaseModel->transformDataToArray(NULL, 'update')
#2 D:\laragon\www\test\system\Model.php(718): CodeIgniter\BaseModel->update(Array, NULL)
#3 D:\laragon\www\test\app\Controllers\ListKaryawan.php(129): CodeIgniter\Model->update(Array)
#4 D:\laragon\www\test\system\CodeIgniter.php(928): App\Controllers\ListKaryawan->saveEdit()
#5 D:\laragon\www\test\system\CodeIgniter.php(436): CodeIgniter\CodeIgniter->runController(Object(App\Controllers\ListKaryawan))
#6 D:\laragon\www\test\system\CodeIgniter.php(336): CodeIgniter\CodeIgniter->handleRequest(NULL, Object(Config\Cache), false)
#7 D:\laragon\www\test\public\index.php(37): CodeIgniter\CodeIgniter->run()
#8 D:\laragon\www\test\system\Commands\Server\rewrite.php(45): require_once('D:\\laragon\\www\\...')
#9 {main}
CRITICAL - 2024-01-18 14:32:16 --> There is no data to update.
#0 D:\laragon\www\test\system\BaseModel.php(1668): CodeIgniter\Database\Exceptions\DataException::forEmptyDataset('update')
#1 D:\laragon\www\test\system\BaseModel.php(880): CodeIgniter\BaseModel->transformDataToArray(NULL, 'update')
#2 D:\laragon\www\test\system\Model.php(718): CodeIgniter\BaseModel->update(Array, NULL)
#3 D:\laragon\www\test\app\Controllers\ListKaryawan.php(168): CodeIgniter\Model->update(Array)
#4 D:\laragon\www\test\system\CodeIgniter.php(928): App\Controllers\ListKaryawan->saveEdit()
#5 D:\laragon\www\test\system\CodeIgniter.php(436): CodeIgniter\CodeIgniter->runController(Object(App\Controllers\ListKaryawan))
#6 D:\laragon\www\test\system\CodeIgniter.php(336): CodeIgniter\CodeIgniter->handleRequest(NULL, Object(Config\Cache), false)
#7 D:\laragon\www\test\public\index.php(37): CodeIgniter\CodeIgniter->run()
#8 D:\laragon\www\test\system\Commands\Server\rewrite.php(45): require_once('D:\\laragon\\www\\...')
#9 {main}
CRITICAL - 2024-01-18 19:36:28 --> syntax error, unexpected 'public' (T_PUBLIC)
#0 D:\laragon\www\test\system\Autoloader\Autoloader.php(273): CodeIgniter\Autoloader\Autoloader->includeFile('D:\\laragon\\www\\...')
#1 D:\laragon\www\test\system\Autoloader\Autoloader.php(247): CodeIgniter\Autoloader\Autoloader->loadInNamespace('App\\Controllers...')
#2 [internal function]: CodeIgniter\Autoloader\Autoloader->loadClass('App\\Controllers...')
#3 [internal function]: spl_autoload_call('App\\Controllers...')
#4 D:\laragon\www\test\system\CodeIgniter.php(885): class_exists('\\App\\Controller...', true)
#5 D:\laragon\www\test\system\CodeIgniter.php(421): CodeIgniter\CodeIgniter->startController()
#6 D:\laragon\www\test\system\CodeIgniter.php(336): CodeIgniter\CodeIgniter->handleRequest(NULL, Object(Config\Cache), false)
#7 D:\laragon\www\test\public\index.php(37): CodeIgniter\CodeIgniter->run()
#8 D:\laragon\www\test\system\Commands\Server\rewrite.php(45): require_once('D:\\laragon\\www\\...')
#9 {main}
